2026-05-14 15:59:24,845 DEBUG    root            Loaded Command Group: ['gcloud', 'auth']
2026-05-14 15:59:24,847 DEBUG    root            Loaded Command Group: ['gcloud', 'auth', 'list']
2026-05-14 15:59:24,848 DEBUG    root            Running [gcloud.auth.list] with arguments: []
2026-05-14 15:59:24,849 DEBUG    root            On GCE from memory cache: False
2026-05-14 15:59:24,849 DEBUG    root            Chosen display Format:    table[title='Credentialed Accounts'](
        status.yesno(yes='*', no=''):label=ACTIVE,
        account
    )
2026-05-14 15:59:24,850 INFO     root            Display format: "    table[title='Credentialed Accounts'](
        status.yesno(yes='*', no=''):label=ACTIVE,
        account
    )"
2026-05-14 15:59:24,871 INFO     ___FILE_ONLY___                           Credentialed Accounts
2026-05-14 15:59:24,871 INFO     ___FILE_ONLY___ 

2026-05-14 15:59:24,871 INFO     ___FILE_ONLY___ ACTIVE
2026-05-14 15:59:24,871 INFO     ___FILE_ONLY___   
2026-05-14 15:59:24,871 INFO     ___FILE_ONLY___ ACCOUNT
2026-05-14 15:59:24,871 INFO     ___FILE_ONLY___ 

2026-05-14 15:59:24,871 INFO     ___FILE_ONLY___ *
2026-05-14 15:59:24,871 INFO     ___FILE_ONLY___        
2026-05-14 15:59:24,871 INFO     ___FILE_ONLY___ jpresley@synthesis.health
2026-05-14 15:59:24,871 INFO     ___FILE_ONLY___ 

2026-05-14 15:59:24,871 INFO     ___FILE_ONLY___         
2026-05-14 15:59:24,871 INFO     ___FILE_ONLY___ vision-dashboards-terraform-ac@idg-devops.iam.gserviceaccount.com
2026-05-14 15:59:24,871 INFO     ___FILE_ONLY___ 

2026-05-14 15:59:24,872 INFO     ___FILE_ONLY___         
2026-05-14 15:59:24,872 INFO     ___FILE_ONLY___ vision-synthetic-terraform-acc@idg-devops.iam.gserviceaccount.com
2026-05-14 15:59:24,872 INFO     ___FILE_ONLY___ 

2026-05-14 15:59:24,872 INFO     ___FILE_ONLY___ 
To set the active account, run:
    $ gcloud config set account `ACCOUNT`


2026-05-14 15:59:24,880 DEBUG    root            Metrics reporting process started...
