2026-05-14 15:59:12,210 DEBUG    root            Loaded Command Group: ['gcloud', 'version']
2026-05-14 15:59:12,211 DEBUG    root            Running [gcloud.version] with arguments: []
2026-05-14 15:59:12,243 DEBUG    root            Failed to check metadata server: <urlopen error [Errno 8] nodename nor servname provided, or not known>
2026-05-14 15:59:12,243 DEBUG    root            On GCE from server: False
2026-05-14 15:59:12,249 DEBUG    root            Chosen display Format:flattened[no-pad,separator=" "]
2026-05-14 15:59:12,249 INFO     root            Display format: "flattened[no-pad,separator=" "]"
2026-05-14 15:59:12,264 INFO     ___FILE_ONLY___ Google Cloud SDK
2026-05-14 15:59:12,264 INFO     ___FILE_ONLY___  
2026-05-14 15:59:12,264 INFO     ___FILE_ONLY___ 566.0.0

2026-05-14 15:59:12,264 INFO     ___FILE_ONLY___ alpha
2026-05-14 15:59:12,264 INFO     ___FILE_ONLY___  
2026-05-14 15:59:12,264 INFO     ___FILE_ONLY___ 2026.04.24

2026-05-14 15:59:12,264 INFO     ___FILE_ONLY___ beta
2026-05-14 15:59:12,264 INFO     ___FILE_ONLY___  
2026-05-14 15:59:12,264 INFO     ___FILE_ONLY___ 2026.04.24

2026-05-14 15:59:12,264 INFO     ___FILE_ONLY___ bq
2026-05-14 15:59:12,264 INFO     ___FILE_ONLY___  
2026-05-14 15:59:12,264 INFO     ___FILE_ONLY___ 2.1.31

2026-05-14 15:59:12,264 INFO     ___FILE_ONLY___ core
2026-05-14 15:59:12,264 INFO     ___FILE_ONLY___  
2026-05-14 15:59:12,264 INFO     ___FILE_ONLY___ 2026.04.24

2026-05-14 15:59:12,265 INFO     ___FILE_ONLY___ gcloud-crc32c
2026-05-14 15:59:12,265 INFO     ___FILE_ONLY___  
2026-05-14 15:59:12,265 INFO     ___FILE_ONLY___ 1.0.0

2026-05-14 15:59:12,265 INFO     ___FILE_ONLY___ gke-gcloud-auth-plugin
2026-05-14 15:59:12,265 INFO     ___FILE_ONLY___  
2026-05-14 15:59:12,265 INFO     ___FILE_ONLY___ 0.5.14

2026-05-14 15:59:12,265 INFO     ___FILE_ONLY___ gsutil
2026-05-14 15:59:12,265 INFO     ___FILE_ONLY___  
2026-05-14 15:59:12,265 INFO     ___FILE_ONLY___ 5.36

2026-05-14 15:59:12,265 INFO     ___FILE_ONLY___ Updates are available for some Google Cloud CLI components.  To install them,
please run:
  $ gcloud components update

2026-05-14 15:59:12,272 DEBUG    root            Metrics reporting process started...
