2026-05-14 16:26:46,603 DEBUG    root            Loaded Command Group: ['gcloud', 'compute']
2026-05-14 16:26:46,605 DEBUG    root            Loaded Command Group: ['gcloud', 'compute', 'instances']
2026-05-14 16:26:46,607 DEBUG    root            Loaded Command Group: ['gcloud', 'compute', 'instances', 'list']
2026-05-14 16:26:46,608 DEBUG    root            Running [gcloud.compute.instances.list] with arguments: [--filter: "name~^loadgen-", --format: "table(name,zone,status,creationTimestamp)", --project: "env-integration-fenway"]
2026-05-14 16:26:46,610 DEBUG    root            On GCE from memory cache: False
2026-05-14 16:26:46,612 DEBUG    root            On GCE from memory cache: False
2026-05-14 16:26:46,701 INFO     root            client_filter=None server_filter='name eq ".*(^loadgen-).*"'
2026-05-14 16:26:46,702 DEBUG    root            Chosen display Format:    table(
      name,
      zone.basename(),
      machineType.machine_type().basename(),
      scheduling.preemptible.yesno(yes=true, no=''),
      networkInterfaces.internal_ip():label=INTERNAL_IP,
      external_ip():label=EXTERNAL_IP,
      status
    ) table(name,zone,status,creationTimestamp)
2026-05-14 16:26:46,702 INFO     root            Display format: "    table(
      name,
      zone.basename(),
      machineType.machine_type().basename(),
      scheduling.preemptible.yesno(yes=true, no=''),
      networkInterfaces.internal_ip():label=INTERNAL_IP,
      external_ip():label=EXTERNAL_IP,
      status
    ) table(name,zone,status,creationTimestamp)"
2026-05-14 16:26:46,708 DEBUG    urllib3.connectionpool Starting new HTTPS connection (1): compute.googleapis.com:443
2026-05-14 16:26:47,454 DEBUG    urllib3.connectionpool https://compute.googleapis.com:443 "GET /compute/v1/projects/env-integration-fenway/aggregated/instances?alt=json&includeAllScopes=True&maxResults=500&returnPartialSuccess=True HTTP/1.1" 200 None
2026-05-14 16:26:47,916 INFO     ___FILE_ONLY___ NAME
2026-05-14 16:26:47,916 INFO     ___FILE_ONLY___           
2026-05-14 16:26:47,916 INFO     ___FILE_ONLY___ ZONE
2026-05-14 16:26:47,916 INFO     ___FILE_ONLY___            
2026-05-14 16:26:47,916 INFO     ___FILE_ONLY___ STATUS
2026-05-14 16:26:47,916 INFO     ___FILE_ONLY___    
2026-05-14 16:26:47,916 INFO     ___FILE_ONLY___ CREATION_TIMESTAMP
2026-05-14 16:26:47,916 INFO     ___FILE_ONLY___ 

2026-05-14 16:26:47,916 INFO     ___FILE_ONLY___ loadgen-8zvf
2026-05-14 16:26:47,916 INFO     ___FILE_ONLY___   
2026-05-14 16:26:47,916 INFO     ___FILE_ONLY___ us-central1-c
2026-05-14 16:26:47,916 INFO     ___FILE_ONLY___   
2026-05-14 16:26:47,916 INFO     ___FILE_ONLY___ RUNNING
2026-05-14 16:26:47,916 INFO     ___FILE_ONLY___   
2026-05-14 16:26:47,916 INFO     ___FILE_ONLY___ 2026-05-14T16:25:25.309-07:00
2026-05-14 16:26:47,916 INFO     ___FILE_ONLY___ 

2026-05-14 16:26:47,929 DEBUG    root            Metrics reporting process started...
