2026-05-14 16:25:45,162 DEBUG    root            Loaded Command Group: ['gcloud', 'compute']
2026-05-14 16:25:45,165 DEBUG    root            Loaded Command Group: ['gcloud', 'compute', 'instances']
2026-05-14 16:25:45,168 ERROR    root            (gcloud.compute.instances) Command name argument expected.
2026-05-14 16:25:45,351 DEBUG    root            Loaded Command Group: ['gcloud', 'compute', 'instances', 'update']
2026-05-14 16:25:45,352 DEBUG    root            Loaded Command Group: ['gcloud', 'compute', 'instances', 'tail_serial_port_output']
2026-05-14 16:25:45,353 DEBUG    root            No implementation for release track [GA] for element: [/opt/homebrew/Caskroom/gcloud-cli/542.0.0/google-cloud-sdk/lib/surface/compute/instances/remove_partner_metadata]
2026-05-14 16:25:45,354 DEBUG    root            Loaded Command Group: ['gcloud', 'compute', 'instances', 'resume']
2026-05-14 16:25:45,355 DEBUG    root            Loaded Command Group: ['gcloud', 'compute', 'instances', 'set_service_account']
2026-05-14 16:25:45,356 DEBUG    root            Loaded Command Group: ['gcloud', 'compute', 'instances', 'suspend']
2026-05-14 16:25:45,357 DEBUG    root            Loaded Command Group: ['gcloud', 'compute', 'instances', 'remove_labels']
2026-05-14 16:25:45,358 DEBUG    root            Loaded Command Group: ['gcloud', 'compute', 'instances', 'set_disk_auto_delete']
2026-05-14 16:25:45,358 DEBUG    root            Loaded Command Group: ['gcloud', 'compute', 'instances', 'get_shielded_identity']
2026-05-14 16:25:45,359 DEBUG    root            Loaded Command Group: ['gcloud', 'compute', 'instances', 'perform_maintenance']
2026-05-14 16:25:45,504 DEBUG    root            Loaded Command Group: ['gcloud', 'compute', 'instances', 'add_iam_policy_binding']
2026-05-14 16:25:45,523 DEBUG    root            Loaded Command Group: ['gcloud', 'compute', 'instances', 'add_tags']
2026-05-14 16:25:45,524 DEBUG    root            Loaded Command Group: ['gcloud', 'compute', 'instances', 'report_host_as_faulty']
2026-05-14 16:25:45,524 DEBUG    root            Loaded Command Group: ['gcloud', 'compute', 'instances', 'delete_access_config']
2026-05-14 16:25:45,529 DEBUG    root            Loaded Command Group: ['gcloud', 'compute', 'instances', 'create_with_container']
2026-05-14 16:25:45,539 DEBUG    root            Loaded Command Group: ['gcloud', 'compute', 'instances', 'get_iam_policy']
2026-05-14 16:25:45,559 DEBUG    root            Loaded Command Group: ['gcloud', 'compute', 'instances', 'get_guest_attributes']
2026-05-14 16:25:45,575 DEBUG    root            No implementation for release track [GA] for element: [/opt/homebrew/Caskroom/gcloud-cli/542.0.0/google-cloud-sdk/lib/surface/compute/instances/add_partner_metadata]
2026-05-14 16:25:45,576 DEBUG    root            Loaded Command Group: ['gcloud', 'compute', 'instances', 'update_access_config']
2026-05-14 16:25:45,577 DEBUG    root            Loaded Command Group: ['gcloud', 'compute', 'instances', 'describe']
2026-05-14 16:25:45,583 DEBUG    root            Loaded Command Group: ['gcloud', 'compute', 'instances', 'remove_iam_policy_binding']
2026-05-14 16:25:45,598 DEBUG    root            Loaded Command Group: ['gcloud', 'compute', 'instances', 'set_machine_type']
2026-05-14 16:25:45,609 DEBUG    root            Loaded Command Group: ['gcloud', 'compute', 'instances', 'export']
2026-05-14 16:25:45,625 DEBUG    root            Loaded Command Group: ['gcloud', 'compute', 'instances', 'remove_metadata']
2026-05-14 16:25:45,626 DEBUG    root            Loaded Command Group: ['gcloud', 'compute', 'instances', 'move']
2026-05-14 16:25:45,627 DEBUG    root            Loaded Command Group: ['gcloud', 'compute', 'instances', 'send_diagnostic_interrupt']
2026-05-14 16:25:45,628 DEBUG    root            Loaded Command Group: ['gcloud', 'compute', 'instances', 'update_container']
2026-05-14 16:25:45,634 DEBUG    root            Loaded Command Group: ['gcloud', 'compute', 'instances', 'set_iam_policy']
2026-05-14 16:25:45,649 DEBUG    root            Loaded Command Group: ['gcloud', 'compute', 'instances', 'add_resource_policies']
2026-05-14 16:25:45,650 DEBUG    root            Loaded Command Group: ['gcloud', 'compute', 'instances', 'set_scheduling']
2026-05-14 16:25:45,651 DEBUG    root            Loaded Command Group: ['gcloud', 'compute', 'instances', 'network_interfaces']
2026-05-14 16:25:45,652 DEBUG    root            No implementation for release track [GA] for element: [/opt/homebrew/Caskroom/gcloud-cli/542.0.0/google-cloud-sdk/lib/surface/compute/instances/vulnerabilities]
2026-05-14 16:25:45,652 DEBUG    root            Loaded Command Group: ['gcloud', 'compute', 'instances', 'add_metadata']
2026-05-14 16:25:45,653 DEBUG    root            Loaded Command Group: ['gcloud', 'compute', 'instances', 'remove_tags']
2026-05-14 16:25:45,653 DEBUG    root            Loaded Command Group: ['gcloud', 'compute', 'instances', 'delete']
2026-05-14 16:25:45,654 DEBUG    root            Loaded Command Group: ['gcloud', 'compute', 'instances', 'detach_disk']
2026-05-14 16:25:45,678 DEBUG    root            Loaded Command Group: ['gcloud', 'compute', 'instances', 'start']
2026-05-14 16:25:45,679 DEBUG    root            Loaded Command Group: ['gcloud', 'compute', 'instances', 'attach_disk']
2026-05-14 16:25:45,786 DEBUG    root            Loaded Command Group: ['gcloud', 'compute', 'instances', 'import']
2026-05-14 16:25:45,787 DEBUG    root            On GCE from memory cache: False
2026-05-14 16:25:45,788 DEBUG    root            Loaded Command Group: ['gcloud', 'compute', 'instances', 'ops_agents']
2026-05-14 16:25:45,789 DEBUG    root            No implementation for release track [GA] for element: [/opt/homebrew/Caskroom/gcloud-cli/542.0.0/google-cloud-sdk/lib/surface/compute/instances/set_min_cpu_platform]
2026-05-14 16:25:45,789 DEBUG    root            Loaded Command Group: ['gcloud', 'compute', 'instances', 'list']
2026-05-14 16:25:45,790 DEBUG    root            Loaded Command Group: ['gcloud', 'compute', 'instances', 'os_inventory']
2026-05-14 16:25:45,791 DEBUG    root            Loaded Command Group: ['gcloud', 'compute', 'instances', 'stop']
2026-05-14 16:25:45,792 DEBUG    root            Loaded Command Group: ['gcloud', 'compute', 'instances', 'add_access_config']
2026-05-14 16:25:45,792 DEBUG    root            No implementation for release track [GA] for element: [/opt/homebrew/Caskroom/gcloud-cli/542.0.0/google-cloud-sdk/lib/surface/compute/instances/set_scopes]
2026-05-14 16:25:45,793 DEBUG    root            No implementation for release track [GA] for element: [/opt/homebrew/Caskroom/gcloud-cli/542.0.0/google-cloud-sdk/lib/surface/compute/instances/config]
2026-05-14 16:25:45,793 DEBUG    root            Loaded Command Group: ['gcloud', 'compute', 'instances', 'reset']
2026-05-14 16:25:45,794 DEBUG    root            Loaded Command Group: ['gcloud', 'compute', 'instances', 'get_screenshot']
2026-05-14 16:25:45,795 DEBUG    root            Loaded Command Group: ['gcloud', 'compute', 'instances', 'add_labels']
2026-05-14 16:25:45,795 DEBUG    root            Loaded Command Group: ['gcloud', 'compute', 'instances', 'get_serial_port_output']
2026-05-14 16:25:45,796 DEBUG    root            Loaded Command Group: ['gcloud', 'compute', 'instances', 'set_name']
2026-05-14 16:25:45,796 DEBUG    root            Loaded Command Group: ['gcloud', 'compute', 'instances', 'simulate_maintenance_event']
2026-05-14 16:25:45,798 DEBUG    root            Loaded Command Group: ['gcloud', 'compute', 'instances', 'create']
2026-05-14 16:25:45,820 DEBUG    root            No implementation for release track [GA] for element: [/opt/homebrew/Caskroom/gcloud-cli/542.0.0/google-cloud-sdk/lib/surface/compute/instances/patch_partner_metadata]
2026-05-14 16:25:45,821 DEBUG    root            Loaded Command Group: ['gcloud', 'compute', 'instances', 'update_from_file']
2026-05-14 16:25:45,821 DEBUG    root            Loaded Command Group: ['gcloud', 'compute', 'instances', 'bulk']
2026-05-14 16:25:45,822 DEBUG    root            Loaded Command Group: ['gcloud', 'compute', 'instances', 'remove_resource_policies']
2026-05-14 16:25:45,823 DEBUG    root            Chosen display Format:table[no-heading,margin=6,width=80]([0]:label='':align=left:width=22,[1]:label='':align=left:wrap)
2026-05-14 16:25:45,832 DEBUG    root            Chosen display Format:table[no-heading,margin=6,width=80]([0]:label='':align=left:width=22,[1]:label='':align=left:wrap)
2026-05-14 16:25:45,844 DEBUG    root            Metrics reporting process started...
