2026-05-14 16:41:38,453 DEBUG    root            Loaded Command Group: ['gcloud', 'compute']
2026-05-14 16:41:38,455 DEBUG    root            Loaded Command Group: ['gcloud', 'compute', 'instances']
2026-05-14 16:41:38,457 DEBUG    root            Loaded Command Group: ['gcloud', 'compute', 'instances', 'list']
2026-05-14 16:41:38,458 DEBUG    root            Running [gcloud.compute.instances.list] with arguments: [--filter: "name~^loadgen-", --format: "table(name,status)", --project: "env-integration-fenway"]
2026-05-14 16:41:38,459 DEBUG    root            On GCE from memory cache: False
2026-05-14 16:41:38,461 DEBUG    root            On GCE from memory cache: False
2026-05-14 16:41:38,556 INFO     root            client_filter=None server_filter='name eq ".*(^loadgen-).*"'
2026-05-14 16:41:38,556 DEBUG    root            Chosen display Format:    table(
      name,
      zone.basename(),
      machineType.machine_type().basename(),
      scheduling.preemptible.yesno(yes=true, no=''),
      networkInterfaces.internal_ip():label=INTERNAL_IP,
      external_ip():label=EXTERNAL_IP,
      status
    ) table(name,status)
2026-05-14 16:41:38,557 INFO     root            Display format: "    table(
      name,
      zone.basename(),
      machineType.machine_type().basename(),
      scheduling.preemptible.yesno(yes=true, no=''),
      networkInterfaces.internal_ip():label=INTERNAL_IP,
      external_ip():label=EXTERNAL_IP,
      status
    ) table(name,status)"
2026-05-14 16:41:38,562 DEBUG    urllib3.connectionpool Starting new HTTPS connection (1): compute.googleapis.com:443
2026-05-14 16:41:39,225 DEBUG    urllib3.connectionpool https://compute.googleapis.com:443 "GET /compute/v1/projects/env-integration-fenway/aggregated/instances?alt=json&includeAllScopes=True&maxResults=500&returnPartialSuccess=True HTTP/1.1" 200 None
2026-05-14 16:41:39,730 INFO     ___FILE_ONLY___ NAME
2026-05-14 16:41:39,731 INFO     ___FILE_ONLY___           
2026-05-14 16:41:39,731 INFO     ___FILE_ONLY___ STATUS
2026-05-14 16:41:39,731 INFO     ___FILE_ONLY___ 

2026-05-14 16:41:39,731 INFO     ___FILE_ONLY___ loadgen-8zvf
2026-05-14 16:41:39,731 INFO     ___FILE_ONLY___   
2026-05-14 16:41:39,731 INFO     ___FILE_ONLY___ RUNNING
2026-05-14 16:41:39,731 INFO     ___FILE_ONLY___ 

2026-05-14 16:41:39,740 DEBUG    root            Metrics reporting process started...
