2026-05-14 16:46:00,298 DEBUG    root            Loaded Command Group: ['gcloud', 'compute']
2026-05-14 16:46:00,300 DEBUG    root            Loaded Command Group: ['gcloud', 'compute', 'instances']
2026-05-14 16:46:00,302 DEBUG    root            Loaded Command Group: ['gcloud', 'compute', 'instances', 'list']
2026-05-14 16:46:00,303 DEBUG    root            Running [gcloud.compute.instances.list] with arguments: [--filter: "name~^loadgen-"]
2026-05-14 16:46:00,305 DEBUG    root            On GCE from memory cache: False
2026-05-14 16:46:00,306 DEBUG    root            On GCE from memory cache: False
2026-05-14 16:46:00,394 INFO     root            client_filter=None server_filter='name eq ".*(^loadgen-).*"'
2026-05-14 16:46:00,395 DEBUG    root            Chosen display Format:    table(
      name,
      zone.basename(),
      machineType.machine_type().basename(),
      scheduling.preemptible.yesno(yes=true, no=''),
      networkInterfaces.internal_ip():label=INTERNAL_IP,
      external_ip():label=EXTERNAL_IP,
      status
    )
2026-05-14 16:46:00,395 INFO     root            Display format: "    table(
      name,
      zone.basename(),
      machineType.machine_type().basename(),
      scheduling.preemptible.yesno(yes=true, no=''),
      networkInterfaces.internal_ip():label=INTERNAL_IP,
      external_ip():label=EXTERNAL_IP,
      status
    )"
2026-05-14 16:46:00,402 DEBUG    urllib3.connectionpool Starting new HTTPS connection (1): compute.googleapis.com:443
2026-05-14 16:46:01,136 DEBUG    urllib3.connectionpool https://compute.googleapis.com:443 "GET /compute/v1/projects/env-integration-fenway/aggregated/instances?alt=json&includeAllScopes=True&maxResults=500&returnPartialSuccess=True HTTP/1.1" 200 None
2026-05-14 16:46:01,462 INFO     ___FILE_ONLY___ NAME
2026-05-14 16:46:01,462 INFO     ___FILE_ONLY___           
2026-05-14 16:46:01,462 INFO     ___FILE_ONLY___ ZONE
2026-05-14 16:46:01,462 INFO     ___FILE_ONLY___            
2026-05-14 16:46:01,462 INFO     ___FILE_ONLY___ MACHINE_TYPE
2026-05-14 16:46:01,462 INFO     ___FILE_ONLY___      
2026-05-14 16:46:01,462 INFO     ___FILE_ONLY___ PREEMPTIBLE
2026-05-14 16:46:01,462 INFO     ___FILE_ONLY___   
2026-05-14 16:46:01,462 INFO     ___FILE_ONLY___ INTERNAL_IP
2026-05-14 16:46:01,462 INFO     ___FILE_ONLY___   
2026-05-14 16:46:01,462 INFO     ___FILE_ONLY___ EXTERNAL_IP
2026-05-14 16:46:01,462 INFO     ___FILE_ONLY___    
2026-05-14 16:46:01,462 INFO     ___FILE_ONLY___ STATUS
2026-05-14 16:46:01,462 INFO     ___FILE_ONLY___ 

2026-05-14 16:46:01,462 INFO     ___FILE_ONLY___ loadgen-vdc9
2026-05-14 16:46:01,462 INFO     ___FILE_ONLY___   
2026-05-14 16:46:01,462 INFO     ___FILE_ONLY___ us-central1-c
2026-05-14 16:46:01,462 INFO     ___FILE_ONLY___   
2026-05-14 16:46:01,462 INFO     ___FILE_ONLY___ custom-24-65536
2026-05-14 16:46:01,462 INFO     ___FILE_ONLY___                
2026-05-14 16:46:01,462 INFO     ___FILE_ONLY___ 10.128.0.53
2026-05-14 16:46:01,462 INFO     ___FILE_ONLY___   
2026-05-14 16:46:01,462 INFO     ___FILE_ONLY___ 34.30.16.140
2026-05-14 16:46:01,462 INFO     ___FILE_ONLY___   
2026-05-14 16:46:01,462 INFO     ___FILE_ONLY___ STAGING
2026-05-14 16:46:01,462 INFO     ___FILE_ONLY___ 

2026-05-14 16:46:01,472 DEBUG    root            Metrics reporting process started...
