2026-05-14 18:11:15,299 DEBUG    root            Loaded Command Group: ['gcloud', 'compute']
2026-05-14 18:11:15,302 DEBUG    root            Loaded Command Group: ['gcloud', 'compute', 'instances']
2026-05-14 18:11:15,308 DEBUG    root            Loaded Command Group: ['gcloud', 'compute', 'instances', 'list']
2026-05-14 18:11:15,310 DEBUG    root            Running [gcloud.compute.instances.list] with arguments: [--filter: "name~^loadgen-", --format: "table(name,zone,status,creationTimestamp)", --project: "env-integration-fenway"]
2026-05-14 18:11:15,312 DEBUG    root            On GCE from memory cache: False
2026-05-14 18:11:15,313 DEBUG    root            On GCE from memory cache: False
2026-05-14 18:11:15,433 INFO     root            client_filter=None server_filter='name eq ".*(^loadgen-).*"'
2026-05-14 18:11:15,433 DEBUG    root            Chosen display Format:    table(
      name,
      zone.basename(),
      machineType.machine_type().basename(),
      scheduling.preemptible.yesno(yes=true, no=''),
      networkInterfaces.internal_ip():label=INTERNAL_IP,
      external_ip():label=EXTERNAL_IP,
      status
    ) table(name,zone,status,creationTimestamp)
2026-05-14 18:11:15,434 INFO     root            Display format: "    table(
      name,
      zone.basename(),
      machineType.machine_type().basename(),
      scheduling.preemptible.yesno(yes=true, no=''),
      networkInterfaces.internal_ip():label=INTERNAL_IP,
      external_ip():label=EXTERNAL_IP,
      status
    ) table(name,zone,status,creationTimestamp)"
2026-05-14 18:11:15,441 DEBUG    urllib3.connectionpool Starting new HTTPS connection (1): compute.googleapis.com:443
2026-05-14 18:11:16,013 DEBUG    urllib3.connectionpool https://compute.googleapis.com:443 "GET /compute/v1/projects/env-integration-fenway/aggregated/instances?alt=json&includeAllScopes=True&maxResults=500&returnPartialSuccess=True HTTP/1.1" 200 None
2026-05-14 18:11:16,490 INFO     ___FILE_ONLY___ NAME
2026-05-14 18:11:16,491 INFO     ___FILE_ONLY___           
2026-05-14 18:11:16,491 INFO     ___FILE_ONLY___ ZONE
2026-05-14 18:11:16,491 INFO     ___FILE_ONLY___            
2026-05-14 18:11:16,491 INFO     ___FILE_ONLY___ STATUS
2026-05-14 18:11:16,491 INFO     ___FILE_ONLY___    
2026-05-14 18:11:16,491 INFO     ___FILE_ONLY___ CREATION_TIMESTAMP
2026-05-14 18:11:16,491 INFO     ___FILE_ONLY___ 

2026-05-14 18:11:16,491 INFO     ___FILE_ONLY___ loadgen-t958
2026-05-14 18:11:16,491 INFO     ___FILE_ONLY___   
2026-05-14 18:11:16,491 INFO     ___FILE_ONLY___ us-central1-c
2026-05-14 18:11:16,491 INFO     ___FILE_ONLY___   
2026-05-14 18:11:16,491 INFO     ___FILE_ONLY___ RUNNING
2026-05-14 18:11:16,491 INFO     ___FILE_ONLY___   
2026-05-14 18:11:16,491 INFO     ___FILE_ONLY___ 2026-05-14T17:45:02.464-07:00
2026-05-14 18:11:16,491 INFO     ___FILE_ONLY___ 

2026-05-14 18:11:16,500 DEBUG    root            Metrics reporting process started...
