2026-05-14 18:42:03,445 DEBUG    root            Loaded Command Group: ['gcloud', 'compute']
2026-05-14 18:42:03,447 DEBUG    root            Loaded Command Group: ['gcloud', 'compute', 'instances']
2026-05-14 18:42:03,449 DEBUG    root            Loaded Command Group: ['gcloud', 'compute', 'instances', 'list']
2026-05-14 18:42:03,450 DEBUG    root            Running [gcloud.compute.instances.list] with arguments: [--filter: "name~^loadgen-", --format: "value(name,status)", --project: "env-integration-fenway"]
2026-05-14 18:42:03,451 DEBUG    root            On GCE from memory cache: False
2026-05-14 18:42:03,452 DEBUG    root            On GCE from memory cache: False
2026-05-14 18:42:03,542 INFO     root            client_filter=None server_filter='name eq ".*(^loadgen-).*"'
2026-05-14 18:42:03,542 DEBUG    root            Chosen display Format:    table(
      name,
      zone.basename(),
      machineType.machine_type().basename(),
      scheduling.preemptible.yesno(yes=true, no=''),
      networkInterfaces.internal_ip():label=INTERNAL_IP,
      external_ip():label=EXTERNAL_IP,
      status
    ) value(name,status)
2026-05-14 18:42:03,543 INFO     root            Display format: "    table(
      name,
      zone.basename(),
      machineType.machine_type().basename(),
      scheduling.preemptible.yesno(yes=true, no=''),
      networkInterfaces.internal_ip():label=INTERNAL_IP,
      external_ip():label=EXTERNAL_IP,
      status
    ) value(name,status)"
2026-05-14 18:42:03,548 DEBUG    urllib3.connectionpool Starting new HTTPS connection (1): compute.googleapis.com:443
2026-05-14 18:42:04,209 DEBUG    urllib3.connectionpool https://compute.googleapis.com:443 "GET /compute/v1/projects/env-integration-fenway/aggregated/instances?alt=json&includeAllScopes=True&maxResults=500&returnPartialSuccess=True HTTP/1.1" 200 None
2026-05-14 18:42:04,585 INFO     ___FILE_ONLY___ loadgen-t958	STOPPING

2026-05-14 18:42:04,594 DEBUG    root            Metrics reporting process started...
