2026-05-14 18:57:11,877 DEBUG    root            Loaded Command Group: ['gcloud', 'compute']
2026-05-14 18:57:11,879 DEBUG    root            Loaded Command Group: ['gcloud', 'compute', 'instances']
2026-05-14 18:57:11,881 DEBUG    root            Loaded Command Group: ['gcloud', 'compute', 'instances', 'get_serial_port_output']
2026-05-14 18:57:11,883 DEBUG    root            Running [gcloud.compute.instances.get-serial-port-output] with arguments: [--project: "env-integration-fenway", --zone: "us-central1-f", INSTANCE_NAME: "loadgen-88cd"]
2026-05-14 18:57:11,885 DEBUG    root            On GCE from memory cache: False
2026-05-14 18:57:11,886 DEBUG    root            On GCE from memory cache: False
2026-05-14 18:57:11,990 DEBUG    urllib3.connectionpool Starting new HTTPS connection (1): compute.googleapis.com:443
2026-05-14 18:57:12,222 DEBUG    urllib3.connectionpool https://compute.googleapis.com:443 "GET /compute/v1/projects/env-integration-fenway/zones/us-central1-f/instances/loadgen-88cd/serialPort?alt=json&port=1 HTTP/1.1" 404 None
2026-05-14 18:57:12,224 DEBUG    root            (gcloud.compute.instances.get-serial-port-output) Could not fetch serial port output: The resource 'projects/env-integration-fenway/zones/us-central1-f/instances/loadgen-88cd' was not found
Traceback (most recent call last):
  File "/opt/homebrew/Caskroom/gcloud-cli/542.0.0/google-cloud-sdk/lib/googlecloudsdk/calliope/cli.py", line 957, in Execute
    resources = calliope_command.Run(cli=self, args=args)
  File "/opt/homebrew/Caskroom/gcloud-cli/542.0.0/google-cloud-sdk/lib/googlecloudsdk/calliope/backend.py", line 968, in Run
    resources = command_instance.Run(args)
  File "/opt/homebrew/Caskroom/gcloud-cli/542.0.0/google-cloud-sdk/lib/surface/compute/instances/get_serial_port_output.py", line 93, in Run
    raise GetSerialPortOutputException(
        'Could not fetch serial port output: ' +
        ','.join([error[1] for error in errors]))
__calliope__command__.a38ae26ec3e648ef8161d33ec23af924.gcloud.compute.instances.get_serial_port_output.GetSerialPortOutputException: Could not fetch serial port output: The resource 'projects/env-integration-fenway/zones/us-central1-f/instances/loadgen-88cd' was not found
2026-05-14 18:57:12,226 ERROR    root            (gcloud.compute.instances.get-serial-port-output) Could not fetch serial port output: The resource 'projects/env-integration-fenway/zones/us-central1-f/instances/loadgen-88cd' was not found
2026-05-14 18:57:12,240 DEBUG    root            Metrics reporting process started...
