2026-05-14 18:52:54,478 DEBUG    root            Loaded Command Group: ['gcloud', 'compute']
2026-05-14 18:52:54,481 DEBUG    root            Loaded Command Group: ['gcloud', 'compute', 'instances']
2026-05-14 18:52:54,482 DEBUG    root            Loaded Command Group: ['gcloud', 'compute', 'instances', 'list']
2026-05-14 18:52:54,484 DEBUG    root            Running [gcloud.compute.instances.list] with arguments: [--filter: "name~^loadgen-", --format: "value(name,zone)", --project: "env-integration-fenway"]
2026-05-14 18:52:54,486 DEBUG    root            On GCE from memory cache: False
2026-05-14 18:52:54,488 DEBUG    root            On GCE from memory cache: False
2026-05-14 18:52:54,584 INFO     root            client_filter=None server_filter='name eq ".*(^loadgen-).*"'
2026-05-14 18:52:54,584 DEBUG    root            Chosen display Format:    table(
      name,
      zone.basename(),
      machineType.machine_type().basename(),
      scheduling.preemptible.yesno(yes=true, no=''),
      networkInterfaces.internal_ip():label=INTERNAL_IP,
      external_ip():label=EXTERNAL_IP,
      status
    ) value(name,zone)
2026-05-14 18:52:54,585 INFO     root            Display format: "    table(
      name,
      zone.basename(),
      machineType.machine_type().basename(),
      scheduling.preemptible.yesno(yes=true, no=''),
      networkInterfaces.internal_ip():label=INTERNAL_IP,
      external_ip():label=EXTERNAL_IP,
      status
    ) value(name,zone)"
2026-05-14 18:52:54,590 DEBUG    urllib3.connectionpool Starting new HTTPS connection (1): compute.googleapis.com:443
2026-05-14 18:52:55,268 DEBUG    urllib3.connectionpool https://compute.googleapis.com:443 "GET /compute/v1/projects/env-integration-fenway/aggregated/instances?alt=json&includeAllScopes=True&maxResults=500&returnPartialSuccess=True HTTP/1.1" 200 None
2026-05-14 18:52:55,581 INFO     ___FILE_ONLY___ loadgen-l2d1	us-central1-b

2026-05-14 18:52:55,581 INFO     ___FILE_ONLY___ loadgen-wjzq	us-central1-b

2026-05-14 18:52:55,583 INFO     ___FILE_ONLY___ loadgen-70fm	us-central1-c

2026-05-14 18:52:55,584 INFO     ___FILE_ONLY___ loadgen-88cd	us-central1-f

2026-05-14 18:52:55,600 DEBUG    root            Metrics reporting process started...
