2026-05-14 19:04:00,190 DEBUG    root            Loaded Command Group: ['gcloud', 'compute']
2026-05-14 19:04:00,192 DEBUG    root            Loaded Command Group: ['gcloud', 'compute', 'instances']
2026-05-14 19:04:00,194 DEBUG    root            Loaded Command Group: ['gcloud', 'compute', 'instances', 'list']
2026-05-14 19:04:00,195 DEBUG    root            Running [gcloud.compute.instances.list] with arguments: [--filter: "name~^loadgen-", --format: "value(name,zone)", --project: "env-integration-fenway"]
2026-05-14 19:04:00,197 DEBUG    root            On GCE from memory cache: False
2026-05-14 19:04:00,198 DEBUG    root            On GCE from memory cache: False
2026-05-14 19:04:00,287 INFO     root            client_filter=None server_filter='name eq ".*(^loadgen-).*"'
2026-05-14 19:04:00,287 DEBUG    root            Chosen display Format:    table(
      name,
      zone.basename(),
      machineType.machine_type().basename(),
      scheduling.preemptible.yesno(yes=true, no=''),
      networkInterfaces.internal_ip():label=INTERNAL_IP,
      external_ip():label=EXTERNAL_IP,
      status
    ) value(name,zone)
2026-05-14 19:04:00,288 INFO     root            Display format: "    table(
      name,
      zone.basename(),
      machineType.machine_type().basename(),
      scheduling.preemptible.yesno(yes=true, no=''),
      networkInterfaces.internal_ip():label=INTERNAL_IP,
      external_ip():label=EXTERNAL_IP,
      status
    ) value(name,zone)"
2026-05-14 19:04:00,293 DEBUG    urllib3.connectionpool Starting new HTTPS connection (1): compute.googleapis.com:443
2026-05-14 19:04:01,001 DEBUG    urllib3.connectionpool https://compute.googleapis.com:443 "GET /compute/v1/projects/env-integration-fenway/aggregated/instances?alt=json&includeAllScopes=True&maxResults=500&returnPartialSuccess=True HTTP/1.1" 200 None
2026-05-14 19:04:01,283 INFO     ___FILE_ONLY___ loadgen-bq12	us-central1-b

2026-05-14 19:04:01,286 INFO     ___FILE_ONLY___ loadgen-3str	us-central1-c

2026-05-14 19:04:01,286 INFO     ___FILE_ONLY___ loadgen-lwqh	us-central1-c

2026-05-14 19:04:01,287 INFO     ___FILE_ONLY___ loadgen-fn09	us-central1-f

2026-05-14 19:04:01,302 DEBUG    root            Metrics reporting process started...
