2026-05-14 19:17:56,710 DEBUG    root            Loaded Command Group: ['gcloud', 'compute']
2026-05-14 19:17:56,712 DEBUG    root            Loaded Command Group: ['gcloud', 'compute', 'images']
2026-05-14 19:17:56,717 DEBUG    root            Loaded Command Group: ['gcloud', 'compute', 'images', 'list']
2026-05-14 19:17:56,721 DEBUG    root            Running [gcloud.compute.images.list] with arguments: [--filter: "family:artillery-loadgen-gpu", --format: "value(name)", --limit: "1", --project: "env-integration-fenway", --sort-by: "['~creationTimestamp']"]
2026-05-14 19:17:56,725 DEBUG    root            On GCE from memory cache: False
2026-05-14 19:17:56,726 DEBUG    root            On GCE from memory cache: False
2026-05-14 19:17:56,818 INFO     root            client_filter=None server_filter='family eq ".*\\bartillery\\-loadgen\\-gpu\\b.*"'
2026-05-14 19:17:56,819 INFO     root            client_filter=None server_filter='family eq ".*\\bartillery\\-loadgen\\-gpu\\b.*"'
2026-05-14 19:17:56,820 DEBUG    root            Chosen display Format:    table(
      name,
      selfLink.map().scope(projects).segment(0):label=PROJECT,
      family,
      deprecated.state:label=DEPRECATED,
      status
    ) value(name):(creationTimestamp:sort=1:reverse)
2026-05-14 19:17:56,830 DEBUG    urllib3.connectionpool Starting new HTTPS connection (1): compute.googleapis.com:443
2026-05-14 19:17:58,095 DEBUG    urllib3.connectionpool https://compute.googleapis.com:443 "POST /batch/compute/v1 HTTP/1.1" 200 None
2026-05-14 19:17:58,098 INFO     root            Display format: "    table(
      name,
      selfLink.map().scope(projects).segment(0):label=PROJECT,
      family,
      deprecated.state:label=DEPRECATED,
      status
    ) value(name):(creationTimestamp:sort=1:reverse)"
2026-05-14 19:17:58,110 INFO     ___FILE_ONLY___ artillery-loadgen-gpu-1778189997

2026-05-14 19:17:58,123 DEBUG    root            Metrics reporting process started...
