2026-05-14 19:18:46,517 DEBUG    root            Loaded Command Group: ['gcloud', 'compute']
2026-05-14 19:18:46,520 DEBUG    root            Loaded Command Group: ['gcloud', 'compute', 'instances']
2026-05-14 19:18:46,522 DEBUG    root            Loaded Command Group: ['gcloud', 'compute', 'instances', 'list']
2026-05-14 19:18:46,523 DEBUG    root            Running [gcloud.compute.instances.list] with arguments: [--filter: "name~^packer", --format: "value(name,status,creationTimestamp)", --project: "env-integration-fenway"]
2026-05-14 19:18:46,525 DEBUG    root            On GCE from memory cache: False
2026-05-14 19:18:46,527 DEBUG    root            On GCE from memory cache: False
2026-05-14 19:18:46,620 INFO     root            client_filter=None server_filter='name eq ".*(^packer).*"'
2026-05-14 19:18:46,621 DEBUG    root            Chosen display Format:    table(
      name,
      zone.basename(),
      machineType.machine_type().basename(),
      scheduling.preemptible.yesno(yes=true, no=''),
      networkInterfaces.internal_ip():label=INTERNAL_IP,
      external_ip():label=EXTERNAL_IP,
      status
    ) value(name,status,creationTimestamp)
2026-05-14 19:18:46,621 INFO     root            Display format: "    table(
      name,
      zone.basename(),
      machineType.machine_type().basename(),
      scheduling.preemptible.yesno(yes=true, no=''),
      networkInterfaces.internal_ip():label=INTERNAL_IP,
      external_ip():label=EXTERNAL_IP,
      status
    ) value(name,status,creationTimestamp)"
2026-05-14 19:18:46,627 DEBUG    urllib3.connectionpool Starting new HTTPS connection (1): compute.googleapis.com:443
2026-05-14 19:18:47,298 DEBUG    urllib3.connectionpool https://compute.googleapis.com:443 "GET /compute/v1/projects/env-integration-fenway/aggregated/instances?alt=json&includeAllScopes=True&maxResults=500&returnPartialSuccess=True HTTP/1.1" 200 None
2026-05-14 19:18:47,576 INFO     ___FILE_ONLY___ packer-6a068256-6ad3-c79f-55c1-0aea55c4f620	RUNNING	2026-05-14T19:18:03.382-07:00

2026-05-14 19:18:47,596 DEBUG    root            Metrics reporting process started...
