2026-05-14 19:17:51,702 DEBUG    root            Loaded Command Group: ['gcloud', 'compute']
2026-05-14 19:17:51,706 DEBUG    root            Loaded Command Group: ['gcloud', 'compute', 'instance_groups']
2026-05-14 19:17:51,707 DEBUG    root            Loaded Command Group: ['gcloud', 'compute', 'instance-groups', 'managed']
2026-05-14 19:17:51,713 DEBUG    root            Loaded Command Group: ['gcloud', 'compute', 'instance-groups', 'managed', 'list']
2026-05-14 19:17:51,714 DEBUG    root            Running [gcloud.compute.instance-groups.managed.list] with arguments: [--filter: "name~^artillery-loadgen-mig", --format: "table(name,targetSize)", --project: "env-integration-fenway"]
2026-05-14 19:17:51,717 DEBUG    root            On GCE from memory cache: False
2026-05-14 19:17:51,720 DEBUG    root            On GCE from memory cache: False
2026-05-14 19:17:51,832 INFO     root            client_filter=None server_filter='name eq ".*(^artillery-loadgen-mig).*"'
2026-05-14 19:17:51,841 DEBUG    urllib3.connectionpool Starting new HTTPS connection (1): compute.googleapis.com:443
2026-05-14 19:17:52,201 DEBUG    urllib3.connectionpool https://compute.googleapis.com:443 "GET /compute/v1/projects/env-integration-fenway/aggregated/instanceGroupManagers?alt=json&includeAllScopes=True&maxResults=500&returnPartialSuccess=True HTTP/1.1" 200 None
2026-05-14 19:17:52,437 DEBUG    urllib3.connectionpool https://compute.googleapis.com:443 "POST /batch/compute/v1 HTTP/1.1" 200 None
2026-05-14 19:17:52,613 DEBUG    urllib3.connectionpool https://compute.googleapis.com:443 "GET /compute/v1/projects/env-integration-fenway/regions/us-central1/instanceGroups?alt=json&maxResults=500 HTTP/1.1" 200 None
2026-05-14 19:17:52,896 DEBUG    urllib3.connectionpool https://compute.googleapis.com:443 "POST /batch/compute/v1 HTTP/1.1" 200 None
2026-05-14 19:17:52,903 DEBUG    root            Chosen display Format:    table(
      name,
      location():label=LOCATION,
      location_scope():label=SCOPE,
      baseInstanceName,
      size,
      targetSize,
      instanceTemplate.basename(),
      autoscaled
    )
 table(name,targetSize)
2026-05-14 19:17:52,904 INFO     root            Display format: "    table(
      name,
      location():label=LOCATION,
      location_scope():label=SCOPE,
      baseInstanceName,
      size,
      targetSize,
      instanceTemplate.basename(),
      autoscaled
    )
 table(name,targetSize)"
2026-05-14 19:17:52,924 INFO     ___FILE_ONLY___ NAME
2026-05-14 19:17:52,924 INFO     ___FILE_ONLY___                         
2026-05-14 19:17:52,924 INFO     ___FILE_ONLY___ TARGET_SIZE
2026-05-14 19:17:52,924 INFO     ___FILE_ONLY___ 

2026-05-14 19:17:52,924 INFO     ___FILE_ONLY___ artillery-loadgen-mig
2026-05-14 19:17:52,924 INFO     ___FILE_ONLY___        
2026-05-14 19:17:52,924 INFO     ___FILE_ONLY___ 0
2026-05-14 19:17:52,924 INFO     ___FILE_ONLY___ 

2026-05-14 19:17:52,924 INFO     ___FILE_ONLY___ artillery-loadgen-mig-prod
2026-05-14 19:17:52,924 INFO     ___FILE_ONLY___   
2026-05-14 19:17:52,924 INFO     ___FILE_ONLY___ 0
2026-05-14 19:17:52,924 INFO     ___FILE_ONLY___ 

2026-05-14 19:17:52,939 DEBUG    root            Metrics reporting process started...
