2026-05-14 19:35:20,486 DEBUG    root            Loaded Command Group: ['gcloud', 'compute']
2026-05-14 19:35:20,488 DEBUG    root            Loaded Command Group: ['gcloud', 'compute', 'instances']
2026-05-14 19:35:20,490 DEBUG    root            Loaded Command Group: ['gcloud', 'compute', 'instances', 'list']
2026-05-14 19:35:20,492 DEBUG    root            Running [gcloud.compute.instances.list] with arguments: [--filter: "name~^loadgen-", --format: "value(name,zone)", --project: "env-integration-fenway"]
2026-05-14 19:35:20,493 DEBUG    root            On GCE from memory cache: False
2026-05-14 19:35:20,495 DEBUG    root            On GCE from memory cache: False
2026-05-14 19:35:20,599 INFO     root            client_filter=None server_filter='name eq ".*(^loadgen-).*"'
2026-05-14 19:35:20,600 DEBUG    root            Chosen display Format:    table(
      name,
      zone.basename(),
      machineType.machine_type().basename(),
      scheduling.preemptible.yesno(yes=true, no=''),
      networkInterfaces.internal_ip():label=INTERNAL_IP,
      external_ip():label=EXTERNAL_IP,
      status
    ) value(name,zone)
2026-05-14 19:35:20,600 INFO     root            Display format: "    table(
      name,
      zone.basename(),
      machineType.machine_type().basename(),
      scheduling.preemptible.yesno(yes=true, no=''),
      networkInterfaces.internal_ip():label=INTERNAL_IP,
      external_ip():label=EXTERNAL_IP,
      status
    ) value(name,zone)"
2026-05-14 19:35:20,606 DEBUG    urllib3.connectionpool Starting new HTTPS connection (1): compute.googleapis.com:443
2026-05-14 19:35:21,245 DEBUG    urllib3.connectionpool https://compute.googleapis.com:443 "GET /compute/v1/projects/env-integration-fenway/aggregated/instances?alt=json&includeAllScopes=True&maxResults=500&returnPartialSuccess=True HTTP/1.1" 200 None
2026-05-14 19:35:21,479 INFO     ___FILE_ONLY___ loadgen-80pv	us-central1-b

2026-05-14 19:35:21,479 INFO     ___FILE_ONLY___ loadgen-jc40	us-central1-b

2026-05-14 19:35:21,482 INFO     ___FILE_ONLY___ loadgen-2b4t	us-central1-c

2026-05-14 19:35:21,482 INFO     ___FILE_ONLY___ loadgen-2j09	us-central1-f

2026-05-14 19:35:21,493 DEBUG    root            Metrics reporting process started...
