2026-05-14 19:32:01,257 DEBUG    root            Loaded Command Group: ['gcloud', 'compute']
2026-05-14 19:32:01,261 DEBUG    root            Loaded Command Group: ['gcloud', 'compute', 'instances']
2026-05-14 19:32:01,263 DEBUG    root            Loaded Command Group: ['gcloud', 'compute', 'instances', 'list']
2026-05-14 19:32:01,264 DEBUG    root            Running [gcloud.compute.instances.list] with arguments: [--filter: "name~^loadgen-", --format: "value(name,zone)", --project: "env-integration-fenway"]
2026-05-14 19:32:01,266 DEBUG    root            On GCE from memory cache: False
2026-05-14 19:32:01,268 DEBUG    root            On GCE from memory cache: False
2026-05-14 19:32:01,376 INFO     root            client_filter=None server_filter='name eq ".*(^loadgen-).*"'
2026-05-14 19:32:01,381 DEBUG    root            Chosen display Format:    table(
      name,
      zone.basename(),
      machineType.machine_type().basename(),
      scheduling.preemptible.yesno(yes=true, no=''),
      networkInterfaces.internal_ip():label=INTERNAL_IP,
      external_ip():label=EXTERNAL_IP,
      status
    ) value(name,zone)
2026-05-14 19:32:01,381 INFO     root            Display format: "    table(
      name,
      zone.basename(),
      machineType.machine_type().basename(),
      scheduling.preemptible.yesno(yes=true, no=''),
      networkInterfaces.internal_ip():label=INTERNAL_IP,
      external_ip():label=EXTERNAL_IP,
      status
    ) value(name,zone)"
2026-05-14 19:32:01,392 DEBUG    urllib3.connectionpool Starting new HTTPS connection (1): compute.googleapis.com:443
2026-05-14 19:32:01,911 DEBUG    urllib3.connectionpool https://compute.googleapis.com:443 "GET /compute/v1/projects/env-integration-fenway/aggregated/instances?alt=json&includeAllScopes=True&maxResults=500&returnPartialSuccess=True HTTP/1.1" 200 None
2026-05-14 19:32:02,234 INFO     ___FILE_ONLY___ loadgen-80pv	us-central1-b

2026-05-14 19:32:02,234 INFO     ___FILE_ONLY___ loadgen-jc40	us-central1-b

2026-05-14 19:32:02,236 INFO     ___FILE_ONLY___ loadgen-2b4t	us-central1-c

2026-05-14 19:32:02,237 INFO     ___FILE_ONLY___ loadgen-2j09	us-central1-f

2026-05-14 19:32:02,251 DEBUG    root            Metrics reporting process started...
