2026-05-14 19:43:10,781 DEBUG    root            Loaded Command Group: ['gcloud', 'compute']
2026-05-14 19:43:10,784 DEBUG    root            Loaded Command Group: ['gcloud', 'compute', 'instances']
2026-05-14 19:43:10,786 DEBUG    root            Loaded Command Group: ['gcloud', 'compute', 'instances', 'list']
2026-05-14 19:43:10,787 DEBUG    root            Running [gcloud.compute.instances.list] with arguments: [--filter: "name~^loadgen-", --format: "value(name,zone)", --project: "env-integration-fenway"]
2026-05-14 19:43:10,790 DEBUG    root            On GCE from memory cache: False
2026-05-14 19:43:10,792 DEBUG    root            On GCE from memory cache: False
2026-05-14 19:43:10,887 INFO     root            client_filter=None server_filter='name eq ".*(^loadgen-).*"'
2026-05-14 19:43:10,888 DEBUG    root            Chosen display Format:    table(
      name,
      zone.basename(),
      machineType.machine_type().basename(),
      scheduling.preemptible.yesno(yes=true, no=''),
      networkInterfaces.internal_ip():label=INTERNAL_IP,
      external_ip():label=EXTERNAL_IP,
      status
    ) value(name,zone)
2026-05-14 19:43:10,889 INFO     root            Display format: "    table(
      name,
      zone.basename(),
      machineType.machine_type().basename(),
      scheduling.preemptible.yesno(yes=true, no=''),
      networkInterfaces.internal_ip():label=INTERNAL_IP,
      external_ip():label=EXTERNAL_IP,
      status
    ) value(name,zone)"
2026-05-14 19:43:10,897 DEBUG    urllib3.connectionpool Starting new HTTPS connection (1): compute.googleapis.com:443
2026-05-14 19:43:11,578 DEBUG    urllib3.connectionpool https://compute.googleapis.com:443 "GET /compute/v1/projects/env-integration-fenway/aggregated/instances?alt=json&includeAllScopes=True&maxResults=500&returnPartialSuccess=True HTTP/1.1" 200 None
2026-05-14 19:43:11,901 INFO     ___FILE_ONLY___ loadgen-80pv	us-central1-b

2026-05-14 19:43:11,901 INFO     ___FILE_ONLY___ loadgen-jc40	us-central1-b

2026-05-14 19:43:11,903 INFO     ___FILE_ONLY___ loadgen-2b4t	us-central1-c

2026-05-14 19:43:11,904 INFO     ___FILE_ONLY___ loadgen-2j09	us-central1-f

2026-05-14 19:43:11,916 DEBUG    root            Metrics reporting process started...
