2026-05-14 20:18:25,004 DEBUG    root            Loaded Command Group: ['gcloud', 'compute']
2026-05-14 20:18:25,007 DEBUG    root            Loaded Command Group: ['gcloud', 'compute', 'images']
2026-05-14 20:18:25,012 DEBUG    root            Loaded Command Group: ['gcloud', 'compute', 'images', 'list']
2026-05-14 20:18:25,013 DEBUG    root            Running [gcloud.compute.images.list] with arguments: [--filter: "family=artillery-loadgen-gpu", --format: "table(name,creationTimestamp,family)", --project: "env-integration-fenway"]
2026-05-14 20:18:25,015 DEBUG    root            On GCE from memory cache: False
2026-05-14 20:18:25,017 DEBUG    root            On GCE from memory cache: False
2026-05-14 20:18:25,115 INFO     root            client_filter=None server_filter='family eq ".*\\bartillery\\-loadgen\\-gpu\\b.*"'
2026-05-14 20:18:25,116 INFO     root            client_filter=None server_filter='family eq ".*\\bartillery\\-loadgen\\-gpu\\b.*"'
2026-05-14 20:18:25,117 DEBUG    root            Chosen display Format:    table(
      name,
      selfLink.map().scope(projects).segment(0):label=PROJECT,
      family,
      deprecated.state:label=DEPRECATED,
      status
    ) table(name,creationTimestamp,family)
2026-05-14 20:18:25,117 INFO     root            Display format: "    table(
      name,
      selfLink.map().scope(projects).segment(0):label=PROJECT,
      family,
      deprecated.state:label=DEPRECATED,
      status
    ) table(name,creationTimestamp,family)"
2026-05-14 20:18:25,128 DEBUG    urllib3.connectionpool Starting new HTTPS connection (1): compute.googleapis.com:443
2026-05-14 20:18:26,559 DEBUG    urllib3.connectionpool https://compute.googleapis.com:443 "POST /batch/compute/v1 HTTP/1.1" 200 None
2026-05-14 20:18:26,583 INFO     ___FILE_ONLY___ NAME
2026-05-14 20:18:26,583 INFO     ___FILE_ONLY___                               
2026-05-14 20:18:26,583 INFO     ___FILE_ONLY___ CREATION_TIMESTAMP
2026-05-14 20:18:26,584 INFO     ___FILE_ONLY___              
2026-05-14 20:18:26,584 INFO     ___FILE_ONLY___ FAMILY
2026-05-14 20:18:26,584 INFO     ___FILE_ONLY___ 

2026-05-14 20:18:26,584 INFO     ___FILE_ONLY___ artillery-loadgen-gpu-1778189997
2026-05-14 20:18:26,584 INFO     ___FILE_ONLY___   
2026-05-14 20:18:26,584 INFO     ___FILE_ONLY___ 2026-05-07T14:49:26.832-07:00
2026-05-14 20:18:26,584 INFO     ___FILE_ONLY___   
2026-05-14 20:18:26,584 INFO     ___FILE_ONLY___ artillery-loadgen-gpu
2026-05-14 20:18:26,584 INFO     ___FILE_ONLY___ 

2026-05-14 20:18:26,584 INFO     ___FILE_ONLY___ artillery-loadgen-gpu-1778811478
2026-05-14 20:18:26,584 INFO     ___FILE_ONLY___   
2026-05-14 20:18:26,584 INFO     ___FILE_ONLY___ 2026-05-14T19:25:48.585-07:00
2026-05-14 20:18:26,584 INFO     ___FILE_ONLY___   
2026-05-14 20:18:26,584 INFO     ___FILE_ONLY___ artillery-loadgen-gpu
2026-05-14 20:18:26,584 INFO     ___FILE_ONLY___ 

2026-05-14 20:18:26,600 DEBUG    root            Metrics reporting process started...
