2026-05-14 20:24:26,039 DEBUG    root            Loaded Command Group: ['gcloud', 'compute']
2026-05-14 20:24:26,043 DEBUG    root            Loaded Command Group: ['gcloud', 'compute', 'instances']
2026-05-14 20:24:26,046 DEBUG    root            Loaded Command Group: ['gcloud', 'compute', 'instances', 'list']
2026-05-14 20:24:26,047 DEBUG    root            Running [gcloud.compute.instances.list] with arguments: [--filter: "name~^loadgen-", --format: "value(name,zone)", --project: "env-integration-fenway"]
2026-05-14 20:24:26,051 DEBUG    root            On GCE from memory cache: False
2026-05-14 20:24:26,097 DEBUG    root            Failed to check metadata server: <urlopen error [Errno 8] nodename nor servname provided, or not known>
2026-05-14 20:24:26,097 DEBUG    root            On GCE from server: False
2026-05-14 20:24:26,227 INFO     root            client_filter=None server_filter='name eq ".*(^loadgen-).*"'
2026-05-14 20:24:26,228 DEBUG    root            Chosen display Format:    table(
      name,
      zone.basename(),
      machineType.machine_type().basename(),
      scheduling.preemptible.yesno(yes=true, no=''),
      networkInterfaces.internal_ip():label=INTERNAL_IP,
      external_ip():label=EXTERNAL_IP,
      status
    ) value(name,zone)
2026-05-14 20:24:26,229 INFO     root            Display format: "    table(
      name,
      zone.basename(),
      machineType.machine_type().basename(),
      scheduling.preemptible.yesno(yes=true, no=''),
      networkInterfaces.internal_ip():label=INTERNAL_IP,
      external_ip():label=EXTERNAL_IP,
      status
    ) value(name,zone)"
2026-05-14 20:24:26,236 DEBUG    urllib3.connectionpool Starting new HTTPS connection (1): compute.googleapis.com:443
2026-05-14 20:24:26,856 DEBUG    urllib3.connectionpool https://compute.googleapis.com:443 "GET /compute/v1/projects/env-integration-fenway/aggregated/instances?alt=json&includeAllScopes=True&maxResults=500&returnPartialSuccess=True HTTP/1.1" 200 None
2026-05-14 20:24:27,359 INFO     ___FILE_ONLY___ loadgen-358q	us-central1-b

2026-05-14 20:24:27,363 INFO     ___FILE_ONLY___ loadgen-r8j6	us-central1-c

2026-05-14 20:24:27,364 INFO     ___FILE_ONLY___ loadgen-5896	us-central1-f

2026-05-14 20:24:27,365 INFO     ___FILE_ONLY___ loadgen-6lgs	us-central1-f

2026-05-14 20:24:27,388 DEBUG    root            Metrics reporting process started...
