2026-05-14 20:22:11,859 DEBUG    root            Loaded Command Group: ['gcloud', 'compute']
2026-05-14 20:22:11,861 DEBUG    root            Loaded Command Group: ['gcloud', 'compute', 'instances']
2026-05-14 20:22:11,863 DEBUG    root            Loaded Command Group: ['gcloud', 'compute', 'instances', 'list']
2026-05-14 20:22:11,865 DEBUG    root            Running [gcloud.compute.instances.list] with arguments: [--filter: "name~^loadgen-", --format: "value(name,zone)", --project: "env-integration-fenway"]
2026-05-14 20:22:11,867 DEBUG    root            On GCE from memory cache: False
2026-05-14 20:22:11,869 DEBUG    root            On GCE from memory cache: False
2026-05-14 20:22:11,960 INFO     root            client_filter=None server_filter='name eq ".*(^loadgen-).*"'
2026-05-14 20:22:11,961 DEBUG    root            Chosen display Format:    table(
      name,
      zone.basename(),
      machineType.machine_type().basename(),
      scheduling.preemptible.yesno(yes=true, no=''),
      networkInterfaces.internal_ip():label=INTERNAL_IP,
      external_ip():label=EXTERNAL_IP,
      status
    ) value(name,zone)
2026-05-14 20:22:11,961 INFO     root            Display format: "    table(
      name,
      zone.basename(),
      machineType.machine_type().basename(),
      scheduling.preemptible.yesno(yes=true, no=''),
      networkInterfaces.internal_ip():label=INTERNAL_IP,
      external_ip():label=EXTERNAL_IP,
      status
    ) value(name,zone)"
2026-05-14 20:22:11,966 DEBUG    urllib3.connectionpool Starting new HTTPS connection (1): compute.googleapis.com:443
2026-05-14 20:22:12,480 DEBUG    urllib3.connectionpool https://compute.googleapis.com:443 "GET /compute/v1/projects/env-integration-fenway/aggregated/instances?alt=json&includeAllScopes=True&maxResults=500&returnPartialSuccess=True HTTP/1.1" 200 None
2026-05-14 20:22:12,806 INFO     ___FILE_ONLY___ loadgen-358q	us-central1-b

2026-05-14 20:22:12,808 INFO     ___FILE_ONLY___ loadgen-r8j6	us-central1-c

2026-05-14 20:22:12,809 INFO     ___FILE_ONLY___ loadgen-5896	us-central1-f

2026-05-14 20:22:12,809 INFO     ___FILE_ONLY___ loadgen-6lgs	us-central1-f

2026-05-14 20:22:12,822 DEBUG    root            Metrics reporting process started...
