2026-05-14 20:49:04,274 DEBUG    root            Loaded Command Group: ['gcloud', 'compute']
2026-05-14 20:49:04,277 DEBUG    root            Loaded Command Group: ['gcloud', 'compute', 'instances']
2026-05-14 20:49:04,279 DEBUG    root            Loaded Command Group: ['gcloud', 'compute', 'instances', 'list']
2026-05-14 20:49:04,281 DEBUG    root            Running [gcloud.compute.instances.list] with arguments: [--filter: "name~^loadgen-", --format: "value(name,zone)", --project: "env-integration-fenway"]
2026-05-14 20:49:04,284 DEBUG    root            On GCE from memory cache: False
2026-05-14 20:49:04,287 DEBUG    root            On GCE from memory cache: False
2026-05-14 20:49:04,408 INFO     root            client_filter=None server_filter='name eq ".*(^loadgen-).*"'
2026-05-14 20:49:04,409 DEBUG    root            Chosen display Format:    table(
      name,
      zone.basename(),
      machineType.machine_type().basename(),
      scheduling.preemptible.yesno(yes=true, no=''),
      networkInterfaces.internal_ip():label=INTERNAL_IP,
      external_ip():label=EXTERNAL_IP,
      status
    ) value(name,zone)
2026-05-14 20:49:04,409 INFO     root            Display format: "    table(
      name,
      zone.basename(),
      machineType.machine_type().basename(),
      scheduling.preemptible.yesno(yes=true, no=''),
      networkInterfaces.internal_ip():label=INTERNAL_IP,
      external_ip():label=EXTERNAL_IP,
      status
    ) value(name,zone)"
2026-05-14 20:49:04,417 DEBUG    urllib3.connectionpool Starting new HTTPS connection (1): compute.googleapis.com:443
2026-05-14 20:49:05,076 DEBUG    urllib3.connectionpool https://compute.googleapis.com:443 "GET /compute/v1/projects/env-integration-fenway/aggregated/instances?alt=json&includeAllScopes=True&maxResults=500&returnPartialSuccess=True HTTP/1.1" 200 None
2026-05-14 20:49:05,573 INFO     ___FILE_ONLY___ loadgen-358q	us-central1-b

2026-05-14 20:49:05,576 INFO     ___FILE_ONLY___ loadgen-r8j6	us-central1-c

2026-05-14 20:49:05,577 INFO     ___FILE_ONLY___ loadgen-5896	us-central1-f

2026-05-14 20:49:05,578 INFO     ___FILE_ONLY___ loadgen-6lgs	us-central1-f

2026-05-14 20:49:05,596 DEBUG    root            Metrics reporting process started...
