2026-05-14 20:41:12,812 DEBUG    root            Loaded Command Group: ['gcloud', 'compute']
2026-05-14 20:41:12,813 DEBUG    root            Loaded Command Group: ['gcloud', 'compute', 'instances']
2026-05-14 20:41:12,815 DEBUG    root            Loaded Command Group: ['gcloud', 'compute', 'instances', 'list']
2026-05-14 20:41:12,816 DEBUG    root            Running [gcloud.compute.instances.list] with arguments: [--filter: "name~^loadgen-", --format: "value(name,zone)", --project: "env-integration-fenway"]
2026-05-14 20:41:12,817 DEBUG    root            On GCE from memory cache: False
2026-05-14 20:41:12,819 DEBUG    root            On GCE from memory cache: False
2026-05-14 20:41:12,824 DEBUG    root            On GCE from memory cache: False
2026-05-14 20:41:12,825 DEBUG    root            On GCE from memory cache: False
2026-05-14 20:41:12,825 DEBUG    google.auth.transport.requests Making request: POST https://oauth2.googleapis.com/token
2026-05-14 20:41:12,830 DEBUG    urllib3.connectionpool Starting new HTTPS connection (1): oauth2.googleapis.com:443
2026-05-14 20:41:12,992 DEBUG    urllib3.connectionpool https://oauth2.googleapis.com:443 "POST /token HTTP/1.1" 200 None
2026-05-14 20:41:13,087 INFO     root            client_filter=None server_filter='name eq ".*(^loadgen-).*"'
2026-05-14 20:41:13,088 DEBUG    root            Chosen display Format:    table(
      name,
      zone.basename(),
      machineType.machine_type().basename(),
      scheduling.preemptible.yesno(yes=true, no=''),
      networkInterfaces.internal_ip():label=INTERNAL_IP,
      external_ip():label=EXTERNAL_IP,
      status
    ) value(name,zone)
2026-05-14 20:41:13,088 INFO     root            Display format: "    table(
      name,
      zone.basename(),
      machineType.machine_type().basename(),
      scheduling.preemptible.yesno(yes=true, no=''),
      networkInterfaces.internal_ip():label=INTERNAL_IP,
      external_ip():label=EXTERNAL_IP,
      status
    ) value(name,zone)"
2026-05-14 20:41:13,090 DEBUG    urllib3.connectionpool Starting new HTTPS connection (1): compute.googleapis.com:443
2026-05-14 20:41:13,698 DEBUG    urllib3.connectionpool https://compute.googleapis.com:443 "GET /compute/v1/projects/env-integration-fenway/aggregated/instances?alt=json&includeAllScopes=True&maxResults=500&returnPartialSuccess=True HTTP/1.1" 200 None
2026-05-14 20:41:14,327 INFO     ___FILE_ONLY___ loadgen-358q	us-central1-b

2026-05-14 20:41:14,329 INFO     ___FILE_ONLY___ loadgen-r8j6	us-central1-c

2026-05-14 20:41:14,330 INFO     ___FILE_ONLY___ loadgen-5896	us-central1-f

2026-05-14 20:41:14,331 INFO     ___FILE_ONLY___ loadgen-6lgs	us-central1-f

2026-05-14 20:41:14,348 DEBUG    root            Metrics reporting process started...
