2026-05-06 08:21:16,854 DEBUG    root            Loaded Command Group: ['gcloud', 'auth']
2026-05-06 08:21:16,856 DEBUG    root            Loaded Command Group: ['gcloud', 'auth', 'application_default']
2026-05-06 08:21:16,878 DEBUG    root            Loaded Command Group: ['gcloud', 'auth', 'application-default', 'login']
2026-05-06 08:21:16,879 DEBUG    root            Running [gcloud.auth.application-default.login] with arguments: []
2026-05-06 08:21:16,880 DEBUG    root            On GCE from memory cache: False
2026-05-06 08:21:16,942 DEBUG    root            On GCE from memory cache: False
2026-05-06 08:21:19,603 DEBUG    requests_oauthlib.oauth2_session Generated new state m9rTnn2JiBglYvFkn4WFKBBWogkJUJ.
2026-05-06 08:21:19,832 INFO     ___FILE_ONLY___ Your browser has been opened to visit:

    https://accounts.google.com/o/oauth2/auth?response_type=code&client_id=764086051850-6qr4p6gpi6hn506pt8ejuq83di341hur.apps.googleusercontent.com&redirect_uri=http%3A%2F%2Flocalhost%3A8085%2F&scope=openid+https%3A%2F%2Fwww.googleapis.com%2Fauth%2Fuserinfo.email+https%3A%2F%2Fwww.googleapis.com%2Fauth%2Fcloud-platform+https%3A%2F%2Fwww.googleapis.com%2Fauth%2Fsqlservice.login&state=m9rTnn2JiBglYvFkn4WFKBBWogkJUJ&access_type=offline&code_challenge=MItd2fxBvTgwK6CLgXu57uobeip9s-oyJczVYgo9owk&code_challenge_method=S256


2026-05-06 08:21:28,357 INFO     google_auth_oauthlib.flow "GET /?state=m9rTnn2JiBglYvFkn4WFKBBWogkJUJ&iss=https://accounts.google.com&code=4/0AeoWuM_b9MafINxzIS3hEXvMAPGjppspz0Y-PAkkluS83HAojsGPpHOXgFhhVMmRLoGwnw&scope=email%20https://www.googleapis.com/auth/cloud-platform%20https://www.googleapis.com/auth/sqlservice.login%20https://www.googleapis.com/auth/userinfo.email%20openid&authuser=0&hd=synthesis.health&prompt=consent HTTP/1.1" 200 937
2026-05-06 08:21:28,358 DEBUG    requests_oauthlib.oauth2_session Requesting url https://oauth2.googleapis.com/token using method POST.
2026-05-06 08:21:28,359 DEBUG    requests_oauthlib.oauth2_session Supplying headers {b'Accept': b'application/json', b'Content-Type': b'application/x-www-form-urlencoded;charset=UTF-8', b'user-agent': b'google-cloud-sdk gcloud/566.0.0 command/gcloud.auth.application-default.login invocation-id/c56906a89432482782bfe93bc01a89fb environment/None environment-version/None client-os/MACOSX client-os-ver/25.4.0 client-pltf-arch/arm interactive/True from-script/False python/3.13.13 term/xterm-256color  (Macintosh; Intel Mac OS X 25.4.0)'} and data {'grant_type': 'authorization_code', 'client_id': '764086051850-6qr4p6gpi6hn506pt8ejuq83di341hur.apps.googleusercontent.com', 'client_secret': 'd-FL95Q19q7MQmFpd7hHD0Ty', 'code': '4/0AeoWuM_b9MafINxzIS3hEXvMAPGjppspz0Y-PAkkluS83HAojsGPpHOXgFhhVMmRLoGwnw', 'redirect_uri': 'http://localhost:8085/', 'code_verifier': 'ja5ulxJlG7z_kYq_f9bLVTywJqy~06FElWBYWq-HE_W8dDunsLI2X53uzxvMa-t7yvpJ0BWtT_cJ-HpwIfkdf.a5d5aKWGW5g~7IU1IfUoxVWe8c~VWAlP0n~2yzrbx1'}
2026-05-06 08:21:28,359 DEBUG    requests_oauthlib.oauth2_session Passing through key word arguments {'json': None, 'timeout': None, 'auth': None, 'verify': None, 'proxies': None}.
2026-05-06 08:21:28,365 DEBUG    urllib3.connectionpool Starting new HTTPS connection (1): oauth2.googleapis.com:443
2026-05-06 08:21:28,621 DEBUG    urllib3.connectionpool https://oauth2.googleapis.com:443 "POST /token HTTP/1.1" 200 None
2026-05-06 08:21:28,621 DEBUG    requests_oauthlib.oauth2_session Prepared fetch token request body grant_type=authorization_code&client_id=764086051850-6qr4p6gpi6hn506pt8ejuq83di341hur.apps.googleusercontent.com&client_secret=d-FL95Q19q7MQmFpd7hHD0Ty&code=4%2F0AeoWuM_b9MafINxzIS3hEXvMAPGjppspz0Y-PAkkluS83HAojsGPpHOXgFhhVMmRLoGwnw&redirect_uri=http%3A%2F%2Flocalhost%3A8085%2F&code_verifier=ja5ulxJlG7z_kYq_f9bLVTywJqy~06FElWBYWq-HE_W8dDunsLI2X53uzxvMa-t7yvpJ0BWtT_cJ-HpwIfkdf.a5d5aKWGW5g~7IU1IfUoxVWe8c~VWAlP0n~2yzrbx1
2026-05-06 08:21:28,622 DEBUG    requests_oauthlib.oauth2_session Request to fetch token completed with status 200.
2026-05-06 08:21:28,622 DEBUG    requests_oauthlib.oauth2_session Request headers were {'user-agent': b'google-cloud-sdk gcloud/566.0.0 command/gcloud.auth.application-default.login invocation-id/c56906a89432482782bfe93bc01a89fb environment/None environment-version/None client-os/MACOSX client-os-ver/25.4.0 client-pltf-arch/arm interactive/True from-script/False python/3.13.13 term/xterm-256color  (Macintosh; Intel Mac OS X 25.4.0)', 'Accept-Encoding': 'gzip, deflate', 'Accept': b'application/json', 'Connection': 'keep-alive', 'Content-Type': b'application/x-www-form-urlencoded;charset=UTF-8', 'Content-Length': '421'}
2026-05-06 08:21:28,622 DEBUG    requests_oauthlib.oauth2_session Request body was grant_type=authorization_code&client_id=764086051850-6qr4p6gpi6hn506pt8ejuq83di341hur.apps.googleusercontent.com&client_secret=d-FL95Q19q7MQmFpd7hHD0Ty&code=4%2F0AeoWuM_b9MafINxzIS3hEXvMAPGjppspz0Y-PAkkluS83HAojsGPpHOXgFhhVMmRLoGwnw&redirect_uri=http%3A%2F%2Flocalhost%3A8085%2F&code_verifier=ja5ulxJlG7z_kYq_f9bLVTywJqy~06FElWBYWq-HE_W8dDunsLI2X53uzxvMa-t7yvpJ0BWtT_cJ-HpwIfkdf.a5d5aKWGW5g~7IU1IfUoxVWe8c~VWAlP0n~2yzrbx1
2026-05-06 08:21:28,622 DEBUG    requests_oauthlib.oauth2_session Response headers were {'Pragma': 'no-cache', 'Cache-Control': 'no-cache, no-store, max-age=0, must-revalidate', 'Date': 'Wed, 06 May 2026 15:21:28 GMT', 'Expires': 'Mon, 01 Jan 1990 00:00:00 GMT', 'Content-Type': 'application/json; charset=utf-8', 'Vary': 'Origin, X-Origin, Referer', 'Content-Encoding': 'gzip', 'Server': 'scaffolding on HTTPServer2', 'X-XSS-Protection': '0', 'X-Frame-Options': 'SAMEORIGIN', 'X-Content-Type-Options': 'nosniff', 'Alt-Svc': 'h3=":443"; ma=2592000,h3-29=":443"; ma=2592000', 'Transfer-Encoding': 'chunked'} and content {
  "access_token": "ya29.a0AQvPyINkZftCn949cESamJIZDy52iJnOo-sifyuVBXZ3oLrFiR-nH-dX066g_SXGTK6Bh9z5UeHirCqjF51QEMiQ6sk4ewOe2-ENaPLe2-eeau0wSXq46b34JXjbH1V4-nMwY77eLhyHmZpksCNMp5i_9vVfTgnjKfDPDiFbbN454vuRqAsOmHSOEgTuqdRy2Hc3Ym0aCgYKASsSARYSFQHGX2MibyzRIy2rz1-L1mMEpd6quA0206",
  "expires_in": 3599,
  "refresh_token": "1//06Qh2humWRrckCgYIARAAGAYSNwF-L9IryZIUiZZm1QJ8DsEDT0v6sCZhNi18VfxyXufyjWV81Jg8eKcZ2lbjBYW15cU43faP5NA",
  "scope": "https://www.googleapis.com/auth/userinfo.email openid https://www.googleapis.com/auth/cloud-platform https://www.googleapis.com/auth/sqlservice.login",
  "token_type": "Bearer",
  "id_token": "eyJhbGciOiJSUzI1NiIsImtpZCI6IjgwNzZkZGJhYjQxNTU1NmUxNjkxNTRjNmE0YTBiZGJkNDQ2OWI3OWMiLCJ0eXAiOiJKV1QifQ.eyJpc3MiOiJodHRwczovL2FjY291bnRzLmdvb2dsZS5jb20iLCJhenAiOiI3NjQwODYwNTE4NTAtNnFyNHA2Z3BpNmhuNTA2cHQ4ZWp1cTgzZGkzNDFodXIuYXBwcy5nb29nbGV1c2VyY29udGVudC5jb20iLCJhdWQiOiI3NjQwODYwNTE4NTAtNnFyNHA2Z3BpNmhuNTA2cHQ4ZWp1cTgzZGkzNDFodXIuYXBwcy5nb29nbGV1c2VyY29udGVudC5jb20iLCJzdWIiOiIxMTM1NzczMjE5MjAzNzIyNDA1NzIiLCJoZCI6InN5bnRoZXNpcy5oZWFsdGgiLCJlbWFpbCI6ImpwcmVzbGV5QHN5bnRoZXNpcy5oZWFsdGgiLCJlbWFpbF92ZXJpZmllZCI6dHJ1ZSwiYXRfaGFzaCI6IlM3Y1pZUkp3V0FrYTRXb1MtclFqUnciLCJpYXQiOjE3NzgwODA4ODgsImV4cCI6MTc3ODA4NDQ4OH0.IAkJ-5MnGn1p-aBAwNhaRwR3ScO37v9PSzBWk169mSgI2Wo9MTh2KaRo5v64TJkArzLjQgISqQUO1tK0bWIVmd5I7jtUIgTK3Cg3jpmIWRZntvaArDwVLidf-uoiE8LzEi-gF9q84nQZNL-xw910ND3GFRm6EI986ukY7ht386gIUaMZYVdOEcH7O_ralZs76E2ASeE-hU9jFcjSj9nwUziG49CWuN7UM2oUereB4zjQNRdg3Yz1Dvgvwuh9AGtFZ17WN3Hm3wTm1uM5yJKgZRiYjRu1C1l-Q1hRNrG-plJbjXJx0Nop_Yc1E8AF78nqF-YbPaVLaGVXA1nttt0Eyg"
}.
2026-05-06 08:21:28,622 DEBUG    requests_oauthlib.oauth2_session Invoking 0 token response hooks.
2026-05-06 08:21:28,622 DEBUG    requests_oauthlib.oauth2_session Obtained token {'access_token': 'ya29.a0AQvPyINkZftCn949cESamJIZDy52iJnOo-sifyuVBXZ3oLrFiR-nH-dX066g_SXGTK6Bh9z5UeHirCqjF51QEMiQ6sk4ewOe2-ENaPLe2-eeau0wSXq46b34JXjbH1V4-nMwY77eLhyHmZpksCNMp5i_9vVfTgnjKfDPDiFbbN454vuRqAsOmHSOEgTuqdRy2Hc3Ym0aCgYKASsSARYSFQHGX2MibyzRIy2rz1-L1mMEpd6quA0206', 'expires_in': 3599, 'refresh_token': '1//06Qh2humWRrckCgYIARAAGAYSNwF-L9IryZIUiZZm1QJ8DsEDT0v6sCZhNi18VfxyXufyjWV81Jg8eKcZ2lbjBYW15cU43faP5NA', 'scope': ['https://www.googleapis.com/auth/userinfo.email', 'openid', 'https://www.googleapis.com/auth/cloud-platform', 'https://www.googleapis.com/auth/sqlservice.login'], 'token_type': 'Bearer', 'id_token': 'eyJhbGciOiJSUzI1NiIsImtpZCI6IjgwNzZkZGJhYjQxNTU1NmUxNjkxNTRjNmE0YTBiZGJkNDQ2OWI3OWMiLCJ0eXAiOiJKV1QifQ.eyJpc3MiOiJodHRwczovL2FjY291bnRzLmdvb2dsZS5jb20iLCJhenAiOiI3NjQwODYwNTE4NTAtNnFyNHA2Z3BpNmhuNTA2cHQ4ZWp1cTgzZGkzNDFodXIuYXBwcy5nb29nbGV1c2VyY29udGVudC5jb20iLCJhdWQiOiI3NjQwODYwNTE4NTAtNnFyNHA2Z3BpNmhuNTA2cHQ4ZWp1cTgzZGkzNDFodXIuYXBwcy5nb29nbGV1c2VyY29udGVudC5jb20iLCJzdWIiOiIxMTM1NzczMjE5MjAzNzIyNDA1NzIiLCJoZCI6InN5bnRoZXNpcy5oZWFsdGgiLCJlbWFpbCI6ImpwcmVzbGV5QHN5bnRoZXNpcy5oZWFsdGgiLCJlbWFpbF92ZXJpZmllZCI6dHJ1ZSwiYXRfaGFzaCI6IlM3Y1pZUkp3V0FrYTRXb1MtclFqUnciLCJpYXQiOjE3NzgwODA4ODgsImV4cCI6MTc3ODA4NDQ4OH0.IAkJ-5MnGn1p-aBAwNhaRwR3ScO37v9PSzBWk169mSgI2Wo9MTh2KaRo5v64TJkArzLjQgISqQUO1tK0bWIVmd5I7jtUIgTK3Cg3jpmIWRZntvaArDwVLidf-uoiE8LzEi-gF9q84nQZNL-xw910ND3GFRm6EI986ukY7ht386gIUaMZYVdOEcH7O_ralZs76E2ASeE-hU9jFcjSj9nwUziG49CWuN7UM2oUereB4zjQNRdg3Yz1Dvgvwuh9AGtFZ17WN3Hm3wTm1uM5yJKgZRiYjRu1C1l-Q1hRNrG-plJbjXJx0Nop_Yc1E8AF78nqF-YbPaVLaGVXA1nttt0Eyg', 'expires_at': 1778084487.622423}.
2026-05-06 08:21:28,627 INFO     ___FILE_ONLY___ 
Credentials saved to file: [/Users/jpresley/.config/gcloud/application_default_credentials.json]

2026-05-06 08:21:28,627 INFO     ___FILE_ONLY___ 
These credentials will be used by any library that requests Application Default Credentials (ADC).

2026-05-06 08:21:28,635 DEBUG    root            On GCE from memory cache: False
2026-05-06 08:21:28,636 INFO     root            Using alternate credentials from file: [/Users/jpresley/.config/gcloud/application_default_credentials.json]
2026-05-06 08:21:28,639 DEBUG    root            On GCE from memory cache: False
2026-05-06 08:21:28,640 DEBUG    root            On GCE from memory cache: False
2026-05-06 08:21:28,640 DEBUG    google.auth.transport.requests Making request: POST https://oauth2.googleapis.com/token
2026-05-06 08:21:28,643 DEBUG    urllib3.connectionpool Starting new HTTPS connection (1): oauth2.googleapis.com:443
2026-05-06 08:21:28,774 DEBUG    urllib3.connectionpool https://oauth2.googleapis.com:443 "POST /token HTTP/1.1" 200 None
2026-05-06 08:21:28,788 DEBUG    urllib3.connectionpool Starting new HTTPS connection (1): cloudresourcemanager.googleapis.com:443
2026-05-06 08:21:28,994 DEBUG    urllib3.connectionpool https://cloudresourcemanager.googleapis.com:443 "POST /v1/projects/env-integration-fenway:testIamPermissions?alt=json HTTP/1.1" 200 None
2026-05-06 08:21:28,996 INFO     ___FILE_ONLY___ 
Quota project "env-integration-fenway" was added to ADC which can be used by Google client libraries for billing and quota. Note that some services may still bill the project owning the resource.

2026-05-06 08:21:28,996 DEBUG    root            Chosen display Format:none
2026-05-06 08:21:28,996 INFO     root            Display format: "none"
2026-05-06 08:21:29,042 DEBUG    root            Metrics reporting process started...
