2026-05-06 08:54:42,867 DEBUG    root            Loaded Command Group: ['gcloud', 'compute']
2026-05-06 08:54:42,883 DEBUG    root            Loaded Command Group: ['gcloud', 'compute', 'images']
2026-05-06 08:54:42,888 DEBUG    root            Loaded Command Group: ['gcloud', 'compute', 'images', 'list']
2026-05-06 08:54:42,890 DEBUG    root            Running [gcloud.compute.images.list] with arguments: [--filter: "family ~ common-cu.*-ubuntu-2204", --format: "table(family,name,creationTimestamp,deprecated.state)", --project: "deeplearning-platform-release", --show-deprecated: "True"]
2026-05-06 08:54:42,896 DEBUG    root            On GCE from memory cache: False
2026-05-06 08:54:42,938 DEBUG    root            Failed to check metadata server: <urlopen error [Errno 8] nodename nor servname provided, or not known>
2026-05-06 08:54:42,938 DEBUG    root            On GCE from server: False
2026-05-06 08:54:42,950 DEBUG    root            On GCE from memory cache: False
2026-05-06 08:54:42,951 DEBUG    root            On GCE from memory cache: False
2026-05-06 08:54:42,951 DEBUG    google.auth.transport.requests Making request: POST https://oauth2.googleapis.com/token
2026-05-06 08:54:42,958 DEBUG    urllib3.connectionpool Starting new HTTPS connection (1): oauth2.googleapis.com:443
2026-05-06 08:54:43,115 DEBUG    urllib3.connectionpool https://oauth2.googleapis.com:443 "POST /token HTTP/1.1" 200 None
2026-05-06 08:54:43,205 INFO     root            client_filter=None server_filter='family eq ".*(common-cu.*-ubuntu-2204).*"'
2026-05-06 08:54:43,206 INFO     root            client_filter=None server_filter='family eq ".*(common-cu.*-ubuntu-2204).*"'
2026-05-06 08:54:43,207 DEBUG    root            Chosen display Format:    table(
      name,
      selfLink.map().scope(projects).segment(0):label=PROJECT,
      family,
      deprecated.state:label=DEPRECATED,
      status
    ) table(family,name,creationTimestamp,deprecated.state)
2026-05-06 08:54:43,207 INFO     root            Display format: "    table(
      name,
      selfLink.map().scope(projects).segment(0):label=PROJECT,
      family,
      deprecated.state:label=DEPRECATED,
      status
    ) table(family,name,creationTimestamp,deprecated.state)"
2026-05-06 08:54:43,212 DEBUG    urllib3.connectionpool Starting new HTTPS connection (1): compute.googleapis.com:443
2026-05-06 08:54:51,636 DEBUG    urllib3.connectionpool https://compute.googleapis.com:443 "POST /batch/compute/v1 HTTP/1.1" 200 None
2026-05-06 08:54:51,700 INFO     ___FILE_ONLY___ FAMILY
2026-05-06 08:54:51,700 INFO     ___FILE_ONLY___                                           
2026-05-06 08:54:51,700 INFO     ___FILE_ONLY___ NAME
2026-05-06 08:54:51,700 INFO     ___FILE_ONLY___                                                       
2026-05-06 08:54:51,700 INFO     ___FILE_ONLY___ CREATION_TIMESTAMP
2026-05-06 08:54:51,700 INFO     ___FILE_ONLY___              
2026-05-06 08:54:51,700 INFO     ___FILE_ONLY___ DEPRECATED
2026-05-06 08:54:51,700 INFO     ___FILE_ONLY___ 

2026-05-06 08:54:51,700 INFO     ___FILE_ONLY___ common-cu121-notebooks-ubuntu-2204
2026-05-06 08:54:51,700 INFO     ___FILE_ONLY___               
2026-05-06 08:54:51,701 INFO     ___FILE_ONLY___ common-cu121-notebooks-v20240417-ubuntu-2204
2026-05-06 08:54:51,701 INFO     ___FILE_ONLY___               
2026-05-06 08:54:51,701 INFO     ___FILE_ONLY___ 2024-04-22T10:20:28.259-07:00
2026-05-06 08:54:51,701 INFO     ___FILE_ONLY___   
2026-05-06 08:54:51,701 INFO     ___FILE_ONLY___ DEPRECATED
2026-05-06 08:54:51,701 INFO     ___FILE_ONLY___ 

2026-05-06 08:54:51,701 INFO     ___FILE_ONLY___ common-cu121-notebooks-ubuntu-2204-py310
2026-05-06 08:54:51,701 INFO     ___FILE_ONLY___         
2026-05-06 08:54:51,701 INFO     ___FILE_ONLY___ common-cu121-notebooks-v20240417-ubuntu-2204-py310
2026-05-06 08:54:51,701 INFO     ___FILE_ONLY___         
2026-05-06 08:54:51,701 INFO     ___FILE_ONLY___ 2024-04-22T10:00:48.154-07:00
2026-05-06 08:54:51,701 INFO     ___FILE_ONLY___   
2026-05-06 08:54:51,701 INFO     ___FILE_ONLY___ DEPRECATED
2026-05-06 08:54:51,701 INFO     ___FILE_ONLY___ 

2026-05-06 08:54:51,701 INFO     ___FILE_ONLY___ common-cu121-notebooks-ubuntu-2204
2026-05-06 08:54:51,701 INFO     ___FILE_ONLY___               
2026-05-06 08:54:51,701 INFO     ___FILE_ONLY___ common-cu121-notebooks-v20240514-ubuntu-2204
2026-05-06 08:54:51,701 INFO     ___FILE_ONLY___               
2026-05-06 08:54:51,701 INFO     ___FILE_ONLY___ 2024-05-16T11:04:43.639-07:00
2026-05-06 08:54:51,701 INFO     ___FILE_ONLY___   
2026-05-06 08:54:51,701 INFO     ___FILE_ONLY___ DEPRECATED
2026-05-06 08:54:51,701 INFO     ___FILE_ONLY___ 

2026-05-06 08:54:51,701 INFO     ___FILE_ONLY___ common-cu121-notebooks-ubuntu-2204-py310
2026-05-06 08:54:51,701 INFO     ___FILE_ONLY___         
2026-05-06 08:54:51,701 INFO     ___FILE_ONLY___ common-cu121-notebooks-v20240514-ubuntu-2204-py310
2026-05-06 08:54:51,701 INFO     ___FILE_ONLY___         
2026-05-06 08:54:51,701 INFO     ___FILE_ONLY___ 2024-05-16T10:45:22.417-07:00
2026-05-06 08:54:51,701 INFO     ___FILE_ONLY___   
2026-05-06 08:54:51,701 INFO     ___FILE_ONLY___ DEPRECATED
2026-05-06 08:54:51,701 INFO     ___FILE_ONLY___ 

2026-05-06 08:54:51,701 INFO     ___FILE_ONLY___ common-cu121-notebooks-ubuntu-2204
2026-05-06 08:54:51,701 INFO     ___FILE_ONLY___               
2026-05-06 08:54:51,701 INFO     ___FILE_ONLY___ common-cu121-notebooks-v20240605-ubuntu-2204
2026-05-06 08:54:51,701 INFO     ___FILE_ONLY___               
2026-05-06 08:54:51,701 INFO     ___FILE_ONLY___ 2024-06-12T16:58:13.878-07:00
2026-05-06 08:54:51,701 INFO     ___FILE_ONLY___   
2026-05-06 08:54:51,701 INFO     ___FILE_ONLY___ DEPRECATED
2026-05-06 08:54:51,701 INFO     ___FILE_ONLY___ 

2026-05-06 08:54:51,701 INFO     ___FILE_ONLY___ common-cu121-notebooks-ubuntu-2204-py310
2026-05-06 08:54:51,701 INFO     ___FILE_ONLY___         
2026-05-06 08:54:51,701 INFO     ___FILE_ONLY___ common-cu121-notebooks-v20240605-ubuntu-2204-py310
2026-05-06 08:54:51,702 INFO     ___FILE_ONLY___         
2026-05-06 08:54:51,702 INFO     ___FILE_ONLY___ 2024-06-12T16:38:09.454-07:00
2026-05-06 08:54:51,702 INFO     ___FILE_ONLY___   
2026-05-06 08:54:51,702 INFO     ___FILE_ONLY___ DEPRECATED
2026-05-06 08:54:51,702 INFO     ___FILE_ONLY___ 

2026-05-06 08:54:51,702 INFO     ___FILE_ONLY___ common-cu121-notebooks-ubuntu-2204
2026-05-06 08:54:51,702 INFO     ___FILE_ONLY___               
2026-05-06 08:54:51,702 INFO     ___FILE_ONLY___ common-cu121-notebooks-v20240613-ubuntu-2204
2026-05-06 08:54:51,702 INFO     ___FILE_ONLY___               
2026-05-06 08:54:51,702 INFO     ___FILE_ONLY___ 2024-06-14T12:57:08.970-07:00
2026-05-06 08:54:51,702 INFO     ___FILE_ONLY___   
2026-05-06 08:54:51,702 INFO     ___FILE_ONLY___ DEPRECATED
2026-05-06 08:54:51,702 INFO     ___FILE_ONLY___ 

2026-05-06 08:54:51,702 INFO     ___FILE_ONLY___ common-cu121-notebooks-ubuntu-2204-py310
2026-05-06 08:54:51,702 INFO     ___FILE_ONLY___         
2026-05-06 08:54:51,702 INFO     ___FILE_ONLY___ common-cu121-notebooks-v20240613-ubuntu-2204-py310
2026-05-06 08:54:51,702 INFO     ___FILE_ONLY___         
2026-05-06 08:54:51,702 INFO     ___FILE_ONLY___ 2024-06-14T12:37:04.947-07:00
2026-05-06 08:54:51,702 INFO     ___FILE_ONLY___   
2026-05-06 08:54:51,702 INFO     ___FILE_ONLY___ DEPRECATED
2026-05-06 08:54:51,702 INFO     ___FILE_ONLY___ 

2026-05-06 08:54:51,702 INFO     ___FILE_ONLY___ common-cu121-notebooks-ubuntu-2204
2026-05-06 08:54:51,702 INFO     ___FILE_ONLY___               
2026-05-06 08:54:51,702 INFO     ___FILE_ONLY___ common-cu121-notebooks-v20240627-ubuntu-2204
2026-05-06 08:54:51,702 INFO     ___FILE_ONLY___               
2026-05-06 08:54:51,702 INFO     ___FILE_ONLY___ 2024-07-02T15:50:32.997-07:00
2026-05-06 08:54:51,702 INFO     ___FILE_ONLY___   
2026-05-06 08:54:51,702 INFO     ___FILE_ONLY___ DEPRECATED
2026-05-06 08:54:51,702 INFO     ___FILE_ONLY___ 

2026-05-06 08:54:51,702 INFO     ___FILE_ONLY___ common-cu121-notebooks-ubuntu-2204-py310
2026-05-06 08:54:51,702 INFO     ___FILE_ONLY___         
2026-05-06 08:54:51,702 INFO     ___FILE_ONLY___ common-cu121-notebooks-v20240627-ubuntu-2204-py310
2026-05-06 08:54:51,702 INFO     ___FILE_ONLY___         
2026-05-06 08:54:51,702 INFO     ___FILE_ONLY___ 2024-07-02T15:30:34.150-07:00
2026-05-06 08:54:51,702 INFO     ___FILE_ONLY___   
2026-05-06 08:54:51,702 INFO     ___FILE_ONLY___ DEPRECATED
2026-05-06 08:54:51,702 INFO     ___FILE_ONLY___ 

2026-05-06 08:54:51,702 INFO     ___FILE_ONLY___ common-cu121-notebooks-ubuntu-2204
2026-05-06 08:54:51,702 INFO     ___FILE_ONLY___               
2026-05-06 08:54:51,702 INFO     ___FILE_ONLY___ common-cu121-notebooks-v20240708-ubuntu-2204
2026-05-06 08:54:51,702 INFO     ___FILE_ONLY___               
2026-05-06 08:54:51,702 INFO     ___FILE_ONLY___ 2024-07-10T14:35:42.423-07:00
2026-05-06 08:54:51,702 INFO     ___FILE_ONLY___   
2026-05-06 08:54:51,702 INFO     ___FILE_ONLY___ DEPRECATED
2026-05-06 08:54:51,702 INFO     ___FILE_ONLY___ 

2026-05-06 08:54:51,702 INFO     ___FILE_ONLY___ common-cu121-notebooks-ubuntu-2204-py310
2026-05-06 08:54:51,702 INFO     ___FILE_ONLY___         
2026-05-06 08:54:51,702 INFO     ___FILE_ONLY___ common-cu121-notebooks-v20240708-ubuntu-2204-py310
2026-05-06 08:54:51,702 INFO     ___FILE_ONLY___         
2026-05-06 08:54:51,702 INFO     ___FILE_ONLY___ 2024-07-10T14:16:01.768-07:00
2026-05-06 08:54:51,702 INFO     ___FILE_ONLY___   
2026-05-06 08:54:51,702 INFO     ___FILE_ONLY___ DEPRECATED
2026-05-06 08:54:51,702 INFO     ___FILE_ONLY___ 

2026-05-06 08:54:51,703 INFO     ___FILE_ONLY___ common-cu121-notebooks-ubuntu-2204
2026-05-06 08:54:51,703 INFO     ___FILE_ONLY___               
2026-05-06 08:54:51,703 INFO     ___FILE_ONLY___ common-cu121-notebooks-v20240730-ubuntu-2204
2026-05-06 08:54:51,703 INFO     ___FILE_ONLY___               
2026-05-06 08:54:51,703 INFO     ___FILE_ONLY___ 2024-08-06T10:10:42.257-07:00
2026-05-06 08:54:51,703 INFO     ___FILE_ONLY___   
2026-05-06 08:54:51,703 INFO     ___FILE_ONLY___ DEPRECATED
2026-05-06 08:54:51,703 INFO     ___FILE_ONLY___ 

2026-05-06 08:54:51,703 INFO     ___FILE_ONLY___ common-cu121-notebooks-ubuntu-2204-py310
2026-05-06 08:54:51,703 INFO     ___FILE_ONLY___         
2026-05-06 08:54:51,703 INFO     ___FILE_ONLY___ common-cu121-notebooks-v20240730-ubuntu-2204-py310
2026-05-06 08:54:51,703 INFO     ___FILE_ONLY___         
2026-05-06 08:54:51,703 INFO     ___FILE_ONLY___ 2024-08-06T09:51:19.199-07:00
2026-05-06 08:54:51,703 INFO     ___FILE_ONLY___   
2026-05-06 08:54:51,703 INFO     ___FILE_ONLY___ DEPRECATED
2026-05-06 08:54:51,703 INFO     ___FILE_ONLY___ 

2026-05-06 08:54:51,703 INFO     ___FILE_ONLY___ common-cu121-notebooks-ubuntu-2204
2026-05-06 08:54:51,703 INFO     ___FILE_ONLY___               
2026-05-06 08:54:51,703 INFO     ___FILE_ONLY___ common-cu121-notebooks-v20240922-ubuntu-2204
2026-05-06 08:54:51,703 INFO     ___FILE_ONLY___               
2026-05-06 08:54:51,703 INFO     ___FILE_ONLY___ 2024-09-25T10:11:32.361-07:00
2026-05-06 08:54:51,703 INFO     ___FILE_ONLY___   
2026-05-06 08:54:51,703 INFO     ___FILE_ONLY___ DEPRECATED
2026-05-06 08:54:51,703 INFO     ___FILE_ONLY___ 

2026-05-06 08:54:51,703 INFO     ___FILE_ONLY___ common-cu121-notebooks-ubuntu-2204-py310
2026-05-06 08:54:51,703 INFO     ___FILE_ONLY___         
2026-05-06 08:54:51,703 INFO     ___FILE_ONLY___ common-cu121-notebooks-v20240922-ubuntu-2204-py310
2026-05-06 08:54:51,703 INFO     ___FILE_ONLY___         
2026-05-06 08:54:51,703 INFO     ___FILE_ONLY___ 2024-09-25T09:52:32.911-07:00
2026-05-06 08:54:51,703 INFO     ___FILE_ONLY___   
2026-05-06 08:54:51,703 INFO     ___FILE_ONLY___ DEPRECATED
2026-05-06 08:54:51,703 INFO     ___FILE_ONLY___ 

2026-05-06 08:54:51,703 INFO     ___FILE_ONLY___ common-cu121-notebooks-ubuntu-2204
2026-05-06 08:54:51,703 INFO     ___FILE_ONLY___               
2026-05-06 08:54:51,703 INFO     ___FILE_ONLY___ common-cu121-notebooks-v20241118-ubuntu-2204
2026-05-06 08:54:51,703 INFO     ___FILE_ONLY___               
2026-05-06 08:54:51,703 INFO     ___FILE_ONLY___ 2024-11-19T15:12:13.527-08:00
2026-05-06 08:54:51,703 INFO     ___FILE_ONLY___   
2026-05-06 08:54:51,703 INFO     ___FILE_ONLY___ DEPRECATED
2026-05-06 08:54:51,703 INFO     ___FILE_ONLY___ 

2026-05-06 08:54:51,703 INFO     ___FILE_ONLY___ common-cu121-notebooks-ubuntu-2204-py310
2026-05-06 08:54:51,703 INFO     ___FILE_ONLY___         
2026-05-06 08:54:51,703 INFO     ___FILE_ONLY___ common-cu121-notebooks-v20241118-ubuntu-2204-py310
2026-05-06 08:54:51,703 INFO     ___FILE_ONLY___         
2026-05-06 08:54:51,703 INFO     ___FILE_ONLY___ 2024-11-19T14:53:41.009-08:00
2026-05-06 08:54:51,703 INFO     ___FILE_ONLY___   
2026-05-06 08:54:51,703 INFO     ___FILE_ONLY___ DEPRECATED
2026-05-06 08:54:51,703 INFO     ___FILE_ONLY___ 

2026-05-06 08:54:51,703 INFO     ___FILE_ONLY___ common-cu121-ubuntu-2204
2026-05-06 08:54:51,703 INFO     ___FILE_ONLY___                         
2026-05-06 08:54:51,703 INFO     ___FILE_ONLY___ common-cu121-v20240417-ubuntu-2204
2026-05-06 08:54:51,703 INFO     ___FILE_ONLY___                         
2026-05-06 08:54:51,703 INFO     ___FILE_ONLY___ 2024-04-22T10:18:30.905-07:00
2026-05-06 08:54:51,703 INFO     ___FILE_ONLY___   
2026-05-06 08:54:51,704 INFO     ___FILE_ONLY___ DEPRECATED
2026-05-06 08:54:51,704 INFO     ___FILE_ONLY___ 

2026-05-06 08:54:51,704 INFO     ___FILE_ONLY___ common-cu121-ubuntu-2204-py310
2026-05-06 08:54:51,704 INFO     ___FILE_ONLY___                   
2026-05-06 08:54:51,704 INFO     ___FILE_ONLY___ common-cu121-v20240417-ubuntu-2204-py310
2026-05-06 08:54:51,704 INFO     ___FILE_ONLY___                   
2026-05-06 08:54:51,704 INFO     ___FILE_ONLY___ 2024-04-22T09:58:44.765-07:00
2026-05-06 08:54:51,704 INFO     ___FILE_ONLY___   
2026-05-06 08:54:51,704 INFO     ___FILE_ONLY___ DEPRECATED
2026-05-06 08:54:51,704 INFO     ___FILE_ONLY___ 

2026-05-06 08:54:51,704 INFO     ___FILE_ONLY___ common-cu121-ubuntu-2204
2026-05-06 08:54:51,704 INFO     ___FILE_ONLY___                         
2026-05-06 08:54:51,704 INFO     ___FILE_ONLY___ common-cu121-v20240514-ubuntu-2204
2026-05-06 08:54:51,704 INFO     ___FILE_ONLY___                         
2026-05-06 08:54:51,704 INFO     ___FILE_ONLY___ 2024-05-16T11:02:46.026-07:00
2026-05-06 08:54:51,704 INFO     ___FILE_ONLY___   
2026-05-06 08:54:51,704 INFO     ___FILE_ONLY___ DEPRECATED
2026-05-06 08:54:51,704 INFO     ___FILE_ONLY___ 

2026-05-06 08:54:51,704 INFO     ___FILE_ONLY___ common-cu121-ubuntu-2204-py310
2026-05-06 08:54:51,704 INFO     ___FILE_ONLY___                   
2026-05-06 08:54:51,704 INFO     ___FILE_ONLY___ common-cu121-v20240514-ubuntu-2204-py310
2026-05-06 08:54:51,704 INFO     ___FILE_ONLY___                   
2026-05-06 08:54:51,704 INFO     ___FILE_ONLY___ 2024-05-16T10:43:24.737-07:00
2026-05-06 08:54:51,704 INFO     ___FILE_ONLY___   
2026-05-06 08:54:51,704 INFO     ___FILE_ONLY___ DEPRECATED
2026-05-06 08:54:51,704 INFO     ___FILE_ONLY___ 

2026-05-06 08:54:51,704 INFO     ___FILE_ONLY___ common-cu121-ubuntu-2204
2026-05-06 08:54:51,704 INFO     ___FILE_ONLY___                         
2026-05-06 08:54:51,704 INFO     ___FILE_ONLY___ common-cu121-v20240605-ubuntu-2204
2026-05-06 08:54:51,704 INFO     ___FILE_ONLY___                         
2026-05-06 08:54:51,704 INFO     ___FILE_ONLY___ 2024-06-12T16:56:17.251-07:00
2026-05-06 08:54:51,704 INFO     ___FILE_ONLY___   
2026-05-06 08:54:51,704 INFO     ___FILE_ONLY___ DEPRECATED
2026-05-06 08:54:51,704 INFO     ___FILE_ONLY___ 

2026-05-06 08:54:51,704 INFO     ___FILE_ONLY___ common-cu121-ubuntu-2204-py310
2026-05-06 08:54:51,704 INFO     ___FILE_ONLY___                   
2026-05-06 08:54:51,704 INFO     ___FILE_ONLY___ common-cu121-v20240605-ubuntu-2204-py310
2026-05-06 08:54:51,704 INFO     ___FILE_ONLY___                   
2026-05-06 08:54:51,704 INFO     ___FILE_ONLY___ 2024-06-12T16:36:08.765-07:00
2026-05-06 08:54:51,704 INFO     ___FILE_ONLY___   
2026-05-06 08:54:51,704 INFO     ___FILE_ONLY___ DEPRECATED
2026-05-06 08:54:51,704 INFO     ___FILE_ONLY___ 

2026-05-06 08:54:51,704 INFO     ___FILE_ONLY___ common-cu121-ubuntu-2204
2026-05-06 08:54:51,704 INFO     ___FILE_ONLY___                         
2026-05-06 08:54:51,704 INFO     ___FILE_ONLY___ common-cu121-v20240613-ubuntu-2204
2026-05-06 08:54:51,704 INFO     ___FILE_ONLY___                         
2026-05-06 08:54:51,704 INFO     ___FILE_ONLY___ 2024-06-14T12:55:07.414-07:00
2026-05-06 08:54:51,704 INFO     ___FILE_ONLY___   
2026-05-06 08:54:51,704 INFO     ___FILE_ONLY___ DEPRECATED
2026-05-06 08:54:51,704 INFO     ___FILE_ONLY___ 

2026-05-06 08:54:51,704 INFO     ___FILE_ONLY___ common-cu121-ubuntu-2204-py310
2026-05-06 08:54:51,704 INFO     ___FILE_ONLY___                   
2026-05-06 08:54:51,704 INFO     ___FILE_ONLY___ common-cu121-v20240613-ubuntu-2204-py310
2026-05-06 08:54:51,704 INFO     ___FILE_ONLY___                   
2026-05-06 08:54:51,704 INFO     ___FILE_ONLY___ 2024-06-14T12:35:04.667-07:00
2026-05-06 08:54:51,705 INFO     ___FILE_ONLY___   
2026-05-06 08:54:51,705 INFO     ___FILE_ONLY___ DEPRECATED
2026-05-06 08:54:51,705 INFO     ___FILE_ONLY___ 

2026-05-06 08:54:51,705 INFO     ___FILE_ONLY___ common-cu121-ubuntu-2204
2026-05-06 08:54:51,705 INFO     ___FILE_ONLY___                         
2026-05-06 08:54:51,705 INFO     ___FILE_ONLY___ common-cu121-v20240627-ubuntu-2204
2026-05-06 08:54:51,705 INFO     ___FILE_ONLY___                         
2026-05-06 08:54:51,705 INFO     ___FILE_ONLY___ 2024-07-02T15:48:32.785-07:00
2026-05-06 08:54:51,705 INFO     ___FILE_ONLY___   
2026-05-06 08:54:51,705 INFO     ___FILE_ONLY___ DEPRECATED
2026-05-06 08:54:51,705 INFO     ___FILE_ONLY___ 

2026-05-06 08:54:51,705 INFO     ___FILE_ONLY___ common-cu121-ubuntu-2204-py310
2026-05-06 08:54:51,705 INFO     ___FILE_ONLY___                   
2026-05-06 08:54:51,705 INFO     ___FILE_ONLY___ common-cu121-v20240627-ubuntu-2204-py310
2026-05-06 08:54:51,705 INFO     ___FILE_ONLY___                   
2026-05-06 08:54:51,705 INFO     ___FILE_ONLY___ 2024-07-02T15:28:31.635-07:00
2026-05-06 08:54:51,705 INFO     ___FILE_ONLY___   
2026-05-06 08:54:51,705 INFO     ___FILE_ONLY___ DEPRECATED
2026-05-06 08:54:51,705 INFO     ___FILE_ONLY___ 

2026-05-06 08:54:51,705 INFO     ___FILE_ONLY___ common-cu121-ubuntu-2204
2026-05-06 08:54:51,705 INFO     ___FILE_ONLY___                         
2026-05-06 08:54:51,705 INFO     ___FILE_ONLY___ common-cu121-v20240708-ubuntu-2204
2026-05-06 08:54:51,705 INFO     ___FILE_ONLY___                         
2026-05-06 08:54:51,705 INFO     ___FILE_ONLY___ 2024-07-10T14:33:43.347-07:00
2026-05-06 08:54:51,705 INFO     ___FILE_ONLY___   
2026-05-06 08:54:51,705 INFO     ___FILE_ONLY___ DEPRECATED
2026-05-06 08:54:51,705 INFO     ___FILE_ONLY___ 

2026-05-06 08:54:51,705 INFO     ___FILE_ONLY___ common-cu121-ubuntu-2204-py310
2026-05-06 08:54:51,705 INFO     ___FILE_ONLY___                   
2026-05-06 08:54:51,705 INFO     ___FILE_ONLY___ common-cu121-v20240708-ubuntu-2204-py310
2026-05-06 08:54:51,705 INFO     ___FILE_ONLY___                   
2026-05-06 08:54:51,705 INFO     ___FILE_ONLY___ 2024-07-10T14:14:01.683-07:00
2026-05-06 08:54:51,705 INFO     ___FILE_ONLY___   
2026-05-06 08:54:51,705 INFO     ___FILE_ONLY___ DEPRECATED
2026-05-06 08:54:51,705 INFO     ___FILE_ONLY___ 

2026-05-06 08:54:51,705 INFO     ___FILE_ONLY___ common-cu121-ubuntu-2204
2026-05-06 08:54:51,705 INFO     ___FILE_ONLY___                         
2026-05-06 08:54:51,705 INFO     ___FILE_ONLY___ common-cu121-v20240730-ubuntu-2204
2026-05-06 08:54:51,705 INFO     ___FILE_ONLY___                         
2026-05-06 08:54:51,705 INFO     ___FILE_ONLY___ 2024-08-06T10:08:44.707-07:00
2026-05-06 08:54:51,705 INFO     ___FILE_ONLY___   
2026-05-06 08:54:51,705 INFO     ___FILE_ONLY___ DEPRECATED
2026-05-06 08:54:51,705 INFO     ___FILE_ONLY___ 

2026-05-06 08:54:51,705 INFO     ___FILE_ONLY___ common-cu121-ubuntu-2204-py310
2026-05-06 08:54:51,705 INFO     ___FILE_ONLY___                   
2026-05-06 08:54:51,705 INFO     ___FILE_ONLY___ common-cu121-v20240730-ubuntu-2204-py310
2026-05-06 08:54:51,705 INFO     ___FILE_ONLY___                   
2026-05-06 08:54:51,706 INFO     ___FILE_ONLY___ 2024-08-06T09:49:20.375-07:00
2026-05-06 08:54:51,706 INFO     ___FILE_ONLY___   
2026-05-06 08:54:51,706 INFO     ___FILE_ONLY___ DEPRECATED
2026-05-06 08:54:51,706 INFO     ___FILE_ONLY___ 

2026-05-06 08:54:51,706 INFO     ___FILE_ONLY___ common-cu121-ubuntu-2204
2026-05-06 08:54:51,706 INFO     ___FILE_ONLY___                         
2026-05-06 08:54:51,706 INFO     ___FILE_ONLY___ common-cu121-v20240922-ubuntu-2204
2026-05-06 08:54:51,706 INFO     ___FILE_ONLY___                         
2026-05-06 08:54:51,706 INFO     ___FILE_ONLY___ 2024-09-25T10:09:33.388-07:00
2026-05-06 08:54:51,706 INFO     ___FILE_ONLY___   
2026-05-06 08:54:51,706 INFO     ___FILE_ONLY___ DEPRECATED
2026-05-06 08:54:51,706 INFO     ___FILE_ONLY___ 

2026-05-06 08:54:51,706 INFO     ___FILE_ONLY___ common-cu121-ubuntu-2204-py310
2026-05-06 08:54:51,706 INFO     ___FILE_ONLY___                   
2026-05-06 08:54:51,706 INFO     ___FILE_ONLY___ common-cu121-v20240922-ubuntu-2204-py310
2026-05-06 08:54:51,706 INFO     ___FILE_ONLY___                   
2026-05-06 08:54:51,706 INFO     ___FILE_ONLY___ 2024-09-25T09:50:33.154-07:00
2026-05-06 08:54:51,706 INFO     ___FILE_ONLY___   
2026-05-06 08:54:51,706 INFO     ___FILE_ONLY___ DEPRECATED
2026-05-06 08:54:51,706 INFO     ___FILE_ONLY___ 

2026-05-06 08:54:51,706 INFO     ___FILE_ONLY___ common-cu121-ubuntu-2204
2026-05-06 08:54:51,706 INFO     ___FILE_ONLY___                         
2026-05-06 08:54:51,706 INFO     ___FILE_ONLY___ common-cu121-v20241118-ubuntu-2204
2026-05-06 08:54:51,706 INFO     ___FILE_ONLY___                         
2026-05-06 08:54:51,706 INFO     ___FILE_ONLY___ 2024-11-19T15:10:12.891-08:00
2026-05-06 08:54:51,706 INFO     ___FILE_ONLY___   
2026-05-06 08:54:51,706 INFO     ___FILE_ONLY___ DEPRECATED
2026-05-06 08:54:51,706 INFO     ___FILE_ONLY___ 

2026-05-06 08:54:51,706 INFO     ___FILE_ONLY___ common-cu121-ubuntu-2204-py310
2026-05-06 08:54:51,706 INFO     ___FILE_ONLY___                   
2026-05-06 08:54:51,706 INFO     ___FILE_ONLY___ common-cu121-v20241118-ubuntu-2204-py310
2026-05-06 08:54:51,706 INFO     ___FILE_ONLY___                   
2026-05-06 08:54:51,706 INFO     ___FILE_ONLY___ 2024-11-19T14:51:40.582-08:00
2026-05-06 08:54:51,706 INFO     ___FILE_ONLY___   
2026-05-06 08:54:51,706 INFO     ___FILE_ONLY___ DEPRECATED
2026-05-06 08:54:51,706 INFO     ___FILE_ONLY___ 

2026-05-06 08:54:51,706 INFO     ___FILE_ONLY___ common-cu122-notebooks-ubuntu-2204
2026-05-06 08:54:51,706 INFO     ___FILE_ONLY___               
2026-05-06 08:54:51,706 INFO     ___FILE_ONLY___ common-cu122-notebooks-v20240514-ubuntu-2204
2026-05-06 08:54:51,706 INFO     ___FILE_ONLY___               
2026-05-06 08:54:51,706 INFO     ___FILE_ONLY___ 2024-05-17T08:42:37.915-07:00
2026-05-06 08:54:51,706 INFO     ___FILE_ONLY___   
2026-05-06 08:54:51,706 INFO     ___FILE_ONLY___ DEPRECATED
2026-05-06 08:54:51,706 INFO     ___FILE_ONLY___ 

2026-05-06 08:54:51,706 INFO     ___FILE_ONLY___ common-cu122-notebooks-ubuntu-2204-py310
2026-05-06 08:54:51,706 INFO     ___FILE_ONLY___         
2026-05-06 08:54:51,707 INFO     ___FILE_ONLY___ common-cu122-notebooks-v20240514-ubuntu-2204-py310
2026-05-06 08:54:51,707 INFO     ___FILE_ONLY___         
2026-05-06 08:54:51,707 INFO     ___FILE_ONLY___ 2024-05-17T08:22:17.805-07:00
2026-05-06 08:54:51,707 INFO     ___FILE_ONLY___   
2026-05-06 08:54:51,707 INFO     ___FILE_ONLY___ DEPRECATED
2026-05-06 08:54:51,707 INFO     ___FILE_ONLY___ 

2026-05-06 08:54:51,707 INFO     ___FILE_ONLY___ common-cu122-notebooks-ubuntu-2204
2026-05-06 08:54:51,707 INFO     ___FILE_ONLY___               
2026-05-06 08:54:51,707 INFO     ___FILE_ONLY___ common-cu122-notebooks-v20240605-ubuntu-2204
2026-05-06 08:54:51,707 INFO     ___FILE_ONLY___               
2026-05-06 08:54:51,707 INFO     ___FILE_ONLY___ 2024-06-12T17:39:26.841-07:00
2026-05-06 08:54:51,707 INFO     ___FILE_ONLY___   
2026-05-06 08:54:51,707 INFO     ___FILE_ONLY___ DEPRECATED
2026-05-06 08:54:51,707 INFO     ___FILE_ONLY___ 

2026-05-06 08:54:51,707 INFO     ___FILE_ONLY___ common-cu122-notebooks-ubuntu-2204-py310
2026-05-06 08:54:51,707 INFO     ___FILE_ONLY___         
2026-05-06 08:54:51,707 INFO     ___FILE_ONLY___ common-cu122-notebooks-v20240605-ubuntu-2204-py310
2026-05-06 08:54:51,707 INFO     ___FILE_ONLY___         
2026-05-06 08:54:51,707 INFO     ___FILE_ONLY___ 2024-06-12T17:18:50.272-07:00
2026-05-06 08:54:51,707 INFO     ___FILE_ONLY___   
2026-05-06 08:54:51,707 INFO     ___FILE_ONLY___ DEPRECATED
2026-05-06 08:54:51,707 INFO     ___FILE_ONLY___ 

2026-05-06 08:54:51,707 INFO     ___FILE_ONLY___ common-cu122-notebooks-ubuntu-2204
2026-05-06 08:54:51,707 INFO     ___FILE_ONLY___               
2026-05-06 08:54:51,707 INFO     ___FILE_ONLY___ common-cu122-notebooks-v20240613-ubuntu-2204
2026-05-06 08:54:51,707 INFO     ___FILE_ONLY___               
2026-05-06 08:54:51,707 INFO     ___FILE_ONLY___ 2024-06-14T13:36:08.879-07:00
2026-05-06 08:54:51,707 INFO     ___FILE_ONLY___   
2026-05-06 08:54:51,707 INFO     ___FILE_ONLY___ DEPRECATED
2026-05-06 08:54:51,707 INFO     ___FILE_ONLY___ 

2026-05-06 08:54:51,707 INFO     ___FILE_ONLY___ common-cu122-notebooks-ubuntu-2204-py310
2026-05-06 08:54:51,707 INFO     ___FILE_ONLY___         
2026-05-06 08:54:51,707 INFO     ___FILE_ONLY___ common-cu122-notebooks-v20240613-ubuntu-2204-py310
2026-05-06 08:54:51,707 INFO     ___FILE_ONLY___         
2026-05-06 08:54:51,707 INFO     ___FILE_ONLY___ 2024-06-14T13:16:51.017-07:00
2026-05-06 08:54:51,707 INFO     ___FILE_ONLY___   
2026-05-06 08:54:51,707 INFO     ___FILE_ONLY___ DEPRECATED
2026-05-06 08:54:51,707 INFO     ___FILE_ONLY___ 

2026-05-06 08:54:51,707 INFO     ___FILE_ONLY___ common-cu122-notebooks-ubuntu-2204
2026-05-06 08:54:51,707 INFO     ___FILE_ONLY___               
2026-05-06 08:54:51,707 INFO     ___FILE_ONLY___ common-cu122-notebooks-v20240627-ubuntu-2204
2026-05-06 08:54:51,707 INFO     ___FILE_ONLY___               
2026-05-06 08:54:51,707 INFO     ___FILE_ONLY___ 2024-07-02T16:31:48.668-07:00
2026-05-06 08:54:51,707 INFO     ___FILE_ONLY___   
2026-05-06 08:54:51,707 INFO     ___FILE_ONLY___ DEPRECATED
2026-05-06 08:54:51,707 INFO     ___FILE_ONLY___ 

2026-05-06 08:54:51,707 INFO     ___FILE_ONLY___ common-cu122-notebooks-ubuntu-2204-py310
2026-05-06 08:54:51,707 INFO     ___FILE_ONLY___         
2026-05-06 08:54:51,707 INFO     ___FILE_ONLY___ common-cu122-notebooks-v20240627-ubuntu-2204-py310
2026-05-06 08:54:51,707 INFO     ___FILE_ONLY___         
2026-05-06 08:54:51,707 INFO     ___FILE_ONLY___ 2024-07-02T16:11:02.630-07:00
2026-05-06 08:54:51,707 INFO     ___FILE_ONLY___   
2026-05-06 08:54:51,708 INFO     ___FILE_ONLY___ DEPRECATED
2026-05-06 08:54:51,708 INFO     ___FILE_ONLY___ 

2026-05-06 08:54:51,708 INFO     ___FILE_ONLY___ common-cu122-notebooks-ubuntu-2204
2026-05-06 08:54:51,708 INFO     ___FILE_ONLY___               
2026-05-06 08:54:51,708 INFO     ___FILE_ONLY___ common-cu122-notebooks-v20240708-ubuntu-2204
2026-05-06 08:54:51,708 INFO     ___FILE_ONLY___               
2026-05-06 08:54:51,708 INFO     ___FILE_ONLY___ 2024-07-10T15:13:38.862-07:00
2026-05-06 08:54:51,708 INFO     ___FILE_ONLY___   
2026-05-06 08:54:51,708 INFO     ___FILE_ONLY___ DEPRECATED
2026-05-06 08:54:51,708 INFO     ___FILE_ONLY___ 

2026-05-06 08:54:51,708 INFO     ___FILE_ONLY___ common-cu122-notebooks-ubuntu-2204-py310
2026-05-06 08:54:51,708 INFO     ___FILE_ONLY___         
2026-05-06 08:54:51,708 INFO     ___FILE_ONLY___ common-cu122-notebooks-v20240708-ubuntu-2204-py310
2026-05-06 08:54:51,708 INFO     ___FILE_ONLY___         
2026-05-06 08:54:51,708 INFO     ___FILE_ONLY___ 2024-07-10T14:54:19.244-07:00
2026-05-06 08:54:51,708 INFO     ___FILE_ONLY___   
2026-05-06 08:54:51,708 INFO     ___FILE_ONLY___ DEPRECATED
2026-05-06 08:54:51,708 INFO     ___FILE_ONLY___ 

2026-05-06 08:54:51,708 INFO     ___FILE_ONLY___ common-cu122-notebooks-ubuntu-2204
2026-05-06 08:54:51,708 INFO     ___FILE_ONLY___               
2026-05-06 08:54:51,708 INFO     ___FILE_ONLY___ common-cu122-notebooks-v20240730-ubuntu-2204
2026-05-06 08:54:51,708 INFO     ___FILE_ONLY___               
2026-05-06 08:54:51,708 INFO     ___FILE_ONLY___ 2024-08-06T10:52:14.813-07:00
2026-05-06 08:54:51,708 INFO     ___FILE_ONLY___   
2026-05-06 08:54:51,708 INFO     ___FILE_ONLY___ DEPRECATED
2026-05-06 08:54:51,708 INFO     ___FILE_ONLY___ 

2026-05-06 08:54:51,708 INFO     ___FILE_ONLY___ common-cu122-notebooks-ubuntu-2204-py310
2026-05-06 08:54:51,708 INFO     ___FILE_ONLY___         
2026-05-06 08:54:51,708 INFO     ___FILE_ONLY___ common-cu122-notebooks-v20240730-ubuntu-2204-py310
2026-05-06 08:54:51,708 INFO     ___FILE_ONLY___         
2026-05-06 08:54:51,708 INFO     ___FILE_ONLY___ 2024-08-06T10:32:15.318-07:00
2026-05-06 08:54:51,708 INFO     ___FILE_ONLY___   
2026-05-06 08:54:51,708 INFO     ___FILE_ONLY___ DEPRECATED
2026-05-06 08:54:51,708 INFO     ___FILE_ONLY___ 

2026-05-06 08:54:51,708 INFO     ___FILE_ONLY___ common-cu122-notebooks-ubuntu-2204
2026-05-06 08:54:51,708 INFO     ___FILE_ONLY___               
2026-05-06 08:54:51,708 INFO     ___FILE_ONLY___ common-cu122-notebooks-v20240922-ubuntu-2204
2026-05-06 08:54:51,708 INFO     ___FILE_ONLY___               
2026-05-06 08:54:51,708 INFO     ___FILE_ONLY___ 2024-09-25T10:52:26.394-07:00
2026-05-06 08:54:51,708 INFO     ___FILE_ONLY___   
2026-05-06 08:54:51,708 INFO     ___FILE_ONLY___ DEPRECATED
2026-05-06 08:54:51,708 INFO     ___FILE_ONLY___ 

2026-05-06 08:54:51,708 INFO     ___FILE_ONLY___ common-cu122-notebooks-ubuntu-2204-py310
2026-05-06 08:54:51,708 INFO     ___FILE_ONLY___         
2026-05-06 08:54:51,708 INFO     ___FILE_ONLY___ common-cu122-notebooks-v20240922-ubuntu-2204-py310
2026-05-06 08:54:51,708 INFO     ___FILE_ONLY___         
2026-05-06 08:54:51,708 INFO     ___FILE_ONLY___ 2024-09-25T10:33:11.461-07:00
2026-05-06 08:54:51,708 INFO     ___FILE_ONLY___   
2026-05-06 08:54:51,708 INFO     ___FILE_ONLY___ DEPRECATED
2026-05-06 08:54:51,708 INFO     ___FILE_ONLY___ 

2026-05-06 08:54:51,708 INFO     ___FILE_ONLY___ common-cu122-notebooks-ubuntu-2204
2026-05-06 08:54:51,708 INFO     ___FILE_ONLY___               
2026-05-06 08:54:51,708 INFO     ___FILE_ONLY___ common-cu122-notebooks-v20241118-ubuntu-2204
2026-05-06 08:54:51,709 INFO     ___FILE_ONLY___               
2026-05-06 08:54:51,709 INFO     ___FILE_ONLY___ 2024-11-19T15:50:29.326-08:00
2026-05-06 08:54:51,709 INFO     ___FILE_ONLY___   
2026-05-06 08:54:51,709 INFO     ___FILE_ONLY___ DEPRECATED
2026-05-06 08:54:51,709 INFO     ___FILE_ONLY___ 

2026-05-06 08:54:51,709 INFO     ___FILE_ONLY___ common-cu122-notebooks-ubuntu-2204-py310
2026-05-06 08:54:51,709 INFO     ___FILE_ONLY___         
2026-05-06 08:54:51,709 INFO     ___FILE_ONLY___ common-cu122-notebooks-v20241118-ubuntu-2204-py310
2026-05-06 08:54:51,709 INFO     ___FILE_ONLY___         
2026-05-06 08:54:51,709 INFO     ___FILE_ONLY___ 2024-11-19T15:31:10.478-08:00
2026-05-06 08:54:51,709 INFO     ___FILE_ONLY___   
2026-05-06 08:54:51,709 INFO     ___FILE_ONLY___ DEPRECATED
2026-05-06 08:54:51,709 INFO     ___FILE_ONLY___ 

2026-05-06 08:54:51,709 INFO     ___FILE_ONLY___ common-cu122-ubuntu-2204
2026-05-06 08:54:51,709 INFO     ___FILE_ONLY___                         
2026-05-06 08:54:51,709 INFO     ___FILE_ONLY___ common-cu122-v20240514-ubuntu-2204
2026-05-06 08:54:51,709 INFO     ___FILE_ONLY___                         
2026-05-06 08:54:51,709 INFO     ___FILE_ONLY___ 2024-05-17T08:40:37.585-07:00
2026-05-06 08:54:51,709 INFO     ___FILE_ONLY___   
2026-05-06 08:54:51,709 INFO     ___FILE_ONLY___ DEPRECATED
2026-05-06 08:54:51,709 INFO     ___FILE_ONLY___ 

2026-05-06 08:54:51,709 INFO     ___FILE_ONLY___ common-cu122-ubuntu-2204-py310
2026-05-06 08:54:51,709 INFO     ___FILE_ONLY___                   
2026-05-06 08:54:51,709 INFO     ___FILE_ONLY___ common-cu122-v20240514-ubuntu-2204-py310
2026-05-06 08:54:51,709 INFO     ___FILE_ONLY___                   
2026-05-06 08:54:51,709 INFO     ___FILE_ONLY___ 2024-05-17T08:20:17.216-07:00
2026-05-06 08:54:51,709 INFO     ___FILE_ONLY___   
2026-05-06 08:54:51,709 INFO     ___FILE_ONLY___ DEPRECATED
2026-05-06 08:54:51,709 INFO     ___FILE_ONLY___ 

2026-05-06 08:54:51,709 INFO     ___FILE_ONLY___ common-cu122-ubuntu-2204
2026-05-06 08:54:51,709 INFO     ___FILE_ONLY___                         
2026-05-06 08:54:51,709 INFO     ___FILE_ONLY___ common-cu122-v20240605-ubuntu-2204
2026-05-06 08:54:51,709 INFO     ___FILE_ONLY___                         
2026-05-06 08:54:51,709 INFO     ___FILE_ONLY___ 2024-06-12T17:37:30.844-07:00
2026-05-06 08:54:51,709 INFO     ___FILE_ONLY___   
2026-05-06 08:54:51,709 INFO     ___FILE_ONLY___ DEPRECATED
2026-05-06 08:54:51,709 INFO     ___FILE_ONLY___ 

2026-05-06 08:54:51,709 INFO     ___FILE_ONLY___ common-cu122-ubuntu-2204-py310
2026-05-06 08:54:51,709 INFO     ___FILE_ONLY___                   
2026-05-06 08:54:51,709 INFO     ___FILE_ONLY___ common-cu122-v20240605-ubuntu-2204-py310
2026-05-06 08:54:51,709 INFO     ___FILE_ONLY___                   
2026-05-06 08:54:51,709 INFO     ___FILE_ONLY___ 2024-06-12T17:16:51.695-07:00
2026-05-06 08:54:51,709 INFO     ___FILE_ONLY___   
2026-05-06 08:54:51,709 INFO     ___FILE_ONLY___ DEPRECATED
2026-05-06 08:54:51,709 INFO     ___FILE_ONLY___ 

2026-05-06 08:54:51,709 INFO     ___FILE_ONLY___ common-cu122-ubuntu-2204
2026-05-06 08:54:51,709 INFO     ___FILE_ONLY___                         
2026-05-06 08:54:51,709 INFO     ___FILE_ONLY___ common-cu122-v20240613-ubuntu-2204
2026-05-06 08:54:51,709 INFO     ___FILE_ONLY___                         
2026-05-06 08:54:51,709 INFO     ___FILE_ONLY___ 2024-06-14T13:34:05.694-07:00
2026-05-06 08:54:51,709 INFO     ___FILE_ONLY___   
2026-05-06 08:54:51,709 INFO     ___FILE_ONLY___ DEPRECATED
2026-05-06 08:54:51,710 INFO     ___FILE_ONLY___ 

2026-05-06 08:54:51,710 INFO     ___FILE_ONLY___ common-cu122-ubuntu-2204-py310
2026-05-06 08:54:51,710 INFO     ___FILE_ONLY___                   
2026-05-06 08:54:51,710 INFO     ___FILE_ONLY___ common-cu122-v20240613-ubuntu-2204-py310
2026-05-06 08:54:51,710 INFO     ___FILE_ONLY___                   
2026-05-06 08:54:51,710 INFO     ___FILE_ONLY___ 2024-06-14T13:14:52.717-07:00
2026-05-06 08:54:51,710 INFO     ___FILE_ONLY___   
2026-05-06 08:54:51,710 INFO     ___FILE_ONLY___ DEPRECATED
2026-05-06 08:54:51,710 INFO     ___FILE_ONLY___ 

2026-05-06 08:54:51,710 INFO     ___FILE_ONLY___ common-cu122-ubuntu-2204
2026-05-06 08:54:51,710 INFO     ___FILE_ONLY___                         
2026-05-06 08:54:51,710 INFO     ___FILE_ONLY___ common-cu122-v20240627-ubuntu-2204
2026-05-06 08:54:51,710 INFO     ___FILE_ONLY___                         
2026-05-06 08:54:51,710 INFO     ___FILE_ONLY___ 2024-07-02T16:29:49.588-07:00
2026-05-06 08:54:51,710 INFO     ___FILE_ONLY___   
2026-05-06 08:54:51,710 INFO     ___FILE_ONLY___ DEPRECATED
2026-05-06 08:54:51,710 INFO     ___FILE_ONLY___ 

2026-05-06 08:54:51,710 INFO     ___FILE_ONLY___ common-cu122-ubuntu-2204-py310
2026-05-06 08:54:51,710 INFO     ___FILE_ONLY___                   
2026-05-06 08:54:51,710 INFO     ___FILE_ONLY___ common-cu122-v20240627-ubuntu-2204-py310
2026-05-06 08:54:51,710 INFO     ___FILE_ONLY___                   
2026-05-06 08:54:51,710 INFO     ___FILE_ONLY___ 2024-07-02T16:09:03.974-07:00
2026-05-06 08:54:51,710 INFO     ___FILE_ONLY___   
2026-05-06 08:54:51,710 INFO     ___FILE_ONLY___ DEPRECATED
2026-05-06 08:54:51,710 INFO     ___FILE_ONLY___ 

2026-05-06 08:54:51,710 INFO     ___FILE_ONLY___ common-cu122-ubuntu-2204
2026-05-06 08:54:51,710 INFO     ___FILE_ONLY___                         
2026-05-06 08:54:51,710 INFO     ___FILE_ONLY___ common-cu122-v20240708-ubuntu-2204
2026-05-06 08:54:51,710 INFO     ___FILE_ONLY___                         
2026-05-06 08:54:51,710 INFO     ___FILE_ONLY___ 2024-07-10T15:11:43.498-07:00
2026-05-06 08:54:51,710 INFO     ___FILE_ONLY___   
2026-05-06 08:54:51,710 INFO     ___FILE_ONLY___ DEPRECATED
2026-05-06 08:54:51,710 INFO     ___FILE_ONLY___ 

2026-05-06 08:54:51,710 INFO     ___FILE_ONLY___ common-cu122-ubuntu-2204-py310
2026-05-06 08:54:51,710 INFO     ___FILE_ONLY___                   
2026-05-06 08:54:51,710 INFO     ___FILE_ONLY___ common-cu122-v20240708-ubuntu-2204-py310
2026-05-06 08:54:51,710 INFO     ___FILE_ONLY___                   
2026-05-06 08:54:51,710 INFO     ___FILE_ONLY___ 2024-07-10T14:52:19.388-07:00
2026-05-06 08:54:51,710 INFO     ___FILE_ONLY___   
2026-05-06 08:54:51,710 INFO     ___FILE_ONLY___ DEPRECATED
2026-05-06 08:54:51,710 INFO     ___FILE_ONLY___ 

2026-05-06 08:54:51,710 INFO     ___FILE_ONLY___ common-cu122-ubuntu-2204
2026-05-06 08:54:51,710 INFO     ___FILE_ONLY___                         
2026-05-06 08:54:51,710 INFO     ___FILE_ONLY___ common-cu122-v20240730-ubuntu-2204
2026-05-06 08:54:51,710 INFO     ___FILE_ONLY___                         
2026-05-06 08:54:51,710 INFO     ___FILE_ONLY___ 2024-08-06T10:50:16.638-07:00
2026-05-06 08:54:51,710 INFO     ___FILE_ONLY___   
2026-05-06 08:54:51,710 INFO     ___FILE_ONLY___ DEPRECATED
2026-05-06 08:54:51,710 INFO     ___FILE_ONLY___ 

2026-05-06 08:54:51,710 INFO     ___FILE_ONLY___ common-cu122-ubuntu-2204-py310
2026-05-06 08:54:51,710 INFO     ___FILE_ONLY___                   
2026-05-06 08:54:51,710 INFO     ___FILE_ONLY___ common-cu122-v20240730-ubuntu-2204-py310
2026-05-06 08:54:51,710 INFO     ___FILE_ONLY___                   
2026-05-06 08:54:51,711 INFO     ___FILE_ONLY___ 2024-08-06T10:30:17.670-07:00
2026-05-06 08:54:51,711 INFO     ___FILE_ONLY___   
2026-05-06 08:54:51,711 INFO     ___FILE_ONLY___ DEPRECATED
2026-05-06 08:54:51,711 INFO     ___FILE_ONLY___ 

2026-05-06 08:54:51,711 INFO     ___FILE_ONLY___ common-cu122-ubuntu-2204
2026-05-06 08:54:51,711 INFO     ___FILE_ONLY___                         
2026-05-06 08:54:51,711 INFO     ___FILE_ONLY___ common-cu122-v20240922-ubuntu-2204
2026-05-06 08:54:51,711 INFO     ___FILE_ONLY___                         
2026-05-06 08:54:51,711 INFO     ___FILE_ONLY___ 2024-09-25T10:50:26.774-07:00
2026-05-06 08:54:51,711 INFO     ___FILE_ONLY___   
2026-05-06 08:54:51,711 INFO     ___FILE_ONLY___ DEPRECATED
2026-05-06 08:54:51,711 INFO     ___FILE_ONLY___ 

2026-05-06 08:54:51,711 INFO     ___FILE_ONLY___ common-cu122-ubuntu-2204-py310
2026-05-06 08:54:51,711 INFO     ___FILE_ONLY___                   
2026-05-06 08:54:51,711 INFO     ___FILE_ONLY___ common-cu122-v20240922-ubuntu-2204-py310
2026-05-06 08:54:51,711 INFO     ___FILE_ONLY___                   
2026-05-06 08:54:51,711 INFO     ___FILE_ONLY___ 2024-09-25T10:31:09.618-07:00
2026-05-06 08:54:51,711 INFO     ___FILE_ONLY___   
2026-05-06 08:54:51,711 INFO     ___FILE_ONLY___ DEPRECATED
2026-05-06 08:54:51,711 INFO     ___FILE_ONLY___ 

2026-05-06 08:54:51,711 INFO     ___FILE_ONLY___ common-cu122-ubuntu-2204
2026-05-06 08:54:51,711 INFO     ___FILE_ONLY___                         
2026-05-06 08:54:51,711 INFO     ___FILE_ONLY___ common-cu122-v20241118-ubuntu-2204
2026-05-06 08:54:51,711 INFO     ___FILE_ONLY___                         
2026-05-06 08:54:51,711 INFO     ___FILE_ONLY___ 2024-11-19T15:48:29.786-08:00
2026-05-06 08:54:51,711 INFO     ___FILE_ONLY___   
2026-05-06 08:54:51,711 INFO     ___FILE_ONLY___ DEPRECATED
2026-05-06 08:54:51,711 INFO     ___FILE_ONLY___ 

2026-05-06 08:54:51,711 INFO     ___FILE_ONLY___ common-cu122-ubuntu-2204-py310
2026-05-06 08:54:51,711 INFO     ___FILE_ONLY___                   
2026-05-06 08:54:51,711 INFO     ___FILE_ONLY___ common-cu122-v20241118-ubuntu-2204-py310
2026-05-06 08:54:51,711 INFO     ___FILE_ONLY___                   
2026-05-06 08:54:51,711 INFO     ___FILE_ONLY___ 2024-11-19T15:29:12.963-08:00
2026-05-06 08:54:51,711 INFO     ___FILE_ONLY___   
2026-05-06 08:54:51,711 INFO     ___FILE_ONLY___ DEPRECATED
2026-05-06 08:54:51,711 INFO     ___FILE_ONLY___ 

2026-05-06 08:54:51,711 INFO     ___FILE_ONLY___ common-cu123-notebooks-ubuntu-2204
2026-05-06 08:54:51,711 INFO     ___FILE_ONLY___               
2026-05-06 08:54:51,711 INFO     ___FILE_ONLY___ common-cu123-notebooks-v20240708-ubuntu-2204
2026-05-06 08:54:51,711 INFO     ___FILE_ONLY___               
2026-05-06 08:54:51,711 INFO     ___FILE_ONLY___ 2024-07-10T15:17:22.559-07:00
2026-05-06 08:54:51,712 INFO     ___FILE_ONLY___   
2026-05-06 08:54:51,712 INFO     ___FILE_ONLY___ DEPRECATED
2026-05-06 08:54:51,712 INFO     ___FILE_ONLY___ 

2026-05-06 08:54:51,712 INFO     ___FILE_ONLY___ common-cu123-notebooks-ubuntu-2204-py310
2026-05-06 08:54:51,712 INFO     ___FILE_ONLY___         
2026-05-06 08:54:51,712 INFO     ___FILE_ONLY___ common-cu123-notebooks-v20240708-ubuntu-2204-py310
2026-05-06 08:54:51,712 INFO     ___FILE_ONLY___         
2026-05-06 08:54:51,712 INFO     ___FILE_ONLY___ 2024-07-10T14:57:52.275-07:00
2026-05-06 08:54:51,712 INFO     ___FILE_ONLY___   
2026-05-06 08:54:51,712 INFO     ___FILE_ONLY___ DEPRECATED
2026-05-06 08:54:51,712 INFO     ___FILE_ONLY___ 

2026-05-06 08:54:51,712 INFO     ___FILE_ONLY___ common-cu123-notebooks-ubuntu-2204
2026-05-06 08:54:51,712 INFO     ___FILE_ONLY___               
2026-05-06 08:54:51,712 INFO     ___FILE_ONLY___ common-cu123-notebooks-v20240730-ubuntu-2204
2026-05-06 08:54:51,712 INFO     ___FILE_ONLY___               
2026-05-06 08:54:51,712 INFO     ___FILE_ONLY___ 2024-08-06T11:02:35.532-07:00
2026-05-06 08:54:51,712 INFO     ___FILE_ONLY___   
2026-05-06 08:54:51,712 INFO     ___FILE_ONLY___ DEPRECATED
2026-05-06 08:54:51,712 INFO     ___FILE_ONLY___ 

2026-05-06 08:54:51,712 INFO     ___FILE_ONLY___ common-cu123-notebooks-ubuntu-2204-py310
2026-05-06 08:54:51,712 INFO     ___FILE_ONLY___         
2026-05-06 08:54:51,712 INFO     ___FILE_ONLY___ common-cu123-notebooks-v20240730-ubuntu-2204-py310
2026-05-06 08:54:51,712 INFO     ___FILE_ONLY___         
2026-05-06 08:54:51,712 INFO     ___FILE_ONLY___ 2024-08-06T10:42:42.802-07:00
2026-05-06 08:54:51,712 INFO     ___FILE_ONLY___   
2026-05-06 08:54:51,712 INFO     ___FILE_ONLY___ DEPRECATED
2026-05-06 08:54:51,712 INFO     ___FILE_ONLY___ 

2026-05-06 08:54:51,712 INFO     ___FILE_ONLY___ common-cu123-notebooks-ubuntu-2204
2026-05-06 08:54:51,712 INFO     ___FILE_ONLY___               
2026-05-06 08:54:51,712 INFO     ___FILE_ONLY___ common-cu123-notebooks-v20240922-ubuntu-2204
2026-05-06 08:54:51,712 INFO     ___FILE_ONLY___               
2026-05-06 08:54:51,712 INFO     ___FILE_ONLY___ 2024-09-25T10:53:01.720-07:00
2026-05-06 08:54:51,712 INFO     ___FILE_ONLY___   
2026-05-06 08:54:51,712 INFO     ___FILE_ONLY___ DEPRECATED
2026-05-06 08:54:51,712 INFO     ___FILE_ONLY___ 

2026-05-06 08:54:51,712 INFO     ___FILE_ONLY___ common-cu123-notebooks-ubuntu-2204-py310
2026-05-06 08:54:51,712 INFO     ___FILE_ONLY___         
2026-05-06 08:54:51,712 INFO     ___FILE_ONLY___ common-cu123-notebooks-v20240922-ubuntu-2204-py310
2026-05-06 08:54:51,712 INFO     ___FILE_ONLY___         
2026-05-06 08:54:51,712 INFO     ___FILE_ONLY___ 2024-09-25T10:33:41.039-07:00
2026-05-06 08:54:51,712 INFO     ___FILE_ONLY___   
2026-05-06 08:54:51,712 INFO     ___FILE_ONLY___ DEPRECATED
2026-05-06 08:54:51,712 INFO     ___FILE_ONLY___ 

2026-05-06 08:54:51,712 INFO     ___FILE_ONLY___ common-cu123-notebooks-ubuntu-2204
2026-05-06 08:54:51,713 INFO     ___FILE_ONLY___               
2026-05-06 08:54:51,713 INFO     ___FILE_ONLY___ common-cu123-notebooks-v20241118-ubuntu-2204
2026-05-06 08:54:51,713 INFO     ___FILE_ONLY___               
2026-05-06 08:54:51,713 INFO     ___FILE_ONLY___ 2024-11-19T15:53:35.939-08:00
2026-05-06 08:54:51,713 INFO     ___FILE_ONLY___   
2026-05-06 08:54:51,713 INFO     ___FILE_ONLY___ DEPRECATED
2026-05-06 08:54:51,713 INFO     ___FILE_ONLY___ 

2026-05-06 08:54:51,713 INFO     ___FILE_ONLY___ common-cu123-notebooks-ubuntu-2204-py310
2026-05-06 08:54:51,713 INFO     ___FILE_ONLY___         
2026-05-06 08:54:51,713 INFO     ___FILE_ONLY___ common-cu123-notebooks-v20241118-ubuntu-2204-py310
2026-05-06 08:54:51,713 INFO     ___FILE_ONLY___         
2026-05-06 08:54:51,713 INFO     ___FILE_ONLY___ 2024-11-19T15:34:56.209-08:00
2026-05-06 08:54:51,713 INFO     ___FILE_ONLY___   
2026-05-06 08:54:51,713 INFO     ___FILE_ONLY___ DEPRECATED
2026-05-06 08:54:51,713 INFO     ___FILE_ONLY___ 

2026-05-06 08:54:51,713 INFO     ___FILE_ONLY___ common-cu123-notebooks-ubuntu-2204
2026-05-06 08:54:51,713 INFO     ___FILE_ONLY___               
2026-05-06 08:54:51,713 INFO     ___FILE_ONLY___ common-cu123-notebooks-v20241224-ubuntu-2204
2026-05-06 08:54:51,713 INFO     ___FILE_ONLY___               
2026-05-06 08:54:51,713 INFO     ___FILE_ONLY___ 2025-01-14T17:38:37.672-08:00
2026-05-06 08:54:51,713 INFO     ___FILE_ONLY___   
2026-05-06 08:54:51,713 INFO     ___FILE_ONLY___ DEPRECATED
2026-05-06 08:54:51,713 INFO     ___FILE_ONLY___ 

2026-05-06 08:54:51,713 INFO     ___FILE_ONLY___ common-cu123-notebooks-ubuntu-2204-py310
2026-05-06 08:54:51,713 INFO     ___FILE_ONLY___         
2026-05-06 08:54:51,713 INFO     ___FILE_ONLY___ common-cu123-notebooks-v20241224-ubuntu-2204-py310
2026-05-06 08:54:51,713 INFO     ___FILE_ONLY___         
2026-05-06 08:54:51,713 INFO     ___FILE_ONLY___ 2025-01-14T17:20:26.289-08:00
2026-05-06 08:54:51,713 INFO     ___FILE_ONLY___   
2026-05-06 08:54:51,713 INFO     ___FILE_ONLY___ DEPRECATED
2026-05-06 08:54:51,713 INFO     ___FILE_ONLY___ 

2026-05-06 08:54:51,713 INFO     ___FILE_ONLY___ common-cu123-notebooks-ubuntu-2204-conda
2026-05-06 08:54:51,713 INFO     ___FILE_ONLY___         
2026-05-06 08:54:51,713 INFO     ___FILE_ONLY___ common-cu123-notebooks-v20250205-ubuntu-2204-conda
2026-05-06 08:54:51,713 INFO     ___FILE_ONLY___         
2026-05-06 08:54:51,713 INFO     ___FILE_ONLY___ 2025-02-13T11:22:25.703-08:00
2026-05-06 08:54:51,713 INFO     ___FILE_ONLY___   
2026-05-06 08:54:51,713 INFO     ___FILE_ONLY___ DEPRECATED
2026-05-06 08:54:51,713 INFO     ___FILE_ONLY___ 

2026-05-06 08:54:51,713 INFO     ___FILE_ONLY___ common-cu123-notebooks-ubuntu-2204-py310-conda
2026-05-06 08:54:51,713 INFO     ___FILE_ONLY___   
2026-05-06 08:54:51,713 INFO     ___FILE_ONLY___ common-cu123-notebooks-v20250205-ubuntu-2204-py310-conda
2026-05-06 08:54:51,713 INFO     ___FILE_ONLY___   
2026-05-06 08:54:51,713 INFO     ___FILE_ONLY___ 2025-02-13T11:03:22.771-08:00
2026-05-06 08:54:51,713 INFO     ___FILE_ONLY___   
2026-05-06 08:54:51,713 INFO     ___FILE_ONLY___ DEPRECATED
2026-05-06 08:54:51,713 INFO     ___FILE_ONLY___ 

2026-05-06 08:54:51,713 INFO     ___FILE_ONLY___ common-cu123-notebooks-ubuntu-2204
2026-05-06 08:54:51,713 INFO     ___FILE_ONLY___               
2026-05-06 08:54:51,713 INFO     ___FILE_ONLY___ common-cu123-notebooks-v20250310-ubuntu-2204
2026-05-06 08:54:51,713 INFO     ___FILE_ONLY___               
2026-05-06 08:54:51,713 INFO     ___FILE_ONLY___ 2025-03-11T11:53:59.092-07:00
2026-05-06 08:54:51,714 INFO     ___FILE_ONLY___   
2026-05-06 08:54:51,714 INFO     ___FILE_ONLY___ DEPRECATED
2026-05-06 08:54:51,714 INFO     ___FILE_ONLY___ 

2026-05-06 08:54:51,714 INFO     ___FILE_ONLY___ common-cu123-notebooks-ubuntu-2204-py310
2026-05-06 08:54:51,714 INFO     ___FILE_ONLY___         
2026-05-06 08:54:51,714 INFO     ___FILE_ONLY___ common-cu123-notebooks-v20250310-ubuntu-2204-py310
2026-05-06 08:54:51,714 INFO     ___FILE_ONLY___         
2026-05-06 08:54:51,714 INFO     ___FILE_ONLY___ 2025-03-11T11:36:33.548-07:00
2026-05-06 08:54:51,714 INFO     ___FILE_ONLY___   
2026-05-06 08:54:51,714 INFO     ___FILE_ONLY___ DEPRECATED
2026-05-06 08:54:51,714 INFO     ___FILE_ONLY___ 

2026-05-06 08:54:51,714 INFO     ___FILE_ONLY___ common-cu123-notebooks-ubuntu-2204
2026-05-06 08:54:51,714 INFO     ___FILE_ONLY___               
2026-05-06 08:54:51,714 INFO     ___FILE_ONLY___ common-cu123-notebooks-v20250325-ubuntu-2204
2026-05-06 08:54:51,714 INFO     ___FILE_ONLY___               
2026-05-06 08:54:51,714 INFO     ___FILE_ONLY___ 2025-04-14T12:09:57.818-07:00
2026-05-06 08:54:51,714 INFO     ___FILE_ONLY___   
2026-05-06 08:54:51,714 INFO     ___FILE_ONLY___ DEPRECATED
2026-05-06 08:54:51,714 INFO     ___FILE_ONLY___ 

2026-05-06 08:54:51,714 INFO     ___FILE_ONLY___ common-cu123-notebooks-ubuntu-2204-conda
2026-05-06 08:54:51,714 INFO     ___FILE_ONLY___         
2026-05-06 08:54:51,714 INFO     ___FILE_ONLY___ common-cu123-notebooks-v20250325-ubuntu-2204-conda
2026-05-06 08:54:51,714 INFO     ___FILE_ONLY___         
2026-05-06 08:54:51,714 INFO     ___FILE_ONLY___ 2025-04-14T11:57:37.685-07:00
2026-05-06 08:54:51,714 INFO     ___FILE_ONLY___   
2026-05-06 08:54:51,714 INFO     ___FILE_ONLY___ DEPRECATED
2026-05-06 08:54:51,714 INFO     ___FILE_ONLY___ 

2026-05-06 08:54:51,714 INFO     ___FILE_ONLY___ common-cu123-notebooks-ubuntu-2204-py310
2026-05-06 08:54:51,714 INFO     ___FILE_ONLY___         
2026-05-06 08:54:51,714 INFO     ___FILE_ONLY___ common-cu123-notebooks-v20250325-ubuntu-2204-py310
2026-05-06 08:54:51,714 INFO     ___FILE_ONLY___         
2026-05-06 08:54:51,714 INFO     ___FILE_ONLY___ 2025-04-14T11:52:19.965-07:00
2026-05-06 08:54:51,714 INFO     ___FILE_ONLY___   
2026-05-06 08:54:51,714 INFO     ___FILE_ONLY___ DEPRECATED
2026-05-06 08:54:51,714 INFO     ___FILE_ONLY___ 

2026-05-06 08:54:51,714 INFO     ___FILE_ONLY___ common-cu123-notebooks-ubuntu-2204-py310-conda
2026-05-06 08:54:51,714 INFO     ___FILE_ONLY___   
2026-05-06 08:54:51,714 INFO     ___FILE_ONLY___ common-cu123-notebooks-v20250325-ubuntu-2204-py310-conda
2026-05-06 08:54:51,714 INFO     ___FILE_ONLY___   
2026-05-06 08:54:51,714 INFO     ___FILE_ONLY___ 2025-04-14T11:38:46.828-07:00
2026-05-06 08:54:51,714 INFO     ___FILE_ONLY___   
2026-05-06 08:54:51,714 INFO     ___FILE_ONLY___ DEPRECATED
2026-05-06 08:54:51,714 INFO     ___FILE_ONLY___ 

2026-05-06 08:54:51,714 INFO     ___FILE_ONLY___ common-cu123-notebooks-ubuntu-2204
2026-05-06 08:54:51,714 INFO     ___FILE_ONLY___               
2026-05-06 08:54:51,714 INFO     ___FILE_ONLY___ common-cu123-notebooks-v20250327-ubuntu-2204
2026-05-06 08:54:51,714 INFO     ___FILE_ONLY___               
2026-05-06 08:54:51,714 INFO     ___FILE_ONLY___ 2025-03-28T10:35:09.512-07:00
2026-05-06 08:54:51,714 INFO     ___FILE_ONLY___   
2026-05-06 08:54:51,714 INFO     ___FILE_ONLY___ DEPRECATED
2026-05-06 08:54:51,714 INFO     ___FILE_ONLY___ 

2026-05-06 08:54:51,714 INFO     ___FILE_ONLY___ common-cu123-notebooks-ubuntu-2204-conda
2026-05-06 08:54:51,714 INFO     ___FILE_ONLY___         
2026-05-06 08:54:51,714 INFO     ___FILE_ONLY___ common-cu123-notebooks-v20250327-ubuntu-2204-conda
2026-05-06 08:54:51,715 INFO     ___FILE_ONLY___         
2026-05-06 08:54:51,715 INFO     ___FILE_ONLY___ 2025-03-28T10:13:49.323-07:00
2026-05-06 08:54:51,715 INFO     ___FILE_ONLY___   
2026-05-06 08:54:51,715 INFO     ___FILE_ONLY___ DEPRECATED
2026-05-06 08:54:51,715 INFO     ___FILE_ONLY___ 

2026-05-06 08:54:51,715 INFO     ___FILE_ONLY___ common-cu123-notebooks-ubuntu-2204-py310
2026-05-06 08:54:51,715 INFO     ___FILE_ONLY___         
2026-05-06 08:54:51,715 INFO     ___FILE_ONLY___ common-cu123-notebooks-v20250327-ubuntu-2204-py310
2026-05-06 08:54:51,715 INFO     ___FILE_ONLY___         
2026-05-06 08:54:51,715 INFO     ___FILE_ONLY___ 2025-03-28T10:16:45.436-07:00
2026-05-06 08:54:51,715 INFO     ___FILE_ONLY___   
2026-05-06 08:54:51,715 INFO     ___FILE_ONLY___ DEPRECATED
2026-05-06 08:54:51,715 INFO     ___FILE_ONLY___ 

2026-05-06 08:54:51,715 INFO     ___FILE_ONLY___ common-cu123-notebooks-ubuntu-2204-py310-conda
2026-05-06 08:54:51,715 INFO     ___FILE_ONLY___   
2026-05-06 08:54:51,715 INFO     ___FILE_ONLY___ common-cu123-notebooks-v20250327-ubuntu-2204-py310-conda
2026-05-06 08:54:51,715 INFO     ___FILE_ONLY___   
2026-05-06 08:54:51,715 INFO     ___FILE_ONLY___ 2025-03-28T09:55:03.171-07:00
2026-05-06 08:54:51,715 INFO     ___FILE_ONLY___   
2026-05-06 08:54:51,715 INFO     ___FILE_ONLY___ DEPRECATED
2026-05-06 08:54:51,715 INFO     ___FILE_ONLY___ 

2026-05-06 08:54:51,715 INFO     ___FILE_ONLY___ common-cu123-ubuntu-2204
2026-05-06 08:54:51,715 INFO     ___FILE_ONLY___                         
2026-05-06 08:54:51,715 INFO     ___FILE_ONLY___ common-cu123-v20240708-ubuntu-2204
2026-05-06 08:54:51,715 INFO     ___FILE_ONLY___                         
2026-05-06 08:54:51,715 INFO     ___FILE_ONLY___ 2024-07-10T15:15:22.445-07:00
2026-05-06 08:54:51,715 INFO     ___FILE_ONLY___   
2026-05-06 08:54:51,715 INFO     ___FILE_ONLY___ DEPRECATED
2026-05-06 08:54:51,715 INFO     ___FILE_ONLY___ 

2026-05-06 08:54:51,715 INFO     ___FILE_ONLY___ common-cu123-ubuntu-2204-py310
2026-05-06 08:54:51,715 INFO     ___FILE_ONLY___                   
2026-05-06 08:54:51,715 INFO     ___FILE_ONLY___ common-cu123-v20240708-ubuntu-2204-py310
2026-05-06 08:54:51,715 INFO     ___FILE_ONLY___                   
2026-05-06 08:54:51,715 INFO     ___FILE_ONLY___ 2024-07-10T14:55:52.214-07:00
2026-05-06 08:54:51,715 INFO     ___FILE_ONLY___   
2026-05-06 08:54:51,715 INFO     ___FILE_ONLY___ DEPRECATED
2026-05-06 08:54:51,715 INFO     ___FILE_ONLY___ 

2026-05-06 08:54:51,715 INFO     ___FILE_ONLY___ common-cu123-ubuntu-2204
2026-05-06 08:54:51,715 INFO     ___FILE_ONLY___                         
2026-05-06 08:54:51,715 INFO     ___FILE_ONLY___ common-cu123-v20240730-ubuntu-2204
2026-05-06 08:54:51,715 INFO     ___FILE_ONLY___                         
2026-05-06 08:54:51,715 INFO     ___FILE_ONLY___ 2024-08-06T11:00:34.043-07:00
2026-05-06 08:54:51,715 INFO     ___FILE_ONLY___   
2026-05-06 08:54:51,715 INFO     ___FILE_ONLY___ DEPRECATED
2026-05-06 08:54:51,715 INFO     ___FILE_ONLY___ 

2026-05-06 08:54:51,715 INFO     ___FILE_ONLY___ common-cu123-ubuntu-2204-py310
2026-05-06 08:54:51,715 INFO     ___FILE_ONLY___                   
2026-05-06 08:54:51,715 INFO     ___FILE_ONLY___ common-cu123-v20240730-ubuntu-2204-py310
2026-05-06 08:54:51,715 INFO     ___FILE_ONLY___                   
2026-05-06 08:54:51,715 INFO     ___FILE_ONLY___ 2024-08-06T10:40:41.044-07:00
2026-05-06 08:54:51,715 INFO     ___FILE_ONLY___   
2026-05-06 08:54:51,715 INFO     ___FILE_ONLY___ DEPRECATED
2026-05-06 08:54:51,715 INFO     ___FILE_ONLY___ 

2026-05-06 08:54:51,716 INFO     ___FILE_ONLY___ common-cu123-ubuntu-2204
2026-05-06 08:54:51,716 INFO     ___FILE_ONLY___                         
2026-05-06 08:54:51,716 INFO     ___FILE_ONLY___ common-cu123-v20240922-ubuntu-2204
2026-05-06 08:54:51,716 INFO     ___FILE_ONLY___                         
2026-05-06 08:54:51,716 INFO     ___FILE_ONLY___ 2024-09-25T10:51:05.971-07:00
2026-05-06 08:54:51,716 INFO     ___FILE_ONLY___   
2026-05-06 08:54:51,716 INFO     ___FILE_ONLY___ DEPRECATED
2026-05-06 08:54:51,716 INFO     ___FILE_ONLY___ 

2026-05-06 08:54:51,716 INFO     ___FILE_ONLY___ common-cu123-ubuntu-2204-py310
2026-05-06 08:54:51,716 INFO     ___FILE_ONLY___                   
2026-05-06 08:54:51,716 INFO     ___FILE_ONLY___ common-cu123-v20240922-ubuntu-2204-py310
2026-05-06 08:54:51,716 INFO     ___FILE_ONLY___                   
2026-05-06 08:54:51,716 INFO     ___FILE_ONLY___ 2024-09-25T10:31:42.921-07:00
2026-05-06 08:54:51,716 INFO     ___FILE_ONLY___   
2026-05-06 08:54:51,716 INFO     ___FILE_ONLY___ DEPRECATED
2026-05-06 08:54:51,716 INFO     ___FILE_ONLY___ 

2026-05-06 08:54:51,716 INFO     ___FILE_ONLY___ common-cu123-ubuntu-2204
2026-05-06 08:54:51,716 INFO     ___FILE_ONLY___                         
2026-05-06 08:54:51,716 INFO     ___FILE_ONLY___ common-cu123-v20241118-ubuntu-2204
2026-05-06 08:54:51,716 INFO     ___FILE_ONLY___                         
2026-05-06 08:54:51,716 INFO     ___FILE_ONLY___ 2024-11-19T15:51:35.033-08:00
2026-05-06 08:54:51,716 INFO     ___FILE_ONLY___   
2026-05-06 08:54:51,716 INFO     ___FILE_ONLY___ DEPRECATED
2026-05-06 08:54:51,716 INFO     ___FILE_ONLY___ 

2026-05-06 08:54:51,716 INFO     ___FILE_ONLY___ common-cu123-ubuntu-2204-py310
2026-05-06 08:54:51,716 INFO     ___FILE_ONLY___                   
2026-05-06 08:54:51,716 INFO     ___FILE_ONLY___ common-cu123-v20241118-ubuntu-2204-py310
2026-05-06 08:54:51,716 INFO     ___FILE_ONLY___                   
2026-05-06 08:54:51,716 INFO     ___FILE_ONLY___ 2024-11-19T15:32:54.566-08:00
2026-05-06 08:54:51,716 INFO     ___FILE_ONLY___   
2026-05-06 08:54:51,716 INFO     ___FILE_ONLY___ DEPRECATED
2026-05-06 08:54:51,716 INFO     ___FILE_ONLY___ 

2026-05-06 08:54:51,716 INFO     ___FILE_ONLY___ common-cu123-ubuntu-2204
2026-05-06 08:54:51,716 INFO     ___FILE_ONLY___                         
2026-05-06 08:54:51,716 INFO     ___FILE_ONLY___ common-cu123-v20241224-ubuntu-2204
2026-05-06 08:54:51,716 INFO     ___FILE_ONLY___                         
2026-05-06 08:54:51,716 INFO     ___FILE_ONLY___ 2025-01-14T17:36:36.175-08:00
2026-05-06 08:54:51,716 INFO     ___FILE_ONLY___   
2026-05-06 08:54:51,716 INFO     ___FILE_ONLY___ DEPRECATED
2026-05-06 08:54:51,716 INFO     ___FILE_ONLY___ 

2026-05-06 08:54:51,716 INFO     ___FILE_ONLY___ common-cu123-ubuntu-2204-py310
2026-05-06 08:54:51,716 INFO     ___FILE_ONLY___                   
2026-05-06 08:54:51,716 INFO     ___FILE_ONLY___ common-cu123-v20241224-ubuntu-2204-py310
2026-05-06 08:54:51,716 INFO     ___FILE_ONLY___                   
2026-05-06 08:54:51,716 INFO     ___FILE_ONLY___ 2025-01-14T17:18:23.966-08:00
2026-05-06 08:54:51,716 INFO     ___FILE_ONLY___   
2026-05-06 08:54:51,716 INFO     ___FILE_ONLY___ DEPRECATED
2026-05-06 08:54:51,716 INFO     ___FILE_ONLY___ 

2026-05-06 08:54:51,716 INFO     ___FILE_ONLY___ common-cu123-ubuntu-2204-conda
2026-05-06 08:54:51,716 INFO     ___FILE_ONLY___                   
2026-05-06 08:54:51,716 INFO     ___FILE_ONLY___ common-cu123-v20250205-ubuntu-2204-conda
2026-05-06 08:54:51,716 INFO     ___FILE_ONLY___                   
2026-05-06 08:54:51,716 INFO     ___FILE_ONLY___ 2025-02-13T11:20:22.477-08:00
2026-05-06 08:54:51,716 INFO     ___FILE_ONLY___   
2026-05-06 08:54:51,717 INFO     ___FILE_ONLY___ DEPRECATED
2026-05-06 08:54:51,717 INFO     ___FILE_ONLY___ 

2026-05-06 08:54:51,717 INFO     ___FILE_ONLY___ common-cu123-ubuntu-2204-py310-conda
2026-05-06 08:54:51,717 INFO     ___FILE_ONLY___             
2026-05-06 08:54:51,717 INFO     ___FILE_ONLY___ common-cu123-v20250205-ubuntu-2204-py310-conda
2026-05-06 08:54:51,717 INFO     ___FILE_ONLY___             
2026-05-06 08:54:51,717 INFO     ___FILE_ONLY___ 2025-02-13T11:01:21.572-08:00
2026-05-06 08:54:51,717 INFO     ___FILE_ONLY___   
2026-05-06 08:54:51,717 INFO     ___FILE_ONLY___ DEPRECATED
2026-05-06 08:54:51,717 INFO     ___FILE_ONLY___ 

2026-05-06 08:54:51,717 INFO     ___FILE_ONLY___ common-cu123-ubuntu-2204
2026-05-06 08:54:51,717 INFO     ___FILE_ONLY___                         
2026-05-06 08:54:51,717 INFO     ___FILE_ONLY___ common-cu123-v20250310-ubuntu-2204
2026-05-06 08:54:51,717 INFO     ___FILE_ONLY___                         
2026-05-06 08:54:51,717 INFO     ___FILE_ONLY___ 2025-03-11T11:52:04.030-07:00
2026-05-06 08:54:51,717 INFO     ___FILE_ONLY___   
2026-05-06 08:54:51,717 INFO     ___FILE_ONLY___ DEPRECATED
2026-05-06 08:54:51,717 INFO     ___FILE_ONLY___ 

2026-05-06 08:54:51,717 INFO     ___FILE_ONLY___ common-cu123-ubuntu-2204-py310
2026-05-06 08:54:51,717 INFO     ___FILE_ONLY___                   
2026-05-06 08:54:51,717 INFO     ___FILE_ONLY___ common-cu123-v20250310-ubuntu-2204-py310
2026-05-06 08:54:51,717 INFO     ___FILE_ONLY___                   
2026-05-06 08:54:51,717 INFO     ___FILE_ONLY___ 2025-03-11T11:34:23.438-07:00
2026-05-06 08:54:51,717 INFO     ___FILE_ONLY___   
2026-05-06 08:54:51,717 INFO     ___FILE_ONLY___ DEPRECATED
2026-05-06 08:54:51,717 INFO     ___FILE_ONLY___ 

2026-05-06 08:54:51,717 INFO     ___FILE_ONLY___ common-cu123-ubuntu-2204
2026-05-06 08:54:51,717 INFO     ___FILE_ONLY___                         
2026-05-06 08:54:51,717 INFO     ___FILE_ONLY___ common-cu123-v20250325-ubuntu-2204
2026-05-06 08:54:51,717 INFO     ___FILE_ONLY___                         
2026-05-06 08:54:51,717 INFO     ___FILE_ONLY___ 2025-04-14T12:07:53.924-07:00
2026-05-06 08:54:51,717 INFO     ___FILE_ONLY___   
2026-05-06 08:54:51,717 INFO     ___FILE_ONLY___ DEPRECATED
2026-05-06 08:54:51,717 INFO     ___FILE_ONLY___ 

2026-05-06 08:54:51,717 INFO     ___FILE_ONLY___ common-cu123-ubuntu-2204-conda
2026-05-06 08:54:51,717 INFO     ___FILE_ONLY___                   
2026-05-06 08:54:51,717 INFO     ___FILE_ONLY___ common-cu123-v20250325-ubuntu-2204-conda
2026-05-06 08:54:51,717 INFO     ___FILE_ONLY___                   
2026-05-06 08:54:51,717 INFO     ___FILE_ONLY___ 2025-04-14T11:55:39.541-07:00
2026-05-06 08:54:51,717 INFO     ___FILE_ONLY___   
2026-05-06 08:54:51,717 INFO     ___FILE_ONLY___ DEPRECATED
2026-05-06 08:54:51,717 INFO     ___FILE_ONLY___ 

2026-05-06 08:54:51,717 INFO     ___FILE_ONLY___ common-cu123-ubuntu-2204-py310
2026-05-06 08:54:51,717 INFO     ___FILE_ONLY___                   
2026-05-06 08:54:51,717 INFO     ___FILE_ONLY___ common-cu123-v20250325-ubuntu-2204-py310
2026-05-06 08:54:51,717 INFO     ___FILE_ONLY___                   
2026-05-06 08:54:51,717 INFO     ___FILE_ONLY___ 2025-04-14T11:50:23.316-07:00
2026-05-06 08:54:51,717 INFO     ___FILE_ONLY___   
2026-05-06 08:54:51,717 INFO     ___FILE_ONLY___ DEPRECATED
2026-05-06 08:54:51,717 INFO     ___FILE_ONLY___ 

2026-05-06 08:54:51,717 INFO     ___FILE_ONLY___ common-cu123-ubuntu-2204-py310-conda
2026-05-06 08:54:51,717 INFO     ___FILE_ONLY___             
2026-05-06 08:54:51,717 INFO     ___FILE_ONLY___ common-cu123-v20250325-ubuntu-2204-py310-conda
2026-05-06 08:54:51,717 INFO     ___FILE_ONLY___             
2026-05-06 08:54:51,717 INFO     ___FILE_ONLY___ 2025-04-14T11:36:42.880-07:00
2026-05-06 08:54:51,717 INFO     ___FILE_ONLY___   
2026-05-06 08:54:51,718 INFO     ___FILE_ONLY___ DEPRECATED
2026-05-06 08:54:51,718 INFO     ___FILE_ONLY___ 

2026-05-06 08:54:51,718 INFO     ___FILE_ONLY___ common-cu123-ubuntu-2204
2026-05-06 08:54:51,718 INFO     ___FILE_ONLY___                         
2026-05-06 08:54:51,718 INFO     ___FILE_ONLY___ common-cu123-v20250327-ubuntu-2204
2026-05-06 08:54:51,718 INFO     ___FILE_ONLY___                         
2026-05-06 08:54:51,718 INFO     ___FILE_ONLY___ 2025-03-28T10:33:12.380-07:00
2026-05-06 08:54:51,718 INFO     ___FILE_ONLY___   
2026-05-06 08:54:51,718 INFO     ___FILE_ONLY___ DEPRECATED
2026-05-06 08:54:51,718 INFO     ___FILE_ONLY___ 

2026-05-06 08:54:51,718 INFO     ___FILE_ONLY___ common-cu123-ubuntu-2204-conda
2026-05-06 08:54:51,718 INFO     ___FILE_ONLY___                   
2026-05-06 08:54:51,718 INFO     ___FILE_ONLY___ common-cu123-v20250327-ubuntu-2204-conda
2026-05-06 08:54:51,718 INFO     ___FILE_ONLY___                   
2026-05-06 08:54:51,718 INFO     ___FILE_ONLY___ 2025-03-28T10:11:48.215-07:00
2026-05-06 08:54:51,718 INFO     ___FILE_ONLY___   
2026-05-06 08:54:51,718 INFO     ___FILE_ONLY___ DEPRECATED
2026-05-06 08:54:51,718 INFO     ___FILE_ONLY___ 

2026-05-06 08:54:51,718 INFO     ___FILE_ONLY___ common-cu123-ubuntu-2204-py310
2026-05-06 08:54:51,718 INFO     ___FILE_ONLY___                   
2026-05-06 08:54:51,718 INFO     ___FILE_ONLY___ common-cu123-v20250327-ubuntu-2204-py310
2026-05-06 08:54:51,718 INFO     ___FILE_ONLY___                   
2026-05-06 08:54:51,718 INFO     ___FILE_ONLY___ 2025-03-28T10:14:38.996-07:00
2026-05-06 08:54:51,718 INFO     ___FILE_ONLY___   
2026-05-06 08:54:51,718 INFO     ___FILE_ONLY___ DEPRECATED
2026-05-06 08:54:51,718 INFO     ___FILE_ONLY___ 

2026-05-06 08:54:51,718 INFO     ___FILE_ONLY___ common-cu123-ubuntu-2204-py310-conda
2026-05-06 08:54:51,718 INFO     ___FILE_ONLY___             
2026-05-06 08:54:51,718 INFO     ___FILE_ONLY___ common-cu123-v20250327-ubuntu-2204-py310-conda
2026-05-06 08:54:51,718 INFO     ___FILE_ONLY___             
2026-05-06 08:54:51,718 INFO     ___FILE_ONLY___ 2025-03-28T09:53:07.037-07:00
2026-05-06 08:54:51,718 INFO     ___FILE_ONLY___   
2026-05-06 08:54:51,718 INFO     ___FILE_ONLY___ DEPRECATED
2026-05-06 08:54:51,718 INFO     ___FILE_ONLY___ 

2026-05-06 08:54:51,718 INFO     ___FILE_ONLY___ common-cu124-notebooks-ubuntu-2204
2026-05-06 08:54:51,718 INFO     ___FILE_ONLY___               
2026-05-06 08:54:51,718 INFO     ___FILE_ONLY___ common-cu124-notebooks-v20241118-ubuntu-2204
2026-05-06 08:54:51,718 INFO     ___FILE_ONLY___               
2026-05-06 08:54:51,718 INFO     ___FILE_ONLY___ 2024-11-19T16:04:08.985-08:00
2026-05-06 08:54:51,718 INFO     ___FILE_ONLY___   
2026-05-06 08:54:51,718 INFO     ___FILE_ONLY___ DEPRECATED
2026-05-06 08:54:51,718 INFO     ___FILE_ONLY___ 

2026-05-06 08:54:51,718 INFO     ___FILE_ONLY___ common-cu124-notebooks-ubuntu-2204-py310
2026-05-06 08:54:51,718 INFO     ___FILE_ONLY___         
2026-05-06 08:54:51,718 INFO     ___FILE_ONLY___ common-cu124-notebooks-v20241118-ubuntu-2204-py310
2026-05-06 08:54:51,718 INFO     ___FILE_ONLY___         
2026-05-06 08:54:51,718 INFO     ___FILE_ONLY___ 2024-11-19T15:45:55.159-08:00
2026-05-06 08:54:51,718 INFO     ___FILE_ONLY___   
2026-05-06 08:54:51,718 INFO     ___FILE_ONLY___ DEPRECATED
2026-05-06 08:54:51,718 INFO     ___FILE_ONLY___ 

2026-05-06 08:54:51,718 INFO     ___FILE_ONLY___ common-cu124-notebooks-ubuntu-2204
2026-05-06 08:54:51,718 INFO     ___FILE_ONLY___               
2026-05-06 08:54:51,718 INFO     ___FILE_ONLY___ common-cu124-notebooks-v20241224-ubuntu-2204
2026-05-06 08:54:51,718 INFO     ___FILE_ONLY___               
2026-05-06 08:54:51,719 INFO     ___FILE_ONLY___ 2025-01-14T18:16:12.111-08:00
2026-05-06 08:54:51,719 INFO     ___FILE_ONLY___   
2026-05-06 08:54:51,719 INFO     ___FILE_ONLY___ DEPRECATED
2026-05-06 08:54:51,719 INFO     ___FILE_ONLY___ 

2026-05-06 08:54:51,719 INFO     ___FILE_ONLY___ common-cu124-notebooks-ubuntu-2204-py310
2026-05-06 08:54:51,719 INFO     ___FILE_ONLY___         
2026-05-06 08:54:51,719 INFO     ___FILE_ONLY___ common-cu124-notebooks-v20241224-ubuntu-2204-py310
2026-05-06 08:54:51,719 INFO     ___FILE_ONLY___         
2026-05-06 08:54:51,719 INFO     ___FILE_ONLY___ 2025-01-14T17:57:12.825-08:00
2026-05-06 08:54:51,719 INFO     ___FILE_ONLY___   
2026-05-06 08:54:51,719 INFO     ___FILE_ONLY___ DEPRECATED
2026-05-06 08:54:51,719 INFO     ___FILE_ONLY___ 

2026-05-06 08:54:51,719 INFO     ___FILE_ONLY___ common-cu124-notebooks-ubuntu-2204-conda
2026-05-06 08:54:51,719 INFO     ___FILE_ONLY___         
2026-05-06 08:54:51,719 INFO     ___FILE_ONLY___ common-cu124-notebooks-v20250205-ubuntu-2204-conda
2026-05-06 08:54:51,719 INFO     ___FILE_ONLY___         
2026-05-06 08:54:51,719 INFO     ___FILE_ONLY___ 2025-02-13T11:58:08.290-08:00
2026-05-06 08:54:51,719 INFO     ___FILE_ONLY___   
2026-05-06 08:54:51,719 INFO     ___FILE_ONLY___ DEPRECATED
2026-05-06 08:54:51,719 INFO     ___FILE_ONLY___ 

2026-05-06 08:54:51,719 INFO     ___FILE_ONLY___ common-cu124-notebooks-ubuntu-2204-py310-conda
2026-05-06 08:54:51,719 INFO     ___FILE_ONLY___   
2026-05-06 08:54:51,719 INFO     ___FILE_ONLY___ common-cu124-notebooks-v20250205-ubuntu-2204-py310-conda
2026-05-06 08:54:51,719 INFO     ___FILE_ONLY___   
2026-05-06 08:54:51,719 INFO     ___FILE_ONLY___ 2025-02-13T11:40:02.431-08:00
2026-05-06 08:54:51,719 INFO     ___FILE_ONLY___   
2026-05-06 08:54:51,719 INFO     ___FILE_ONLY___ DEPRECATED
2026-05-06 08:54:51,719 INFO     ___FILE_ONLY___ 

2026-05-06 08:54:51,719 INFO     ___FILE_ONLY___ common-cu124-notebooks-ubuntu-2204
2026-05-06 08:54:51,719 INFO     ___FILE_ONLY___               
2026-05-06 08:54:51,719 INFO     ___FILE_ONLY___ common-cu124-notebooks-v20250310-ubuntu-2204
2026-05-06 08:54:51,719 INFO     ___FILE_ONLY___               
2026-05-06 08:54:51,719 INFO     ___FILE_ONLY___ 2025-03-11T11:58:42.504-07:00
2026-05-06 08:54:51,719 INFO     ___FILE_ONLY___   
2026-05-06 08:54:51,719 INFO     ___FILE_ONLY___ DEPRECATED
2026-05-06 08:54:51,719 INFO     ___FILE_ONLY___ 

2026-05-06 08:54:51,719 INFO     ___FILE_ONLY___ common-cu124-notebooks-ubuntu-2204-py310
2026-05-06 08:54:51,719 INFO     ___FILE_ONLY___         
2026-05-06 08:54:51,719 INFO     ___FILE_ONLY___ common-cu124-notebooks-v20250310-ubuntu-2204-py310
2026-05-06 08:54:51,719 INFO     ___FILE_ONLY___         
2026-05-06 08:54:51,719 INFO     ___FILE_ONLY___ 2025-03-11T11:39:34.312-07:00
2026-05-06 08:54:51,719 INFO     ___FILE_ONLY___   
2026-05-06 08:54:51,719 INFO     ___FILE_ONLY___ DEPRECATED
2026-05-06 08:54:51,719 INFO     ___FILE_ONLY___ 

2026-05-06 08:54:51,719 INFO     ___FILE_ONLY___ common-cu124-notebooks-ubuntu-2204
2026-05-06 08:54:51,719 INFO     ___FILE_ONLY___               
2026-05-06 08:54:51,719 INFO     ___FILE_ONLY___ common-cu124-notebooks-v20250325-ubuntu-2204
2026-05-06 08:54:51,719 INFO     ___FILE_ONLY___               
2026-05-06 08:54:51,719 INFO     ___FILE_ONLY___ 2025-04-14T12:46:46.105-07:00
2026-05-06 08:54:51,719 INFO     ___FILE_ONLY___   
2026-05-06 08:54:51,719 INFO     ___FILE_ONLY___ DEPRECATED
2026-05-06 08:54:51,719 INFO     ___FILE_ONLY___ 

2026-05-06 08:54:51,719 INFO     ___FILE_ONLY___ common-cu124-notebooks-ubuntu-2204-conda
2026-05-06 08:54:51,719 INFO     ___FILE_ONLY___         
2026-05-06 08:54:51,719 INFO     ___FILE_ONLY___ common-cu124-notebooks-v20250325-ubuntu-2204-conda
2026-05-06 08:54:51,719 INFO     ___FILE_ONLY___         
2026-05-06 08:54:51,719 INFO     ___FILE_ONLY___ 2025-04-14T12:36:16.636-07:00
2026-05-06 08:54:51,720 INFO     ___FILE_ONLY___   
2026-05-06 08:54:51,720 INFO     ___FILE_ONLY___ DEPRECATED
2026-05-06 08:54:51,720 INFO     ___FILE_ONLY___ 

2026-05-06 08:54:51,720 INFO     ___FILE_ONLY___ common-cu124-notebooks-ubuntu-2204-py310
2026-05-06 08:54:51,720 INFO     ___FILE_ONLY___         
2026-05-06 08:54:51,720 INFO     ___FILE_ONLY___ common-cu124-notebooks-v20250325-ubuntu-2204-py310
2026-05-06 08:54:51,720 INFO     ___FILE_ONLY___         
2026-05-06 08:54:51,720 INFO     ___FILE_ONLY___ 2025-04-14T12:28:08.093-07:00
2026-05-06 08:54:51,720 INFO     ___FILE_ONLY___   
2026-05-06 08:54:51,720 INFO     ___FILE_ONLY___ DEPRECATED
2026-05-06 08:54:51,720 INFO     ___FILE_ONLY___ 

2026-05-06 08:54:51,720 INFO     ___FILE_ONLY___ common-cu124-notebooks-ubuntu-2204-py310-conda
2026-05-06 08:54:51,720 INFO     ___FILE_ONLY___   
2026-05-06 08:54:51,720 INFO     ___FILE_ONLY___ common-cu124-notebooks-v20250325-ubuntu-2204-py310-conda
2026-05-06 08:54:51,720 INFO     ___FILE_ONLY___   
2026-05-06 08:54:51,720 INFO     ___FILE_ONLY___ 2025-04-14T12:18:40.289-07:00
2026-05-06 08:54:51,720 INFO     ___FILE_ONLY___   
2026-05-06 08:54:51,720 INFO     ___FILE_ONLY___ DEPRECATED
2026-05-06 08:54:51,720 INFO     ___FILE_ONLY___ 

2026-05-06 08:54:51,720 INFO     ___FILE_ONLY___ common-cu124-notebooks-ubuntu-2204
2026-05-06 08:54:51,720 INFO     ___FILE_ONLY___               
2026-05-06 08:54:51,720 INFO     ___FILE_ONLY___ common-cu124-notebooks-v20250327-ubuntu-2204
2026-05-06 08:54:51,720 INFO     ___FILE_ONLY___               
2026-05-06 08:54:51,720 INFO     ___FILE_ONLY___ 2025-03-28T11:11:45.101-07:00
2026-05-06 08:54:51,720 INFO     ___FILE_ONLY___   
2026-05-06 08:54:51,720 INFO     ___FILE_ONLY___ DEPRECATED
2026-05-06 08:54:51,720 INFO     ___FILE_ONLY___ 

2026-05-06 08:54:51,720 INFO     ___FILE_ONLY___ common-cu124-notebooks-ubuntu-2204-conda
2026-05-06 08:54:51,720 INFO     ___FILE_ONLY___         
2026-05-06 08:54:51,720 INFO     ___FILE_ONLY___ common-cu124-notebooks-v20250327-ubuntu-2204-conda
2026-05-06 08:54:51,720 INFO     ___FILE_ONLY___         
2026-05-06 08:54:51,720 INFO     ___FILE_ONLY___ 2025-03-28T10:57:25.318-07:00
2026-05-06 08:54:51,720 INFO     ___FILE_ONLY___   
2026-05-06 08:54:51,720 INFO     ___FILE_ONLY___ DEPRECATED
2026-05-06 08:54:51,720 INFO     ___FILE_ONLY___ 

2026-05-06 08:54:51,720 INFO     ___FILE_ONLY___ common-cu124-notebooks-ubuntu-2204-py310
2026-05-06 08:54:51,720 INFO     ___FILE_ONLY___         
2026-05-06 08:54:51,720 INFO     ___FILE_ONLY___ common-cu124-notebooks-v20250327-ubuntu-2204-py310
2026-05-06 08:54:51,720 INFO     ___FILE_ONLY___         
2026-05-06 08:54:51,720 INFO     ___FILE_ONLY___ 2025-03-28T10:51:22.938-07:00
2026-05-06 08:54:51,720 INFO     ___FILE_ONLY___   
2026-05-06 08:54:51,720 INFO     ___FILE_ONLY___ DEPRECATED
2026-05-06 08:54:51,720 INFO     ___FILE_ONLY___ 

2026-05-06 08:54:51,720 INFO     ___FILE_ONLY___ common-cu124-notebooks-ubuntu-2204-py310-conda
2026-05-06 08:54:51,720 INFO     ___FILE_ONLY___   
2026-05-06 08:54:51,720 INFO     ___FILE_ONLY___ common-cu124-notebooks-v20250327-ubuntu-2204-py310-conda
2026-05-06 08:54:51,720 INFO     ___FILE_ONLY___   
2026-05-06 08:54:51,720 INFO     ___FILE_ONLY___ 2025-03-28T10:39:12.287-07:00
2026-05-06 08:54:51,720 INFO     ___FILE_ONLY___   
2026-05-06 08:54:51,720 INFO     ___FILE_ONLY___ DEPRECATED
2026-05-06 08:54:51,720 INFO     ___FILE_ONLY___ 

2026-05-06 08:54:51,720 INFO     ___FILE_ONLY___ common-cu124-ubuntu-2204
2026-05-06 08:54:51,720 INFO     ___FILE_ONLY___                         
2026-05-06 08:54:51,720 INFO     ___FILE_ONLY___ common-cu124-v20241118-ubuntu-2204
2026-05-06 08:54:51,720 INFO     ___FILE_ONLY___                         
2026-05-06 08:54:51,720 INFO     ___FILE_ONLY___ 2024-11-19T16:01:59.048-08:00
2026-05-06 08:54:51,720 INFO     ___FILE_ONLY___   
2026-05-06 08:54:51,721 INFO     ___FILE_ONLY___ DEPRECATED
2026-05-06 08:54:51,721 INFO     ___FILE_ONLY___ 

2026-05-06 08:54:51,721 INFO     ___FILE_ONLY___ common-cu124-ubuntu-2204-py310
2026-05-06 08:54:51,721 INFO     ___FILE_ONLY___                   
2026-05-06 08:54:51,721 INFO     ___FILE_ONLY___ common-cu124-v20241118-ubuntu-2204-py310
2026-05-06 08:54:51,721 INFO     ___FILE_ONLY___                   
2026-05-06 08:54:51,721 INFO     ___FILE_ONLY___ 2024-11-19T15:43:58.453-08:00
2026-05-06 08:54:51,721 INFO     ___FILE_ONLY___   
2026-05-06 08:54:51,721 INFO     ___FILE_ONLY___ DEPRECATED
2026-05-06 08:54:51,721 INFO     ___FILE_ONLY___ 

2026-05-06 08:54:51,721 INFO     ___FILE_ONLY___ common-cu124-ubuntu-2204
2026-05-06 08:54:51,721 INFO     ___FILE_ONLY___                         
2026-05-06 08:54:51,721 INFO     ___FILE_ONLY___ common-cu124-v20241224-ubuntu-2204
2026-05-06 08:54:51,721 INFO     ___FILE_ONLY___                         
2026-05-06 08:54:51,721 INFO     ___FILE_ONLY___ 2025-01-14T18:14:13.358-08:00
2026-05-06 08:54:51,721 INFO     ___FILE_ONLY___   
2026-05-06 08:54:51,721 INFO     ___FILE_ONLY___ DEPRECATED
2026-05-06 08:54:51,721 INFO     ___FILE_ONLY___ 

2026-05-06 08:54:51,721 INFO     ___FILE_ONLY___ common-cu124-ubuntu-2204-py310
2026-05-06 08:54:51,721 INFO     ___FILE_ONLY___                   
2026-05-06 08:54:51,721 INFO     ___FILE_ONLY___ common-cu124-v20241224-ubuntu-2204-py310
2026-05-06 08:54:51,721 INFO     ___FILE_ONLY___                   
2026-05-06 08:54:51,721 INFO     ___FILE_ONLY___ 2025-01-14T17:55:10.616-08:00
2026-05-06 08:54:51,721 INFO     ___FILE_ONLY___   
2026-05-06 08:54:51,721 INFO     ___FILE_ONLY___ DEPRECATED
2026-05-06 08:54:51,721 INFO     ___FILE_ONLY___ 

2026-05-06 08:54:51,721 INFO     ___FILE_ONLY___ common-cu124-ubuntu-2204-conda
2026-05-06 08:54:51,721 INFO     ___FILE_ONLY___                   
2026-05-06 08:54:51,721 INFO     ___FILE_ONLY___ common-cu124-v20250205-ubuntu-2204-conda
2026-05-06 08:54:51,721 INFO     ___FILE_ONLY___                   
2026-05-06 08:54:51,721 INFO     ___FILE_ONLY___ 2025-02-13T11:56:08.074-08:00
2026-05-06 08:54:51,721 INFO     ___FILE_ONLY___   
2026-05-06 08:54:51,721 INFO     ___FILE_ONLY___ DEPRECATED
2026-05-06 08:54:51,721 INFO     ___FILE_ONLY___ 

2026-05-06 08:54:51,721 INFO     ___FILE_ONLY___ common-cu124-ubuntu-2204-py310-conda
2026-05-06 08:54:51,721 INFO     ___FILE_ONLY___             
2026-05-06 08:54:51,721 INFO     ___FILE_ONLY___ common-cu124-v20250205-ubuntu-2204-py310-conda
2026-05-06 08:54:51,721 INFO     ___FILE_ONLY___             
2026-05-06 08:54:51,721 INFO     ___FILE_ONLY___ 2025-02-13T11:38:02.506-08:00
2026-05-06 08:54:51,721 INFO     ___FILE_ONLY___   
2026-05-06 08:54:51,721 INFO     ___FILE_ONLY___ DEPRECATED
2026-05-06 08:54:51,721 INFO     ___FILE_ONLY___ 

2026-05-06 08:54:51,721 INFO     ___FILE_ONLY___ common-cu124-ubuntu-2204
2026-05-06 08:54:51,721 INFO     ___FILE_ONLY___                         
2026-05-06 08:54:51,721 INFO     ___FILE_ONLY___ common-cu124-v20250310-ubuntu-2204
2026-05-06 08:54:51,721 INFO     ___FILE_ONLY___                         
2026-05-06 08:54:51,721 INFO     ___FILE_ONLY___ 2025-03-11T11:56:34.773-07:00
2026-05-06 08:54:51,721 INFO     ___FILE_ONLY___   
2026-05-06 08:54:51,721 INFO     ___FILE_ONLY___ DEPRECATED
2026-05-06 08:54:51,721 INFO     ___FILE_ONLY___ 

2026-05-06 08:54:51,721 INFO     ___FILE_ONLY___ common-cu124-ubuntu-2204-py310
2026-05-06 08:54:51,721 INFO     ___FILE_ONLY___                   
2026-05-06 08:54:51,721 INFO     ___FILE_ONLY___ common-cu124-v20250310-ubuntu-2204-py310
2026-05-06 08:54:51,722 INFO     ___FILE_ONLY___                   
2026-05-06 08:54:51,722 INFO     ___FILE_ONLY___ 2025-03-11T11:37:33.726-07:00
2026-05-06 08:54:51,722 INFO     ___FILE_ONLY___   
2026-05-06 08:54:51,722 INFO     ___FILE_ONLY___ DEPRECATED
2026-05-06 08:54:51,722 INFO     ___FILE_ONLY___ 

2026-05-06 08:54:51,722 INFO     ___FILE_ONLY___ common-cu124-ubuntu-2204
2026-05-06 08:54:51,722 INFO     ___FILE_ONLY___                         
2026-05-06 08:54:51,722 INFO     ___FILE_ONLY___ common-cu124-v20250325-ubuntu-2204
2026-05-06 08:54:51,722 INFO     ___FILE_ONLY___                         
2026-05-06 08:54:51,722 INFO     ___FILE_ONLY___ 2025-04-14T12:44:46.114-07:00
2026-05-06 08:54:51,722 INFO     ___FILE_ONLY___   
2026-05-06 08:54:51,722 INFO     ___FILE_ONLY___ DEPRECATED
2026-05-06 08:54:51,722 INFO     ___FILE_ONLY___ 

2026-05-06 08:54:51,722 INFO     ___FILE_ONLY___ common-cu124-ubuntu-2204-conda
2026-05-06 08:54:51,722 INFO     ___FILE_ONLY___                   
2026-05-06 08:54:51,722 INFO     ___FILE_ONLY___ common-cu124-v20250325-ubuntu-2204-conda
2026-05-06 08:54:51,722 INFO     ___FILE_ONLY___                   
2026-05-06 08:54:51,722 INFO     ___FILE_ONLY___ 2025-04-14T12:34:14.912-07:00
2026-05-06 08:54:51,722 INFO     ___FILE_ONLY___   
2026-05-06 08:54:51,722 INFO     ___FILE_ONLY___ DEPRECATED
2026-05-06 08:54:51,722 INFO     ___FILE_ONLY___ 

2026-05-06 08:54:51,722 INFO     ___FILE_ONLY___ common-cu124-ubuntu-2204-py310
2026-05-06 08:54:51,722 INFO     ___FILE_ONLY___                   
2026-05-06 08:54:51,722 INFO     ___FILE_ONLY___ common-cu124-v20250325-ubuntu-2204-py310
2026-05-06 08:54:51,722 INFO     ___FILE_ONLY___                   
2026-05-06 08:54:51,722 INFO     ___FILE_ONLY___ 2025-04-14T12:26:04.901-07:00
2026-05-06 08:54:51,722 INFO     ___FILE_ONLY___   
2026-05-06 08:54:51,722 INFO     ___FILE_ONLY___ DEPRECATED
2026-05-06 08:54:51,722 INFO     ___FILE_ONLY___ 

2026-05-06 08:54:51,722 INFO     ___FILE_ONLY___ common-cu124-ubuntu-2204-py310-conda
2026-05-06 08:54:51,722 INFO     ___FILE_ONLY___             
2026-05-06 08:54:51,722 INFO     ___FILE_ONLY___ common-cu124-v20250325-ubuntu-2204-py310-conda
2026-05-06 08:54:51,722 INFO     ___FILE_ONLY___             
2026-05-06 08:54:51,722 INFO     ___FILE_ONLY___ 2025-04-14T12:16:36.556-07:00
2026-05-06 08:54:51,722 INFO     ___FILE_ONLY___   
2026-05-06 08:54:51,722 INFO     ___FILE_ONLY___ DEPRECATED
2026-05-06 08:54:51,722 INFO     ___FILE_ONLY___ 

2026-05-06 08:54:51,722 INFO     ___FILE_ONLY___ common-cu124-ubuntu-2204
2026-05-06 08:54:51,722 INFO     ___FILE_ONLY___                         
2026-05-06 08:54:51,722 INFO     ___FILE_ONLY___ common-cu124-v20250327-ubuntu-2204
2026-05-06 08:54:51,722 INFO     ___FILE_ONLY___                         
2026-05-06 08:54:51,722 INFO     ___FILE_ONLY___ 2025-03-28T11:09:43.386-07:00
2026-05-06 08:54:51,722 INFO     ___FILE_ONLY___   
2026-05-06 08:54:51,722 INFO     ___FILE_ONLY___ DEPRECATED
2026-05-06 08:54:51,722 INFO     ___FILE_ONLY___ 

2026-05-06 08:54:51,722 INFO     ___FILE_ONLY___ common-cu124-ubuntu-2204-conda
2026-05-06 08:54:51,722 INFO     ___FILE_ONLY___                   
2026-05-06 08:54:51,722 INFO     ___FILE_ONLY___ common-cu124-v20250327-ubuntu-2204-conda
2026-05-06 08:54:51,723 INFO     ___FILE_ONLY___                   
2026-05-06 08:54:51,723 INFO     ___FILE_ONLY___ 2025-03-28T10:55:20.889-07:00
2026-05-06 08:54:51,723 INFO     ___FILE_ONLY___   
2026-05-06 08:54:51,723 INFO     ___FILE_ONLY___ DEPRECATED
2026-05-06 08:54:51,723 INFO     ___FILE_ONLY___ 

2026-05-06 08:54:51,723 INFO     ___FILE_ONLY___ common-cu124-ubuntu-2204-py310
2026-05-06 08:54:51,723 INFO     ___FILE_ONLY___                   
2026-05-06 08:54:51,723 INFO     ___FILE_ONLY___ common-cu124-v20250327-ubuntu-2204-py310
2026-05-06 08:54:51,723 INFO     ___FILE_ONLY___                   
2026-05-06 08:54:51,723 INFO     ___FILE_ONLY___ 2025-03-28T10:49:23.114-07:00
2026-05-06 08:54:51,723 INFO     ___FILE_ONLY___   
2026-05-06 08:54:51,723 INFO     ___FILE_ONLY___ DEPRECATED
2026-05-06 08:54:51,723 INFO     ___FILE_ONLY___ 

2026-05-06 08:54:51,723 INFO     ___FILE_ONLY___ common-cu124-ubuntu-2204-py310-conda
2026-05-06 08:54:51,723 INFO     ___FILE_ONLY___             
2026-05-06 08:54:51,723 INFO     ___FILE_ONLY___ common-cu124-v20250327-ubuntu-2204-py310-conda
2026-05-06 08:54:51,723 INFO     ___FILE_ONLY___             
2026-05-06 08:54:51,723 INFO     ___FILE_ONLY___ 2025-03-28T10:37:11.658-07:00
2026-05-06 08:54:51,723 INFO     ___FILE_ONLY___   
2026-05-06 08:54:51,723 INFO     ___FILE_ONLY___ DEPRECATED
2026-05-06 08:54:51,723 INFO     ___FILE_ONLY___ 

2026-05-06 08:54:51,723 INFO     ___FILE_ONLY___ common-cu128-ubuntu-2204-nvidia-570
2026-05-06 08:54:51,723 INFO     ___FILE_ONLY___              
2026-05-06 08:54:51,723 INFO     ___FILE_ONLY___ common-cu128-ubuntu-2204-nvidia-570-v20250728
2026-05-06 08:54:51,723 INFO     ___FILE_ONLY___              
2026-05-06 08:54:51,723 INFO     ___FILE_ONLY___ 2025-07-28T09:59:02.050-07:00
2026-05-06 08:54:51,723 INFO     ___FILE_ONLY___   
2026-05-06 08:54:51,723 INFO     ___FILE_ONLY___ DEPRECATED
2026-05-06 08:54:51,723 INFO     ___FILE_ONLY___ 

2026-05-06 08:54:51,723 INFO     ___FILE_ONLY___ common-cu128-ubuntu-2204-nvidia-570
2026-05-06 08:54:51,723 INFO     ___FILE_ONLY___              
2026-05-06 08:54:51,723 INFO     ___FILE_ONLY___ common-cu128-ubuntu-2204-nvidia-570-v20250922
2026-05-06 08:54:51,723 INFO     ___FILE_ONLY___              
2026-05-06 08:54:51,723 INFO     ___FILE_ONLY___ 2025-09-21T22:18:25.759-07:00
2026-05-06 08:54:51,723 INFO     ___FILE_ONLY___   
2026-05-06 08:54:51,723 INFO     ___FILE_ONLY___ DEPRECATED
2026-05-06 08:54:51,723 INFO     ___FILE_ONLY___ 

2026-05-06 08:54:51,723 INFO     ___FILE_ONLY___ common-cu128-ubuntu-2204-nvidia-570
2026-05-06 08:54:51,723 INFO     ___FILE_ONLY___              
2026-05-06 08:54:51,723 INFO     ___FILE_ONLY___ common-cu128-ubuntu-2204-nvidia-570-v20251009
2026-05-06 08:54:51,723 INFO     ___FILE_ONLY___              
2026-05-06 08:54:51,723 INFO     ___FILE_ONLY___ 2025-10-09T03:11:55.778-07:00
2026-05-06 08:54:51,723 INFO     ___FILE_ONLY___   
2026-05-06 08:54:51,723 INFO     ___FILE_ONLY___ DEPRECATED
2026-05-06 08:54:51,723 INFO     ___FILE_ONLY___ 

2026-05-06 08:54:51,723 INFO     ___FILE_ONLY___ common-cu128-ubuntu-2204-nvidia-570
2026-05-06 08:54:51,723 INFO     ___FILE_ONLY___              
2026-05-06 08:54:51,723 INFO     ___FILE_ONLY___ common-cu128-ubuntu-2204-nvidia-570-v20251105
2026-05-06 08:54:51,723 INFO     ___FILE_ONLY___              
2026-05-06 08:54:51,723 INFO     ___FILE_ONLY___ 2025-11-04T22:36:21.356-08:00
2026-05-06 08:54:51,723 INFO     ___FILE_ONLY___   
2026-05-06 08:54:51,723 INFO     ___FILE_ONLY___ DEPRECATED
2026-05-06 08:54:51,723 INFO     ___FILE_ONLY___ 

2026-05-06 08:54:51,724 INFO     ___FILE_ONLY___ common-cu128-ubuntu-2204-nvidia-570
2026-05-06 08:54:51,724 INFO     ___FILE_ONLY___              
2026-05-06 08:54:51,724 INFO     ___FILE_ONLY___ common-cu128-ubuntu-2204-nvidia-570-v20251119
2026-05-06 08:54:51,724 INFO     ___FILE_ONLY___              
2026-05-06 08:54:51,724 INFO     ___FILE_ONLY___ 2025-11-19T03:28:27.927-08:00
2026-05-06 08:54:51,724 INFO     ___FILE_ONLY___   
2026-05-06 08:54:51,724 INFO     ___FILE_ONLY___ DEPRECATED
2026-05-06 08:54:51,724 INFO     ___FILE_ONLY___ 

2026-05-06 08:54:51,724 INFO     ___FILE_ONLY___ common-cu128-ubuntu-2204-nvidia-570
2026-05-06 08:54:51,724 INFO     ___FILE_ONLY___              
2026-05-06 08:54:51,724 INFO     ___FILE_ONLY___ common-cu128-ubuntu-2204-nvidia-570-v20251209
2026-05-06 08:54:51,724 INFO     ___FILE_ONLY___              
2026-05-06 08:54:51,724 INFO     ___FILE_ONLY___ 2025-12-09T07:23:36.780-08:00
2026-05-06 08:54:51,724 INFO     ___FILE_ONLY___   
2026-05-06 08:54:51,724 INFO     ___FILE_ONLY___ DEPRECATED
2026-05-06 08:54:51,724 INFO     ___FILE_ONLY___ 

2026-05-06 08:54:51,724 INFO     ___FILE_ONLY___ common-cu128-ubuntu-2204-nvidia-570
2026-05-06 08:54:51,724 INFO     ___FILE_ONLY___              
2026-05-06 08:54:51,724 INFO     ___FILE_ONLY___ common-cu128-ubuntu-2204-nvidia-570-v20251216
2026-05-06 08:54:51,724 INFO     ___FILE_ONLY___              
2026-05-06 08:54:51,724 INFO     ___FILE_ONLY___ 2025-12-16T03:17:48.363-08:00
2026-05-06 08:54:51,724 INFO     ___FILE_ONLY___   
2026-05-06 08:54:51,724 INFO     ___FILE_ONLY___ DEPRECATED
2026-05-06 08:54:51,724 INFO     ___FILE_ONLY___ 

2026-05-06 08:54:51,724 INFO     ___FILE_ONLY___ common-cu128-ubuntu-2204-nvidia-570
2026-05-06 08:54:51,724 INFO     ___FILE_ONLY___              
2026-05-06 08:54:51,724 INFO     ___FILE_ONLY___ common-cu128-ubuntu-2204-nvidia-570-v20251230
2026-05-06 08:54:51,724 INFO     ___FILE_ONLY___              
2026-05-06 08:54:51,724 INFO     ___FILE_ONLY___ 2025-12-30T02:16:53.362-08:00
2026-05-06 08:54:51,724 INFO     ___FILE_ONLY___   
2026-05-06 08:54:51,724 INFO     ___FILE_ONLY___ DEPRECATED
2026-05-06 08:54:51,724 INFO     ___FILE_ONLY___ 

2026-05-06 08:54:51,724 INFO     ___FILE_ONLY___ common-cu128-ubuntu-2204-nvidia-570
2026-05-06 08:54:51,724 INFO     ___FILE_ONLY___              
2026-05-06 08:54:51,724 INFO     ___FILE_ONLY___ common-cu128-ubuntu-2204-nvidia-570-v20260113
2026-05-06 08:54:51,724 INFO     ___FILE_ONLY___              
2026-05-06 08:54:51,724 INFO     ___FILE_ONLY___ 2026-01-12T21:54:48.789-08:00
2026-05-06 08:54:51,724 INFO     ___FILE_ONLY___   
2026-05-06 08:54:51,724 INFO     ___FILE_ONLY___ DEPRECATED
2026-05-06 08:54:51,724 INFO     ___FILE_ONLY___ 

2026-05-06 08:54:51,724 INFO     ___FILE_ONLY___ common-cu128-ubuntu-2204-nvidia-570
2026-05-06 08:54:51,724 INFO     ___FILE_ONLY___              
2026-05-06 08:54:51,724 INFO     ___FILE_ONLY___ common-cu128-ubuntu-2204-nvidia-570-v20260119
2026-05-06 08:54:51,724 INFO     ___FILE_ONLY___              
2026-05-06 08:54:51,724 INFO     ___FILE_ONLY___ 2026-01-19T00:12:00.924-08:00
2026-05-06 08:54:51,724 INFO     ___FILE_ONLY___   
2026-05-06 08:54:51,724 INFO     ___FILE_ONLY___ DEPRECATED
2026-05-06 08:54:51,724 INFO     ___FILE_ONLY___ 

2026-05-06 08:54:51,724 INFO     ___FILE_ONLY___ common-cu128-ubuntu-2204-nvidia-570
2026-05-06 08:54:51,724 INFO     ___FILE_ONLY___              
2026-05-06 08:54:51,724 INFO     ___FILE_ONLY___ common-cu128-ubuntu-2204-nvidia-570-v20260129
2026-05-06 08:54:51,724 INFO     ___FILE_ONLY___              
2026-05-06 08:54:51,724 INFO     ___FILE_ONLY___ 2026-01-28T22:02:49.084-08:00
2026-05-06 08:54:51,724 INFO     ___FILE_ONLY___   
2026-05-06 08:54:51,725 INFO     ___FILE_ONLY___ DEPRECATED
2026-05-06 08:54:51,725 INFO     ___FILE_ONLY___ 

2026-05-06 08:54:51,725 INFO     ___FILE_ONLY___ common-cu128-ubuntu-2204-nvidia-570
2026-05-06 08:54:51,725 INFO     ___FILE_ONLY___              
2026-05-06 08:54:51,725 INFO     ___FILE_ONLY___ common-cu128-ubuntu-2204-nvidia-570-v20260217
2026-05-06 08:54:51,725 INFO     ___FILE_ONLY___              
2026-05-06 08:54:51,725 INFO     ___FILE_ONLY___ 2026-02-17T02:00:28.455-08:00
2026-05-06 08:54:51,725 INFO     ___FILE_ONLY___   
2026-05-06 08:54:51,725 INFO     ___FILE_ONLY___ DEPRECATED
2026-05-06 08:54:51,725 INFO     ___FILE_ONLY___ 

2026-05-06 08:54:51,725 INFO     ___FILE_ONLY___ common-cu128-ubuntu-2204-nvidia-570
2026-05-06 08:54:51,725 INFO     ___FILE_ONLY___              
2026-05-06 08:54:51,725 INFO     ___FILE_ONLY___ common-cu128-ubuntu-2204-nvidia-570-v20260220
2026-05-06 08:54:51,725 INFO     ___FILE_ONLY___              
2026-05-06 08:54:51,725 INFO     ___FILE_ONLY___ 2026-02-20T00:36:33.411-08:00
2026-05-06 08:54:51,725 INFO     ___FILE_ONLY___   
2026-05-06 08:54:51,725 INFO     ___FILE_ONLY___ DEPRECATED
2026-05-06 08:54:51,725 INFO     ___FILE_ONLY___ 

2026-05-06 08:54:51,725 INFO     ___FILE_ONLY___ common-cu128-ubuntu-2204-nvidia-570
2026-05-06 08:54:51,725 INFO     ___FILE_ONLY___              
2026-05-06 08:54:51,725 INFO     ___FILE_ONLY___ common-cu128-ubuntu-2204-nvidia-570-v20260305
2026-05-06 08:54:51,725 INFO     ___FILE_ONLY___              
2026-05-06 08:54:51,725 INFO     ___FILE_ONLY___ 2026-03-04T22:33:34.939-08:00
2026-05-06 08:54:51,725 INFO     ___FILE_ONLY___   
2026-05-06 08:54:51,725 INFO     ___FILE_ONLY___ DEPRECATED
2026-05-06 08:54:51,725 INFO     ___FILE_ONLY___ 

2026-05-06 08:54:51,725 INFO     ___FILE_ONLY___ common-cu128-ubuntu-2204-nvidia-570
2026-05-06 08:54:51,725 INFO     ___FILE_ONLY___              
2026-05-06 08:54:51,725 INFO     ___FILE_ONLY___ common-cu128-ubuntu-2204-nvidia-570-v20260320
2026-05-06 08:54:51,725 INFO     ___FILE_ONLY___              
2026-05-06 08:54:51,725 INFO     ___FILE_ONLY___ 2026-03-20T00:59:37.575-07:00
2026-05-06 08:54:51,725 INFO     ___FILE_ONLY___   
2026-05-06 08:54:51,725 INFO     ___FILE_ONLY___ DEPRECATED
2026-05-06 08:54:51,725 INFO     ___FILE_ONLY___ 

2026-05-06 08:54:51,725 INFO     ___FILE_ONLY___ common-cu129-ubuntu-2204-nvidia-580
2026-05-06 08:54:51,725 INFO     ___FILE_ONLY___              
2026-05-06 08:54:51,725 INFO     ___FILE_ONLY___ common-cu129-ubuntu-2204-nvidia-580-v20260408
2026-05-06 08:54:51,725 INFO     ___FILE_ONLY___              
2026-05-06 08:54:51,725 INFO     ___FILE_ONLY___ 2026-04-08T04:00:48.228-07:00
2026-05-06 08:54:51,725 INFO     ___FILE_ONLY___   
2026-05-06 08:54:51,725 INFO     ___FILE_ONLY___ DEPRECATED
2026-05-06 08:54:51,725 INFO     ___FILE_ONLY___ 

2026-05-06 08:54:51,725 INFO     ___FILE_ONLY___ common-cu129-ubuntu-2204-nvidia-580
2026-05-06 08:54:51,725 INFO     ___FILE_ONLY___              
2026-05-06 08:54:51,725 INFO     ___FILE_ONLY___ common-cu129-ubuntu-2204-nvidia-580-v20260427
2026-05-06 08:54:51,725 INFO     ___FILE_ONLY___              
2026-05-06 08:54:51,725 INFO     ___FILE_ONLY___ 2026-04-27T02:59:55.267-07:00
2026-05-06 08:54:51,725 INFO     ___FILE_ONLY___   
2026-05-06 08:54:51,725 INFO     ___FILE_ONLY___ DEPRECATED
2026-05-06 08:54:51,725 INFO     ___FILE_ONLY___ 

2026-05-06 08:54:51,725 INFO     ___FILE_ONLY___ common-cu129-ubuntu-2204-nvidia-580
2026-05-06 08:54:51,725 INFO     ___FILE_ONLY___              
2026-05-06 08:54:51,725 INFO     ___FILE_ONLY___ common-cu129-ubuntu-2204-nvidia-580-v20260430
2026-05-06 08:54:51,726 INFO     ___FILE_ONLY___              
2026-05-06 08:54:51,726 INFO     ___FILE_ONLY___ 2026-04-30T03:54:28.283-07:00
2026-05-06 08:54:51,726 INFO     ___FILE_ONLY___ 

2026-05-06 08:54:51,744 DEBUG    root            Metrics reporting process started...
