2026-05-29 15:21:37,416 DEBUG    root            Loaded Command Group: ['gcloud', 'alpha', 'quotas']
2026-05-29 15:21:37,417 DEBUG    root            Loaded Command Group: ['gcloud', 'alpha', 'quotas', 'info']
2026-05-29 15:21:37,419 DEBUG    root            Loaded Command Group: ['gcloud', 'alpha', 'quotas', 'info', 'describe']
2026-05-29 15:21:37,421 DEBUG    root            Running [gcloud.alpha.quotas.info.describe] with arguments: [--project: "env-integration-fenway", --service: "compute.googleapis.com", QUOTA_ID: "GPUS-PER-GPU-FAMILY-per-project-region"]
2026-05-29 15:21:37,423 DEBUG    root            On GCE from memory cache: False
2026-05-29 15:21:37,425 DEBUG    root            On GCE from memory cache: False
2026-05-29 15:21:37,445 DEBUG    urllib3.connectionpool Starting new HTTPS connection (1): cloudquotas.googleapis.com:443
2026-05-29 15:21:37,989 DEBUG    urllib3.connectionpool https://cloudquotas.googleapis.com:443 "GET /v1/projects/env-integration-fenway/locations/global/services/compute.googleapis.com/quotaInfos/GPUS-PER-GPU-FAMILY-per-project-region?alt=json HTTP/1.1" 200 None
2026-05-29 15:21:38,001 DEBUG    root            Chosen display Format:default
2026-05-29 15:21:38,003 INFO     root            Display format: "default"
2026-05-29 15:21:38,077 INFO     ___FILE_ONLY___ containerType
2026-05-29 15:21:38,077 INFO     ___FILE_ONLY___ :
2026-05-29 15:21:38,077 INFO     ___FILE_ONLY___  
2026-05-29 15:21:38,078 INFO     ___FILE_ONLY___ PROJECT
2026-05-29 15:21:38,081 INFO     ___FILE_ONLY___ 

2026-05-29 15:21:38,081 INFO     ___FILE_ONLY___ dimensions
2026-05-29 15:21:38,082 INFO     ___FILE_ONLY___ :
2026-05-29 15:21:38,082 INFO     ___FILE_ONLY___ 

2026-05-29 15:21:38,082 INFO     ___FILE_ONLY___ -
2026-05-29 15:21:38,082 INFO     ___FILE_ONLY___  
2026-05-29 15:21:38,085 INFO     ___FILE_ONLY___ gpu_family
2026-05-29 15:21:38,085 INFO     ___FILE_ONLY___ 

2026-05-29 15:21:38,085 INFO     ___FILE_ONLY___ -
2026-05-29 15:21:38,086 INFO     ___FILE_ONLY___  
2026-05-29 15:21:38,086 INFO     ___FILE_ONLY___ region
2026-05-29 15:21:38,086 INFO     ___FILE_ONLY___ 

2026-05-29 15:21:38,086 INFO     ___FILE_ONLY___ dimensionsInfos
2026-05-29 15:21:38,086 INFO     ___FILE_ONLY___ :
2026-05-29 15:21:38,086 INFO     ___FILE_ONLY___ 

2026-05-29 15:21:38,086 INFO     ___FILE_ONLY___ -
2026-05-29 15:21:38,086 INFO     ___FILE_ONLY___  
2026-05-29 15:21:38,086 INFO     ___FILE_ONLY___ applicableLocations
2026-05-29 15:21:38,086 INFO     ___FILE_ONLY___ :
2026-05-29 15:21:38,086 INFO     ___FILE_ONLY___ 

2026-05-29 15:21:38,086 INFO     ___FILE_ONLY___   
2026-05-29 15:21:38,086 INFO     ___FILE_ONLY___ -
2026-05-29 15:21:38,086 INFO     ___FILE_ONLY___  
2026-05-29 15:21:38,086 INFO     ___FILE_ONLY___ us-central1
2026-05-29 15:21:38,086 INFO     ___FILE_ONLY___ 

2026-05-29 15:21:38,086 INFO     ___FILE_ONLY___   
2026-05-29 15:21:38,086 INFO     ___FILE_ONLY___ details
2026-05-29 15:21:38,086 INFO     ___FILE_ONLY___ :
2026-05-29 15:21:38,086 INFO     ___FILE_ONLY___  {
2026-05-29 15:21:38,086 INFO     ___FILE_ONLY___ }
2026-05-29 15:21:38,086 INFO     ___FILE_ONLY___ 

2026-05-29 15:21:38,086 INFO     ___FILE_ONLY___   
2026-05-29 15:21:38,086 INFO     ___FILE_ONLY___ dimensions
2026-05-29 15:21:38,087 INFO     ___FILE_ONLY___ :
2026-05-29 15:21:38,087 INFO     ___FILE_ONLY___ 

2026-05-29 15:21:38,087 INFO     ___FILE_ONLY___     
2026-05-29 15:21:38,087 INFO     ___FILE_ONLY___ gpu_family
2026-05-29 15:21:38,087 INFO     ___FILE_ONLY___ :
2026-05-29 15:21:38,087 INFO     ___FILE_ONLY___  
2026-05-29 15:21:38,087 INFO     ___FILE_ONLY___ NVIDIA_RTX_PRO_6000
2026-05-29 15:21:38,087 INFO     ___FILE_ONLY___ 

2026-05-29 15:21:38,087 INFO     ___FILE_ONLY___     
2026-05-29 15:21:38,087 INFO     ___FILE_ONLY___ region
2026-05-29 15:21:38,087 INFO     ___FILE_ONLY___ :
2026-05-29 15:21:38,087 INFO     ___FILE_ONLY___  
2026-05-29 15:21:38,087 INFO     ___FILE_ONLY___ us-central1
2026-05-29 15:21:38,087 INFO     ___FILE_ONLY___ 

2026-05-29 15:21:38,087 INFO     ___FILE_ONLY___ -
2026-05-29 15:21:38,087 INFO     ___FILE_ONLY___  
2026-05-29 15:21:38,087 INFO     ___FILE_ONLY___ applicableLocations
2026-05-29 15:21:38,087 INFO     ___FILE_ONLY___ :
2026-05-29 15:21:38,087 INFO     ___FILE_ONLY___ 

2026-05-29 15:21:38,087 INFO     ___FILE_ONLY___   
2026-05-29 15:21:38,087 INFO     ___FILE_ONLY___ -
2026-05-29 15:21:38,087 INFO     ___FILE_ONLY___  
2026-05-29 15:21:38,087 INFO     ___FILE_ONLY___ africa-south1
2026-05-29 15:21:38,087 INFO     ___FILE_ONLY___ 

2026-05-29 15:21:38,087 INFO     ___FILE_ONLY___   
2026-05-29 15:21:38,087 INFO     ___FILE_ONLY___ -
2026-05-29 15:21:38,087 INFO     ___FILE_ONLY___  
2026-05-29 15:21:38,087 INFO     ___FILE_ONLY___ asia-east1
2026-05-29 15:21:38,087 INFO     ___FILE_ONLY___ 

2026-05-29 15:21:38,087 INFO     ___FILE_ONLY___   
2026-05-29 15:21:38,087 INFO     ___FILE_ONLY___ -
2026-05-29 15:21:38,087 INFO     ___FILE_ONLY___  
2026-05-29 15:21:38,087 INFO     ___FILE_ONLY___ asia-east2
2026-05-29 15:21:38,088 INFO     ___FILE_ONLY___ 

2026-05-29 15:21:38,088 INFO     ___FILE_ONLY___   
2026-05-29 15:21:38,088 INFO     ___FILE_ONLY___ -
2026-05-29 15:21:38,088 INFO     ___FILE_ONLY___  
2026-05-29 15:21:38,088 INFO     ___FILE_ONLY___ asia-northeast1
2026-05-29 15:21:38,088 INFO     ___FILE_ONLY___ 

2026-05-29 15:21:38,088 INFO     ___FILE_ONLY___   
2026-05-29 15:21:38,088 INFO     ___FILE_ONLY___ -
2026-05-29 15:21:38,088 INFO     ___FILE_ONLY___  
2026-05-29 15:21:38,088 INFO     ___FILE_ONLY___ asia-northeast2
2026-05-29 15:21:38,088 INFO     ___FILE_ONLY___ 

2026-05-29 15:21:38,088 INFO     ___FILE_ONLY___   
2026-05-29 15:21:38,088 INFO     ___FILE_ONLY___ -
2026-05-29 15:21:38,088 INFO     ___FILE_ONLY___  
2026-05-29 15:21:38,088 INFO     ___FILE_ONLY___ asia-northeast3
2026-05-29 15:21:38,088 INFO     ___FILE_ONLY___ 

2026-05-29 15:21:38,088 INFO     ___FILE_ONLY___   
2026-05-29 15:21:38,088 INFO     ___FILE_ONLY___ -
2026-05-29 15:21:38,088 INFO     ___FILE_ONLY___  
2026-05-29 15:21:38,088 INFO     ___FILE_ONLY___ asia-south1
2026-05-29 15:21:38,088 INFO     ___FILE_ONLY___ 

2026-05-29 15:21:38,088 INFO     ___FILE_ONLY___   
2026-05-29 15:21:38,088 INFO     ___FILE_ONLY___ -
2026-05-29 15:21:38,088 INFO     ___FILE_ONLY___  
2026-05-29 15:21:38,088 INFO     ___FILE_ONLY___ asia-south2
2026-05-29 15:21:38,088 INFO     ___FILE_ONLY___ 

2026-05-29 15:21:38,088 INFO     ___FILE_ONLY___   
2026-05-29 15:21:38,088 INFO     ___FILE_ONLY___ -
2026-05-29 15:21:38,088 INFO     ___FILE_ONLY___  
2026-05-29 15:21:38,088 INFO     ___FILE_ONLY___ asia-southeast1
2026-05-29 15:21:38,088 INFO     ___FILE_ONLY___ 

2026-05-29 15:21:38,088 INFO     ___FILE_ONLY___   
2026-05-29 15:21:38,088 INFO     ___FILE_ONLY___ -
2026-05-29 15:21:38,088 INFO     ___FILE_ONLY___  
2026-05-29 15:21:38,088 INFO     ___FILE_ONLY___ asia-southeast2
2026-05-29 15:21:38,088 INFO     ___FILE_ONLY___ 

2026-05-29 15:21:38,088 INFO     ___FILE_ONLY___   
2026-05-29 15:21:38,088 INFO     ___FILE_ONLY___ -
2026-05-29 15:21:38,088 INFO     ___FILE_ONLY___  
2026-05-29 15:21:38,088 INFO     ___FILE_ONLY___ asia-southeast3
2026-05-29 15:21:38,088 INFO     ___FILE_ONLY___ 

2026-05-29 15:21:38,088 INFO     ___FILE_ONLY___   
2026-05-29 15:21:38,088 INFO     ___FILE_ONLY___ -
2026-05-29 15:21:38,088 INFO     ___FILE_ONLY___  
2026-05-29 15:21:38,088 INFO     ___FILE_ONLY___ australia-southeast1
2026-05-29 15:21:38,088 INFO     ___FILE_ONLY___ 

2026-05-29 15:21:38,088 INFO     ___FILE_ONLY___   
2026-05-29 15:21:38,088 INFO     ___FILE_ONLY___ -
2026-05-29 15:21:38,089 INFO     ___FILE_ONLY___  
2026-05-29 15:21:38,089 INFO     ___FILE_ONLY___ australia-southeast2
2026-05-29 15:21:38,089 INFO     ___FILE_ONLY___ 

2026-05-29 15:21:38,089 INFO     ___FILE_ONLY___   
2026-05-29 15:21:38,089 INFO     ___FILE_ONLY___ -
2026-05-29 15:21:38,089 INFO     ___FILE_ONLY___  
2026-05-29 15:21:38,089 INFO     ___FILE_ONLY___ europe-central2
2026-05-29 15:21:38,089 INFO     ___FILE_ONLY___ 

2026-05-29 15:21:38,089 INFO     ___FILE_ONLY___   
2026-05-29 15:21:38,089 INFO     ___FILE_ONLY___ -
2026-05-29 15:21:38,089 INFO     ___FILE_ONLY___  
2026-05-29 15:21:38,089 INFO     ___FILE_ONLY___ europe-north1
2026-05-29 15:21:38,089 INFO     ___FILE_ONLY___ 

2026-05-29 15:21:38,089 INFO     ___FILE_ONLY___   
2026-05-29 15:21:38,089 INFO     ___FILE_ONLY___ -
2026-05-29 15:21:38,089 INFO     ___FILE_ONLY___  
2026-05-29 15:21:38,089 INFO     ___FILE_ONLY___ europe-north2
2026-05-29 15:21:38,089 INFO     ___FILE_ONLY___ 

2026-05-29 15:21:38,089 INFO     ___FILE_ONLY___   
2026-05-29 15:21:38,089 INFO     ___FILE_ONLY___ -
2026-05-29 15:21:38,089 INFO     ___FILE_ONLY___  
2026-05-29 15:21:38,089 INFO     ___FILE_ONLY___ europe-southwest1
2026-05-29 15:21:38,089 INFO     ___FILE_ONLY___ 

2026-05-29 15:21:38,089 INFO     ___FILE_ONLY___   
2026-05-29 15:21:38,089 INFO     ___FILE_ONLY___ -
2026-05-29 15:21:38,089 INFO     ___FILE_ONLY___  
2026-05-29 15:21:38,089 INFO     ___FILE_ONLY___ europe-west1
2026-05-29 15:21:38,089 INFO     ___FILE_ONLY___ 

2026-05-29 15:21:38,089 INFO     ___FILE_ONLY___   
2026-05-29 15:21:38,089 INFO     ___FILE_ONLY___ -
2026-05-29 15:21:38,089 INFO     ___FILE_ONLY___  
2026-05-29 15:21:38,089 INFO     ___FILE_ONLY___ europe-west10
2026-05-29 15:21:38,089 INFO     ___FILE_ONLY___ 

2026-05-29 15:21:38,089 INFO     ___FILE_ONLY___   
2026-05-29 15:21:38,089 INFO     ___FILE_ONLY___ -
2026-05-29 15:21:38,089 INFO     ___FILE_ONLY___  
2026-05-29 15:21:38,089 INFO     ___FILE_ONLY___ europe-west12
2026-05-29 15:21:38,089 INFO     ___FILE_ONLY___ 

2026-05-29 15:21:38,089 INFO     ___FILE_ONLY___   
2026-05-29 15:21:38,089 INFO     ___FILE_ONLY___ -
2026-05-29 15:21:38,089 INFO     ___FILE_ONLY___  
2026-05-29 15:21:38,089 INFO     ___FILE_ONLY___ europe-west2
2026-05-29 15:21:38,089 INFO     ___FILE_ONLY___ 

2026-05-29 15:21:38,089 INFO     ___FILE_ONLY___   
2026-05-29 15:21:38,089 INFO     ___FILE_ONLY___ -
2026-05-29 15:21:38,089 INFO     ___FILE_ONLY___  
2026-05-29 15:21:38,089 INFO     ___FILE_ONLY___ europe-west3
2026-05-29 15:21:38,090 INFO     ___FILE_ONLY___ 

2026-05-29 15:21:38,090 INFO     ___FILE_ONLY___   
2026-05-29 15:21:38,090 INFO     ___FILE_ONLY___ -
2026-05-29 15:21:38,090 INFO     ___FILE_ONLY___  
2026-05-29 15:21:38,090 INFO     ___FILE_ONLY___ europe-west4
2026-05-29 15:21:38,090 INFO     ___FILE_ONLY___ 

2026-05-29 15:21:38,090 INFO     ___FILE_ONLY___   
2026-05-29 15:21:38,090 INFO     ___FILE_ONLY___ -
2026-05-29 15:21:38,090 INFO     ___FILE_ONLY___  
2026-05-29 15:21:38,090 INFO     ___FILE_ONLY___ europe-west6
2026-05-29 15:21:38,090 INFO     ___FILE_ONLY___ 

2026-05-29 15:21:38,090 INFO     ___FILE_ONLY___   
2026-05-29 15:21:38,090 INFO     ___FILE_ONLY___ -
2026-05-29 15:21:38,090 INFO     ___FILE_ONLY___  
2026-05-29 15:21:38,090 INFO     ___FILE_ONLY___ europe-west8
2026-05-29 15:21:38,090 INFO     ___FILE_ONLY___ 

2026-05-29 15:21:38,090 INFO     ___FILE_ONLY___   
2026-05-29 15:21:38,090 INFO     ___FILE_ONLY___ -
2026-05-29 15:21:38,090 INFO     ___FILE_ONLY___  
2026-05-29 15:21:38,090 INFO     ___FILE_ONLY___ europe-west9
2026-05-29 15:21:38,090 INFO     ___FILE_ONLY___ 

2026-05-29 15:21:38,090 INFO     ___FILE_ONLY___   
2026-05-29 15:21:38,090 INFO     ___FILE_ONLY___ -
2026-05-29 15:21:38,090 INFO     ___FILE_ONLY___  
2026-05-29 15:21:38,090 INFO     ___FILE_ONLY___ me-central1
2026-05-29 15:21:38,090 INFO     ___FILE_ONLY___ 

2026-05-29 15:21:38,090 INFO     ___FILE_ONLY___   
2026-05-29 15:21:38,090 INFO     ___FILE_ONLY___ -
2026-05-29 15:21:38,090 INFO     ___FILE_ONLY___  
2026-05-29 15:21:38,090 INFO     ___FILE_ONLY___ me-central2
2026-05-29 15:21:38,090 INFO     ___FILE_ONLY___ 

2026-05-29 15:21:38,090 INFO     ___FILE_ONLY___   
2026-05-29 15:21:38,090 INFO     ___FILE_ONLY___ -
2026-05-29 15:21:38,090 INFO     ___FILE_ONLY___  
2026-05-29 15:21:38,090 INFO     ___FILE_ONLY___ me-west1
2026-05-29 15:21:38,090 INFO     ___FILE_ONLY___ 

2026-05-29 15:21:38,090 INFO     ___FILE_ONLY___   
2026-05-29 15:21:38,090 INFO     ___FILE_ONLY___ -
2026-05-29 15:21:38,090 INFO     ___FILE_ONLY___  
2026-05-29 15:21:38,090 INFO     ___FILE_ONLY___ northamerica-northeast1
2026-05-29 15:21:38,090 INFO     ___FILE_ONLY___ 

2026-05-29 15:21:38,090 INFO     ___FILE_ONLY___   
2026-05-29 15:21:38,090 INFO     ___FILE_ONLY___ -
2026-05-29 15:21:38,090 INFO     ___FILE_ONLY___  
2026-05-29 15:21:38,090 INFO     ___FILE_ONLY___ northamerica-northeast2
2026-05-29 15:21:38,090 INFO     ___FILE_ONLY___ 

2026-05-29 15:21:38,090 INFO     ___FILE_ONLY___   
2026-05-29 15:21:38,090 INFO     ___FILE_ONLY___ -
2026-05-29 15:21:38,091 INFO     ___FILE_ONLY___  
2026-05-29 15:21:38,091 INFO     ___FILE_ONLY___ northamerica-south1
2026-05-29 15:21:38,091 INFO     ___FILE_ONLY___ 

2026-05-29 15:21:38,091 INFO     ___FILE_ONLY___   
2026-05-29 15:21:38,091 INFO     ___FILE_ONLY___ -
2026-05-29 15:21:38,091 INFO     ___FILE_ONLY___  
2026-05-29 15:21:38,091 INFO     ___FILE_ONLY___ southamerica-east1
2026-05-29 15:21:38,091 INFO     ___FILE_ONLY___ 

2026-05-29 15:21:38,091 INFO     ___FILE_ONLY___   
2026-05-29 15:21:38,091 INFO     ___FILE_ONLY___ -
2026-05-29 15:21:38,091 INFO     ___FILE_ONLY___  
2026-05-29 15:21:38,091 INFO     ___FILE_ONLY___ southamerica-west1
2026-05-29 15:21:38,091 INFO     ___FILE_ONLY___ 

2026-05-29 15:21:38,091 INFO     ___FILE_ONLY___   
2026-05-29 15:21:38,091 INFO     ___FILE_ONLY___ -
2026-05-29 15:21:38,091 INFO     ___FILE_ONLY___  
2026-05-29 15:21:38,091 INFO     ___FILE_ONLY___ us-central1
2026-05-29 15:21:38,091 INFO     ___FILE_ONLY___ 

2026-05-29 15:21:38,091 INFO     ___FILE_ONLY___   
2026-05-29 15:21:38,091 INFO     ___FILE_ONLY___ -
2026-05-29 15:21:38,091 INFO     ___FILE_ONLY___  
2026-05-29 15:21:38,091 INFO     ___FILE_ONLY___ us-east1
2026-05-29 15:21:38,091 INFO     ___FILE_ONLY___ 

2026-05-29 15:21:38,091 INFO     ___FILE_ONLY___   
2026-05-29 15:21:38,091 INFO     ___FILE_ONLY___ -
2026-05-29 15:21:38,091 INFO     ___FILE_ONLY___  
2026-05-29 15:21:38,091 INFO     ___FILE_ONLY___ us-east4
2026-05-29 15:21:38,091 INFO     ___FILE_ONLY___ 

2026-05-29 15:21:38,091 INFO     ___FILE_ONLY___   
2026-05-29 15:21:38,091 INFO     ___FILE_ONLY___ -
2026-05-29 15:21:38,091 INFO     ___FILE_ONLY___  
2026-05-29 15:21:38,091 INFO     ___FILE_ONLY___ us-east5
2026-05-29 15:21:38,091 INFO     ___FILE_ONLY___ 

2026-05-29 15:21:38,091 INFO     ___FILE_ONLY___   
2026-05-29 15:21:38,091 INFO     ___FILE_ONLY___ -
2026-05-29 15:21:38,091 INFO     ___FILE_ONLY___  
2026-05-29 15:21:38,091 INFO     ___FILE_ONLY___ us-south1
2026-05-29 15:21:38,091 INFO     ___FILE_ONLY___ 

2026-05-29 15:21:38,091 INFO     ___FILE_ONLY___   
2026-05-29 15:21:38,091 INFO     ___FILE_ONLY___ -
2026-05-29 15:21:38,091 INFO     ___FILE_ONLY___  
2026-05-29 15:21:38,091 INFO     ___FILE_ONLY___ us-west1
2026-05-29 15:21:38,091 INFO     ___FILE_ONLY___ 

2026-05-29 15:21:38,091 INFO     ___FILE_ONLY___   
2026-05-29 15:21:38,091 INFO     ___FILE_ONLY___ -
2026-05-29 15:21:38,091 INFO     ___FILE_ONLY___  
2026-05-29 15:21:38,091 INFO     ___FILE_ONLY___ us-west2
2026-05-29 15:21:38,091 INFO     ___FILE_ONLY___ 

2026-05-29 15:21:38,091 INFO     ___FILE_ONLY___   
2026-05-29 15:21:38,092 INFO     ___FILE_ONLY___ -
2026-05-29 15:21:38,092 INFO     ___FILE_ONLY___  
2026-05-29 15:21:38,092 INFO     ___FILE_ONLY___ us-west3
2026-05-29 15:21:38,092 INFO     ___FILE_ONLY___ 

2026-05-29 15:21:38,092 INFO     ___FILE_ONLY___   
2026-05-29 15:21:38,092 INFO     ___FILE_ONLY___ -
2026-05-29 15:21:38,092 INFO     ___FILE_ONLY___  
2026-05-29 15:21:38,092 INFO     ___FILE_ONLY___ us-west4
2026-05-29 15:21:38,092 INFO     ___FILE_ONLY___ 

2026-05-29 15:21:38,092 INFO     ___FILE_ONLY___   
2026-05-29 15:21:38,092 INFO     ___FILE_ONLY___ details
2026-05-29 15:21:38,092 INFO     ___FILE_ONLY___ :
2026-05-29 15:21:38,092 INFO     ___FILE_ONLY___  {
2026-05-29 15:21:38,092 INFO     ___FILE_ONLY___ }
2026-05-29 15:21:38,092 INFO     ___FILE_ONLY___ 

2026-05-29 15:21:38,092 INFO     ___FILE_ONLY___   
2026-05-29 15:21:38,092 INFO     ___FILE_ONLY___ dimensions
2026-05-29 15:21:38,092 INFO     ___FILE_ONLY___ :
2026-05-29 15:21:38,092 INFO     ___FILE_ONLY___ 

2026-05-29 15:21:38,092 INFO     ___FILE_ONLY___     
2026-05-29 15:21:38,092 INFO     ___FILE_ONLY___ gpu_family
2026-05-29 15:21:38,092 INFO     ___FILE_ONLY___ :
2026-05-29 15:21:38,092 INFO     ___FILE_ONLY___  
2026-05-29 15:21:38,092 INFO     ___FILE_ONLY___ NVIDIA_B200
2026-05-29 15:21:38,092 INFO     ___FILE_ONLY___ 

2026-05-29 15:21:38,092 INFO     ___FILE_ONLY___ -
2026-05-29 15:21:38,092 INFO     ___FILE_ONLY___  
2026-05-29 15:21:38,092 INFO     ___FILE_ONLY___ applicableLocations
2026-05-29 15:21:38,092 INFO     ___FILE_ONLY___ :
2026-05-29 15:21:38,092 INFO     ___FILE_ONLY___ 

2026-05-29 15:21:38,092 INFO     ___FILE_ONLY___   
2026-05-29 15:21:38,092 INFO     ___FILE_ONLY___ -
2026-05-29 15:21:38,092 INFO     ___FILE_ONLY___  
2026-05-29 15:21:38,092 INFO     ___FILE_ONLY___ africa-south1
2026-05-29 15:21:38,092 INFO     ___FILE_ONLY___ 

2026-05-29 15:21:38,092 INFO     ___FILE_ONLY___   
2026-05-29 15:21:38,092 INFO     ___FILE_ONLY___ -
2026-05-29 15:21:38,092 INFO     ___FILE_ONLY___  
2026-05-29 15:21:38,092 INFO     ___FILE_ONLY___ asia-east1
2026-05-29 15:21:38,092 INFO     ___FILE_ONLY___ 

2026-05-29 15:21:38,092 INFO     ___FILE_ONLY___   
2026-05-29 15:21:38,092 INFO     ___FILE_ONLY___ -
2026-05-29 15:21:38,093 INFO     ___FILE_ONLY___  
2026-05-29 15:21:38,093 INFO     ___FILE_ONLY___ asia-east2
2026-05-29 15:21:38,093 INFO     ___FILE_ONLY___ 

2026-05-29 15:21:38,093 INFO     ___FILE_ONLY___   
2026-05-29 15:21:38,093 INFO     ___FILE_ONLY___ -
2026-05-29 15:21:38,093 INFO     ___FILE_ONLY___  
2026-05-29 15:21:38,093 INFO     ___FILE_ONLY___ asia-northeast1
2026-05-29 15:21:38,093 INFO     ___FILE_ONLY___ 

2026-05-29 15:21:38,093 INFO     ___FILE_ONLY___   
2026-05-29 15:21:38,093 INFO     ___FILE_ONLY___ -
2026-05-29 15:21:38,093 INFO     ___FILE_ONLY___  
2026-05-29 15:21:38,093 INFO     ___FILE_ONLY___ asia-northeast2
2026-05-29 15:21:38,093 INFO     ___FILE_ONLY___ 

2026-05-29 15:21:38,093 INFO     ___FILE_ONLY___   
2026-05-29 15:21:38,093 INFO     ___FILE_ONLY___ -
2026-05-29 15:21:38,093 INFO     ___FILE_ONLY___  
2026-05-29 15:21:38,093 INFO     ___FILE_ONLY___ asia-northeast3
2026-05-29 15:21:38,093 INFO     ___FILE_ONLY___ 

2026-05-29 15:21:38,093 INFO     ___FILE_ONLY___   
2026-05-29 15:21:38,093 INFO     ___FILE_ONLY___ -
2026-05-29 15:21:38,093 INFO     ___FILE_ONLY___  
2026-05-29 15:21:38,093 INFO     ___FILE_ONLY___ asia-south1
2026-05-29 15:21:38,093 INFO     ___FILE_ONLY___ 

2026-05-29 15:21:38,093 INFO     ___FILE_ONLY___   
2026-05-29 15:21:38,093 INFO     ___FILE_ONLY___ -
2026-05-29 15:21:38,093 INFO     ___FILE_ONLY___  
2026-05-29 15:21:38,093 INFO     ___FILE_ONLY___ asia-south2
2026-05-29 15:21:38,093 INFO     ___FILE_ONLY___ 

2026-05-29 15:21:38,093 INFO     ___FILE_ONLY___   
2026-05-29 15:21:38,093 INFO     ___FILE_ONLY___ -
2026-05-29 15:21:38,093 INFO     ___FILE_ONLY___  
2026-05-29 15:21:38,093 INFO     ___FILE_ONLY___ asia-southeast1
2026-05-29 15:21:38,093 INFO     ___FILE_ONLY___ 

2026-05-29 15:21:38,093 INFO     ___FILE_ONLY___   
2026-05-29 15:21:38,093 INFO     ___FILE_ONLY___ -
2026-05-29 15:21:38,093 INFO     ___FILE_ONLY___  
2026-05-29 15:21:38,093 INFO     ___FILE_ONLY___ asia-southeast2
2026-05-29 15:21:38,093 INFO     ___FILE_ONLY___ 

2026-05-29 15:21:38,093 INFO     ___FILE_ONLY___   
2026-05-29 15:21:38,093 INFO     ___FILE_ONLY___ -
2026-05-29 15:21:38,093 INFO     ___FILE_ONLY___  
2026-05-29 15:21:38,093 INFO     ___FILE_ONLY___ asia-southeast3
2026-05-29 15:21:38,093 INFO     ___FILE_ONLY___ 

2026-05-29 15:21:38,093 INFO     ___FILE_ONLY___   
2026-05-29 15:21:38,093 INFO     ___FILE_ONLY___ -
2026-05-29 15:21:38,093 INFO     ___FILE_ONLY___  
2026-05-29 15:21:38,093 INFO     ___FILE_ONLY___ australia-southeast1
2026-05-29 15:21:38,093 INFO     ___FILE_ONLY___ 

2026-05-29 15:21:38,093 INFO     ___FILE_ONLY___   
2026-05-29 15:21:38,094 INFO     ___FILE_ONLY___ -
2026-05-29 15:21:38,094 INFO     ___FILE_ONLY___  
2026-05-29 15:21:38,094 INFO     ___FILE_ONLY___ australia-southeast2
2026-05-29 15:21:38,094 INFO     ___FILE_ONLY___ 

2026-05-29 15:21:38,094 INFO     ___FILE_ONLY___   
2026-05-29 15:21:38,094 INFO     ___FILE_ONLY___ -
2026-05-29 15:21:38,094 INFO     ___FILE_ONLY___  
2026-05-29 15:21:38,094 INFO     ___FILE_ONLY___ europe-central2
2026-05-29 15:21:38,094 INFO     ___FILE_ONLY___ 

2026-05-29 15:21:38,094 INFO     ___FILE_ONLY___   
2026-05-29 15:21:38,094 INFO     ___FILE_ONLY___ -
2026-05-29 15:21:38,094 INFO     ___FILE_ONLY___  
2026-05-29 15:21:38,094 INFO     ___FILE_ONLY___ europe-north1
2026-05-29 15:21:38,094 INFO     ___FILE_ONLY___ 

2026-05-29 15:21:38,094 INFO     ___FILE_ONLY___   
2026-05-29 15:21:38,094 INFO     ___FILE_ONLY___ -
2026-05-29 15:21:38,094 INFO     ___FILE_ONLY___  
2026-05-29 15:21:38,094 INFO     ___FILE_ONLY___ europe-north2
2026-05-29 15:21:38,094 INFO     ___FILE_ONLY___ 

2026-05-29 15:21:38,094 INFO     ___FILE_ONLY___   
2026-05-29 15:21:38,094 INFO     ___FILE_ONLY___ -
2026-05-29 15:21:38,094 INFO     ___FILE_ONLY___  
2026-05-29 15:21:38,094 INFO     ___FILE_ONLY___ europe-southwest1
2026-05-29 15:21:38,094 INFO     ___FILE_ONLY___ 

2026-05-29 15:21:38,094 INFO     ___FILE_ONLY___   
2026-05-29 15:21:38,094 INFO     ___FILE_ONLY___ -
2026-05-29 15:21:38,094 INFO     ___FILE_ONLY___  
2026-05-29 15:21:38,094 INFO     ___FILE_ONLY___ europe-west1
2026-05-29 15:21:38,094 INFO     ___FILE_ONLY___ 

2026-05-29 15:21:38,094 INFO     ___FILE_ONLY___   
2026-05-29 15:21:38,094 INFO     ___FILE_ONLY___ -
2026-05-29 15:21:38,094 INFO     ___FILE_ONLY___  
2026-05-29 15:21:38,094 INFO     ___FILE_ONLY___ europe-west10
2026-05-29 15:21:38,094 INFO     ___FILE_ONLY___ 

2026-05-29 15:21:38,094 INFO     ___FILE_ONLY___   
2026-05-29 15:21:38,094 INFO     ___FILE_ONLY___ -
2026-05-29 15:21:38,094 INFO     ___FILE_ONLY___  
2026-05-29 15:21:38,094 INFO     ___FILE_ONLY___ europe-west12
2026-05-29 15:21:38,094 INFO     ___FILE_ONLY___ 

2026-05-29 15:21:38,094 INFO     ___FILE_ONLY___   
2026-05-29 15:21:38,094 INFO     ___FILE_ONLY___ -
2026-05-29 15:21:38,094 INFO     ___FILE_ONLY___  
2026-05-29 15:21:38,094 INFO     ___FILE_ONLY___ europe-west2
2026-05-29 15:21:38,094 INFO     ___FILE_ONLY___ 

2026-05-29 15:21:38,094 INFO     ___FILE_ONLY___   
2026-05-29 15:21:38,094 INFO     ___FILE_ONLY___ -
2026-05-29 15:21:38,094 INFO     ___FILE_ONLY___  
2026-05-29 15:21:38,094 INFO     ___FILE_ONLY___ europe-west3
2026-05-29 15:21:38,095 INFO     ___FILE_ONLY___ 

2026-05-29 15:21:38,095 INFO     ___FILE_ONLY___   
2026-05-29 15:21:38,095 INFO     ___FILE_ONLY___ -
2026-05-29 15:21:38,095 INFO     ___FILE_ONLY___  
2026-05-29 15:21:38,095 INFO     ___FILE_ONLY___ europe-west4
2026-05-29 15:21:38,095 INFO     ___FILE_ONLY___ 

2026-05-29 15:21:38,095 INFO     ___FILE_ONLY___   
2026-05-29 15:21:38,095 INFO     ___FILE_ONLY___ -
2026-05-29 15:21:38,095 INFO     ___FILE_ONLY___  
2026-05-29 15:21:38,095 INFO     ___FILE_ONLY___ europe-west6
2026-05-29 15:21:38,095 INFO     ___FILE_ONLY___ 

2026-05-29 15:21:38,095 INFO     ___FILE_ONLY___   
2026-05-29 15:21:38,095 INFO     ___FILE_ONLY___ -
2026-05-29 15:21:38,095 INFO     ___FILE_ONLY___  
2026-05-29 15:21:38,095 INFO     ___FILE_ONLY___ europe-west8
2026-05-29 15:21:38,095 INFO     ___FILE_ONLY___ 

2026-05-29 15:21:38,095 INFO     ___FILE_ONLY___   
2026-05-29 15:21:38,095 INFO     ___FILE_ONLY___ -
2026-05-29 15:21:38,095 INFO     ___FILE_ONLY___  
2026-05-29 15:21:38,095 INFO     ___FILE_ONLY___ europe-west9
2026-05-29 15:21:38,095 INFO     ___FILE_ONLY___ 

2026-05-29 15:21:38,095 INFO     ___FILE_ONLY___   
2026-05-29 15:21:38,095 INFO     ___FILE_ONLY___ -
2026-05-29 15:21:38,095 INFO     ___FILE_ONLY___  
2026-05-29 15:21:38,095 INFO     ___FILE_ONLY___ me-central1
2026-05-29 15:21:38,095 INFO     ___FILE_ONLY___ 

2026-05-29 15:21:38,095 INFO     ___FILE_ONLY___   
2026-05-29 15:21:38,095 INFO     ___FILE_ONLY___ -
2026-05-29 15:21:38,095 INFO     ___FILE_ONLY___  
2026-05-29 15:21:38,095 INFO     ___FILE_ONLY___ me-central2
2026-05-29 15:21:38,095 INFO     ___FILE_ONLY___ 

2026-05-29 15:21:38,095 INFO     ___FILE_ONLY___   
2026-05-29 15:21:38,095 INFO     ___FILE_ONLY___ -
2026-05-29 15:21:38,095 INFO     ___FILE_ONLY___  
2026-05-29 15:21:38,095 INFO     ___FILE_ONLY___ me-west1
2026-05-29 15:21:38,095 INFO     ___FILE_ONLY___ 

2026-05-29 15:21:38,095 INFO     ___FILE_ONLY___   
2026-05-29 15:21:38,095 INFO     ___FILE_ONLY___ -
2026-05-29 15:21:38,095 INFO     ___FILE_ONLY___  
2026-05-29 15:21:38,095 INFO     ___FILE_ONLY___ northamerica-northeast1
2026-05-29 15:21:38,095 INFO     ___FILE_ONLY___ 

2026-05-29 15:21:38,095 INFO     ___FILE_ONLY___   
2026-05-29 15:21:38,095 INFO     ___FILE_ONLY___ -
2026-05-29 15:21:38,095 INFO     ___FILE_ONLY___  
2026-05-29 15:21:38,095 INFO     ___FILE_ONLY___ northamerica-northeast2
2026-05-29 15:21:38,095 INFO     ___FILE_ONLY___ 

2026-05-29 15:21:38,095 INFO     ___FILE_ONLY___   
2026-05-29 15:21:38,095 INFO     ___FILE_ONLY___ -
2026-05-29 15:21:38,095 INFO     ___FILE_ONLY___  
2026-05-29 15:21:38,096 INFO     ___FILE_ONLY___ northamerica-south1
2026-05-29 15:21:38,096 INFO     ___FILE_ONLY___ 

2026-05-29 15:21:38,096 INFO     ___FILE_ONLY___   
2026-05-29 15:21:38,096 INFO     ___FILE_ONLY___ -
2026-05-29 15:21:38,096 INFO     ___FILE_ONLY___  
2026-05-29 15:21:38,096 INFO     ___FILE_ONLY___ southamerica-east1
2026-05-29 15:21:38,096 INFO     ___FILE_ONLY___ 

2026-05-29 15:21:38,096 INFO     ___FILE_ONLY___   
2026-05-29 15:21:38,096 INFO     ___FILE_ONLY___ -
2026-05-29 15:21:38,096 INFO     ___FILE_ONLY___  
2026-05-29 15:21:38,096 INFO     ___FILE_ONLY___ southamerica-west1
2026-05-29 15:21:38,096 INFO     ___FILE_ONLY___ 

2026-05-29 15:21:38,096 INFO     ___FILE_ONLY___   
2026-05-29 15:21:38,096 INFO     ___FILE_ONLY___ -
2026-05-29 15:21:38,096 INFO     ___FILE_ONLY___  
2026-05-29 15:21:38,096 INFO     ___FILE_ONLY___ us-central1
2026-05-29 15:21:38,096 INFO     ___FILE_ONLY___ 

2026-05-29 15:21:38,096 INFO     ___FILE_ONLY___   
2026-05-29 15:21:38,096 INFO     ___FILE_ONLY___ -
2026-05-29 15:21:38,096 INFO     ___FILE_ONLY___  
2026-05-29 15:21:38,096 INFO     ___FILE_ONLY___ us-east1
2026-05-29 15:21:38,096 INFO     ___FILE_ONLY___ 

2026-05-29 15:21:38,096 INFO     ___FILE_ONLY___   
2026-05-29 15:21:38,096 INFO     ___FILE_ONLY___ -
2026-05-29 15:21:38,096 INFO     ___FILE_ONLY___  
2026-05-29 15:21:38,096 INFO     ___FILE_ONLY___ us-east4
2026-05-29 15:21:38,096 INFO     ___FILE_ONLY___ 

2026-05-29 15:21:38,096 INFO     ___FILE_ONLY___   
2026-05-29 15:21:38,096 INFO     ___FILE_ONLY___ -
2026-05-29 15:21:38,096 INFO     ___FILE_ONLY___  
2026-05-29 15:21:38,096 INFO     ___FILE_ONLY___ us-east5
2026-05-29 15:21:38,096 INFO     ___FILE_ONLY___ 

2026-05-29 15:21:38,096 INFO     ___FILE_ONLY___   
2026-05-29 15:21:38,096 INFO     ___FILE_ONLY___ -
2026-05-29 15:21:38,096 INFO     ___FILE_ONLY___  
2026-05-29 15:21:38,096 INFO     ___FILE_ONLY___ us-south1
2026-05-29 15:21:38,096 INFO     ___FILE_ONLY___ 

2026-05-29 15:21:38,096 INFO     ___FILE_ONLY___   
2026-05-29 15:21:38,096 INFO     ___FILE_ONLY___ -
2026-05-29 15:21:38,096 INFO     ___FILE_ONLY___  
2026-05-29 15:21:38,096 INFO     ___FILE_ONLY___ us-west1
2026-05-29 15:21:38,096 INFO     ___FILE_ONLY___ 

2026-05-29 15:21:38,096 INFO     ___FILE_ONLY___   
2026-05-29 15:21:38,096 INFO     ___FILE_ONLY___ -
2026-05-29 15:21:38,096 INFO     ___FILE_ONLY___  
2026-05-29 15:21:38,096 INFO     ___FILE_ONLY___ us-west2
2026-05-29 15:21:38,096 INFO     ___FILE_ONLY___ 

2026-05-29 15:21:38,096 INFO     ___FILE_ONLY___   
2026-05-29 15:21:38,097 INFO     ___FILE_ONLY___ -
2026-05-29 15:21:38,097 INFO     ___FILE_ONLY___  
2026-05-29 15:21:38,097 INFO     ___FILE_ONLY___ us-west3
2026-05-29 15:21:38,097 INFO     ___FILE_ONLY___ 

2026-05-29 15:21:38,097 INFO     ___FILE_ONLY___   
2026-05-29 15:21:38,097 INFO     ___FILE_ONLY___ -
2026-05-29 15:21:38,097 INFO     ___FILE_ONLY___  
2026-05-29 15:21:38,097 INFO     ___FILE_ONLY___ us-west4
2026-05-29 15:21:38,097 INFO     ___FILE_ONLY___ 

2026-05-29 15:21:38,097 INFO     ___FILE_ONLY___   
2026-05-29 15:21:38,097 INFO     ___FILE_ONLY___ details
2026-05-29 15:21:38,097 INFO     ___FILE_ONLY___ :
2026-05-29 15:21:38,097 INFO     ___FILE_ONLY___  {
2026-05-29 15:21:38,097 INFO     ___FILE_ONLY___ }
2026-05-29 15:21:38,097 INFO     ___FILE_ONLY___ 

2026-05-29 15:21:38,097 INFO     ___FILE_ONLY___   
2026-05-29 15:21:38,097 INFO     ___FILE_ONLY___ dimensions
2026-05-29 15:21:38,097 INFO     ___FILE_ONLY___ :
2026-05-29 15:21:38,097 INFO     ___FILE_ONLY___ 

2026-05-29 15:21:38,097 INFO     ___FILE_ONLY___     
2026-05-29 15:21:38,097 INFO     ___FILE_ONLY___ gpu_family
2026-05-29 15:21:38,097 INFO     ___FILE_ONLY___ :
2026-05-29 15:21:38,097 INFO     ___FILE_ONLY___  
2026-05-29 15:21:38,097 INFO     ___FILE_ONLY___ NVIDIA_H100_MEGA
2026-05-29 15:21:38,097 INFO     ___FILE_ONLY___ 

2026-05-29 15:21:38,097 INFO     ___FILE_ONLY___ -
2026-05-29 15:21:38,097 INFO     ___FILE_ONLY___  
2026-05-29 15:21:38,097 INFO     ___FILE_ONLY___ applicableLocations
2026-05-29 15:21:38,098 INFO     ___FILE_ONLY___ :
2026-05-29 15:21:38,098 INFO     ___FILE_ONLY___ 

2026-05-29 15:21:38,098 INFO     ___FILE_ONLY___   
2026-05-29 15:21:38,098 INFO     ___FILE_ONLY___ -
2026-05-29 15:21:38,098 INFO     ___FILE_ONLY___  
2026-05-29 15:21:38,098 INFO     ___FILE_ONLY___ africa-south1
2026-05-29 15:21:38,098 INFO     ___FILE_ONLY___ 

2026-05-29 15:21:38,098 INFO     ___FILE_ONLY___   
2026-05-29 15:21:38,098 INFO     ___FILE_ONLY___ -
2026-05-29 15:21:38,098 INFO     ___FILE_ONLY___  
2026-05-29 15:21:38,098 INFO     ___FILE_ONLY___ asia-east1
2026-05-29 15:21:38,098 INFO     ___FILE_ONLY___ 

2026-05-29 15:21:38,098 INFO     ___FILE_ONLY___   
2026-05-29 15:21:38,098 INFO     ___FILE_ONLY___ -
2026-05-29 15:21:38,098 INFO     ___FILE_ONLY___  
2026-05-29 15:21:38,098 INFO     ___FILE_ONLY___ asia-east2
2026-05-29 15:21:38,098 INFO     ___FILE_ONLY___ 

2026-05-29 15:21:38,098 INFO     ___FILE_ONLY___   
2026-05-29 15:21:38,098 INFO     ___FILE_ONLY___ -
2026-05-29 15:21:38,098 INFO     ___FILE_ONLY___  
2026-05-29 15:21:38,098 INFO     ___FILE_ONLY___ asia-northeast1
2026-05-29 15:21:38,098 INFO     ___FILE_ONLY___ 

2026-05-29 15:21:38,098 INFO     ___FILE_ONLY___   
2026-05-29 15:21:38,098 INFO     ___FILE_ONLY___ -
2026-05-29 15:21:38,098 INFO     ___FILE_ONLY___  
2026-05-29 15:21:38,098 INFO     ___FILE_ONLY___ asia-northeast2
2026-05-29 15:21:38,098 INFO     ___FILE_ONLY___ 

2026-05-29 15:21:38,098 INFO     ___FILE_ONLY___   
2026-05-29 15:21:38,098 INFO     ___FILE_ONLY___ -
2026-05-29 15:21:38,098 INFO     ___FILE_ONLY___  
2026-05-29 15:21:38,099 INFO     ___FILE_ONLY___ asia-northeast3
2026-05-29 15:21:38,099 INFO     ___FILE_ONLY___ 

2026-05-29 15:21:38,099 INFO     ___FILE_ONLY___   
2026-05-29 15:21:38,099 INFO     ___FILE_ONLY___ -
2026-05-29 15:21:38,099 INFO     ___FILE_ONLY___  
2026-05-29 15:21:38,099 INFO     ___FILE_ONLY___ asia-south1
2026-05-29 15:21:38,099 INFO     ___FILE_ONLY___ 

2026-05-29 15:21:38,099 INFO     ___FILE_ONLY___   
2026-05-29 15:21:38,099 INFO     ___FILE_ONLY___ -
2026-05-29 15:21:38,099 INFO     ___FILE_ONLY___  
2026-05-29 15:21:38,099 INFO     ___FILE_ONLY___ asia-south2
2026-05-29 15:21:38,099 INFO     ___FILE_ONLY___ 

2026-05-29 15:21:38,099 INFO     ___FILE_ONLY___   
2026-05-29 15:21:38,099 INFO     ___FILE_ONLY___ -
2026-05-29 15:21:38,099 INFO     ___FILE_ONLY___  
2026-05-29 15:21:38,099 INFO     ___FILE_ONLY___ asia-southeast1
2026-05-29 15:21:38,099 INFO     ___FILE_ONLY___ 

2026-05-29 15:21:38,099 INFO     ___FILE_ONLY___   
2026-05-29 15:21:38,099 INFO     ___FILE_ONLY___ -
2026-05-29 15:21:38,099 INFO     ___FILE_ONLY___  
2026-05-29 15:21:38,099 INFO     ___FILE_ONLY___ asia-southeast2
2026-05-29 15:21:38,099 INFO     ___FILE_ONLY___ 

2026-05-29 15:21:38,099 INFO     ___FILE_ONLY___   
2026-05-29 15:21:38,099 INFO     ___FILE_ONLY___ -
2026-05-29 15:21:38,099 INFO     ___FILE_ONLY___  
2026-05-29 15:21:38,099 INFO     ___FILE_ONLY___ asia-southeast3
2026-05-29 15:21:38,099 INFO     ___FILE_ONLY___ 

2026-05-29 15:21:38,099 INFO     ___FILE_ONLY___   
2026-05-29 15:21:38,099 INFO     ___FILE_ONLY___ -
2026-05-29 15:21:38,099 INFO     ___FILE_ONLY___  
2026-05-29 15:21:38,099 INFO     ___FILE_ONLY___ australia-southeast1
2026-05-29 15:21:38,101 INFO     ___FILE_ONLY___ 

2026-05-29 15:21:38,101 INFO     ___FILE_ONLY___   
2026-05-29 15:21:38,101 INFO     ___FILE_ONLY___ -
2026-05-29 15:21:38,101 INFO     ___FILE_ONLY___  
2026-05-29 15:21:38,101 INFO     ___FILE_ONLY___ australia-southeast2
2026-05-29 15:21:38,101 INFO     ___FILE_ONLY___ 

2026-05-29 15:21:38,101 INFO     ___FILE_ONLY___   
2026-05-29 15:21:38,101 INFO     ___FILE_ONLY___ -
2026-05-29 15:21:38,101 INFO     ___FILE_ONLY___  
2026-05-29 15:21:38,101 INFO     ___FILE_ONLY___ europe-central2
2026-05-29 15:21:38,101 INFO     ___FILE_ONLY___ 

2026-05-29 15:21:38,101 INFO     ___FILE_ONLY___   
2026-05-29 15:21:38,101 INFO     ___FILE_ONLY___ -
2026-05-29 15:21:38,101 INFO     ___FILE_ONLY___  
2026-05-29 15:21:38,101 INFO     ___FILE_ONLY___ europe-north1
2026-05-29 15:21:38,101 INFO     ___FILE_ONLY___ 

2026-05-29 15:21:38,101 INFO     ___FILE_ONLY___   
2026-05-29 15:21:38,101 INFO     ___FILE_ONLY___ -
2026-05-29 15:21:38,101 INFO     ___FILE_ONLY___  
2026-05-29 15:21:38,101 INFO     ___FILE_ONLY___ europe-north2
2026-05-29 15:21:38,101 INFO     ___FILE_ONLY___ 

2026-05-29 15:21:38,101 INFO     ___FILE_ONLY___   
2026-05-29 15:21:38,101 INFO     ___FILE_ONLY___ -
2026-05-29 15:21:38,101 INFO     ___FILE_ONLY___  
2026-05-29 15:21:38,102 INFO     ___FILE_ONLY___ europe-southwest1
2026-05-29 15:21:38,102 INFO     ___FILE_ONLY___ 

2026-05-29 15:21:38,102 INFO     ___FILE_ONLY___   
2026-05-29 15:21:38,102 INFO     ___FILE_ONLY___ -
2026-05-29 15:21:38,102 INFO     ___FILE_ONLY___  
2026-05-29 15:21:38,102 INFO     ___FILE_ONLY___ europe-west1
2026-05-29 15:21:38,102 INFO     ___FILE_ONLY___ 

2026-05-29 15:21:38,102 INFO     ___FILE_ONLY___   
2026-05-29 15:21:38,102 INFO     ___FILE_ONLY___ -
2026-05-29 15:21:38,102 INFO     ___FILE_ONLY___  
2026-05-29 15:21:38,102 INFO     ___FILE_ONLY___ europe-west10
2026-05-29 15:21:38,102 INFO     ___FILE_ONLY___ 

2026-05-29 15:21:38,102 INFO     ___FILE_ONLY___   
2026-05-29 15:21:38,102 INFO     ___FILE_ONLY___ -
2026-05-29 15:21:38,102 INFO     ___FILE_ONLY___  
2026-05-29 15:21:38,102 INFO     ___FILE_ONLY___ europe-west12
2026-05-29 15:21:38,102 INFO     ___FILE_ONLY___ 

2026-05-29 15:21:38,102 INFO     ___FILE_ONLY___   
2026-05-29 15:21:38,102 INFO     ___FILE_ONLY___ -
2026-05-29 15:21:38,102 INFO     ___FILE_ONLY___  
2026-05-29 15:21:38,102 INFO     ___FILE_ONLY___ europe-west2
2026-05-29 15:21:38,102 INFO     ___FILE_ONLY___ 

2026-05-29 15:21:38,102 INFO     ___FILE_ONLY___   
2026-05-29 15:21:38,102 INFO     ___FILE_ONLY___ -
2026-05-29 15:21:38,102 INFO     ___FILE_ONLY___  
2026-05-29 15:21:38,102 INFO     ___FILE_ONLY___ europe-west3
2026-05-29 15:21:38,102 INFO     ___FILE_ONLY___ 

2026-05-29 15:21:38,102 INFO     ___FILE_ONLY___   
2026-05-29 15:21:38,102 INFO     ___FILE_ONLY___ -
2026-05-29 15:21:38,102 INFO     ___FILE_ONLY___  
2026-05-29 15:21:38,102 INFO     ___FILE_ONLY___ europe-west4
2026-05-29 15:21:38,102 INFO     ___FILE_ONLY___ 

2026-05-29 15:21:38,102 INFO     ___FILE_ONLY___   
2026-05-29 15:21:38,102 INFO     ___FILE_ONLY___ -
2026-05-29 15:21:38,102 INFO     ___FILE_ONLY___  
2026-05-29 15:21:38,102 INFO     ___FILE_ONLY___ europe-west6
2026-05-29 15:21:38,102 INFO     ___FILE_ONLY___ 

2026-05-29 15:21:38,102 INFO     ___FILE_ONLY___   
2026-05-29 15:21:38,102 INFO     ___FILE_ONLY___ -
2026-05-29 15:21:38,102 INFO     ___FILE_ONLY___  
2026-05-29 15:21:38,102 INFO     ___FILE_ONLY___ europe-west8
2026-05-29 15:21:38,103 INFO     ___FILE_ONLY___ 

2026-05-29 15:21:38,103 INFO     ___FILE_ONLY___   
2026-05-29 15:21:38,103 INFO     ___FILE_ONLY___ -
2026-05-29 15:21:38,103 INFO     ___FILE_ONLY___  
2026-05-29 15:21:38,103 INFO     ___FILE_ONLY___ europe-west9
2026-05-29 15:21:38,103 INFO     ___FILE_ONLY___ 

2026-05-29 15:21:38,103 INFO     ___FILE_ONLY___   
2026-05-29 15:21:38,103 INFO     ___FILE_ONLY___ -
2026-05-29 15:21:38,103 INFO     ___FILE_ONLY___  
2026-05-29 15:21:38,103 INFO     ___FILE_ONLY___ me-central1
2026-05-29 15:21:38,103 INFO     ___FILE_ONLY___ 

2026-05-29 15:21:38,103 INFO     ___FILE_ONLY___   
2026-05-29 15:21:38,103 INFO     ___FILE_ONLY___ -
2026-05-29 15:21:38,103 INFO     ___FILE_ONLY___  
2026-05-29 15:21:38,103 INFO     ___FILE_ONLY___ me-central2
2026-05-29 15:21:38,103 INFO     ___FILE_ONLY___ 

2026-05-29 15:21:38,103 INFO     ___FILE_ONLY___   
2026-05-29 15:21:38,103 INFO     ___FILE_ONLY___ -
2026-05-29 15:21:38,103 INFO     ___FILE_ONLY___  
2026-05-29 15:21:38,103 INFO     ___FILE_ONLY___ me-west1
2026-05-29 15:21:38,103 INFO     ___FILE_ONLY___ 

2026-05-29 15:21:38,103 INFO     ___FILE_ONLY___   
2026-05-29 15:21:38,103 INFO     ___FILE_ONLY___ -
2026-05-29 15:21:38,103 INFO     ___FILE_ONLY___  
2026-05-29 15:21:38,103 INFO     ___FILE_ONLY___ northamerica-northeast1
2026-05-29 15:21:38,103 INFO     ___FILE_ONLY___ 

2026-05-29 15:21:38,103 INFO     ___FILE_ONLY___   
2026-05-29 15:21:38,103 INFO     ___FILE_ONLY___ -
2026-05-29 15:21:38,103 INFO     ___FILE_ONLY___  
2026-05-29 15:21:38,103 INFO     ___FILE_ONLY___ northamerica-northeast2
2026-05-29 15:21:38,103 INFO     ___FILE_ONLY___ 

2026-05-29 15:21:38,103 INFO     ___FILE_ONLY___   
2026-05-29 15:21:38,103 INFO     ___FILE_ONLY___ -
2026-05-29 15:21:38,103 INFO     ___FILE_ONLY___  
2026-05-29 15:21:38,103 INFO     ___FILE_ONLY___ northamerica-south1
2026-05-29 15:21:38,103 INFO     ___FILE_ONLY___ 

2026-05-29 15:21:38,103 INFO     ___FILE_ONLY___   
2026-05-29 15:21:38,103 INFO     ___FILE_ONLY___ -
2026-05-29 15:21:38,103 INFO     ___FILE_ONLY___  
2026-05-29 15:21:38,103 INFO     ___FILE_ONLY___ southamerica-east1
2026-05-29 15:21:38,103 INFO     ___FILE_ONLY___ 

2026-05-29 15:21:38,104 INFO     ___FILE_ONLY___   
2026-05-29 15:21:38,104 INFO     ___FILE_ONLY___ -
2026-05-29 15:21:38,104 INFO     ___FILE_ONLY___  
2026-05-29 15:21:38,104 INFO     ___FILE_ONLY___ southamerica-west1
2026-05-29 15:21:38,104 INFO     ___FILE_ONLY___ 

2026-05-29 15:21:38,104 INFO     ___FILE_ONLY___   
2026-05-29 15:21:38,104 INFO     ___FILE_ONLY___ -
2026-05-29 15:21:38,104 INFO     ___FILE_ONLY___  
2026-05-29 15:21:38,104 INFO     ___FILE_ONLY___ us-central1
2026-05-29 15:21:38,104 INFO     ___FILE_ONLY___ 

2026-05-29 15:21:38,104 INFO     ___FILE_ONLY___   
2026-05-29 15:21:38,104 INFO     ___FILE_ONLY___ -
2026-05-29 15:21:38,104 INFO     ___FILE_ONLY___  
2026-05-29 15:21:38,104 INFO     ___FILE_ONLY___ us-east1
2026-05-29 15:21:38,104 INFO     ___FILE_ONLY___ 

2026-05-29 15:21:38,104 INFO     ___FILE_ONLY___   
2026-05-29 15:21:38,104 INFO     ___FILE_ONLY___ -
2026-05-29 15:21:38,104 INFO     ___FILE_ONLY___  
2026-05-29 15:21:38,104 INFO     ___FILE_ONLY___ us-east4
2026-05-29 15:21:38,104 INFO     ___FILE_ONLY___ 

2026-05-29 15:21:38,104 INFO     ___FILE_ONLY___   
2026-05-29 15:21:38,104 INFO     ___FILE_ONLY___ -
2026-05-29 15:21:38,104 INFO     ___FILE_ONLY___  
2026-05-29 15:21:38,104 INFO     ___FILE_ONLY___ us-east5
2026-05-29 15:21:38,105 INFO     ___FILE_ONLY___ 

2026-05-29 15:21:38,105 INFO     ___FILE_ONLY___   
2026-05-29 15:21:38,105 INFO     ___FILE_ONLY___ -
2026-05-29 15:21:38,105 INFO     ___FILE_ONLY___  
2026-05-29 15:21:38,105 INFO     ___FILE_ONLY___ us-south1
2026-05-29 15:21:38,105 INFO     ___FILE_ONLY___ 

2026-05-29 15:21:38,105 INFO     ___FILE_ONLY___   
2026-05-29 15:21:38,105 INFO     ___FILE_ONLY___ -
2026-05-29 15:21:38,105 INFO     ___FILE_ONLY___  
2026-05-29 15:21:38,105 INFO     ___FILE_ONLY___ us-west1
2026-05-29 15:21:38,105 INFO     ___FILE_ONLY___ 

2026-05-29 15:21:38,105 INFO     ___FILE_ONLY___   
2026-05-29 15:21:38,105 INFO     ___FILE_ONLY___ -
2026-05-29 15:21:38,105 INFO     ___FILE_ONLY___  
2026-05-29 15:21:38,105 INFO     ___FILE_ONLY___ us-west2
2026-05-29 15:21:38,105 INFO     ___FILE_ONLY___ 

2026-05-29 15:21:38,105 INFO     ___FILE_ONLY___   
2026-05-29 15:21:38,105 INFO     ___FILE_ONLY___ -
2026-05-29 15:21:38,105 INFO     ___FILE_ONLY___  
2026-05-29 15:21:38,105 INFO     ___FILE_ONLY___ us-west3
2026-05-29 15:21:38,105 INFO     ___FILE_ONLY___ 

2026-05-29 15:21:38,105 INFO     ___FILE_ONLY___   
2026-05-29 15:21:38,105 INFO     ___FILE_ONLY___ -
2026-05-29 15:21:38,105 INFO     ___FILE_ONLY___  
2026-05-29 15:21:38,105 INFO     ___FILE_ONLY___ us-west4
2026-05-29 15:21:38,105 INFO     ___FILE_ONLY___ 

2026-05-29 15:21:38,105 INFO     ___FILE_ONLY___   
2026-05-29 15:21:38,105 INFO     ___FILE_ONLY___ details
2026-05-29 15:21:38,105 INFO     ___FILE_ONLY___ :
2026-05-29 15:21:38,105 INFO     ___FILE_ONLY___  {
2026-05-29 15:21:38,105 INFO     ___FILE_ONLY___ }
2026-05-29 15:21:38,105 INFO     ___FILE_ONLY___ 

2026-05-29 15:21:38,105 INFO     ___FILE_ONLY___   
2026-05-29 15:21:38,105 INFO     ___FILE_ONLY___ dimensions
2026-05-29 15:21:38,105 INFO     ___FILE_ONLY___ :
2026-05-29 15:21:38,105 INFO     ___FILE_ONLY___ 

2026-05-29 15:21:38,106 INFO     ___FILE_ONLY___     
2026-05-29 15:21:38,106 INFO     ___FILE_ONLY___ gpu_family
2026-05-29 15:21:38,106 INFO     ___FILE_ONLY___ :
2026-05-29 15:21:38,106 INFO     ___FILE_ONLY___  
2026-05-29 15:21:38,106 INFO     ___FILE_ONLY___ NVIDIA_H100
2026-05-29 15:21:38,106 INFO     ___FILE_ONLY___ 

2026-05-29 15:21:38,106 INFO     ___FILE_ONLY___ -
2026-05-29 15:21:38,106 INFO     ___FILE_ONLY___  
2026-05-29 15:21:38,106 INFO     ___FILE_ONLY___ applicableLocations
2026-05-29 15:21:38,106 INFO     ___FILE_ONLY___ :
2026-05-29 15:21:38,106 INFO     ___FILE_ONLY___ 

2026-05-29 15:21:38,106 INFO     ___FILE_ONLY___   
2026-05-29 15:21:38,106 INFO     ___FILE_ONLY___ -
2026-05-29 15:21:38,106 INFO     ___FILE_ONLY___  
2026-05-29 15:21:38,106 INFO     ___FILE_ONLY___ africa-south1
2026-05-29 15:21:38,106 INFO     ___FILE_ONLY___ 

2026-05-29 15:21:38,106 INFO     ___FILE_ONLY___   
2026-05-29 15:21:38,106 INFO     ___FILE_ONLY___ -
2026-05-29 15:21:38,106 INFO     ___FILE_ONLY___  
2026-05-29 15:21:38,106 INFO     ___FILE_ONLY___ asia-east1
2026-05-29 15:21:38,106 INFO     ___FILE_ONLY___ 

2026-05-29 15:21:38,106 INFO     ___FILE_ONLY___   
2026-05-29 15:21:38,106 INFO     ___FILE_ONLY___ -
2026-05-29 15:21:38,106 INFO     ___FILE_ONLY___  
2026-05-29 15:21:38,106 INFO     ___FILE_ONLY___ asia-east2
2026-05-29 15:21:38,106 INFO     ___FILE_ONLY___ 

2026-05-29 15:21:38,106 INFO     ___FILE_ONLY___   
2026-05-29 15:21:38,106 INFO     ___FILE_ONLY___ -
2026-05-29 15:21:38,106 INFO     ___FILE_ONLY___  
2026-05-29 15:21:38,106 INFO     ___FILE_ONLY___ asia-northeast1
2026-05-29 15:21:38,106 INFO     ___FILE_ONLY___ 

2026-05-29 15:21:38,106 INFO     ___FILE_ONLY___   
2026-05-29 15:21:38,106 INFO     ___FILE_ONLY___ -
2026-05-29 15:21:38,106 INFO     ___FILE_ONLY___  
2026-05-29 15:21:38,106 INFO     ___FILE_ONLY___ asia-northeast2
2026-05-29 15:21:38,106 INFO     ___FILE_ONLY___ 

2026-05-29 15:21:38,107 INFO     ___FILE_ONLY___   
2026-05-29 15:21:38,107 INFO     ___FILE_ONLY___ -
2026-05-29 15:21:38,107 INFO     ___FILE_ONLY___  
2026-05-29 15:21:38,107 INFO     ___FILE_ONLY___ asia-northeast3
2026-05-29 15:21:38,107 INFO     ___FILE_ONLY___ 

2026-05-29 15:21:38,107 INFO     ___FILE_ONLY___   
2026-05-29 15:21:38,107 INFO     ___FILE_ONLY___ -
2026-05-29 15:21:38,107 INFO     ___FILE_ONLY___  
2026-05-29 15:21:38,107 INFO     ___FILE_ONLY___ asia-south1
2026-05-29 15:21:38,107 INFO     ___FILE_ONLY___ 

2026-05-29 15:21:38,107 INFO     ___FILE_ONLY___   
2026-05-29 15:21:38,107 INFO     ___FILE_ONLY___ -
2026-05-29 15:21:38,107 INFO     ___FILE_ONLY___  
2026-05-29 15:21:38,107 INFO     ___FILE_ONLY___ asia-south2
2026-05-29 15:21:38,107 INFO     ___FILE_ONLY___ 

2026-05-29 15:21:38,107 INFO     ___FILE_ONLY___   
2026-05-29 15:21:38,107 INFO     ___FILE_ONLY___ -
2026-05-29 15:21:38,107 INFO     ___FILE_ONLY___  
2026-05-29 15:21:38,107 INFO     ___FILE_ONLY___ asia-southeast1
2026-05-29 15:21:38,107 INFO     ___FILE_ONLY___ 

2026-05-29 15:21:38,107 INFO     ___FILE_ONLY___   
2026-05-29 15:21:38,107 INFO     ___FILE_ONLY___ -
2026-05-29 15:21:38,107 INFO     ___FILE_ONLY___  
2026-05-29 15:21:38,107 INFO     ___FILE_ONLY___ asia-southeast2
2026-05-29 15:21:38,107 INFO     ___FILE_ONLY___ 

2026-05-29 15:21:38,107 INFO     ___FILE_ONLY___   
2026-05-29 15:21:38,107 INFO     ___FILE_ONLY___ -
2026-05-29 15:21:38,107 INFO     ___FILE_ONLY___  
2026-05-29 15:21:38,107 INFO     ___FILE_ONLY___ asia-southeast3
2026-05-29 15:21:38,107 INFO     ___FILE_ONLY___ 

2026-05-29 15:21:38,107 INFO     ___FILE_ONLY___   
2026-05-29 15:21:38,107 INFO     ___FILE_ONLY___ -
2026-05-29 15:21:38,107 INFO     ___FILE_ONLY___  
2026-05-29 15:21:38,108 INFO     ___FILE_ONLY___ australia-southeast1
2026-05-29 15:21:38,108 INFO     ___FILE_ONLY___ 

2026-05-29 15:21:38,108 INFO     ___FILE_ONLY___   
2026-05-29 15:21:38,108 INFO     ___FILE_ONLY___ -
2026-05-29 15:21:38,108 INFO     ___FILE_ONLY___  
2026-05-29 15:21:38,108 INFO     ___FILE_ONLY___ australia-southeast2
2026-05-29 15:21:38,108 INFO     ___FILE_ONLY___ 

2026-05-29 15:21:38,108 INFO     ___FILE_ONLY___   
2026-05-29 15:21:38,108 INFO     ___FILE_ONLY___ -
2026-05-29 15:21:38,108 INFO     ___FILE_ONLY___  
2026-05-29 15:21:38,108 INFO     ___FILE_ONLY___ europe-central2
2026-05-29 15:21:38,108 INFO     ___FILE_ONLY___ 

2026-05-29 15:21:38,108 INFO     ___FILE_ONLY___   
2026-05-29 15:21:38,108 INFO     ___FILE_ONLY___ -
2026-05-29 15:21:38,108 INFO     ___FILE_ONLY___  
2026-05-29 15:21:38,108 INFO     ___FILE_ONLY___ europe-north1
2026-05-29 15:21:38,108 INFO     ___FILE_ONLY___ 

2026-05-29 15:21:38,108 INFO     ___FILE_ONLY___   
2026-05-29 15:21:38,108 INFO     ___FILE_ONLY___ -
2026-05-29 15:21:38,108 INFO     ___FILE_ONLY___  
2026-05-29 15:21:38,108 INFO     ___FILE_ONLY___ europe-north2
2026-05-29 15:21:38,108 INFO     ___FILE_ONLY___ 

2026-05-29 15:21:38,108 INFO     ___FILE_ONLY___   
2026-05-29 15:21:38,108 INFO     ___FILE_ONLY___ -
2026-05-29 15:21:38,108 INFO     ___FILE_ONLY___  
2026-05-29 15:21:38,108 INFO     ___FILE_ONLY___ europe-southwest1
2026-05-29 15:21:38,108 INFO     ___FILE_ONLY___ 

2026-05-29 15:21:38,108 INFO     ___FILE_ONLY___   
2026-05-29 15:21:38,108 INFO     ___FILE_ONLY___ -
2026-05-29 15:21:38,108 INFO     ___FILE_ONLY___  
2026-05-29 15:21:38,108 INFO     ___FILE_ONLY___ europe-west1
2026-05-29 15:21:38,108 INFO     ___FILE_ONLY___ 

2026-05-29 15:21:38,108 INFO     ___FILE_ONLY___   
2026-05-29 15:21:38,108 INFO     ___FILE_ONLY___ -
2026-05-29 15:21:38,108 INFO     ___FILE_ONLY___  
2026-05-29 15:21:38,108 INFO     ___FILE_ONLY___ europe-west10
2026-05-29 15:21:38,108 INFO     ___FILE_ONLY___ 

2026-05-29 15:21:38,108 INFO     ___FILE_ONLY___   
2026-05-29 15:21:38,108 INFO     ___FILE_ONLY___ -
2026-05-29 15:21:38,108 INFO     ___FILE_ONLY___  
2026-05-29 15:21:38,108 INFO     ___FILE_ONLY___ europe-west12
2026-05-29 15:21:38,109 INFO     ___FILE_ONLY___ 

2026-05-29 15:21:38,109 INFO     ___FILE_ONLY___   
2026-05-29 15:21:38,109 INFO     ___FILE_ONLY___ -
2026-05-29 15:21:38,109 INFO     ___FILE_ONLY___  
2026-05-29 15:21:38,109 INFO     ___FILE_ONLY___ europe-west2
2026-05-29 15:21:38,109 INFO     ___FILE_ONLY___ 

2026-05-29 15:21:38,109 INFO     ___FILE_ONLY___   
2026-05-29 15:21:38,109 INFO     ___FILE_ONLY___ -
2026-05-29 15:21:38,109 INFO     ___FILE_ONLY___  
2026-05-29 15:21:38,109 INFO     ___FILE_ONLY___ europe-west3
2026-05-29 15:21:38,109 INFO     ___FILE_ONLY___ 

2026-05-29 15:21:38,109 INFO     ___FILE_ONLY___   
2026-05-29 15:21:38,109 INFO     ___FILE_ONLY___ -
2026-05-29 15:21:38,109 INFO     ___FILE_ONLY___  
2026-05-29 15:21:38,109 INFO     ___FILE_ONLY___ europe-west4
2026-05-29 15:21:38,109 INFO     ___FILE_ONLY___ 

2026-05-29 15:21:38,109 INFO     ___FILE_ONLY___   
2026-05-29 15:21:38,109 INFO     ___FILE_ONLY___ -
2026-05-29 15:21:38,109 INFO     ___FILE_ONLY___  
2026-05-29 15:21:38,109 INFO     ___FILE_ONLY___ europe-west6
2026-05-29 15:21:38,109 INFO     ___FILE_ONLY___ 

2026-05-29 15:21:38,109 INFO     ___FILE_ONLY___   
2026-05-29 15:21:38,109 INFO     ___FILE_ONLY___ -
2026-05-29 15:21:38,109 INFO     ___FILE_ONLY___  
2026-05-29 15:21:38,109 INFO     ___FILE_ONLY___ europe-west8
2026-05-29 15:21:38,109 INFO     ___FILE_ONLY___ 

2026-05-29 15:21:38,109 INFO     ___FILE_ONLY___   
2026-05-29 15:21:38,109 INFO     ___FILE_ONLY___ -
2026-05-29 15:21:38,109 INFO     ___FILE_ONLY___  
2026-05-29 15:21:38,109 INFO     ___FILE_ONLY___ europe-west9
2026-05-29 15:21:38,109 INFO     ___FILE_ONLY___ 

2026-05-29 15:21:38,109 INFO     ___FILE_ONLY___   
2026-05-29 15:21:38,109 INFO     ___FILE_ONLY___ -
2026-05-29 15:21:38,109 INFO     ___FILE_ONLY___  
2026-05-29 15:21:38,109 INFO     ___FILE_ONLY___ me-central1
2026-05-29 15:21:38,109 INFO     ___FILE_ONLY___ 

2026-05-29 15:21:38,109 INFO     ___FILE_ONLY___   
2026-05-29 15:21:38,109 INFO     ___FILE_ONLY___ -
2026-05-29 15:21:38,109 INFO     ___FILE_ONLY___  
2026-05-29 15:21:38,109 INFO     ___FILE_ONLY___ me-central2
2026-05-29 15:21:38,109 INFO     ___FILE_ONLY___ 

2026-05-29 15:21:38,109 INFO     ___FILE_ONLY___   
2026-05-29 15:21:38,110 INFO     ___FILE_ONLY___ -
2026-05-29 15:21:38,110 INFO     ___FILE_ONLY___  
2026-05-29 15:21:38,110 INFO     ___FILE_ONLY___ me-west1
2026-05-29 15:21:38,110 INFO     ___FILE_ONLY___ 

2026-05-29 15:21:38,110 INFO     ___FILE_ONLY___   
2026-05-29 15:21:38,110 INFO     ___FILE_ONLY___ -
2026-05-29 15:21:38,110 INFO     ___FILE_ONLY___  
2026-05-29 15:21:38,110 INFO     ___FILE_ONLY___ northamerica-northeast1
2026-05-29 15:21:38,110 INFO     ___FILE_ONLY___ 

2026-05-29 15:21:38,110 INFO     ___FILE_ONLY___   
2026-05-29 15:21:38,110 INFO     ___FILE_ONLY___ -
2026-05-29 15:21:38,110 INFO     ___FILE_ONLY___  
2026-05-29 15:21:38,110 INFO     ___FILE_ONLY___ northamerica-northeast2
2026-05-29 15:21:38,110 INFO     ___FILE_ONLY___ 

2026-05-29 15:21:38,110 INFO     ___FILE_ONLY___   
2026-05-29 15:21:38,110 INFO     ___FILE_ONLY___ -
2026-05-29 15:21:38,110 INFO     ___FILE_ONLY___  
2026-05-29 15:21:38,110 INFO     ___FILE_ONLY___ northamerica-south1
2026-05-29 15:21:38,110 INFO     ___FILE_ONLY___ 

2026-05-29 15:21:38,110 INFO     ___FILE_ONLY___   
2026-05-29 15:21:38,110 INFO     ___FILE_ONLY___ -
2026-05-29 15:21:38,110 INFO     ___FILE_ONLY___  
2026-05-29 15:21:38,110 INFO     ___FILE_ONLY___ southamerica-east1
2026-05-29 15:21:38,110 INFO     ___FILE_ONLY___ 

2026-05-29 15:21:38,110 INFO     ___FILE_ONLY___   
2026-05-29 15:21:38,110 INFO     ___FILE_ONLY___ -
2026-05-29 15:21:38,110 INFO     ___FILE_ONLY___  
2026-05-29 15:21:38,110 INFO     ___FILE_ONLY___ southamerica-west1
2026-05-29 15:21:38,110 INFO     ___FILE_ONLY___ 

2026-05-29 15:21:38,110 INFO     ___FILE_ONLY___   
2026-05-29 15:21:38,110 INFO     ___FILE_ONLY___ -
2026-05-29 15:21:38,110 INFO     ___FILE_ONLY___  
2026-05-29 15:21:38,110 INFO     ___FILE_ONLY___ us-central1
2026-05-29 15:21:38,110 INFO     ___FILE_ONLY___ 

2026-05-29 15:21:38,110 INFO     ___FILE_ONLY___   
2026-05-29 15:21:38,110 INFO     ___FILE_ONLY___ -
2026-05-29 15:21:38,110 INFO     ___FILE_ONLY___  
2026-05-29 15:21:38,110 INFO     ___FILE_ONLY___ us-east1
2026-05-29 15:21:38,110 INFO     ___FILE_ONLY___ 

2026-05-29 15:21:38,110 INFO     ___FILE_ONLY___   
2026-05-29 15:21:38,110 INFO     ___FILE_ONLY___ -
2026-05-29 15:21:38,111 INFO     ___FILE_ONLY___  
2026-05-29 15:21:38,111 INFO     ___FILE_ONLY___ us-east4
2026-05-29 15:21:38,111 INFO     ___FILE_ONLY___ 

2026-05-29 15:21:38,111 INFO     ___FILE_ONLY___   
2026-05-29 15:21:38,111 INFO     ___FILE_ONLY___ -
2026-05-29 15:21:38,111 INFO     ___FILE_ONLY___  
2026-05-29 15:21:38,111 INFO     ___FILE_ONLY___ us-east5
2026-05-29 15:21:38,111 INFO     ___FILE_ONLY___ 

2026-05-29 15:21:38,111 INFO     ___FILE_ONLY___   
2026-05-29 15:21:38,111 INFO     ___FILE_ONLY___ -
2026-05-29 15:21:38,111 INFO     ___FILE_ONLY___  
2026-05-29 15:21:38,111 INFO     ___FILE_ONLY___ us-south1
2026-05-29 15:21:38,111 INFO     ___FILE_ONLY___ 

2026-05-29 15:21:38,111 INFO     ___FILE_ONLY___   
2026-05-29 15:21:38,111 INFO     ___FILE_ONLY___ -
2026-05-29 15:21:38,111 INFO     ___FILE_ONLY___  
2026-05-29 15:21:38,111 INFO     ___FILE_ONLY___ us-west1
2026-05-29 15:21:38,111 INFO     ___FILE_ONLY___ 

2026-05-29 15:21:38,111 INFO     ___FILE_ONLY___   
2026-05-29 15:21:38,111 INFO     ___FILE_ONLY___ -
2026-05-29 15:21:38,111 INFO     ___FILE_ONLY___  
2026-05-29 15:21:38,111 INFO     ___FILE_ONLY___ us-west2
2026-05-29 15:21:38,111 INFO     ___FILE_ONLY___ 

2026-05-29 15:21:38,111 INFO     ___FILE_ONLY___   
2026-05-29 15:21:38,111 INFO     ___FILE_ONLY___ -
2026-05-29 15:21:38,111 INFO     ___FILE_ONLY___  
2026-05-29 15:21:38,111 INFO     ___FILE_ONLY___ us-west3
2026-05-29 15:21:38,111 INFO     ___FILE_ONLY___ 

2026-05-29 15:21:38,111 INFO     ___FILE_ONLY___   
2026-05-29 15:21:38,111 INFO     ___FILE_ONLY___ -
2026-05-29 15:21:38,111 INFO     ___FILE_ONLY___  
2026-05-29 15:21:38,111 INFO     ___FILE_ONLY___ us-west4
2026-05-29 15:21:38,111 INFO     ___FILE_ONLY___ 

2026-05-29 15:21:38,111 INFO     ___FILE_ONLY___   
2026-05-29 15:21:38,111 INFO     ___FILE_ONLY___ details
2026-05-29 15:21:38,111 INFO     ___FILE_ONLY___ :
2026-05-29 15:21:38,111 INFO     ___FILE_ONLY___  {
2026-05-29 15:21:38,111 INFO     ___FILE_ONLY___ }
2026-05-29 15:21:38,111 INFO     ___FILE_ONLY___ 

2026-05-29 15:21:38,111 INFO     ___FILE_ONLY___   
2026-05-29 15:21:38,112 INFO     ___FILE_ONLY___ dimensions
2026-05-29 15:21:38,112 INFO     ___FILE_ONLY___ :
2026-05-29 15:21:38,112 INFO     ___FILE_ONLY___ 

2026-05-29 15:21:38,112 INFO     ___FILE_ONLY___     
2026-05-29 15:21:38,112 INFO     ___FILE_ONLY___ gpu_family
2026-05-29 15:21:38,112 INFO     ___FILE_ONLY___ :
2026-05-29 15:21:38,112 INFO     ___FILE_ONLY___  
2026-05-29 15:21:38,112 INFO     ___FILE_ONLY___ NVIDIA_H200
2026-05-29 15:21:38,112 INFO     ___FILE_ONLY___ 

2026-05-29 15:21:38,112 INFO     ___FILE_ONLY___ -
2026-05-29 15:21:38,112 INFO     ___FILE_ONLY___  
2026-05-29 15:21:38,112 INFO     ___FILE_ONLY___ applicableLocations
2026-05-29 15:21:38,112 INFO     ___FILE_ONLY___ :
2026-05-29 15:21:38,112 INFO     ___FILE_ONLY___ 

2026-05-29 15:21:38,112 INFO     ___FILE_ONLY___   
2026-05-29 15:21:38,112 INFO     ___FILE_ONLY___ -
2026-05-29 15:21:38,112 INFO     ___FILE_ONLY___  
2026-05-29 15:21:38,112 INFO     ___FILE_ONLY___ africa-south1
2026-05-29 15:21:38,112 INFO     ___FILE_ONLY___ 

2026-05-29 15:21:38,112 INFO     ___FILE_ONLY___   
2026-05-29 15:21:38,112 INFO     ___FILE_ONLY___ -
2026-05-29 15:21:38,112 INFO     ___FILE_ONLY___  
2026-05-29 15:21:38,112 INFO     ___FILE_ONLY___ asia-east1
2026-05-29 15:21:38,112 INFO     ___FILE_ONLY___ 

2026-05-29 15:21:38,112 INFO     ___FILE_ONLY___   
2026-05-29 15:21:38,112 INFO     ___FILE_ONLY___ -
2026-05-29 15:21:38,112 INFO     ___FILE_ONLY___  
2026-05-29 15:21:38,112 INFO     ___FILE_ONLY___ asia-east2
2026-05-29 15:21:38,112 INFO     ___FILE_ONLY___ 

2026-05-29 15:21:38,112 INFO     ___FILE_ONLY___   
2026-05-29 15:21:38,112 INFO     ___FILE_ONLY___ -
2026-05-29 15:21:38,112 INFO     ___FILE_ONLY___  
2026-05-29 15:21:38,112 INFO     ___FILE_ONLY___ asia-northeast1
2026-05-29 15:21:38,112 INFO     ___FILE_ONLY___ 

2026-05-29 15:21:38,112 INFO     ___FILE_ONLY___   
2026-05-29 15:21:38,112 INFO     ___FILE_ONLY___ -
2026-05-29 15:21:38,112 INFO     ___FILE_ONLY___  
2026-05-29 15:21:38,112 INFO     ___FILE_ONLY___ asia-northeast2
2026-05-29 15:21:38,113 INFO     ___FILE_ONLY___ 

2026-05-29 15:21:38,113 INFO     ___FILE_ONLY___   
2026-05-29 15:21:38,113 INFO     ___FILE_ONLY___ -
2026-05-29 15:21:38,113 INFO     ___FILE_ONLY___  
2026-05-29 15:21:38,113 INFO     ___FILE_ONLY___ asia-northeast3
2026-05-29 15:21:38,113 INFO     ___FILE_ONLY___ 

2026-05-29 15:21:38,113 INFO     ___FILE_ONLY___   
2026-05-29 15:21:38,113 INFO     ___FILE_ONLY___ -
2026-05-29 15:21:38,113 INFO     ___FILE_ONLY___  
2026-05-29 15:21:38,113 INFO     ___FILE_ONLY___ asia-south1
2026-05-29 15:21:38,113 INFO     ___FILE_ONLY___ 

2026-05-29 15:21:38,113 INFO     ___FILE_ONLY___   
2026-05-29 15:21:38,113 INFO     ___FILE_ONLY___ -
2026-05-29 15:21:38,113 INFO     ___FILE_ONLY___  
2026-05-29 15:21:38,113 INFO     ___FILE_ONLY___ asia-south2
2026-05-29 15:21:38,113 INFO     ___FILE_ONLY___ 

2026-05-29 15:21:38,113 INFO     ___FILE_ONLY___   
2026-05-29 15:21:38,113 INFO     ___FILE_ONLY___ -
2026-05-29 15:21:38,113 INFO     ___FILE_ONLY___  
2026-05-29 15:21:38,113 INFO     ___FILE_ONLY___ asia-southeast1
2026-05-29 15:21:38,113 INFO     ___FILE_ONLY___ 

2026-05-29 15:21:38,113 INFO     ___FILE_ONLY___   
2026-05-29 15:21:38,113 INFO     ___FILE_ONLY___ -
2026-05-29 15:21:38,113 INFO     ___FILE_ONLY___  
2026-05-29 15:21:38,113 INFO     ___FILE_ONLY___ asia-southeast2
2026-05-29 15:21:38,113 INFO     ___FILE_ONLY___ 

2026-05-29 15:21:38,113 INFO     ___FILE_ONLY___   
2026-05-29 15:21:38,113 INFO     ___FILE_ONLY___ -
2026-05-29 15:21:38,113 INFO     ___FILE_ONLY___  
2026-05-29 15:21:38,113 INFO     ___FILE_ONLY___ asia-southeast3
2026-05-29 15:21:38,113 INFO     ___FILE_ONLY___ 

2026-05-29 15:21:38,113 INFO     ___FILE_ONLY___   
2026-05-29 15:21:38,113 INFO     ___FILE_ONLY___ -
2026-05-29 15:21:38,113 INFO     ___FILE_ONLY___  
2026-05-29 15:21:38,113 INFO     ___FILE_ONLY___ australia-southeast1
2026-05-29 15:21:38,113 INFO     ___FILE_ONLY___ 

2026-05-29 15:21:38,113 INFO     ___FILE_ONLY___   
2026-05-29 15:21:38,113 INFO     ___FILE_ONLY___ -
2026-05-29 15:21:38,113 INFO     ___FILE_ONLY___  
2026-05-29 15:21:38,113 INFO     ___FILE_ONLY___ australia-southeast2
2026-05-29 15:21:38,113 INFO     ___FILE_ONLY___ 

2026-05-29 15:21:38,113 INFO     ___FILE_ONLY___   
2026-05-29 15:21:38,113 INFO     ___FILE_ONLY___ -
2026-05-29 15:21:38,114 INFO     ___FILE_ONLY___  
2026-05-29 15:21:38,114 INFO     ___FILE_ONLY___ europe-central2
2026-05-29 15:21:38,114 INFO     ___FILE_ONLY___ 

2026-05-29 15:21:38,114 INFO     ___FILE_ONLY___   
2026-05-29 15:21:38,114 INFO     ___FILE_ONLY___ -
2026-05-29 15:21:38,114 INFO     ___FILE_ONLY___  
2026-05-29 15:21:38,114 INFO     ___FILE_ONLY___ europe-north1
2026-05-29 15:21:38,114 INFO     ___FILE_ONLY___ 

2026-05-29 15:21:38,114 INFO     ___FILE_ONLY___   
2026-05-29 15:21:38,114 INFO     ___FILE_ONLY___ -
2026-05-29 15:21:38,114 INFO     ___FILE_ONLY___  
2026-05-29 15:21:38,114 INFO     ___FILE_ONLY___ europe-north2
2026-05-29 15:21:38,114 INFO     ___FILE_ONLY___ 

2026-05-29 15:21:38,114 INFO     ___FILE_ONLY___   
2026-05-29 15:21:38,114 INFO     ___FILE_ONLY___ -
2026-05-29 15:21:38,114 INFO     ___FILE_ONLY___  
2026-05-29 15:21:38,114 INFO     ___FILE_ONLY___ europe-southwest1
2026-05-29 15:21:38,114 INFO     ___FILE_ONLY___ 

2026-05-29 15:21:38,114 INFO     ___FILE_ONLY___   
2026-05-29 15:21:38,114 INFO     ___FILE_ONLY___ -
2026-05-29 15:21:38,114 INFO     ___FILE_ONLY___  
2026-05-29 15:21:38,114 INFO     ___FILE_ONLY___ europe-west1
2026-05-29 15:21:38,114 INFO     ___FILE_ONLY___ 

2026-05-29 15:21:38,114 INFO     ___FILE_ONLY___   
2026-05-29 15:21:38,114 INFO     ___FILE_ONLY___ -
2026-05-29 15:21:38,114 INFO     ___FILE_ONLY___  
2026-05-29 15:21:38,114 INFO     ___FILE_ONLY___ europe-west10
2026-05-29 15:21:38,114 INFO     ___FILE_ONLY___ 

2026-05-29 15:21:38,114 INFO     ___FILE_ONLY___   
2026-05-29 15:21:38,114 INFO     ___FILE_ONLY___ -
2026-05-29 15:21:38,114 INFO     ___FILE_ONLY___  
2026-05-29 15:21:38,114 INFO     ___FILE_ONLY___ europe-west12
2026-05-29 15:21:38,114 INFO     ___FILE_ONLY___ 

2026-05-29 15:21:38,114 INFO     ___FILE_ONLY___   
2026-05-29 15:21:38,114 INFO     ___FILE_ONLY___ -
2026-05-29 15:21:38,114 INFO     ___FILE_ONLY___  
2026-05-29 15:21:38,114 INFO     ___FILE_ONLY___ europe-west2
2026-05-29 15:21:38,114 INFO     ___FILE_ONLY___ 

2026-05-29 15:21:38,114 INFO     ___FILE_ONLY___   
2026-05-29 15:21:38,114 INFO     ___FILE_ONLY___ -
2026-05-29 15:21:38,114 INFO     ___FILE_ONLY___  
2026-05-29 15:21:38,114 INFO     ___FILE_ONLY___ europe-west3
2026-05-29 15:21:38,114 INFO     ___FILE_ONLY___ 

2026-05-29 15:21:38,114 INFO     ___FILE_ONLY___   
2026-05-29 15:21:38,115 INFO     ___FILE_ONLY___ -
2026-05-29 15:21:38,115 INFO     ___FILE_ONLY___  
2026-05-29 15:21:38,115 INFO     ___FILE_ONLY___ europe-west4
2026-05-29 15:21:38,115 INFO     ___FILE_ONLY___ 

2026-05-29 15:21:38,115 INFO     ___FILE_ONLY___   
2026-05-29 15:21:38,115 INFO     ___FILE_ONLY___ -
2026-05-29 15:21:38,115 INFO     ___FILE_ONLY___  
2026-05-29 15:21:38,115 INFO     ___FILE_ONLY___ europe-west6
2026-05-29 15:21:38,115 INFO     ___FILE_ONLY___ 

2026-05-29 15:21:38,115 INFO     ___FILE_ONLY___   
2026-05-29 15:21:38,115 INFO     ___FILE_ONLY___ -
2026-05-29 15:21:38,115 INFO     ___FILE_ONLY___  
2026-05-29 15:21:38,115 INFO     ___FILE_ONLY___ europe-west8
2026-05-29 15:21:38,115 INFO     ___FILE_ONLY___ 

2026-05-29 15:21:38,115 INFO     ___FILE_ONLY___   
2026-05-29 15:21:38,115 INFO     ___FILE_ONLY___ -
2026-05-29 15:21:38,115 INFO     ___FILE_ONLY___  
2026-05-29 15:21:38,115 INFO     ___FILE_ONLY___ europe-west9
2026-05-29 15:21:38,115 INFO     ___FILE_ONLY___ 

2026-05-29 15:21:38,115 INFO     ___FILE_ONLY___   
2026-05-29 15:21:38,115 INFO     ___FILE_ONLY___ -
2026-05-29 15:21:38,115 INFO     ___FILE_ONLY___  
2026-05-29 15:21:38,115 INFO     ___FILE_ONLY___ me-central1
2026-05-29 15:21:38,115 INFO     ___FILE_ONLY___ 

2026-05-29 15:21:38,115 INFO     ___FILE_ONLY___   
2026-05-29 15:21:38,115 INFO     ___FILE_ONLY___ -
2026-05-29 15:21:38,115 INFO     ___FILE_ONLY___  
2026-05-29 15:21:38,115 INFO     ___FILE_ONLY___ me-central2
2026-05-29 15:21:38,115 INFO     ___FILE_ONLY___ 

2026-05-29 15:21:38,115 INFO     ___FILE_ONLY___   
2026-05-29 15:21:38,115 INFO     ___FILE_ONLY___ -
2026-05-29 15:21:38,115 INFO     ___FILE_ONLY___  
2026-05-29 15:21:38,115 INFO     ___FILE_ONLY___ me-west1
2026-05-29 15:21:38,115 INFO     ___FILE_ONLY___ 

2026-05-29 15:21:38,115 INFO     ___FILE_ONLY___   
2026-05-29 15:21:38,115 INFO     ___FILE_ONLY___ -
2026-05-29 15:21:38,115 INFO     ___FILE_ONLY___  
2026-05-29 15:21:38,115 INFO     ___FILE_ONLY___ northamerica-northeast1
2026-05-29 15:21:38,115 INFO     ___FILE_ONLY___ 

2026-05-29 15:21:38,115 INFO     ___FILE_ONLY___   
2026-05-29 15:21:38,115 INFO     ___FILE_ONLY___ -
2026-05-29 15:21:38,115 INFO     ___FILE_ONLY___  
2026-05-29 15:21:38,115 INFO     ___FILE_ONLY___ northamerica-northeast2
2026-05-29 15:21:38,115 INFO     ___FILE_ONLY___ 

2026-05-29 15:21:38,116 INFO     ___FILE_ONLY___   
2026-05-29 15:21:38,116 INFO     ___FILE_ONLY___ -
2026-05-29 15:21:38,116 INFO     ___FILE_ONLY___  
2026-05-29 15:21:38,116 INFO     ___FILE_ONLY___ northamerica-south1
2026-05-29 15:21:38,116 INFO     ___FILE_ONLY___ 

2026-05-29 15:21:38,116 INFO     ___FILE_ONLY___   
2026-05-29 15:21:38,116 INFO     ___FILE_ONLY___ -
2026-05-29 15:21:38,116 INFO     ___FILE_ONLY___  
2026-05-29 15:21:38,116 INFO     ___FILE_ONLY___ southamerica-east1
2026-05-29 15:21:38,116 INFO     ___FILE_ONLY___ 

2026-05-29 15:21:38,116 INFO     ___FILE_ONLY___   
2026-05-29 15:21:38,116 INFO     ___FILE_ONLY___ -
2026-05-29 15:21:38,116 INFO     ___FILE_ONLY___  
2026-05-29 15:21:38,116 INFO     ___FILE_ONLY___ southamerica-west1
2026-05-29 15:21:38,116 INFO     ___FILE_ONLY___ 

2026-05-29 15:21:38,116 INFO     ___FILE_ONLY___   
2026-05-29 15:21:38,116 INFO     ___FILE_ONLY___ -
2026-05-29 15:21:38,116 INFO     ___FILE_ONLY___  
2026-05-29 15:21:38,116 INFO     ___FILE_ONLY___ us-east1
2026-05-29 15:21:38,116 INFO     ___FILE_ONLY___ 

2026-05-29 15:21:38,116 INFO     ___FILE_ONLY___   
2026-05-29 15:21:38,116 INFO     ___FILE_ONLY___ -
2026-05-29 15:21:38,116 INFO     ___FILE_ONLY___  
2026-05-29 15:21:38,116 INFO     ___FILE_ONLY___ us-east4
2026-05-29 15:21:38,116 INFO     ___FILE_ONLY___ 

2026-05-29 15:21:38,116 INFO     ___FILE_ONLY___   
2026-05-29 15:21:38,116 INFO     ___FILE_ONLY___ -
2026-05-29 15:21:38,116 INFO     ___FILE_ONLY___  
2026-05-29 15:21:38,116 INFO     ___FILE_ONLY___ us-east5
2026-05-29 15:21:38,116 INFO     ___FILE_ONLY___ 

2026-05-29 15:21:38,116 INFO     ___FILE_ONLY___   
2026-05-29 15:21:38,116 INFO     ___FILE_ONLY___ -
2026-05-29 15:21:38,116 INFO     ___FILE_ONLY___  
2026-05-29 15:21:38,116 INFO     ___FILE_ONLY___ us-south1
2026-05-29 15:21:38,116 INFO     ___FILE_ONLY___ 

2026-05-29 15:21:38,116 INFO     ___FILE_ONLY___   
2026-05-29 15:21:38,116 INFO     ___FILE_ONLY___ -
2026-05-29 15:21:38,116 INFO     ___FILE_ONLY___  
2026-05-29 15:21:38,116 INFO     ___FILE_ONLY___ us-west1
2026-05-29 15:21:38,116 INFO     ___FILE_ONLY___ 

2026-05-29 15:21:38,116 INFO     ___FILE_ONLY___   
2026-05-29 15:21:38,116 INFO     ___FILE_ONLY___ -
2026-05-29 15:21:38,116 INFO     ___FILE_ONLY___  
2026-05-29 15:21:38,116 INFO     ___FILE_ONLY___ us-west2
2026-05-29 15:21:38,117 INFO     ___FILE_ONLY___ 

2026-05-29 15:21:38,117 INFO     ___FILE_ONLY___   
2026-05-29 15:21:38,117 INFO     ___FILE_ONLY___ -
2026-05-29 15:21:38,117 INFO     ___FILE_ONLY___  
2026-05-29 15:21:38,117 INFO     ___FILE_ONLY___ us-west3
2026-05-29 15:21:38,117 INFO     ___FILE_ONLY___ 

2026-05-29 15:21:38,117 INFO     ___FILE_ONLY___   
2026-05-29 15:21:38,117 INFO     ___FILE_ONLY___ -
2026-05-29 15:21:38,117 INFO     ___FILE_ONLY___  
2026-05-29 15:21:38,117 INFO     ___FILE_ONLY___ us-west4
2026-05-29 15:21:38,117 INFO     ___FILE_ONLY___ 

2026-05-29 15:21:38,117 INFO     ___FILE_ONLY___   
2026-05-29 15:21:38,117 INFO     ___FILE_ONLY___ details
2026-05-29 15:21:38,117 INFO     ___FILE_ONLY___ :
2026-05-29 15:21:38,117 INFO     ___FILE_ONLY___  {
2026-05-29 15:21:38,117 INFO     ___FILE_ONLY___ }
2026-05-29 15:21:38,117 INFO     ___FILE_ONLY___ 

2026-05-29 15:21:38,117 INFO     ___FILE_ONLY___   
2026-05-29 15:21:38,117 INFO     ___FILE_ONLY___ dimensions
2026-05-29 15:21:38,117 INFO     ___FILE_ONLY___ :
2026-05-29 15:21:38,117 INFO     ___FILE_ONLY___ 

2026-05-29 15:21:38,117 INFO     ___FILE_ONLY___     
2026-05-29 15:21:38,117 INFO     ___FILE_ONLY___ gpu_family
2026-05-29 15:21:38,117 INFO     ___FILE_ONLY___ :
2026-05-29 15:21:38,117 INFO     ___FILE_ONLY___  
2026-05-29 15:21:38,117 INFO     ___FILE_ONLY___ NVIDIA_RTX_PRO_6000
2026-05-29 15:21:38,117 INFO     ___FILE_ONLY___ 

2026-05-29 15:21:38,117 INFO     ___FILE_ONLY___ -
2026-05-29 15:21:38,117 INFO     ___FILE_ONLY___  
2026-05-29 15:21:38,117 INFO     ___FILE_ONLY___ applicableLocations
2026-05-29 15:21:38,117 INFO     ___FILE_ONLY___ :
2026-05-29 15:21:38,118 INFO     ___FILE_ONLY___ 

2026-05-29 15:21:38,118 INFO     ___FILE_ONLY___   
2026-05-29 15:21:38,118 INFO     ___FILE_ONLY___ -
2026-05-29 15:21:38,118 INFO     ___FILE_ONLY___  
2026-05-29 15:21:38,118 INFO     ___FILE_ONLY___ africa-south1
2026-05-29 15:21:38,118 INFO     ___FILE_ONLY___ 

2026-05-29 15:21:38,118 INFO     ___FILE_ONLY___   
2026-05-29 15:21:38,118 INFO     ___FILE_ONLY___ -
2026-05-29 15:21:38,118 INFO     ___FILE_ONLY___  
2026-05-29 15:21:38,118 INFO     ___FILE_ONLY___ asia-east1
2026-05-29 15:21:38,118 INFO     ___FILE_ONLY___ 

2026-05-29 15:21:38,118 INFO     ___FILE_ONLY___   
2026-05-29 15:21:38,118 INFO     ___FILE_ONLY___ -
2026-05-29 15:21:38,118 INFO     ___FILE_ONLY___  
2026-05-29 15:21:38,118 INFO     ___FILE_ONLY___ asia-east2
2026-05-29 15:21:38,118 INFO     ___FILE_ONLY___ 

2026-05-29 15:21:38,118 INFO     ___FILE_ONLY___   
2026-05-29 15:21:38,118 INFO     ___FILE_ONLY___ -
2026-05-29 15:21:38,118 INFO     ___FILE_ONLY___  
2026-05-29 15:21:38,118 INFO     ___FILE_ONLY___ asia-northeast1
2026-05-29 15:21:38,118 INFO     ___FILE_ONLY___ 

2026-05-29 15:21:38,118 INFO     ___FILE_ONLY___   
2026-05-29 15:21:38,118 INFO     ___FILE_ONLY___ -
2026-05-29 15:21:38,118 INFO     ___FILE_ONLY___  
2026-05-29 15:21:38,118 INFO     ___FILE_ONLY___ asia-northeast2
2026-05-29 15:21:38,118 INFO     ___FILE_ONLY___ 

2026-05-29 15:21:38,118 INFO     ___FILE_ONLY___   
2026-05-29 15:21:38,118 INFO     ___FILE_ONLY___ -
2026-05-29 15:21:38,118 INFO     ___FILE_ONLY___  
2026-05-29 15:21:38,118 INFO     ___FILE_ONLY___ asia-northeast3
2026-05-29 15:21:38,118 INFO     ___FILE_ONLY___ 

2026-05-29 15:21:38,119 INFO     ___FILE_ONLY___   
2026-05-29 15:21:38,119 INFO     ___FILE_ONLY___ -
2026-05-29 15:21:38,119 INFO     ___FILE_ONLY___  
2026-05-29 15:21:38,119 INFO     ___FILE_ONLY___ asia-south1
2026-05-29 15:21:38,119 INFO     ___FILE_ONLY___ 

2026-05-29 15:21:38,119 INFO     ___FILE_ONLY___   
2026-05-29 15:21:38,119 INFO     ___FILE_ONLY___ -
2026-05-29 15:21:38,119 INFO     ___FILE_ONLY___  
2026-05-29 15:21:38,119 INFO     ___FILE_ONLY___ asia-south2
2026-05-29 15:21:38,119 INFO     ___FILE_ONLY___ 

2026-05-29 15:21:38,119 INFO     ___FILE_ONLY___   
2026-05-29 15:21:38,119 INFO     ___FILE_ONLY___ -
2026-05-29 15:21:38,119 INFO     ___FILE_ONLY___  
2026-05-29 15:21:38,119 INFO     ___FILE_ONLY___ asia-southeast1
2026-05-29 15:21:38,119 INFO     ___FILE_ONLY___ 

2026-05-29 15:21:38,119 INFO     ___FILE_ONLY___   
2026-05-29 15:21:38,119 INFO     ___FILE_ONLY___ -
2026-05-29 15:21:38,119 INFO     ___FILE_ONLY___  
2026-05-29 15:21:38,119 INFO     ___FILE_ONLY___ asia-southeast2
2026-05-29 15:21:38,119 INFO     ___FILE_ONLY___ 

2026-05-29 15:21:38,119 INFO     ___FILE_ONLY___   
2026-05-29 15:21:38,119 INFO     ___FILE_ONLY___ -
2026-05-29 15:21:38,119 INFO     ___FILE_ONLY___  
2026-05-29 15:21:38,119 INFO     ___FILE_ONLY___ asia-southeast3
2026-05-29 15:21:38,119 INFO     ___FILE_ONLY___ 

2026-05-29 15:21:38,119 INFO     ___FILE_ONLY___   
2026-05-29 15:21:38,119 INFO     ___FILE_ONLY___ -
2026-05-29 15:21:38,119 INFO     ___FILE_ONLY___  
2026-05-29 15:21:38,119 INFO     ___FILE_ONLY___ australia-southeast1
2026-05-29 15:21:38,119 INFO     ___FILE_ONLY___ 

2026-05-29 15:21:38,119 INFO     ___FILE_ONLY___   
2026-05-29 15:21:38,119 INFO     ___FILE_ONLY___ -
2026-05-29 15:21:38,119 INFO     ___FILE_ONLY___  
2026-05-29 15:21:38,119 INFO     ___FILE_ONLY___ australia-southeast2
2026-05-29 15:21:38,119 INFO     ___FILE_ONLY___ 

2026-05-29 15:21:38,119 INFO     ___FILE_ONLY___   
2026-05-29 15:21:38,119 INFO     ___FILE_ONLY___ -
2026-05-29 15:21:38,119 INFO     ___FILE_ONLY___  
2026-05-29 15:21:38,119 INFO     ___FILE_ONLY___ europe-central2
2026-05-29 15:21:38,119 INFO     ___FILE_ONLY___ 

2026-05-29 15:21:38,120 INFO     ___FILE_ONLY___   
2026-05-29 15:21:38,120 INFO     ___FILE_ONLY___ -
2026-05-29 15:21:38,120 INFO     ___FILE_ONLY___  
2026-05-29 15:21:38,120 INFO     ___FILE_ONLY___ europe-north1
2026-05-29 15:21:38,120 INFO     ___FILE_ONLY___ 

2026-05-29 15:21:38,120 INFO     ___FILE_ONLY___   
2026-05-29 15:21:38,120 INFO     ___FILE_ONLY___ -
2026-05-29 15:21:38,120 INFO     ___FILE_ONLY___  
2026-05-29 15:21:38,120 INFO     ___FILE_ONLY___ europe-north2
2026-05-29 15:21:38,120 INFO     ___FILE_ONLY___ 

2026-05-29 15:21:38,120 INFO     ___FILE_ONLY___   
2026-05-29 15:21:38,120 INFO     ___FILE_ONLY___ -
2026-05-29 15:21:38,120 INFO     ___FILE_ONLY___  
2026-05-29 15:21:38,120 INFO     ___FILE_ONLY___ europe-southwest1
2026-05-29 15:21:38,120 INFO     ___FILE_ONLY___ 

2026-05-29 15:21:38,120 INFO     ___FILE_ONLY___   
2026-05-29 15:21:38,120 INFO     ___FILE_ONLY___ -
2026-05-29 15:21:38,120 INFO     ___FILE_ONLY___  
2026-05-29 15:21:38,120 INFO     ___FILE_ONLY___ europe-west1
2026-05-29 15:21:38,120 INFO     ___FILE_ONLY___ 

2026-05-29 15:21:38,120 INFO     ___FILE_ONLY___   
2026-05-29 15:21:38,120 INFO     ___FILE_ONLY___ -
2026-05-29 15:21:38,120 INFO     ___FILE_ONLY___  
2026-05-29 15:21:38,120 INFO     ___FILE_ONLY___ europe-west10
2026-05-29 15:21:38,120 INFO     ___FILE_ONLY___ 

2026-05-29 15:21:38,120 INFO     ___FILE_ONLY___   
2026-05-29 15:21:38,120 INFO     ___FILE_ONLY___ -
2026-05-29 15:21:38,120 INFO     ___FILE_ONLY___  
2026-05-29 15:21:38,120 INFO     ___FILE_ONLY___ europe-west12
2026-05-29 15:21:38,120 INFO     ___FILE_ONLY___ 

2026-05-29 15:21:38,120 INFO     ___FILE_ONLY___   
2026-05-29 15:21:38,120 INFO     ___FILE_ONLY___ -
2026-05-29 15:21:38,120 INFO     ___FILE_ONLY___  
2026-05-29 15:21:38,120 INFO     ___FILE_ONLY___ europe-west2
2026-05-29 15:21:38,121 INFO     ___FILE_ONLY___ 

2026-05-29 15:21:38,121 INFO     ___FILE_ONLY___   
2026-05-29 15:21:38,121 INFO     ___FILE_ONLY___ -
2026-05-29 15:21:38,121 INFO     ___FILE_ONLY___  
2026-05-29 15:21:38,121 INFO     ___FILE_ONLY___ europe-west3
2026-05-29 15:21:38,121 INFO     ___FILE_ONLY___ 

2026-05-29 15:21:38,121 INFO     ___FILE_ONLY___   
2026-05-29 15:21:38,121 INFO     ___FILE_ONLY___ -
2026-05-29 15:21:38,121 INFO     ___FILE_ONLY___  
2026-05-29 15:21:38,121 INFO     ___FILE_ONLY___ europe-west4
2026-05-29 15:21:38,121 INFO     ___FILE_ONLY___ 

2026-05-29 15:21:38,121 INFO     ___FILE_ONLY___   
2026-05-29 15:21:38,121 INFO     ___FILE_ONLY___ -
2026-05-29 15:21:38,121 INFO     ___FILE_ONLY___  
2026-05-29 15:21:38,121 INFO     ___FILE_ONLY___ europe-west6
2026-05-29 15:21:38,121 INFO     ___FILE_ONLY___ 

2026-05-29 15:21:38,121 INFO     ___FILE_ONLY___   
2026-05-29 15:21:38,121 INFO     ___FILE_ONLY___ -
2026-05-29 15:21:38,121 INFO     ___FILE_ONLY___  
2026-05-29 15:21:38,121 INFO     ___FILE_ONLY___ europe-west8
2026-05-29 15:21:38,121 INFO     ___FILE_ONLY___ 

2026-05-29 15:21:38,121 INFO     ___FILE_ONLY___   
2026-05-29 15:21:38,121 INFO     ___FILE_ONLY___ -
2026-05-29 15:21:38,121 INFO     ___FILE_ONLY___  
2026-05-29 15:21:38,121 INFO     ___FILE_ONLY___ europe-west9
2026-05-29 15:21:38,121 INFO     ___FILE_ONLY___ 

2026-05-29 15:21:38,121 INFO     ___FILE_ONLY___   
2026-05-29 15:21:38,121 INFO     ___FILE_ONLY___ -
2026-05-29 15:21:38,121 INFO     ___FILE_ONLY___  
2026-05-29 15:21:38,121 INFO     ___FILE_ONLY___ me-central1
2026-05-29 15:21:38,121 INFO     ___FILE_ONLY___ 

2026-05-29 15:21:38,121 INFO     ___FILE_ONLY___   
2026-05-29 15:21:38,121 INFO     ___FILE_ONLY___ -
2026-05-29 15:21:38,121 INFO     ___FILE_ONLY___  
2026-05-29 15:21:38,121 INFO     ___FILE_ONLY___ me-central2
2026-05-29 15:21:38,121 INFO     ___FILE_ONLY___ 

2026-05-29 15:21:38,121 INFO     ___FILE_ONLY___   
2026-05-29 15:21:38,122 INFO     ___FILE_ONLY___ -
2026-05-29 15:21:38,122 INFO     ___FILE_ONLY___  
2026-05-29 15:21:38,122 INFO     ___FILE_ONLY___ me-west1
2026-05-29 15:21:38,122 INFO     ___FILE_ONLY___ 

2026-05-29 15:21:38,122 INFO     ___FILE_ONLY___   
2026-05-29 15:21:38,122 INFO     ___FILE_ONLY___ -
2026-05-29 15:21:38,122 INFO     ___FILE_ONLY___  
2026-05-29 15:21:38,122 INFO     ___FILE_ONLY___ northamerica-northeast1
2026-05-29 15:21:38,122 INFO     ___FILE_ONLY___ 

2026-05-29 15:21:38,122 INFO     ___FILE_ONLY___   
2026-05-29 15:21:38,122 INFO     ___FILE_ONLY___ -
2026-05-29 15:21:38,122 INFO     ___FILE_ONLY___  
2026-05-29 15:21:38,122 INFO     ___FILE_ONLY___ northamerica-northeast2
2026-05-29 15:21:38,122 INFO     ___FILE_ONLY___ 

2026-05-29 15:21:38,122 INFO     ___FILE_ONLY___   
2026-05-29 15:21:38,122 INFO     ___FILE_ONLY___ -
2026-05-29 15:21:38,122 INFO     ___FILE_ONLY___  
2026-05-29 15:21:38,122 INFO     ___FILE_ONLY___ northamerica-south1
2026-05-29 15:21:38,122 INFO     ___FILE_ONLY___ 

2026-05-29 15:21:38,122 INFO     ___FILE_ONLY___   
2026-05-29 15:21:38,122 INFO     ___FILE_ONLY___ -
2026-05-29 15:21:38,122 INFO     ___FILE_ONLY___  
2026-05-29 15:21:38,122 INFO     ___FILE_ONLY___ southamerica-east1
2026-05-29 15:21:38,122 INFO     ___FILE_ONLY___ 

2026-05-29 15:21:38,122 INFO     ___FILE_ONLY___   
2026-05-29 15:21:38,122 INFO     ___FILE_ONLY___ -
2026-05-29 15:21:38,122 INFO     ___FILE_ONLY___  
2026-05-29 15:21:38,122 INFO     ___FILE_ONLY___ southamerica-west1
2026-05-29 15:21:38,122 INFO     ___FILE_ONLY___ 

2026-05-29 15:21:38,122 INFO     ___FILE_ONLY___   
2026-05-29 15:21:38,122 INFO     ___FILE_ONLY___ -
2026-05-29 15:21:38,122 INFO     ___FILE_ONLY___  
2026-05-29 15:21:38,122 INFO     ___FILE_ONLY___ us-central1
2026-05-29 15:21:38,122 INFO     ___FILE_ONLY___ 

2026-05-29 15:21:38,122 INFO     ___FILE_ONLY___   
2026-05-29 15:21:38,122 INFO     ___FILE_ONLY___ -
2026-05-29 15:21:38,123 INFO     ___FILE_ONLY___  
2026-05-29 15:21:38,123 INFO     ___FILE_ONLY___ us-east1
2026-05-29 15:21:38,123 INFO     ___FILE_ONLY___ 

2026-05-29 15:21:38,123 INFO     ___FILE_ONLY___   
2026-05-29 15:21:38,123 INFO     ___FILE_ONLY___ -
2026-05-29 15:21:38,123 INFO     ___FILE_ONLY___  
2026-05-29 15:21:38,123 INFO     ___FILE_ONLY___ us-east4
2026-05-29 15:21:38,123 INFO     ___FILE_ONLY___ 

2026-05-29 15:21:38,123 INFO     ___FILE_ONLY___   
2026-05-29 15:21:38,123 INFO     ___FILE_ONLY___ -
2026-05-29 15:21:38,123 INFO     ___FILE_ONLY___  
2026-05-29 15:21:38,123 INFO     ___FILE_ONLY___ us-east5
2026-05-29 15:21:38,123 INFO     ___FILE_ONLY___ 

2026-05-29 15:21:38,123 INFO     ___FILE_ONLY___   
2026-05-29 15:21:38,123 INFO     ___FILE_ONLY___ -
2026-05-29 15:21:38,123 INFO     ___FILE_ONLY___  
2026-05-29 15:21:38,123 INFO     ___FILE_ONLY___ us-south1
2026-05-29 15:21:38,123 INFO     ___FILE_ONLY___ 

2026-05-29 15:21:38,123 INFO     ___FILE_ONLY___   
2026-05-29 15:21:38,123 INFO     ___FILE_ONLY___ -
2026-05-29 15:21:38,123 INFO     ___FILE_ONLY___  
2026-05-29 15:21:38,123 INFO     ___FILE_ONLY___ us-west1
2026-05-29 15:21:38,123 INFO     ___FILE_ONLY___ 

2026-05-29 15:21:38,123 INFO     ___FILE_ONLY___   
2026-05-29 15:21:38,123 INFO     ___FILE_ONLY___ -
2026-05-29 15:21:38,123 INFO     ___FILE_ONLY___  
2026-05-29 15:21:38,123 INFO     ___FILE_ONLY___ us-west2
2026-05-29 15:21:38,123 INFO     ___FILE_ONLY___ 

2026-05-29 15:21:38,123 INFO     ___FILE_ONLY___   
2026-05-29 15:21:38,123 INFO     ___FILE_ONLY___ -
2026-05-29 15:21:38,123 INFO     ___FILE_ONLY___  
2026-05-29 15:21:38,123 INFO     ___FILE_ONLY___ us-west3
2026-05-29 15:21:38,123 INFO     ___FILE_ONLY___ 

2026-05-29 15:21:38,123 INFO     ___FILE_ONLY___   
2026-05-29 15:21:38,123 INFO     ___FILE_ONLY___ -
2026-05-29 15:21:38,124 INFO     ___FILE_ONLY___  
2026-05-29 15:21:38,124 INFO     ___FILE_ONLY___ us-west4
2026-05-29 15:21:38,124 INFO     ___FILE_ONLY___ 

2026-05-29 15:21:38,124 INFO     ___FILE_ONLY___   
2026-05-29 15:21:38,124 INFO     ___FILE_ONLY___ details
2026-05-29 15:21:38,124 INFO     ___FILE_ONLY___ :
2026-05-29 15:21:38,124 INFO     ___FILE_ONLY___  {
2026-05-29 15:21:38,124 INFO     ___FILE_ONLY___ }
2026-05-29 15:21:38,124 INFO     ___FILE_ONLY___ 

2026-05-29 15:21:38,124 INFO     ___FILE_ONLY___ isPrecise
2026-05-29 15:21:38,124 INFO     ___FILE_ONLY___ :
2026-05-29 15:21:38,124 INFO     ___FILE_ONLY___  
2026-05-29 15:21:38,124 INFO     ___FILE_ONLY___ true
2026-05-29 15:21:38,124 INFO     ___FILE_ONLY___ 

2026-05-29 15:21:38,124 INFO     ___FILE_ONLY___ metric
2026-05-29 15:21:38,124 INFO     ___FILE_ONLY___ :
2026-05-29 15:21:38,124 INFO     ___FILE_ONLY___  
2026-05-29 15:21:38,124 INFO     ___FILE_ONLY___ compute.googleapis.com/gpus_per_gpu_family
2026-05-29 15:21:38,124 INFO     ___FILE_ONLY___ 

2026-05-29 15:21:38,124 INFO     ___FILE_ONLY___ metricDisplayName
2026-05-29 15:21:38,124 INFO     ___FILE_ONLY___ :
2026-05-29 15:21:38,124 INFO     ___FILE_ONLY___  
2026-05-29 15:21:38,124 INFO     ___FILE_ONLY___ GPU
2026-05-29 15:21:38,125 INFO     ___FILE_ONLY___  
2026-05-29 15:21:38,125 INFO     ___FILE_ONLY___ count
2026-05-29 15:21:38,125 INFO     ___FILE_ONLY___  
2026-05-29 15:21:38,125 INFO     ___FILE_ONLY___ per
2026-05-29 15:21:38,125 INFO     ___FILE_ONLY___  
2026-05-29 15:21:38,125 INFO     ___FILE_ONLY___ GPU
2026-05-29 15:21:38,125 INFO     ___FILE_ONLY___  
2026-05-29 15:21:38,125 INFO     ___FILE_ONLY___ family.
2026-05-29 15:21:38,125 INFO     ___FILE_ONLY___ 

2026-05-29 15:21:38,125 INFO     ___FILE_ONLY___ metricUnit
2026-05-29 15:21:38,125 INFO     ___FILE_ONLY___ :
2026-05-29 15:21:38,125 INFO     ___FILE_ONLY___  '
2026-05-29 15:21:38,125 INFO     ___FILE_ONLY___ 1
2026-05-29 15:21:38,125 INFO     ___FILE_ONLY___ '
2026-05-29 15:21:38,125 INFO     ___FILE_ONLY___ 

2026-05-29 15:21:38,125 INFO     ___FILE_ONLY___ name
2026-05-29 15:21:38,125 INFO     ___FILE_ONLY___ :
2026-05-29 15:21:38,126 INFO     ___FILE_ONLY___  
2026-05-29 15:21:38,126 INFO     ___FILE_ONLY___ projects/386659319067/locations/global/services/compute.googleapis.com/quotaInfos/GPUS-PER-GPU-FAMILY-per-project-region
2026-05-29 15:21:38,126 INFO     ___FILE_ONLY___ 

2026-05-29 15:21:38,126 INFO     ___FILE_ONLY___ quotaDisplayName
2026-05-29 15:21:38,126 INFO     ___FILE_ONLY___ :
2026-05-29 15:21:38,126 INFO     ___FILE_ONLY___  
2026-05-29 15:21:38,126 INFO     ___FILE_ONLY___ GPUs
2026-05-29 15:21:38,126 INFO     ___FILE_ONLY___  
2026-05-29 15:21:38,126 INFO     ___FILE_ONLY___ per
2026-05-29 15:21:38,126 INFO     ___FILE_ONLY___  
2026-05-29 15:21:38,126 INFO     ___FILE_ONLY___ GPU
2026-05-29 15:21:38,126 INFO     ___FILE_ONLY___  
2026-05-29 15:21:38,126 INFO     ___FILE_ONLY___ family
2026-05-29 15:21:38,126 INFO     ___FILE_ONLY___ 

2026-05-29 15:21:38,126 INFO     ___FILE_ONLY___ quotaId
2026-05-29 15:21:38,126 INFO     ___FILE_ONLY___ :
2026-05-29 15:21:38,126 INFO     ___FILE_ONLY___  
2026-05-29 15:21:38,126 INFO     ___FILE_ONLY___ GPUS-PER-GPU-FAMILY-per-project-region
2026-05-29 15:21:38,126 INFO     ___FILE_ONLY___ 

2026-05-29 15:21:38,126 INFO     ___FILE_ONLY___ quotaIncreaseEligibility
2026-05-29 15:21:38,127 INFO     ___FILE_ONLY___ :
2026-05-29 15:21:38,127 INFO     ___FILE_ONLY___ 

2026-05-29 15:21:38,127 INFO     ___FILE_ONLY___   
2026-05-29 15:21:38,127 INFO     ___FILE_ONLY___ isEligible
2026-05-29 15:21:38,127 INFO     ___FILE_ONLY___ :
2026-05-29 15:21:38,127 INFO     ___FILE_ONLY___  
2026-05-29 15:21:38,127 INFO     ___FILE_ONLY___ true
2026-05-29 15:21:38,127 INFO     ___FILE_ONLY___ 

2026-05-29 15:21:38,127 INFO     ___FILE_ONLY___ service
2026-05-29 15:21:38,127 INFO     ___FILE_ONLY___ :
2026-05-29 15:21:38,127 INFO     ___FILE_ONLY___  
2026-05-29 15:21:38,127 INFO     ___FILE_ONLY___ compute.googleapis.com
2026-05-29 15:21:38,127 INFO     ___FILE_ONLY___ 

2026-05-29 15:21:38,148 DEBUG    root            Metrics reporting process started...
