2026-05-29 15:20:18,423 DEBUG    root            Loaded Command Group: ['gcloud', 'alpha', 'quotas']
2026-05-29 15:20:18,424 DEBUG    root            Loaded Command Group: ['gcloud', 'alpha', 'quotas', 'info']
2026-05-29 15:20:18,426 DEBUG    root            Loaded Command Group: ['gcloud', 'alpha', 'quotas', 'info', 'list']
2026-05-29 15:20:18,427 DEBUG    root            Running [gcloud.alpha.quotas.info.list] with arguments: [--filter: "quotaId~GPUS_PER_GPU_FAMILY", --project: "env-integration-fenway", --service: "compute.googleapis.com"]
2026-05-29 15:20:18,430 DEBUG    root            On GCE from memory cache: False
2026-05-29 15:20:18,431 DEBUG    root            On GCE from memory cache: False
2026-05-29 15:20:18,441 DEBUG    root            Chosen display Format:default
2026-05-29 15:20:18,442 INFO     root            Display format: "default"
2026-05-29 15:20:18,447 DEBUG    urllib3.connectionpool Starting new HTTPS connection (1): cloudquotas.googleapis.com:443
2026-05-29 15:20:19,425 DEBUG    urllib3.connectionpool https://cloudquotas.googleapis.com:443 "GET /v1/projects/env-integration-fenway/locations/global/services/compute.googleapis.com/quotaInfos?alt=json&pageSize=10 HTTP/1.1" 200 None
2026-05-29 15:20:20,330 DEBUG    urllib3.connectionpool https://cloudquotas.googleapis.com:443 "GET /v1/projects/env-integration-fenway/locations/global/services/compute.googleapis.com/quotaInfos?alt=json&pageSize=10&pageToken=1 HTTP/1.1" 200 None
2026-05-29 15:20:21,216 DEBUG    urllib3.connectionpool https://cloudquotas.googleapis.com:443 "GET /v1/projects/env-integration-fenway/locations/global/services/compute.googleapis.com/quotaInfos?alt=json&pageSize=10&pageToken=2 HTTP/1.1" 200 None
2026-05-29 15:20:21,738 DEBUG    urllib3.connectionpool https://cloudquotas.googleapis.com:443 "GET /v1/projects/env-integration-fenway/locations/global/services/compute.googleapis.com/quotaInfos?alt=json&pageSize=10&pageToken=3 HTTP/1.1" 200 None
2026-05-29 15:20:22,235 DEBUG    urllib3.connectionpool https://cloudquotas.googleapis.com:443 "GET /v1/projects/env-integration-fenway/locations/global/services/compute.googleapis.com/quotaInfos?alt=json&pageSize=10&pageToken=4 HTTP/1.1" 200 None
2026-05-29 15:20:23,589 DEBUG    urllib3.connectionpool https://cloudquotas.googleapis.com:443 "GET /v1/projects/env-integration-fenway/locations/global/services/compute.googleapis.com/quotaInfos?alt=json&pageSize=10&pageToken=5 HTTP/1.1" 200 None
2026-05-29 15:20:24,664 DEBUG    urllib3.connectionpool https://cloudquotas.googleapis.com:443 "GET /v1/projects/env-integration-fenway/locations/global/services/compute.googleapis.com/quotaInfos?alt=json&pageSize=10&pageToken=6 HTTP/1.1" 200 None
2026-05-29 15:20:25,604 DEBUG    urllib3.connectionpool https://cloudquotas.googleapis.com:443 "GET /v1/projects/env-integration-fenway/locations/global/services/compute.googleapis.com/quotaInfos?alt=json&pageSize=10&pageToken=7 HTTP/1.1" 200 None
2026-05-29 15:20:26,992 DEBUG    urllib3.connectionpool https://cloudquotas.googleapis.com:443 "GET /v1/projects/env-integration-fenway/locations/global/services/compute.googleapis.com/quotaInfos?alt=json&pageSize=10&pageToken=8 HTTP/1.1" 200 None
2026-05-29 15:20:28,118 DEBUG    urllib3.connectionpool https://cloudquotas.googleapis.com:443 "GET /v1/projects/env-integration-fenway/locations/global/services/compute.googleapis.com/quotaInfos?alt=json&pageSize=10&pageToken=9 HTTP/1.1" 200 None
2026-05-29 15:20:29,304 DEBUG    urllib3.connectionpool https://cloudquotas.googleapis.com:443 "GET /v1/projects/env-integration-fenway/locations/global/services/compute.googleapis.com/quotaInfos?alt=json&pageSize=10&pageToken=10 HTTP/1.1" 200 None
2026-05-29 15:20:30,316 DEBUG    urllib3.connectionpool https://cloudquotas.googleapis.com:443 "GET /v1/projects/env-integration-fenway/locations/global/services/compute.googleapis.com/quotaInfos?alt=json&pageSize=10&pageToken=11 HTTP/1.1" 200 None
2026-05-29 15:20:31,349 DEBUG    urllib3.connectionpool https://cloudquotas.googleapis.com:443 "GET /v1/projects/env-integration-fenway/locations/global/services/compute.googleapis.com/quotaInfos?alt=json&pageSize=10&pageToken=12 HTTP/1.1" 200 None
2026-05-29 15:20:32,547 DEBUG    urllib3.connectionpool https://cloudquotas.googleapis.com:443 "GET /v1/projects/env-integration-fenway/locations/global/services/compute.googleapis.com/quotaInfos?alt=json&pageSize=10&pageToken=13 HTTP/1.1" 200 None
2026-05-29 15:20:33,785 DEBUG    urllib3.connectionpool https://cloudquotas.googleapis.com:443 "GET /v1/projects/env-integration-fenway/locations/global/services/compute.googleapis.com/quotaInfos?alt=json&pageSize=10&pageToken=14 HTTP/1.1" 200 None
2026-05-29 15:20:34,859 DEBUG    urllib3.connectionpool https://cloudquotas.googleapis.com:443 "GET /v1/projects/env-integration-fenway/locations/global/services/compute.googleapis.com/quotaInfos?alt=json&pageSize=10&pageToken=15 HTTP/1.1" 200 None
2026-05-29 15:20:35,976 DEBUG    urllib3.connectionpool https://cloudquotas.googleapis.com:443 "GET /v1/projects/env-integration-fenway/locations/global/services/compute.googleapis.com/quotaInfos?alt=json&pageSize=10&pageToken=16 HTTP/1.1" 200 None
2026-05-29 15:20:37,009 DEBUG    urllib3.connectionpool https://cloudquotas.googleapis.com:443 "GET /v1/projects/env-integration-fenway/locations/global/services/compute.googleapis.com/quotaInfos?alt=json&pageSize=10&pageToken=17 HTTP/1.1" 200 None
2026-05-29 15:20:37,945 DEBUG    urllib3.connectionpool https://cloudquotas.googleapis.com:443 "GET /v1/projects/env-integration-fenway/locations/global/services/compute.googleapis.com/quotaInfos?alt=json&pageSize=10&pageToken=18 HTTP/1.1" 200 None
2026-05-29 15:20:38,898 DEBUG    urllib3.connectionpool https://cloudquotas.googleapis.com:443 "GET /v1/projects/env-integration-fenway/locations/global/services/compute.googleapis.com/quotaInfos?alt=json&pageSize=10&pageToken=19 HTTP/1.1" 200 None
2026-05-29 15:20:40,000 DEBUG    urllib3.connectionpool https://cloudquotas.googleapis.com:443 "GET /v1/projects/env-integration-fenway/locations/global/services/compute.googleapis.com/quotaInfos?alt=json&pageSize=10&pageToken=20 HTTP/1.1" 200 None
2026-05-29 15:20:40,909 DEBUG    urllib3.connectionpool https://cloudquotas.googleapis.com:443 "GET /v1/projects/env-integration-fenway/locations/global/services/compute.googleapis.com/quotaInfos?alt=json&pageSize=10&pageToken=21 HTTP/1.1" 200 None
2026-05-29 15:20:42,003 DEBUG    urllib3.connectionpool https://cloudquotas.googleapis.com:443 "GET /v1/projects/env-integration-fenway/locations/global/services/compute.googleapis.com/quotaInfos?alt=json&pageSize=10&pageToken=22 HTTP/1.1" 200 None
2026-05-29 15:20:43,032 DEBUG    urllib3.connectionpool https://cloudquotas.googleapis.com:443 "GET /v1/projects/env-integration-fenway/locations/global/services/compute.googleapis.com/quotaInfos?alt=json&pageSize=10&pageToken=23 HTTP/1.1" 200 None
2026-05-29 15:20:44,187 DEBUG    urllib3.connectionpool https://cloudquotas.googleapis.com:443 "GET /v1/projects/env-integration-fenway/locations/global/services/compute.googleapis.com/quotaInfos?alt=json&pageSize=10&pageToken=24 HTTP/1.1" 200 None
2026-05-29 15:20:45,299 DEBUG    urllib3.connectionpool https://cloudquotas.googleapis.com:443 "GET /v1/projects/env-integration-fenway/locations/global/services/compute.googleapis.com/quotaInfos?alt=json&pageSize=10&pageToken=25 HTTP/1.1" 200 None
2026-05-29 15:20:46,596 DEBUG    urllib3.connectionpool https://cloudquotas.googleapis.com:443 "GET /v1/projects/env-integration-fenway/locations/global/services/compute.googleapis.com/quotaInfos?alt=json&pageSize=10&pageToken=26 HTTP/1.1" 200 None
2026-05-29 15:20:47,949 DEBUG    urllib3.connectionpool https://cloudquotas.googleapis.com:443 "GET /v1/projects/env-integration-fenway/locations/global/services/compute.googleapis.com/quotaInfos?alt=json&pageSize=10&pageToken=27 HTTP/1.1" 200 None
2026-05-29 15:20:48,905 DEBUG    urllib3.connectionpool https://cloudquotas.googleapis.com:443 "GET /v1/projects/env-integration-fenway/locations/global/services/compute.googleapis.com/quotaInfos?alt=json&pageSize=10&pageToken=28 HTTP/1.1" 200 None
2026-05-29 15:20:50,012 DEBUG    urllib3.connectionpool https://cloudquotas.googleapis.com:443 "GET /v1/projects/env-integration-fenway/locations/global/services/compute.googleapis.com/quotaInfos?alt=json&pageSize=10&pageToken=29 HTTP/1.1" 200 None
2026-05-29 15:20:51,015 DEBUG    urllib3.connectionpool https://cloudquotas.googleapis.com:443 "GET /v1/projects/env-integration-fenway/locations/global/services/compute.googleapis.com/quotaInfos?alt=json&pageSize=10&pageToken=30 HTTP/1.1" 200 None
2026-05-29 15:20:51,959 DEBUG    urllib3.connectionpool https://cloudquotas.googleapis.com:443 "GET /v1/projects/env-integration-fenway/locations/global/services/compute.googleapis.com/quotaInfos?alt=json&pageSize=10&pageToken=31 HTTP/1.1" 200 None
2026-05-29 15:20:53,030 DEBUG    urllib3.connectionpool https://cloudquotas.googleapis.com:443 "GET /v1/projects/env-integration-fenway/locations/global/services/compute.googleapis.com/quotaInfos?alt=json&pageSize=10&pageToken=32 HTTP/1.1" 200 None
2026-05-29 15:20:54,061 DEBUG    urllib3.connectionpool https://cloudquotas.googleapis.com:443 "GET /v1/projects/env-integration-fenway/locations/global/services/compute.googleapis.com/quotaInfos?alt=json&pageSize=10&pageToken=33 HTTP/1.1" 200 None
2026-05-29 15:20:55,135 DEBUG    urllib3.connectionpool https://cloudquotas.googleapis.com:443 "GET /v1/projects/env-integration-fenway/locations/global/services/compute.googleapis.com/quotaInfos?alt=json&pageSize=10&pageToken=34 HTTP/1.1" 200 None
2026-05-29 15:20:56,288 DEBUG    urllib3.connectionpool https://cloudquotas.googleapis.com:443 "GET /v1/projects/env-integration-fenway/locations/global/services/compute.googleapis.com/quotaInfos?alt=json&pageSize=10&pageToken=35 HTTP/1.1" 200 None
2026-05-29 15:20:57,216 DEBUG    urllib3.connectionpool https://cloudquotas.googleapis.com:443 "GET /v1/projects/env-integration-fenway/locations/global/services/compute.googleapis.com/quotaInfos?alt=json&pageSize=10&pageToken=36 HTTP/1.1" 200 None
2026-05-29 15:20:58,396 DEBUG    urllib3.connectionpool https://cloudquotas.googleapis.com:443 "GET /v1/projects/env-integration-fenway/locations/global/services/compute.googleapis.com/quotaInfos?alt=json&pageSize=10&pageToken=37 HTTP/1.1" 200 None
2026-05-29 15:20:59,724 DEBUG    urllib3.connectionpool https://cloudquotas.googleapis.com:443 "GET /v1/projects/env-integration-fenway/locations/global/services/compute.googleapis.com/quotaInfos?alt=json&pageSize=10&pageToken=38 HTTP/1.1" 200 None
2026-05-29 15:21:01,033 DEBUG    urllib3.connectionpool https://cloudquotas.googleapis.com:443 "GET /v1/projects/env-integration-fenway/locations/global/services/compute.googleapis.com/quotaInfos?alt=json&pageSize=10&pageToken=39 HTTP/1.1" 200 None
2026-05-29 15:21:02,160 DEBUG    urllib3.connectionpool https://cloudquotas.googleapis.com:443 "GET /v1/projects/env-integration-fenway/locations/global/services/compute.googleapis.com/quotaInfos?alt=json&pageSize=10&pageToken=40 HTTP/1.1" 200 None
2026-05-29 15:21:03,157 DEBUG    urllib3.connectionpool https://cloudquotas.googleapis.com:443 "GET /v1/projects/env-integration-fenway/locations/global/services/compute.googleapis.com/quotaInfos?alt=json&pageSize=10&pageToken=41 HTTP/1.1" 200 None
2026-05-29 15:21:03,707 DEBUG    urllib3.connectionpool https://cloudquotas.googleapis.com:443 "GET /v1/projects/env-integration-fenway/locations/global/services/compute.googleapis.com/quotaInfos?alt=json&pageSize=10&pageToken=42 HTTP/1.1" 200 None
2026-05-29 15:21:04,687 DEBUG    urllib3.connectionpool https://cloudquotas.googleapis.com:443 "GET /v1/projects/env-integration-fenway/locations/global/services/compute.googleapis.com/quotaInfos?alt=json&pageSize=10&pageToken=43 HTTP/1.1" 200 None
2026-05-29 15:21:04,689 INFO     ___FILE_ONLY___ Listed 0 items.

2026-05-29 15:21:04,711 DEBUG    root            Metrics reporting process started...
