2026-05-29 15:21:16,910 DEBUG    root            Loaded Command Group: ['gcloud', 'alpha', 'quotas']
2026-05-29 15:21:16,911 DEBUG    root            Loaded Command Group: ['gcloud', 'alpha', 'quotas', 'info']
2026-05-29 15:21:16,914 DEBUG    root            Loaded Command Group: ['gcloud', 'alpha', 'quotas', 'info', 'describe']
2026-05-29 15:21:16,915 DEBUG    root            Running [gcloud.alpha.quotas.info.describe] with arguments: [--project: "env-integration-fenway", --service: "compute.googleapis.com", QUOTA_ID: "NVIDIA-RTX-PRO-6000-VWS-GPUS-per-project-region"]
2026-05-29 15:21:16,917 DEBUG    root            On GCE from memory cache: False
2026-05-29 15:21:16,919 DEBUG    root            On GCE from memory cache: False
2026-05-29 15:21:16,937 DEBUG    urllib3.connectionpool Starting new HTTPS connection (1): cloudquotas.googleapis.com:443
2026-05-29 15:21:17,516 DEBUG    urllib3.connectionpool https://cloudquotas.googleapis.com:443 "GET /v1/projects/env-integration-fenway/locations/global/services/compute.googleapis.com/quotaInfos/NVIDIA-RTX-PRO-6000-VWS-GPUS-per-project-region?alt=json HTTP/1.1" 200 None
2026-05-29 15:21:17,518 DEBUG    root            Chosen display Format:default
2026-05-29 15:21:17,518 INFO     root            Display format: "default"
2026-05-29 15:21:17,559 INFO     ___FILE_ONLY___ containerType
2026-05-29 15:21:17,559 INFO     ___FILE_ONLY___ :
2026-05-29 15:21:17,559 INFO     ___FILE_ONLY___  
2026-05-29 15:21:17,559 INFO     ___FILE_ONLY___ PROJECT
2026-05-29 15:21:17,559 INFO     ___FILE_ONLY___ 

2026-05-29 15:21:17,559 INFO     ___FILE_ONLY___ dimensions
2026-05-29 15:21:17,560 INFO     ___FILE_ONLY___ :
2026-05-29 15:21:17,560 INFO     ___FILE_ONLY___ 

2026-05-29 15:21:17,560 INFO     ___FILE_ONLY___ -
2026-05-29 15:21:17,560 INFO     ___FILE_ONLY___  
2026-05-29 15:21:17,560 INFO     ___FILE_ONLY___ region
2026-05-29 15:21:17,560 INFO     ___FILE_ONLY___ 

2026-05-29 15:21:17,560 INFO     ___FILE_ONLY___ dimensionsInfos
2026-05-29 15:21:17,560 INFO     ___FILE_ONLY___ :
2026-05-29 15:21:17,560 INFO     ___FILE_ONLY___ 

2026-05-29 15:21:17,560 INFO     ___FILE_ONLY___ -
2026-05-29 15:21:17,560 INFO     ___FILE_ONLY___  
2026-05-29 15:21:17,560 INFO     ___FILE_ONLY___ applicableLocations
2026-05-29 15:21:17,560 INFO     ___FILE_ONLY___ :
2026-05-29 15:21:17,560 INFO     ___FILE_ONLY___ 

2026-05-29 15:21:17,560 INFO     ___FILE_ONLY___   
2026-05-29 15:21:17,560 INFO     ___FILE_ONLY___ -
2026-05-29 15:21:17,560 INFO     ___FILE_ONLY___  
2026-05-29 15:21:17,560 INFO     ___FILE_ONLY___ africa-south1
2026-05-29 15:21:17,560 INFO     ___FILE_ONLY___ 

2026-05-29 15:21:17,561 INFO     ___FILE_ONLY___   
2026-05-29 15:21:17,561 INFO     ___FILE_ONLY___ -
2026-05-29 15:21:17,561 INFO     ___FILE_ONLY___  
2026-05-29 15:21:17,561 INFO     ___FILE_ONLY___ asia-east1
2026-05-29 15:21:17,561 INFO     ___FILE_ONLY___ 

2026-05-29 15:21:17,561 INFO     ___FILE_ONLY___   
2026-05-29 15:21:17,561 INFO     ___FILE_ONLY___ -
2026-05-29 15:21:17,561 INFO     ___FILE_ONLY___  
2026-05-29 15:21:17,561 INFO     ___FILE_ONLY___ asia-east2
2026-05-29 15:21:17,561 INFO     ___FILE_ONLY___ 

2026-05-29 15:21:17,561 INFO     ___FILE_ONLY___   
2026-05-29 15:21:17,561 INFO     ___FILE_ONLY___ -
2026-05-29 15:21:17,561 INFO     ___FILE_ONLY___  
2026-05-29 15:21:17,561 INFO     ___FILE_ONLY___ asia-northeast1
2026-05-29 15:21:17,561 INFO     ___FILE_ONLY___ 

2026-05-29 15:21:17,561 INFO     ___FILE_ONLY___   
2026-05-29 15:21:17,561 INFO     ___FILE_ONLY___ -
2026-05-29 15:21:17,561 INFO     ___FILE_ONLY___  
2026-05-29 15:21:17,561 INFO     ___FILE_ONLY___ asia-northeast2
2026-05-29 15:21:17,561 INFO     ___FILE_ONLY___ 

2026-05-29 15:21:17,561 INFO     ___FILE_ONLY___   
2026-05-29 15:21:17,561 INFO     ___FILE_ONLY___ -
2026-05-29 15:21:17,561 INFO     ___FILE_ONLY___  
2026-05-29 15:21:17,561 INFO     ___FILE_ONLY___ asia-northeast3
2026-05-29 15:21:17,562 INFO     ___FILE_ONLY___ 

2026-05-29 15:21:17,562 INFO     ___FILE_ONLY___   
2026-05-29 15:21:17,562 INFO     ___FILE_ONLY___ -
2026-05-29 15:21:17,562 INFO     ___FILE_ONLY___  
2026-05-29 15:21:17,562 INFO     ___FILE_ONLY___ asia-south1
2026-05-29 15:21:17,562 INFO     ___FILE_ONLY___ 

2026-05-29 15:21:17,562 INFO     ___FILE_ONLY___   
2026-05-29 15:21:17,562 INFO     ___FILE_ONLY___ -
2026-05-29 15:21:17,562 INFO     ___FILE_ONLY___  
2026-05-29 15:21:17,562 INFO     ___FILE_ONLY___ asia-south2
2026-05-29 15:21:17,562 INFO     ___FILE_ONLY___ 

2026-05-29 15:21:17,562 INFO     ___FILE_ONLY___   
2026-05-29 15:21:17,562 INFO     ___FILE_ONLY___ -
2026-05-29 15:21:17,562 INFO     ___FILE_ONLY___  
2026-05-29 15:21:17,562 INFO     ___FILE_ONLY___ asia-southeast1
2026-05-29 15:21:17,562 INFO     ___FILE_ONLY___ 

2026-05-29 15:21:17,562 INFO     ___FILE_ONLY___   
2026-05-29 15:21:17,562 INFO     ___FILE_ONLY___ -
2026-05-29 15:21:17,562 INFO     ___FILE_ONLY___  
2026-05-29 15:21:17,562 INFO     ___FILE_ONLY___ asia-southeast2
2026-05-29 15:21:17,562 INFO     ___FILE_ONLY___ 

2026-05-29 15:21:17,562 INFO     ___FILE_ONLY___   
2026-05-29 15:21:17,562 INFO     ___FILE_ONLY___ -
2026-05-29 15:21:17,562 INFO     ___FILE_ONLY___  
2026-05-29 15:21:17,562 INFO     ___FILE_ONLY___ asia-southeast3
2026-05-29 15:21:17,562 INFO     ___FILE_ONLY___ 

2026-05-29 15:21:17,562 INFO     ___FILE_ONLY___   
2026-05-29 15:21:17,562 INFO     ___FILE_ONLY___ -
2026-05-29 15:21:17,562 INFO     ___FILE_ONLY___  
2026-05-29 15:21:17,562 INFO     ___FILE_ONLY___ australia-southeast1
2026-05-29 15:21:17,562 INFO     ___FILE_ONLY___ 

2026-05-29 15:21:17,562 INFO     ___FILE_ONLY___   
2026-05-29 15:21:17,562 INFO     ___FILE_ONLY___ -
2026-05-29 15:21:17,562 INFO     ___FILE_ONLY___  
2026-05-29 15:21:17,562 INFO     ___FILE_ONLY___ australia-southeast2
2026-05-29 15:21:17,562 INFO     ___FILE_ONLY___ 

2026-05-29 15:21:17,562 INFO     ___FILE_ONLY___   
2026-05-29 15:21:17,562 INFO     ___FILE_ONLY___ -
2026-05-29 15:21:17,562 INFO     ___FILE_ONLY___  
2026-05-29 15:21:17,563 INFO     ___FILE_ONLY___ europe-central2
2026-05-29 15:21:17,563 INFO     ___FILE_ONLY___ 

2026-05-29 15:21:17,563 INFO     ___FILE_ONLY___   
2026-05-29 15:21:17,563 INFO     ___FILE_ONLY___ -
2026-05-29 15:21:17,563 INFO     ___FILE_ONLY___  
2026-05-29 15:21:17,563 INFO     ___FILE_ONLY___ europe-north1
2026-05-29 15:21:17,563 INFO     ___FILE_ONLY___ 

2026-05-29 15:21:17,563 INFO     ___FILE_ONLY___   
2026-05-29 15:21:17,563 INFO     ___FILE_ONLY___ -
2026-05-29 15:21:17,563 INFO     ___FILE_ONLY___  
2026-05-29 15:21:17,563 INFO     ___FILE_ONLY___ europe-north2
2026-05-29 15:21:17,563 INFO     ___FILE_ONLY___ 

2026-05-29 15:21:17,563 INFO     ___FILE_ONLY___   
2026-05-29 15:21:17,563 INFO     ___FILE_ONLY___ -
2026-05-29 15:21:17,563 INFO     ___FILE_ONLY___  
2026-05-29 15:21:17,563 INFO     ___FILE_ONLY___ europe-southwest1
2026-05-29 15:21:17,563 INFO     ___FILE_ONLY___ 

2026-05-29 15:21:17,563 INFO     ___FILE_ONLY___   
2026-05-29 15:21:17,563 INFO     ___FILE_ONLY___ -
2026-05-29 15:21:17,563 INFO     ___FILE_ONLY___  
2026-05-29 15:21:17,563 INFO     ___FILE_ONLY___ europe-west1
2026-05-29 15:21:17,563 INFO     ___FILE_ONLY___ 

2026-05-29 15:21:17,563 INFO     ___FILE_ONLY___   
2026-05-29 15:21:17,563 INFO     ___FILE_ONLY___ -
2026-05-29 15:21:17,563 INFO     ___FILE_ONLY___  
2026-05-29 15:21:17,563 INFO     ___FILE_ONLY___ europe-west10
2026-05-29 15:21:17,563 INFO     ___FILE_ONLY___ 

2026-05-29 15:21:17,563 INFO     ___FILE_ONLY___   
2026-05-29 15:21:17,563 INFO     ___FILE_ONLY___ -
2026-05-29 15:21:17,563 INFO     ___FILE_ONLY___  
2026-05-29 15:21:17,563 INFO     ___FILE_ONLY___ europe-west12
2026-05-29 15:21:17,563 INFO     ___FILE_ONLY___ 

2026-05-29 15:21:17,563 INFO     ___FILE_ONLY___   
2026-05-29 15:21:17,563 INFO     ___FILE_ONLY___ -
2026-05-29 15:21:17,563 INFO     ___FILE_ONLY___  
2026-05-29 15:21:17,563 INFO     ___FILE_ONLY___ europe-west2
2026-05-29 15:21:17,563 INFO     ___FILE_ONLY___ 

2026-05-29 15:21:17,563 INFO     ___FILE_ONLY___   
2026-05-29 15:21:17,563 INFO     ___FILE_ONLY___ -
2026-05-29 15:21:17,563 INFO     ___FILE_ONLY___  
2026-05-29 15:21:17,563 INFO     ___FILE_ONLY___ europe-west3
2026-05-29 15:21:17,563 INFO     ___FILE_ONLY___ 

2026-05-29 15:21:17,564 INFO     ___FILE_ONLY___   
2026-05-29 15:21:17,564 INFO     ___FILE_ONLY___ -
2026-05-29 15:21:17,564 INFO     ___FILE_ONLY___  
2026-05-29 15:21:17,564 INFO     ___FILE_ONLY___ europe-west4
2026-05-29 15:21:17,564 INFO     ___FILE_ONLY___ 

2026-05-29 15:21:17,564 INFO     ___FILE_ONLY___   
2026-05-29 15:21:17,564 INFO     ___FILE_ONLY___ -
2026-05-29 15:21:17,564 INFO     ___FILE_ONLY___  
2026-05-29 15:21:17,564 INFO     ___FILE_ONLY___ europe-west6
2026-05-29 15:21:17,564 INFO     ___FILE_ONLY___ 

2026-05-29 15:21:17,564 INFO     ___FILE_ONLY___   
2026-05-29 15:21:17,564 INFO     ___FILE_ONLY___ -
2026-05-29 15:21:17,564 INFO     ___FILE_ONLY___  
2026-05-29 15:21:17,564 INFO     ___FILE_ONLY___ europe-west8
2026-05-29 15:21:17,564 INFO     ___FILE_ONLY___ 

2026-05-29 15:21:17,564 INFO     ___FILE_ONLY___   
2026-05-29 15:21:17,564 INFO     ___FILE_ONLY___ -
2026-05-29 15:21:17,564 INFO     ___FILE_ONLY___  
2026-05-29 15:21:17,564 INFO     ___FILE_ONLY___ europe-west9
2026-05-29 15:21:17,564 INFO     ___FILE_ONLY___ 

2026-05-29 15:21:17,564 INFO     ___FILE_ONLY___   
2026-05-29 15:21:17,564 INFO     ___FILE_ONLY___ -
2026-05-29 15:21:17,564 INFO     ___FILE_ONLY___  
2026-05-29 15:21:17,564 INFO     ___FILE_ONLY___ me-central1
2026-05-29 15:21:17,564 INFO     ___FILE_ONLY___ 

2026-05-29 15:21:17,564 INFO     ___FILE_ONLY___   
2026-05-29 15:21:17,564 INFO     ___FILE_ONLY___ -
2026-05-29 15:21:17,564 INFO     ___FILE_ONLY___  
2026-05-29 15:21:17,564 INFO     ___FILE_ONLY___ me-central2
2026-05-29 15:21:17,564 INFO     ___FILE_ONLY___ 

2026-05-29 15:21:17,564 INFO     ___FILE_ONLY___   
2026-05-29 15:21:17,564 INFO     ___FILE_ONLY___ -
2026-05-29 15:21:17,564 INFO     ___FILE_ONLY___  
2026-05-29 15:21:17,564 INFO     ___FILE_ONLY___ me-west1
2026-05-29 15:21:17,564 INFO     ___FILE_ONLY___ 

2026-05-29 15:21:17,564 INFO     ___FILE_ONLY___   
2026-05-29 15:21:17,564 INFO     ___FILE_ONLY___ -
2026-05-29 15:21:17,565 INFO     ___FILE_ONLY___  
2026-05-29 15:21:17,565 INFO     ___FILE_ONLY___ northamerica-northeast1
2026-05-29 15:21:17,565 INFO     ___FILE_ONLY___ 

2026-05-29 15:21:17,565 INFO     ___FILE_ONLY___   
2026-05-29 15:21:17,565 INFO     ___FILE_ONLY___ -
2026-05-29 15:21:17,565 INFO     ___FILE_ONLY___  
2026-05-29 15:21:17,565 INFO     ___FILE_ONLY___ northamerica-northeast2
2026-05-29 15:21:17,565 INFO     ___FILE_ONLY___ 

2026-05-29 15:21:17,565 INFO     ___FILE_ONLY___   
2026-05-29 15:21:17,565 INFO     ___FILE_ONLY___ -
2026-05-29 15:21:17,565 INFO     ___FILE_ONLY___  
2026-05-29 15:21:17,565 INFO     ___FILE_ONLY___ northamerica-south1
2026-05-29 15:21:17,565 INFO     ___FILE_ONLY___ 

2026-05-29 15:21:17,565 INFO     ___FILE_ONLY___   
2026-05-29 15:21:17,565 INFO     ___FILE_ONLY___ -
2026-05-29 15:21:17,565 INFO     ___FILE_ONLY___  
2026-05-29 15:21:17,565 INFO     ___FILE_ONLY___ southamerica-east1
2026-05-29 15:21:17,565 INFO     ___FILE_ONLY___ 

2026-05-29 15:21:17,565 INFO     ___FILE_ONLY___   
2026-05-29 15:21:17,565 INFO     ___FILE_ONLY___ -
2026-05-29 15:21:17,565 INFO     ___FILE_ONLY___  
2026-05-29 15:21:17,565 INFO     ___FILE_ONLY___ southamerica-west1
2026-05-29 15:21:17,565 INFO     ___FILE_ONLY___ 

2026-05-29 15:21:17,565 INFO     ___FILE_ONLY___   
2026-05-29 15:21:17,565 INFO     ___FILE_ONLY___ -
2026-05-29 15:21:17,565 INFO     ___FILE_ONLY___  
2026-05-29 15:21:17,565 INFO     ___FILE_ONLY___ us-central1
2026-05-29 15:21:17,565 INFO     ___FILE_ONLY___ 

2026-05-29 15:21:17,565 INFO     ___FILE_ONLY___   
2026-05-29 15:21:17,565 INFO     ___FILE_ONLY___ -
2026-05-29 15:21:17,565 INFO     ___FILE_ONLY___  
2026-05-29 15:21:17,565 INFO     ___FILE_ONLY___ us-east1
2026-05-29 15:21:17,565 INFO     ___FILE_ONLY___ 

2026-05-29 15:21:17,565 INFO     ___FILE_ONLY___   
2026-05-29 15:21:17,565 INFO     ___FILE_ONLY___ -
2026-05-29 15:21:17,565 INFO     ___FILE_ONLY___  
2026-05-29 15:21:17,565 INFO     ___FILE_ONLY___ us-east4
2026-05-29 15:21:17,565 INFO     ___FILE_ONLY___ 

2026-05-29 15:21:17,565 INFO     ___FILE_ONLY___   
2026-05-29 15:21:17,565 INFO     ___FILE_ONLY___ -
2026-05-29 15:21:17,565 INFO     ___FILE_ONLY___  
2026-05-29 15:21:17,566 INFO     ___FILE_ONLY___ us-east5
2026-05-29 15:21:17,566 INFO     ___FILE_ONLY___ 

2026-05-29 15:21:17,566 INFO     ___FILE_ONLY___   
2026-05-29 15:21:17,566 INFO     ___FILE_ONLY___ -
2026-05-29 15:21:17,566 INFO     ___FILE_ONLY___  
2026-05-29 15:21:17,566 INFO     ___FILE_ONLY___ us-south1
2026-05-29 15:21:17,566 INFO     ___FILE_ONLY___ 

2026-05-29 15:21:17,566 INFO     ___FILE_ONLY___   
2026-05-29 15:21:17,566 INFO     ___FILE_ONLY___ -
2026-05-29 15:21:17,566 INFO     ___FILE_ONLY___  
2026-05-29 15:21:17,566 INFO     ___FILE_ONLY___ us-west1
2026-05-29 15:21:17,566 INFO     ___FILE_ONLY___ 

2026-05-29 15:21:17,566 INFO     ___FILE_ONLY___   
2026-05-29 15:21:17,566 INFO     ___FILE_ONLY___ -
2026-05-29 15:21:17,566 INFO     ___FILE_ONLY___  
2026-05-29 15:21:17,566 INFO     ___FILE_ONLY___ us-west2
2026-05-29 15:21:17,566 INFO     ___FILE_ONLY___ 

2026-05-29 15:21:17,566 INFO     ___FILE_ONLY___   
2026-05-29 15:21:17,566 INFO     ___FILE_ONLY___ -
2026-05-29 15:21:17,566 INFO     ___FILE_ONLY___  
2026-05-29 15:21:17,566 INFO     ___FILE_ONLY___ us-west3
2026-05-29 15:21:17,566 INFO     ___FILE_ONLY___ 

2026-05-29 15:21:17,566 INFO     ___FILE_ONLY___   
2026-05-29 15:21:17,566 INFO     ___FILE_ONLY___ -
2026-05-29 15:21:17,566 INFO     ___FILE_ONLY___  
2026-05-29 15:21:17,566 INFO     ___FILE_ONLY___ us-west4
2026-05-29 15:21:17,566 INFO     ___FILE_ONLY___ 

2026-05-29 15:21:17,566 INFO     ___FILE_ONLY___   
2026-05-29 15:21:17,566 INFO     ___FILE_ONLY___ details
2026-05-29 15:21:17,567 INFO     ___FILE_ONLY___ :
2026-05-29 15:21:17,567 INFO     ___FILE_ONLY___ 

2026-05-29 15:21:17,567 INFO     ___FILE_ONLY___     
2026-05-29 15:21:17,567 INFO     ___FILE_ONLY___ value
2026-05-29 15:21:17,567 INFO     ___FILE_ONLY___ :
2026-05-29 15:21:17,567 INFO     ___FILE_ONLY___  '
2026-05-29 15:21:17,567 INFO     ___FILE_ONLY___ 32
2026-05-29 15:21:17,567 INFO     ___FILE_ONLY___ '
2026-05-29 15:21:17,567 INFO     ___FILE_ONLY___ 

2026-05-29 15:21:17,567 INFO     ___FILE_ONLY___ isPrecise
2026-05-29 15:21:17,567 INFO     ___FILE_ONLY___ :
2026-05-29 15:21:17,567 INFO     ___FILE_ONLY___  
2026-05-29 15:21:17,567 INFO     ___FILE_ONLY___ true
2026-05-29 15:21:17,567 INFO     ___FILE_ONLY___ 

2026-05-29 15:21:17,567 INFO     ___FILE_ONLY___ metric
2026-05-29 15:21:17,568 INFO     ___FILE_ONLY___ :
2026-05-29 15:21:17,568 INFO     ___FILE_ONLY___  
2026-05-29 15:21:17,568 INFO     ___FILE_ONLY___ compute.googleapis.com/nvidia_rtx_pro_6000_vws_gpus
2026-05-29 15:21:17,568 INFO     ___FILE_ONLY___ 

2026-05-29 15:21:17,568 INFO     ___FILE_ONLY___ metricDisplayName
2026-05-29 15:21:17,568 INFO     ___FILE_ONLY___ :
2026-05-29 15:21:17,568 INFO     ___FILE_ONLY___  
2026-05-29 15:21:17,568 INFO     ___FILE_ONLY___ NVIDIA
2026-05-29 15:21:17,568 INFO     ___FILE_ONLY___  
2026-05-29 15:21:17,568 INFO     ___FILE_ONLY___ RTX
2026-05-29 15:21:17,568 INFO     ___FILE_ONLY___  
2026-05-29 15:21:17,568 INFO     ___FILE_ONLY___ PRO
2026-05-29 15:21:17,568 INFO     ___FILE_ONLY___  
2026-05-29 15:21:17,568 INFO     ___FILE_ONLY___ 6000
2026-05-29 15:21:17,568 INFO     ___FILE_ONLY___  
2026-05-29 15:21:17,568 INFO     ___FILE_ONLY___ Virtual
2026-05-29 15:21:17,568 INFO     ___FILE_ONLY___  
2026-05-29 15:21:17,568 INFO     ___FILE_ONLY___ Workstation
2026-05-29 15:21:17,568 INFO     ___FILE_ONLY___  
2026-05-29 15:21:17,568 INFO     ___FILE_ONLY___ GPUs
2026-05-29 15:21:17,568 INFO     ___FILE_ONLY___ 

2026-05-29 15:21:17,568 INFO     ___FILE_ONLY___ metricUnit
2026-05-29 15:21:17,568 INFO     ___FILE_ONLY___ :
2026-05-29 15:21:17,568 INFO     ___FILE_ONLY___  '
2026-05-29 15:21:17,568 INFO     ___FILE_ONLY___ 1
2026-05-29 15:21:17,568 INFO     ___FILE_ONLY___ '
2026-05-29 15:21:17,568 INFO     ___FILE_ONLY___ 

2026-05-29 15:21:17,568 INFO     ___FILE_ONLY___ name
2026-05-29 15:21:17,568 INFO     ___FILE_ONLY___ :
2026-05-29 15:21:17,568 INFO     ___FILE_ONLY___  
2026-05-29 15:21:17,568 INFO     ___FILE_ONLY___ projects/386659319067/locations/global/services/compute.googleapis.com/quotaInfos/NVIDIA-RTX-PRO-6000-VWS-GPUS-per-project-region
2026-05-29 15:21:17,568 INFO     ___FILE_ONLY___ 

2026-05-29 15:21:17,568 INFO     ___FILE_ONLY___ quotaDisplayName
2026-05-29 15:21:17,568 INFO     ___FILE_ONLY___ :
2026-05-29 15:21:17,569 INFO     ___FILE_ONLY___  
2026-05-29 15:21:17,569 INFO     ___FILE_ONLY___ NVIDIA
2026-05-29 15:21:17,569 INFO     ___FILE_ONLY___  
2026-05-29 15:21:17,569 INFO     ___FILE_ONLY___ RTX
2026-05-29 15:21:17,569 INFO     ___FILE_ONLY___  
2026-05-29 15:21:17,569 INFO     ___FILE_ONLY___ PRO
2026-05-29 15:21:17,569 INFO     ___FILE_ONLY___  
2026-05-29 15:21:17,569 INFO     ___FILE_ONLY___ 6000
2026-05-29 15:21:17,569 INFO     ___FILE_ONLY___  
2026-05-29 15:21:17,569 INFO     ___FILE_ONLY___ Virtual
2026-05-29 15:21:17,569 INFO     ___FILE_ONLY___  
2026-05-29 15:21:17,569 INFO     ___FILE_ONLY___ Workstation
2026-05-29 15:21:17,569 INFO     ___FILE_ONLY___  
2026-05-29 15:21:17,569 INFO     ___FILE_ONLY___ GPUs
2026-05-29 15:21:17,569 INFO     ___FILE_ONLY___ 

2026-05-29 15:21:17,569 INFO     ___FILE_ONLY___ quotaId
2026-05-29 15:21:17,569 INFO     ___FILE_ONLY___ :
2026-05-29 15:21:17,569 INFO     ___FILE_ONLY___  
2026-05-29 15:21:17,569 INFO     ___FILE_ONLY___ NVIDIA-RTX-PRO-6000-VWS-GPUS-per-project-region
2026-05-29 15:21:17,569 INFO     ___FILE_ONLY___ 

2026-05-29 15:21:17,569 INFO     ___FILE_ONLY___ quotaIncreaseEligibility
2026-05-29 15:21:17,569 INFO     ___FILE_ONLY___ :
2026-05-29 15:21:17,569 INFO     ___FILE_ONLY___ 

2026-05-29 15:21:17,569 INFO     ___FILE_ONLY___   
2026-05-29 15:21:17,569 INFO     ___FILE_ONLY___ isEligible
2026-05-29 15:21:17,569 INFO     ___FILE_ONLY___ :
2026-05-29 15:21:17,569 INFO     ___FILE_ONLY___  
2026-05-29 15:21:17,569 INFO     ___FILE_ONLY___ true
2026-05-29 15:21:17,569 INFO     ___FILE_ONLY___ 

2026-05-29 15:21:17,569 INFO     ___FILE_ONLY___ service
2026-05-29 15:21:17,569 INFO     ___FILE_ONLY___ :
2026-05-29 15:21:17,569 INFO     ___FILE_ONLY___  
2026-05-29 15:21:17,569 INFO     ___FILE_ONLY___ compute.googleapis.com
2026-05-29 15:21:17,569 INFO     ___FILE_ONLY___ 

2026-05-29 15:21:17,585 DEBUG    root            Metrics reporting process started...
