2026-05-15 11:07:02,675 DEBUG    root            Loaded Command Group: ['gcloud', 'compute']
2026-05-15 11:07:02,677 DEBUG    root            Loaded Command Group: ['gcloud', 'compute', 'instances']
2026-05-15 11:07:02,680 DEBUG    root            Loaded Command Group: ['gcloud', 'compute', 'instances', 'list']
2026-05-15 11:07:02,682 DEBUG    root            Running [gcloud.compute.instances.list] with arguments: [--filter: "name~^loadgen-prod", --format: "table(name,zone.basename(),status,creationTimestamp)", --project: "env-integration-fenway"]
2026-05-15 11:07:02,683 DEBUG    root            On GCE from memory cache: False
2026-05-15 11:07:02,684 DEBUG    root            On GCE from memory cache: False
2026-05-15 11:07:02,772 INFO     root            client_filter=None server_filter='name eq ".*(^loadgen-prod).*"'
2026-05-15 11:07:02,772 DEBUG    root            Chosen display Format:    table(
      name,
      zone.basename(),
      machineType.machine_type().basename(),
      scheduling.preemptible.yesno(yes=true, no=''),
      networkInterfaces.internal_ip():label=INTERNAL_IP,
      external_ip():label=EXTERNAL_IP,
      status
    ) table(name,zone.basename(),status,creationTimestamp)
2026-05-15 11:07:02,773 INFO     root            Display format: "    table(
      name,
      zone.basename(),
      machineType.machine_type().basename(),
      scheduling.preemptible.yesno(yes=true, no=''),
      networkInterfaces.internal_ip():label=INTERNAL_IP,
      external_ip():label=EXTERNAL_IP,
      status
    ) table(name,zone.basename(),status,creationTimestamp)"
2026-05-15 11:07:02,777 DEBUG    urllib3.connectionpool Starting new HTTPS connection (1): compute.googleapis.com:443
2026-05-15 11:07:03,437 DEBUG    urllib3.connectionpool https://compute.googleapis.com:443 "GET /compute/v1/projects/env-integration-fenway/aggregated/instances?alt=json&includeAllScopes=True&maxResults=500&returnPartialSuccess=True HTTP/1.1" 200 None
2026-05-15 11:07:03,885 DEBUG    root            Metrics reporting process started...
