2026-05-15 11:02:59,557 DEBUG    root            Loaded Command Group: ['gcloud', 'compute']
2026-05-15 11:02:59,570 DEBUG    root            Loaded Command Group: ['gcloud', 'compute', 'instance_groups']
2026-05-15 11:02:59,572 DEBUG    root            Loaded Command Group: ['gcloud', 'compute', 'instance-groups', 'managed']
2026-05-15 11:02:59,578 DEBUG    root            Loaded Command Group: ['gcloud', 'compute', 'instance-groups', 'managed', 'list']
2026-05-15 11:02:59,580 DEBUG    root            Running [gcloud.compute.instance-groups.managed.list] with arguments: [--format: "table(name,zone,location,size,targetSize)", --project: "env-integration-fenway", --regions: "['us-central1']"]
2026-05-15 11:02:59,584 DEBUG    root            On GCE from memory cache: False
2026-05-15 11:02:59,628 DEBUG    root            Failed to check metadata server: <urlopen error [Errno 8] nodename nor servname provided, or not known>
2026-05-15 11:02:59,628 DEBUG    root            On GCE from server: False
2026-05-15 11:02:59,636 DEBUG    root            On GCE from memory cache: False
2026-05-15 11:02:59,637 DEBUG    root            On GCE from memory cache: False
2026-05-15 11:02:59,637 DEBUG    google.auth.transport.requests Making request: POST https://oauth2.googleapis.com/token
2026-05-15 11:02:59,642 DEBUG    urllib3.connectionpool Starting new HTTPS connection (1): oauth2.googleapis.com:443
2026-05-15 11:02:59,844 DEBUG    urllib3.connectionpool https://oauth2.googleapis.com:443 "POST /token HTTP/1.1" 200 None
2026-05-15 11:02:59,944 INFO     root            client_filter='(region :(us-central1))' server_filter=None
2026-05-15 11:02:59,946 DEBUG    urllib3.connectionpool Starting new HTTPS connection (1): compute.googleapis.com:443
2026-05-15 11:03:00,447 DEBUG    urllib3.connectionpool https://compute.googleapis.com:443 "GET /compute/v1/projects/env-integration-fenway/regions/us-central1/instanceGroupManagers?alt=json&maxResults=500 HTTP/1.1" 200 None
2026-05-15 11:03:00,628 DEBUG    urllib3.connectionpool https://compute.googleapis.com:443 "GET /compute/v1/projects/env-integration-fenway/regions/us-central1/instanceGroups?alt=json&maxResults=500 HTTP/1.1" 200 None
2026-05-15 11:03:00,821 DEBUG    urllib3.connectionpool https://compute.googleapis.com:443 "GET /compute/v1/projects/env-integration-fenway/regions/us-central1/autoscalers?alt=json&maxResults=500 HTTP/1.1" 200 None
2026-05-15 11:03:00,822 DEBUG    root            Chosen display Format:    table(
      name,
      location():label=LOCATION,
      location_scope():label=SCOPE,
      baseInstanceName,
      size,
      targetSize,
      instanceTemplate.basename(),
      autoscaled
    )
 table(name,zone,location,size,targetSize)
2026-05-15 11:03:00,824 INFO     root            Display format: "    table(
      name,
      location():label=LOCATION,
      location_scope():label=SCOPE,
      baseInstanceName,
      size,
      targetSize,
      instanceTemplate.basename(),
      autoscaled
    )
 table(name,zone,location,size,targetSize)"
2026-05-15 11:03:00,847 INFO     ___FILE_ONLY___ NAME
2026-05-15 11:03:00,849 INFO     ___FILE_ONLY___                         
2026-05-15 11:03:00,849 INFO     ___FILE_ONLY___ ZONE
2026-05-15 11:03:00,849 INFO     ___FILE_ONLY___   
2026-05-15 11:03:00,849 INFO     ___FILE_ONLY___ LOCATION
2026-05-15 11:03:00,853 INFO     ___FILE_ONLY___   
2026-05-15 11:03:00,853 INFO     ___FILE_ONLY___ SIZE
2026-05-15 11:03:00,853 INFO     ___FILE_ONLY___   
2026-05-15 11:03:00,853 INFO     ___FILE_ONLY___ TARGET_SIZE
2026-05-15 11:03:00,853 INFO     ___FILE_ONLY___ 

2026-05-15 11:03:00,857 INFO     ___FILE_ONLY___ artillery-loadgen-mig
2026-05-15 11:03:00,857 INFO     ___FILE_ONLY___                        
2026-05-15 11:03:00,857 INFO     ___FILE_ONLY___ 0
2026-05-15 11:03:00,857 INFO     ___FILE_ONLY___      
2026-05-15 11:03:00,857 INFO     ___FILE_ONLY___ 0
2026-05-15 11:03:00,858 INFO     ___FILE_ONLY___ 

2026-05-15 11:03:00,858 INFO     ___FILE_ONLY___ artillery-loadgen-mig-prod
2026-05-15 11:03:00,858 INFO     ___FILE_ONLY___                   
2026-05-15 11:03:00,858 INFO     ___FILE_ONLY___ 0
2026-05-15 11:03:00,858 INFO     ___FILE_ONLY___      
2026-05-15 11:03:00,858 INFO     ___FILE_ONLY___ 0
2026-05-15 11:03:00,858 INFO     ___FILE_ONLY___ 

2026-05-15 11:03:00,875 DEBUG    root            Metrics reporting process started...
