2026-05-15 12:15:04,633 DEBUG    root            Loaded Command Group: ['gcloud', 'compute']
2026-05-15 12:15:04,635 DEBUG    root            Loaded Command Group: ['gcloud', 'compute', 'instance_groups']
2026-05-15 12:15:04,635 DEBUG    root            Loaded Command Group: ['gcloud', 'compute', 'instance-groups', 'managed']
2026-05-15 12:15:04,640 DEBUG    root            Loaded Command Group: ['gcloud', 'compute', 'instance-groups', 'managed', 'list_instances']
2026-05-15 12:15:04,641 DEBUG    root            Running [gcloud.compute.instance-groups.managed.list-instances] with arguments: [--format: "table(NAME,ZONE.basename(),STATUS)", --project: "env-integration-fenway", --region: "us-central1", NAME: "artillery-loadgen-mig-prod"]
2026-05-15 12:15:04,643 DEBUG    root            On GCE from memory cache: False
2026-05-15 12:15:04,645 DEBUG    root            On GCE from memory cache: False
2026-05-15 12:15:04,740 DEBUG    urllib3.connectionpool Starting new HTTPS connection (1): compute.googleapis.com:443
2026-05-15 12:15:04,970 DEBUG    urllib3.connectionpool https://compute.googleapis.com:443 "POST /compute/v1/projects/env-integration-fenway/regions/us-central1/instanceGroupManagers/artillery-loadgen-mig-prod/listManagedInstances?alt=json&maxResults=500 HTTP/1.1" 200 None
2026-05-15 12:15:04,971 DEBUG    root            Chosen display Format:        table(name:label=NAME,
              instance.scope().segment(0):label=ZONE,
              instanceStatus:label=STATUS,
              instanceHealth[0].detailedHealthState:label=HEALTH_STATE,
              currentAction:label=ACTION,
              version.instanceTemplate.basename():label=INSTANCE_TEMPLATE,
              version.name:label=VERSION_NAME,
              lastAttempt.errors.errors.map().format(
                "Error {0}: {1}", code, message).list(separator=", ")
                :label=LAST_ERROR
        ) table(NAME,ZONE.basename(),STATUS)
2026-05-15 12:15:04,973 INFO     root            Display format: "        table(name:label=NAME,
              instance.scope().segment(0):label=ZONE,
              instanceStatus:label=STATUS,
              instanceHealth[0].detailedHealthState:label=HEALTH_STATE,
              currentAction:label=ACTION,
              version.instanceTemplate.basename():label=INSTANCE_TEMPLATE,
              version.name:label=VERSION_NAME,
              lastAttempt.errors.errors.map().format(
                "Error {0}: {1}", code, message).list(separator=", ")
                :label=LAST_ERROR
        ) table(NAME,ZONE.basename(),STATUS)"
2026-05-15 12:15:04,991 INFO     ___FILE_ONLY___ NAME
2026-05-15 12:15:04,991 INFO     ___FILE_ONLY___           
2026-05-15 12:15:04,991 INFO     ___FILE_ONLY___ ZONE
2026-05-15 12:15:04,991 INFO     ___FILE_ONLY___            
2026-05-15 12:15:04,991 INFO     ___FILE_ONLY___ STATUS
2026-05-15 12:15:04,991 INFO     ___FILE_ONLY___ 

2026-05-15 12:15:04,991 INFO     ___FILE_ONLY___ loadgen-j14j
2026-05-15 12:15:04,991 INFO     ___FILE_ONLY___   
2026-05-15 12:15:04,991 INFO     ___FILE_ONLY___ us-central1-b
2026-05-15 12:15:04,991 INFO     ___FILE_ONLY___   
2026-05-15 12:15:04,991 INFO     ___FILE_ONLY___ STAGING
2026-05-15 12:15:04,991 INFO     ___FILE_ONLY___ 

2026-05-15 12:15:04,991 INFO     ___FILE_ONLY___ loadgen-4n8v
2026-05-15 12:15:04,991 INFO     ___FILE_ONLY___   
2026-05-15 12:15:04,991 INFO     ___FILE_ONLY___ us-central1-c
2026-05-15 12:15:04,991 INFO     ___FILE_ONLY___   
2026-05-15 12:15:04,991 INFO     ___FILE_ONLY___ STOPPING
2026-05-15 12:15:04,991 INFO     ___FILE_ONLY___ 

2026-05-15 12:15:04,991 INFO     ___FILE_ONLY___ loadgen-5km4
2026-05-15 12:15:04,992 INFO     ___FILE_ONLY___   
2026-05-15 12:15:04,992 INFO     ___FILE_ONLY___ us-central1-c
2026-05-15 12:15:04,992 INFO     ___FILE_ONLY___   
2026-05-15 12:15:04,992 INFO     ___FILE_ONLY___ STOPPING
2026-05-15 12:15:04,992 INFO     ___FILE_ONLY___ 

2026-05-15 12:15:04,992 INFO     ___FILE_ONLY___ loadgen-zd0f
2026-05-15 12:15:04,992 INFO     ___FILE_ONLY___   
2026-05-15 12:15:04,992 INFO     ___FILE_ONLY___ us-central1-f
2026-05-15 12:15:04,992 INFO     ___FILE_ONLY___   
2026-05-15 12:15:04,992 INFO     ___FILE_ONLY___ STAGING
2026-05-15 12:15:04,992 INFO     ___FILE_ONLY___ 

2026-05-15 12:15:05,000 DEBUG    root            Metrics reporting process started...
