2026-05-15 12:47:19,662 DEBUG    root            Loaded Command Group: ['gcloud', 'compute']
2026-05-15 12:47:19,671 DEBUG    root            Loaded Command Group: ['gcloud', 'compute', 'instance_groups']
2026-05-15 12:47:19,672 DEBUG    root            Loaded Command Group: ['gcloud', 'compute', 'instance-groups', 'managed']
2026-05-15 12:47:19,680 DEBUG    root            Loaded Command Group: ['gcloud', 'compute', 'instance-groups', 'managed', 'list_instances']
2026-05-15 12:47:19,682 DEBUG    root            Running [gcloud.compute.instance-groups.managed.list-instances] with arguments: [--format: "table(NAME,STATUS)", --project: "env-integration-fenway", --region: "us-central1", NAME: "artillery-loadgen-mig-prod"]
2026-05-15 12:47:19,685 DEBUG    root            On GCE from memory cache: False
2026-05-15 12:47:19,736 DEBUG    root            Failed to check metadata server: <urlopen error [Errno 8] nodename nor servname provided, or not known>
2026-05-15 12:47:19,736 DEBUG    root            On GCE from server: False
2026-05-15 12:47:19,876 DEBUG    urllib3.connectionpool Starting new HTTPS connection (1): compute.googleapis.com:443
2026-05-15 12:47:20,188 DEBUG    urllib3.connectionpool https://compute.googleapis.com:443 "POST /compute/v1/projects/env-integration-fenway/regions/us-central1/instanceGroupManagers/artillery-loadgen-mig-prod/listManagedInstances?alt=json&maxResults=500 HTTP/1.1" 200 None
2026-05-15 12:47:20,189 DEBUG    root            Chosen display Format:        table(name:label=NAME,
              instance.scope().segment(0):label=ZONE,
              instanceStatus:label=STATUS,
              instanceHealth[0].detailedHealthState:label=HEALTH_STATE,
              currentAction:label=ACTION,
              version.instanceTemplate.basename():label=INSTANCE_TEMPLATE,
              version.name:label=VERSION_NAME,
              lastAttempt.errors.errors.map().format(
                "Error {0}: {1}", code, message).list(separator=", ")
                :label=LAST_ERROR
        ) table(NAME,STATUS)
2026-05-15 12:47:20,190 INFO     root            Display format: "        table(name:label=NAME,
              instance.scope().segment(0):label=ZONE,
              instanceStatus:label=STATUS,
              instanceHealth[0].detailedHealthState:label=HEALTH_STATE,
              currentAction:label=ACTION,
              version.instanceTemplate.basename():label=INSTANCE_TEMPLATE,
              version.name:label=VERSION_NAME,
              lastAttempt.errors.errors.map().format(
                "Error {0}: {1}", code, message).list(separator=", ")
                :label=LAST_ERROR
        ) table(NAME,STATUS)"
2026-05-15 12:47:20,218 INFO     ___FILE_ONLY___ NAME
2026-05-15 12:47:20,218 INFO     ___FILE_ONLY___           
2026-05-15 12:47:20,218 INFO     ___FILE_ONLY___ STATUS
2026-05-15 12:47:20,218 INFO     ___FILE_ONLY___ 

2026-05-15 12:47:20,218 INFO     ___FILE_ONLY___ loadgen-j14j
2026-05-15 12:47:20,218 INFO     ___FILE_ONLY___   
2026-05-15 12:47:20,218 INFO     ___FILE_ONLY___ RUNNING
2026-05-15 12:47:20,218 INFO     ___FILE_ONLY___ 

2026-05-15 12:47:20,218 INFO     ___FILE_ONLY___ loadgen-4n8v
2026-05-15 12:47:20,218 INFO     ___FILE_ONLY___   
2026-05-15 12:47:20,218 INFO     ___FILE_ONLY___ RUNNING
2026-05-15 12:47:20,218 INFO     ___FILE_ONLY___ 

2026-05-15 12:47:20,218 INFO     ___FILE_ONLY___ loadgen-5km4
2026-05-15 12:47:20,218 INFO     ___FILE_ONLY___   
2026-05-15 12:47:20,218 INFO     ___FILE_ONLY___ RUNNING
2026-05-15 12:47:20,218 INFO     ___FILE_ONLY___ 

2026-05-15 12:47:20,218 INFO     ___FILE_ONLY___ loadgen-zd0f
2026-05-15 12:47:20,218 INFO     ___FILE_ONLY___   
2026-05-15 12:47:20,218 INFO     ___FILE_ONLY___ RUNNING
2026-05-15 12:47:20,218 INFO     ___FILE_ONLY___ 

2026-05-15 12:47:20,235 DEBUG    root            Metrics reporting process started...
