2026-05-26 20:02:13,043 DEBUG    root            Loaded Command Group: ['gcloud', 'config']
2026-05-26 20:02:13,149 DEBUG    root            Loaded Command Group: ['gcloud', 'config', 'list']
2026-05-26 20:02:13,152 DEBUG    root            Running [gcloud.config.list] with arguments: []
2026-05-26 20:02:13,211 DEBUG    root            On GCE from memory cache: False
2026-05-26 20:02:13,212 DEBUG    root            Chosen display Format:config
2026-05-26 20:02:13,213 INFO     root            Display format: "config"
2026-05-26 20:02:13,355 INFO     ___FILE_ONLY___ [core]
account = jpresley@synthesis.health
disable_usage_reporting = False
project = env-integration-fenway

2026-05-26 20:02:13,400 INFO     ___FILE_ONLY___ 
Your active configuration is: [default]

2026-05-26 20:02:13,408 DEBUG    root            On GCE from memory cache: False
2026-05-26 20:02:13,504 DEBUG    urllib3.connectionpool Starting new HTTPS connection (1): cloudresourcemanager.googleapis.com:443
2026-05-26 20:02:13,771 DEBUG    urllib3.connectionpool https://cloudresourcemanager.googleapis.com:443 "GET /v1/projects/env-integration-fenway?alt=json HTTP/1.1" 200 None
2026-05-26 20:02:13,778 DEBUG    root            On GCE from memory cache: False
2026-05-26 20:02:13,784 DEBUG    urllib3.connectionpool Starting new HTTPS connection (1): cloudresourcemanager.googleapis.com:443
2026-05-26 20:02:14,287 DEBUG    urllib3.connectionpool https://cloudresourcemanager.googleapis.com:443 "GET /v3/effectiveTags?alt=json&pageSize=100&parent=%2F%2Fcloudresourcemanager.googleapis.com%2Fprojects%2Fenv-integration-fenway HTTP/1.1" 200 None
2026-05-26 20:02:14,288 INFO     ___FILE_ONLY___ [environment: Development]

2026-05-26 20:02:14,305 DEBUG    root            Metrics reporting process started...
