2026-05-21 16:23:21,195 DEBUG    root            Loaded Command Group: ['gcloud', 'compute']
2026-05-21 16:23:21,206 DEBUG    root            Loaded Command Group: ['gcloud', 'compute', 'instance_groups']
2026-05-21 16:23:21,207 DEBUG    root            Loaded Command Group: ['gcloud', 'compute', 'instance-groups', 'managed']
2026-05-21 16:23:21,213 DEBUG    root            Loaded Command Group: ['gcloud', 'compute', 'instance-groups', 'managed', 'list']
2026-05-21 16:23:21,214 DEBUG    root            Running [gcloud.compute.instance-groups.managed.list] with arguments: [--filter: "name~^artillery-loadgen", --format: "table(name,region,size,instanceTemplate)"]
2026-05-21 16:23:21,216 DEBUG    root            On GCE from memory cache: False
2026-05-21 16:23:21,217 DEBUG    root            On GCE from memory cache: False
2026-05-21 16:23:21,223 DEBUG    root            On GCE from memory cache: False
2026-05-21 16:23:21,223 DEBUG    root            On GCE from memory cache: False
2026-05-21 16:23:21,223 DEBUG    google.auth.transport.requests Making request: POST https://oauth2.googleapis.com/token
2026-05-21 16:23:21,228 DEBUG    urllib3.connectionpool Starting new HTTPS connection (1): oauth2.googleapis.com:443
2026-05-21 16:23:21,383 DEBUG    urllib3.connectionpool https://oauth2.googleapis.com:443 "POST /token HTTP/1.1" 200 None
2026-05-21 16:23:21,471 INFO     root            client_filter=None server_filter='name eq ".*(^artillery-loadgen).*"'
2026-05-21 16:23:21,473 DEBUG    urllib3.connectionpool Starting new HTTPS connection (1): compute.googleapis.com:443
2026-05-21 16:23:21,889 DEBUG    urllib3.connectionpool https://compute.googleapis.com:443 "GET /compute/v1/projects/env-integration-fenway/aggregated/instanceGroupManagers?alt=json&includeAllScopes=True&maxResults=500&returnPartialSuccess=True HTTP/1.1" 200 None
2026-05-21 16:23:22,257 DEBUG    urllib3.connectionpool https://compute.googleapis.com:443 "POST /batch/compute/v1 HTTP/1.1" 200 None
2026-05-21 16:23:22,662 DEBUG    urllib3.connectionpool https://compute.googleapis.com:443 "GET /compute/v1/projects/env-integration-fenway/regions/us-central1/instanceGroups?alt=json&maxResults=500 HTTP/1.1" 200 None
2026-05-21 16:23:23,045 DEBUG    urllib3.connectionpool https://compute.googleapis.com:443 "POST /batch/compute/v1 HTTP/1.1" 200 None
2026-05-21 16:23:23,051 DEBUG    root            Chosen display Format:    table(
      name,
      location():label=LOCATION,
      location_scope():label=SCOPE,
      baseInstanceName,
      size,
      targetSize,
      instanceTemplate.basename(),
      autoscaled
    )
 table(name,region,size,instanceTemplate)
2026-05-21 16:23:23,052 INFO     root            Display format: "    table(
      name,
      location():label=LOCATION,
      location_scope():label=SCOPE,
      baseInstanceName,
      size,
      targetSize,
      instanceTemplate.basename(),
      autoscaled
    )
 table(name,region,size,instanceTemplate)"
2026-05-21 16:23:23,066 INFO     ___FILE_ONLY___ NAME
2026-05-21 16:23:23,066 INFO     ___FILE_ONLY___                         
2026-05-21 16:23:23,066 INFO     ___FILE_ONLY___ REGION
2026-05-21 16:23:23,066 INFO     ___FILE_ONLY___                                                                                      
2026-05-21 16:23:23,066 INFO     ___FILE_ONLY___ SIZE
2026-05-21 16:23:23,066 INFO     ___FILE_ONLY___   
2026-05-21 16:23:23,066 INFO     ___FILE_ONLY___ INSTANCE_TEMPLATE
2026-05-21 16:23:23,066 INFO     ___FILE_ONLY___ 

2026-05-21 16:23:23,066 INFO     ___FILE_ONLY___ artillery-loadgen-mig
2026-05-21 16:23:23,066 INFO     ___FILE_ONLY___        
2026-05-21 16:23:23,066 INFO     ___FILE_ONLY___ https://www.googleapis.com/compute/v1/projects/env-integration-fenway/regions/us-central1
2026-05-21 16:23:23,066 INFO     ___FILE_ONLY___   
2026-05-21 16:23:23,066 INFO     ___FILE_ONLY___ 0
2026-05-21 16:23:23,066 INFO     ___FILE_ONLY___      
2026-05-21 16:23:23,066 INFO     ___FILE_ONLY___ artillery-loadgen-tpl
2026-05-21 16:23:23,066 INFO     ___FILE_ONLY___ 

2026-05-21 16:23:23,066 INFO     ___FILE_ONLY___ artillery-loadgen-mig-prod
2026-05-21 16:23:23,066 INFO     ___FILE_ONLY___   
2026-05-21 16:23:23,066 INFO     ___FILE_ONLY___ https://www.googleapis.com/compute/v1/projects/env-integration-fenway/regions/us-central1
2026-05-21 16:23:23,066 INFO     ___FILE_ONLY___   
2026-05-21 16:23:23,066 INFO     ___FILE_ONLY___ 0
2026-05-21 16:23:23,066 INFO     ___FILE_ONLY___      
2026-05-21 16:23:23,066 INFO     ___FILE_ONLY___ artillery-loadgen-tpl-prod
2026-05-21 16:23:23,066 INFO     ___FILE_ONLY___ 

2026-05-21 16:23:23,078 DEBUG    root            Metrics reporting process started...
