2026-05-21 16:23:23,621 DEBUG    root            Loaded Command Group: ['gcloud', 'compute']
2026-05-21 16:23:23,623 DEBUG    root            Loaded Command Group: ['gcloud', 'compute', 'instance_templates']
2026-05-21 16:23:23,626 DEBUG    root            Loaded Command Group: ['gcloud', 'compute', 'instance-templates', 'list']
2026-05-21 16:23:23,627 DEBUG    root            Running [gcloud.compute.instance-templates.list] with arguments: [--filter: "name~^artillery-loadgen", --format: "value(name,creationTimestamp)"]
2026-05-21 16:23:23,628 DEBUG    root            On GCE from memory cache: False
2026-05-21 16:23:23,629 DEBUG    root            On GCE from memory cache: False
2026-05-21 16:23:23,717 INFO     root            client_filter=None server_filter='name eq ".*(^artillery-loadgen).*"'
2026-05-21 16:23:23,717 DEBUG    root            Chosen display Format:    table(
      name,
      properties.machineType.machine_type(),
      properties.scheduling.preemptible.yesno(yes=true, no=''),
      creationTimestamp
    ) value(name,creationTimestamp)
2026-05-21 16:23:23,718 INFO     root            Display format: "    table(
      name,
      properties.machineType.machine_type(),
      properties.scheduling.preemptible.yesno(yes=true, no=''),
      creationTimestamp
    ) value(name,creationTimestamp)"
2026-05-21 16:23:23,724 DEBUG    urllib3.connectionpool Starting new HTTPS connection (1): compute.googleapis.com:443
2026-05-21 16:23:24,346 DEBUG    urllib3.connectionpool https://compute.googleapis.com:443 "GET /compute/v1/projects/env-integration-fenway/aggregated/instanceTemplates?alt=json&includeAllScopes=True&maxResults=500&returnPartialSuccess=True HTTP/1.1" 200 None
2026-05-21 16:23:24,811 INFO     ___FILE_ONLY___ artillery-loadgen-tpl	2026-05-07T16:09:32.130-07:00

2026-05-21 16:23:24,811 INFO     ___FILE_ONLY___ artillery-loadgen-tpl-prod	2026-05-07T17:24:11.381-07:00

2026-05-21 16:23:24,824 DEBUG    root            Metrics reporting process started...
