2026-05-07 14:23:16,603 DEBUG    root            Loaded Command Group: ['gcloud', 'compute']
2026-05-07 14:23:16,614 DEBUG    root            Loaded Command Group: ['gcloud', 'compute', 'regions']
2026-05-07 14:23:16,616 DEBUG    root            Loaded Command Group: ['gcloud', 'compute', 'regions', 'describe']
2026-05-07 14:23:16,616 DEBUG    root            Running [gcloud.compute.regions.describe] with arguments: [--flatten: "['quotas[]']", --format: "value(quotas.metric,quotas.limit,quotas.usage)", --project: "env-integration-fenway", NAME: "us-central1"]
2026-05-07 14:23:16,619 DEBUG    root            On GCE from memory cache: False
2026-05-07 14:23:16,621 DEBUG    root            On GCE from memory cache: False
2026-05-07 14:23:16,627 DEBUG    root            On GCE from memory cache: False
2026-05-07 14:23:16,628 DEBUG    root            On GCE from memory cache: False
2026-05-07 14:23:16,628 DEBUG    google.auth.transport.requests Making request: POST https://oauth2.googleapis.com/token
2026-05-07 14:23:16,632 DEBUG    urllib3.connectionpool Starting new HTTPS connection (1): oauth2.googleapis.com:443
2026-05-07 14:23:16,828 DEBUG    urllib3.connectionpool https://oauth2.googleapis.com:443 "POST /token HTTP/1.1" 200 None
2026-05-07 14:23:16,922 DEBUG    urllib3.connectionpool Starting new HTTPS connection (1): compute.googleapis.com:443
2026-05-07 14:23:17,464 DEBUG    urllib3.connectionpool https://compute.googleapis.com:443 "GET /compute/v1/projects/env-integration-fenway/regions/us-central1?alt=json HTTP/1.1" 200 None
2026-05-07 14:23:17,470 DEBUG    root            Chosen display Format:default value(quotas.metric,quotas.limit,quotas.usage)
2026-05-07 14:23:17,471 INFO     root            Display format: "default value(quotas.metric,quotas.limit,quotas.usage)"
2026-05-07 14:23:17,491 INFO     ___FILE_ONLY___ CPUS	5000.0	303.0

2026-05-07 14:23:17,491 INFO     ___FILE_ONLY___ DISKS_TOTAL_GB	204800.0	346.0

2026-05-07 14:23:17,491 INFO     ___FILE_ONLY___ SNAPSHOTS	25000.0	0.0

2026-05-07 14:23:17,491 INFO     ___FILE_ONLY___ STATIC_ADDRESSES	700.0	12.0

2026-05-07 14:23:17,491 INFO     ___FILE_ONLY___ IN_USE_ADDRESSES	2300.0	13.0

2026-05-07 14:23:17,491 INFO     ___FILE_ONLY___ SSD_TOTAL_GB	81920.0	14862.0

2026-05-07 14:23:17,491 INFO     ___FILE_ONLY___ INSTANCE_TEMPLATES	2500.0	28.0

2026-05-07 14:23:17,491 INFO     ___FILE_ONLY___ LOCAL_SSD_TOTAL_GB	9.22337e+18	0.0

2026-05-07 14:23:17,491 INFO     ___FILE_ONLY___ INSTANCE_GROUPS	2500.0	32.0

2026-05-07 14:23:17,491 INFO     ___FILE_ONLY___ INSTANCE_GROUP_MANAGERS	1250.0	27.0

2026-05-07 14:23:17,491 INFO     ___FILE_ONLY___ INSTANCES	24000.0	60.0

2026-05-07 14:23:17,491 INFO     ___FILE_ONLY___ AUTOSCALERS	1250.0	0.0

2026-05-07 14:23:17,491 INFO     ___FILE_ONLY___ REGIONAL_AUTOSCALERS	500.0	1.0

2026-05-07 14:23:17,492 INFO     ___FILE_ONLY___ REGIONAL_INSTANCE_GROUP_MANAGERS	2000.0	1.0

2026-05-07 14:23:17,492 INFO     ___FILE_ONLY___ TARGET_TCP_PROXIES	250.0	0.0

2026-05-07 14:23:17,492 INFO     ___FILE_ONLY___ PREEMPTIBLE_CPUS	10000.0	0.0

2026-05-07 14:23:17,492 INFO     ___FILE_ONLY___ NVIDIA_K80_GPUS	64.0	0.0

2026-05-07 14:23:17,492 INFO     ___FILE_ONLY___ COMMITTED_CPUS	9.22337e+18	0.0

2026-05-07 14:23:17,492 INFO     ___FILE_ONLY___ COMMITTED_LOCAL_SSD_TOTAL_GB	9.22337e+18	0.0

2026-05-07 14:23:17,492 INFO     ___FILE_ONLY___ COMMITMENTS	2000.0	0.0

2026-05-07 14:23:17,492 INFO     ___FILE_ONLY___ NETWORK_ENDPOINT_GROUPS	2500.0	0.0

2026-05-07 14:23:17,492 INFO     ___FILE_ONLY___ INTERNAL_ADDRESSES	5000.0	13.0

2026-05-07 14:23:17,492 INFO     ___FILE_ONLY___ NVIDIA_P100_GPUS	64.0	0.0

2026-05-07 14:23:17,492 INFO     ___FILE_ONLY___ PREEMPTIBLE_LOCAL_SSD_GB	0.0	0.0

2026-05-07 14:23:17,492 INFO     ___FILE_ONLY___ SSL_POLICIES	250.0	0.0

2026-05-07 14:23:17,492 INFO     ___FILE_ONLY___ PREEMPTIBLE_NVIDIA_K80_GPUS	1.0	0.0

2026-05-07 14:23:17,492 INFO     ___FILE_ONLY___ PREEMPTIBLE_NVIDIA_P100_GPUS	32.0	0.0

2026-05-07 14:23:17,492 INFO     ___FILE_ONLY___ NVIDIA_P100_VWS_GPUS	4.0	0.0

2026-05-07 14:23:17,492 INFO     ___FILE_ONLY___ NVIDIA_V100_GPUS	8.0	0.0

2026-05-07 14:23:17,492 INFO     ___FILE_ONLY___ NVIDIA_P4_GPUS	8.0	0.0

2026-05-07 14:23:17,492 INFO     ___FILE_ONLY___ NVIDIA_P4_VWS_GPUS	4.0	0.0

2026-05-07 14:23:17,493 INFO     ___FILE_ONLY___ NODE_GROUPS	100.0	0.0

2026-05-07 14:23:17,493 INFO     ___FILE_ONLY___ NODE_TEMPLATES	100.0	0.0

2026-05-07 14:23:17,493 INFO     ___FILE_ONLY___ PREEMPTIBLE_NVIDIA_V100_GPUS	32.0	0.0

2026-05-07 14:23:17,493 INFO     ___FILE_ONLY___ PREEMPTIBLE_NVIDIA_P4_GPUS	32.0	0.0

2026-05-07 14:23:17,493 INFO     ___FILE_ONLY___ PREEMPTIBLE_NVIDIA_P100_VWS_GPUS	4.0	0.0

2026-05-07 14:23:17,493 INFO     ___FILE_ONLY___ PREEMPTIBLE_NVIDIA_P4_VWS_GPUS	4.0	0.0

2026-05-07 14:23:17,493 INFO     ___FILE_ONLY___ INTERCONNECT_ATTACHMENTS_PER_REGION	16.0	0.0

2026-05-07 14:23:17,493 INFO     ___FILE_ONLY___ INTERCONNECT_ATTACHMENTS_TOTAL_MBPS	80000.0	0.0

2026-05-07 14:23:17,493 INFO     ___FILE_ONLY___ RESOURCE_POLICIES	250.0	1.0

2026-05-07 14:23:17,493 INFO     ___FILE_ONLY___ IN_USE_SNAPSHOT_SCHEDULES	1000.0	8.0

2026-05-07 14:23:17,493 INFO     ___FILE_ONLY___ NVIDIA_T4_GPUS	16.0	4.0

2026-05-07 14:23:17,493 INFO     ___FILE_ONLY___ NVIDIA_T4_VWS_GPUS	8.0	0.0

2026-05-07 14:23:17,493 INFO     ___FILE_ONLY___ PREEMPTIBLE_NVIDIA_T4_GPUS	16.0	0.0

2026-05-07 14:23:17,493 INFO     ___FILE_ONLY___ PREEMPTIBLE_NVIDIA_T4_VWS_GPUS	8.0	0.0

2026-05-07 14:23:17,493 INFO     ___FILE_ONLY___ IN_USE_BACKUP_SCHEDULES	1000.0	0.0

2026-05-07 14:23:17,493 INFO     ___FILE_ONLY___ PUBLIC_DELEGATED_PREFIXES	10.0	0.0

2026-05-07 14:23:17,493 INFO     ___FILE_ONLY___ COMMITTED_NVIDIA_K80_GPUS	9.22337e+18	0.0

2026-05-07 14:23:17,493 INFO     ___FILE_ONLY___ COMMITTED_NVIDIA_P100_GPUS	9.22337e+18	0.0

2026-05-07 14:23:17,493 INFO     ___FILE_ONLY___ COMMITTED_NVIDIA_P4_GPUS	9.22337e+18	0.0

2026-05-07 14:23:17,494 INFO     ___FILE_ONLY___ COMMITTED_NVIDIA_V100_GPUS	9.22337e+18	0.0

2026-05-07 14:23:17,494 INFO     ___FILE_ONLY___ COMMITTED_NVIDIA_T4_GPUS	9.22337e+18	0.0

2026-05-07 14:23:17,494 INFO     ___FILE_ONLY___ C2_CPUS	1000.0	0.0

2026-05-07 14:23:17,494 INFO     ___FILE_ONLY___ N2_CPUS	5000.0	56.0

2026-05-07 14:23:17,494 INFO     ___FILE_ONLY___ COMMITTED_N2_CPUS	9.22337e+18	0.0

2026-05-07 14:23:17,494 INFO     ___FILE_ONLY___ COMMITTED_C2_CPUS	9.22337e+18	0.0

2026-05-07 14:23:17,494 INFO     ___FILE_ONLY___ RESERVATIONS	2000.0	0.0

2026-05-07 14:23:17,494 INFO     ___FILE_ONLY___ COMMITTED_LICENSES	9.22337e+18	0.0

2026-05-07 14:23:17,494 INFO     ___FILE_ONLY___ N2D_CPUS	5000.0	0.0

2026-05-07 14:23:17,494 INFO     ___FILE_ONLY___ COMMITTED_N2D_CPUS	9.22337e+18	0.0

2026-05-07 14:23:17,494 INFO     ___FILE_ONLY___ SERVICE_ATTACHMENTS	1000.0	0.0

2026-05-07 14:23:17,494 INFO     ___FILE_ONLY___ STATIC_BYOIP_ADDRESSES	1024.0	0.0

2026-05-07 14:23:17,494 INFO     ___FILE_ONLY___ AFFINITY_GROUPS	9.22337e+18	0.0

2026-05-07 14:23:17,494 INFO     ___FILE_ONLY___ NVIDIA_A100_GPUS	16.0	0.0

2026-05-07 14:23:17,494 INFO     ___FILE_ONLY___ PREEMPTIBLE_NVIDIA_A100_GPUS	64.0	0.0

2026-05-07 14:23:17,494 INFO     ___FILE_ONLY___ COMMITTED_NVIDIA_A100_GPUS	9.22337e+18	0.0

2026-05-07 14:23:17,494 INFO     ___FILE_ONLY___ M1_CPUS	640.0	0.0

2026-05-07 14:23:17,494 INFO     ___FILE_ONLY___ M2_CPUS	0.0	0.0

2026-05-07 14:23:17,494 INFO     ___FILE_ONLY___ A2_CPUS	192.0	0.0

2026-05-07 14:23:17,495 INFO     ___FILE_ONLY___ COMMITTED_A2_CPUS	9.22337e+18	0.0

2026-05-07 14:23:17,495 INFO     ___FILE_ONLY___ COMMITTED_MEMORY_OPTIMIZED_CPUS	9.22337e+18	0.0

2026-05-07 14:23:17,495 INFO     ___FILE_ONLY___ NETWORK_FIREWALL_POLICIES	100.0	0.0

2026-05-07 14:23:17,495 INFO     ___FILE_ONLY___ PSC_INTERNAL_LB_FORWARDING_RULES	1000.0	1.0

2026-05-07 14:23:17,495 INFO     ___FILE_ONLY___ EXTERNAL_NETWORK_LB_FORWARDING_RULES	400.0	3.0

2026-05-07 14:23:17,495 INFO     ___FILE_ONLY___ EXTERNAL_PROTOCOL_FORWARDING_RULES	400.0	0.0

2026-05-07 14:23:17,495 INFO     ___FILE_ONLY___ PD_EXTREME_TOTAL_PROVISIONED_IOPS	900000.0	0.0

2026-05-07 14:23:17,495 INFO     ___FILE_ONLY___ E2_CPUS	2400.0	0.0

2026-05-07 14:23:17,495 INFO     ___FILE_ONLY___ COMMITTED_E2_CPUS	9.22337e+18	0.0

2026-05-07 14:23:17,495 INFO     ___FILE_ONLY___ EXTERNAL_MANAGED_FORWARDING_RULES	35.0	0.0

2026-05-07 14:23:17,495 INFO     ___FILE_ONLY___ C2D_CPUS	2500.0	0.0

2026-05-07 14:23:17,495 INFO     ___FILE_ONLY___ COMMITTED_C2D_CPUS	9.22337e+18	0.0

2026-05-07 14:23:17,495 INFO     ___FILE_ONLY___ N2A_CPUS	128.0	0.0

2026-05-07 14:23:17,495 INFO     ___FILE_ONLY___ SECURITY_POLICIES_PER_REGION	10.0	0.0

2026-05-07 14:23:17,495 INFO     ___FILE_ONLY___ SECURITY_POLICY_RULES_PER_REGION	200.0	0.0

2026-05-07 14:23:17,495 INFO     ___FILE_ONLY___ T2D_CPUS	128.0	0.0

2026-05-07 14:23:17,495 INFO     ___FILE_ONLY___ COMMITTED_T2D_CPUS	9.22337e+18	0.0

2026-05-07 14:23:17,495 INFO     ___FILE_ONLY___ C3_CPUS	500.0	0.0

2026-05-07 14:23:17,495 INFO     ___FILE_ONLY___ COMMITTED_C3_CPUS	9.22337e+18	0.0

2026-05-07 14:23:17,496 INFO     ___FILE_ONLY___ T2A_CPUS	500.0	0.0

2026-05-07 14:23:17,496 INFO     ___FILE_ONLY___ M3_CPUS	248.0	0.0

2026-05-07 14:23:17,496 INFO     ___FILE_ONLY___ COMMITTED_M3_CPUS	9.22337e+18	0.0

2026-05-07 14:23:17,496 INFO     ___FILE_ONLY___ NVIDIA_A100_80GB_GPUS	0.0	0.0

2026-05-07 14:23:17,496 INFO     ___FILE_ONLY___ PREEMPTIBLE_NVIDIA_A100_80GB_GPUS	0.0	0.0

2026-05-07 14:23:17,496 INFO     ___FILE_ONLY___ COMMITTED_NVIDIA_A100_80GB_GPUS	9.22337e+18	0.0

2026-05-07 14:23:17,496 INFO     ___FILE_ONLY___ NETWORK_ATTACHMENTS	1000.0	0.0

2026-05-07 14:23:17,496 INFO     ___FILE_ONLY___ REGIONAL_INTERNAL_MANAGED_BACKEND_SERVICES	150.0	0.0

2026-05-07 14:23:17,496 INFO     ___FILE_ONLY___ REGIONAL_EXTERNAL_MANAGED_BACKEND_SERVICES	150.0	0.0

2026-05-07 14:23:17,496 INFO     ___FILE_ONLY___ REGIONAL_EXTERNAL_NETWORK_LB_BACKEND_SERVICES	400.0	0.0

2026-05-07 14:23:17,496 INFO     ___FILE_ONLY___ REGIONAL_INTERNAL_LB_BACKEND_SERVICES	150.0	13.0

2026-05-07 14:23:17,496 INFO     ___FILE_ONLY___ REGIONAL_INTERNAL_TRAFFIC_DIRECTOR_BACKEND_SERVICES	1000.0	0.0

2026-05-07 14:23:17,496 INFO     ___FILE_ONLY___ NET_LB_SECURITY_POLICIES_PER_REGION	10.0	0.0

2026-05-07 14:23:17,496 INFO     ___FILE_ONLY___ NET_LB_SECURITY_POLICY_RULES_PER_REGION	100.0	0.0

2026-05-07 14:23:17,496 INFO     ___FILE_ONLY___ NET_LB_SECURITY_POLICY_RULE_ATTRIBUTES_PER_REGION	1000.0	0.0

2026-05-07 14:23:17,496 INFO     ___FILE_ONLY___ TPU_LITE_DEVICE_V5	0.0	0.0

2026-05-07 14:23:17,496 INFO     ___FILE_ONLY___ PREEMPTIBLE_TPU_LITE_DEVICE_V5	0.0	0.0

2026-05-07 14:23:17,496 INFO     ___FILE_ONLY___ TPU_LITE_PODSLICE_V5	512.0	0.0

2026-05-07 14:23:17,496 INFO     ___FILE_ONLY___ NVIDIA_L4_GPUS	32.0	0.0

2026-05-07 14:23:17,497 INFO     ___FILE_ONLY___ PREEMPTIBLE_NVIDIA_L4_GPUS	32.0	0.0

2026-05-07 14:23:17,497 INFO     ___FILE_ONLY___ COMMITTED_NVIDIA_L4_GPUS	9.22337e+18	0.0

2026-05-07 14:23:17,497 INFO     ___FILE_ONLY___ STATIC_EXTERNAL_IPV6_ADDRESS_RANGES	5000.0	0.0

2026-05-07 14:23:17,497 INFO     ___FILE_ONLY___ SECURITY_POLICY_ADVANCED_RULES_PER_REGION	20.0	0.0

2026-05-07 14:23:17,497 INFO     ___FILE_ONLY___ PREEMPTIBLE_TPU_LITE_PODSLICE_V5	1536.0	0.0

2026-05-07 14:23:17,497 INFO     ___FILE_ONLY___ VARIABLE_IPV6_PUBLIC_DELEGATED_PREFIXES	40.0	0.0

2026-05-07 14:23:17,505 DEBUG    root            Metrics reporting process started...
