2026-05-07 14:53:29,940 DEBUG    root            Loaded Command Group: ['gcloud', 'compute']
2026-05-07 14:53:29,943 DEBUG    root            Loaded Command Group: ['gcloud', 'compute', 'images']
2026-05-07 14:53:29,947 DEBUG    root            Loaded Command Group: ['gcloud', 'compute', 'images', 'list']
2026-05-07 14:53:29,948 DEBUG    root            Running [gcloud.compute.images.list] with arguments: [--filter: "family=artillery-loadgen-gpu", --format: "table(name,creationTimestamp,status)", --project: "env-integration-fenway", --sort-by: "['~creationTimestamp']"]
2026-05-07 14:53:29,950 DEBUG    root            On GCE from memory cache: False
2026-05-07 14:53:29,989 DEBUG    root            Failed to check metadata server: <urlopen error [Errno 8] nodename nor servname provided, or not known>
2026-05-07 14:53:29,989 DEBUG    root            On GCE from server: False
2026-05-07 14:53:30,090 INFO     root            client_filter=None server_filter='family eq ".*\\bartillery\\-loadgen\\-gpu\\b.*"'
2026-05-07 14:53:30,090 INFO     root            client_filter=None server_filter='family eq ".*\\bartillery\\-loadgen\\-gpu\\b.*"'
2026-05-07 14:53:30,091 DEBUG    root            Chosen display Format:    table(
      name,
      selfLink.map().scope(projects).segment(0):label=PROJECT,
      family,
      deprecated.state:label=DEPRECATED,
      status
    ) table(name,creationTimestamp,status):(creationTimestamp:sort=1:reverse)
2026-05-07 14:53:30,102 DEBUG    urllib3.connectionpool Starting new HTTPS connection (1): compute.googleapis.com:443
2026-05-07 14:53:31,641 DEBUG    urllib3.connectionpool https://compute.googleapis.com:443 "POST /batch/compute/v1 HTTP/1.1" 200 None
2026-05-07 14:53:31,666 INFO     root            Display format: "    table(
      name,
      selfLink.map().scope(projects).segment(0):label=PROJECT,
      family,
      deprecated.state:label=DEPRECATED,
      status
    ) table(name,creationTimestamp,status):(creationTimestamp:sort=1:reverse)"
2026-05-07 14:53:31,686 INFO     ___FILE_ONLY___ NAME
2026-05-07 14:53:31,686 INFO     ___FILE_ONLY___                               
2026-05-07 14:53:31,686 INFO     ___FILE_ONLY___ CREATION_TIMESTAMP
2026-05-07 14:53:31,686 INFO     ___FILE_ONLY___              
2026-05-07 14:53:31,686 INFO     ___FILE_ONLY___ STATUS
2026-05-07 14:53:31,686 INFO     ___FILE_ONLY___ 

2026-05-07 14:53:31,686 INFO     ___FILE_ONLY___ artillery-loadgen-gpu-1778189997
2026-05-07 14:53:31,686 INFO     ___FILE_ONLY___   
2026-05-07 14:53:31,686 INFO     ___FILE_ONLY___ 2026-05-07T14:49:26.832-07:00
2026-05-07 14:53:31,686 INFO     ___FILE_ONLY___   
2026-05-07 14:53:31,686 INFO     ___FILE_ONLY___ READY
2026-05-07 14:53:31,686 INFO     ___FILE_ONLY___ 

2026-05-07 14:53:31,698 DEBUG    root            Metrics reporting process started...
