2026-05-07 14:55:03,505 DEBUG    root            Loaded Command Group: ['gcloud', 'storage']
2026-05-07 14:55:03,506 DEBUG    root            Loaded Command Group: ['gcloud', 'storage', 'buckets']
2026-05-07 14:55:03,532 DEBUG    root            On GCE from memory cache: False
2026-05-07 14:55:03,675 DEBUG    root            Loaded Command Group: ['gcloud', 'storage', 'buckets', 'add_iam_policy_binding']
2026-05-07 14:55:03,677 DEBUG    root            Running [gcloud.storage.buckets.add-iam-policy-binding] with arguments: [--member: "serviceAccount:loadgen-mig@env-integration-fenway.iam.gserviceaccount.com", --role: "roles/storage.objectCreator", URL: "gs://artillery-loadgen-results-env-integration-fenway"]
2026-05-07 14:55:03,678 DEBUG    root            On GCE from memory cache: False
2026-05-07 14:55:03,686 DEBUG    urllib3.connectionpool Starting new HTTPS connection (1): storage.googleapis.com:443
2026-05-07 14:55:03,901 DEBUG    urllib3.connectionpool https://storage.googleapis.com:443 "GET /storage/v1/b/artillery-loadgen-results-env-integration-fenway/iam?alt=json&fields=bindings%2Cetag&optionsRequestedPolicyVersion=3 HTTP/1.1" 200 530
2026-05-07 14:55:04,332 DEBUG    urllib3.connectionpool https://storage.googleapis.com:443 "PUT /storage/v1/b/artillery-loadgen-results-env-integration-fenway/iam?alt=json HTTP/1.1" 200 661
2026-05-07 14:55:04,334 DEBUG    root            Chosen display Format:default
2026-05-07 14:55:04,336 INFO     root            Display format: "default"
2026-05-07 14:55:04,347 INFO     ___FILE_ONLY___ bindings
2026-05-07 14:55:04,348 INFO     ___FILE_ONLY___ :
2026-05-07 14:55:04,348 INFO     ___FILE_ONLY___ 

2026-05-07 14:55:04,348 INFO     ___FILE_ONLY___ -
2026-05-07 14:55:04,348 INFO     ___FILE_ONLY___  
2026-05-07 14:55:04,348 INFO     ___FILE_ONLY___ members
2026-05-07 14:55:04,348 INFO     ___FILE_ONLY___ :
2026-05-07 14:55:04,348 INFO     ___FILE_ONLY___ 

2026-05-07 14:55:04,348 INFO     ___FILE_ONLY___   
2026-05-07 14:55:04,348 INFO     ___FILE_ONLY___ -
2026-05-07 14:55:04,348 INFO     ___FILE_ONLY___  
2026-05-07 14:55:04,348 INFO     ___FILE_ONLY___ projectEditor:env-integration-fenway
2026-05-07 14:55:04,348 INFO     ___FILE_ONLY___ 

2026-05-07 14:55:04,348 INFO     ___FILE_ONLY___   
2026-05-07 14:55:04,348 INFO     ___FILE_ONLY___ -
2026-05-07 14:55:04,348 INFO     ___FILE_ONLY___  
2026-05-07 14:55:04,348 INFO     ___FILE_ONLY___ projectOwner:env-integration-fenway
2026-05-07 14:55:04,348 INFO     ___FILE_ONLY___ 

2026-05-07 14:55:04,348 INFO     ___FILE_ONLY___   
2026-05-07 14:55:04,348 INFO     ___FILE_ONLY___ role
2026-05-07 14:55:04,348 INFO     ___FILE_ONLY___ :
2026-05-07 14:55:04,348 INFO     ___FILE_ONLY___  
2026-05-07 14:55:04,348 INFO     ___FILE_ONLY___ roles/storage.legacyBucketOwner
2026-05-07 14:55:04,348 INFO     ___FILE_ONLY___ 

2026-05-07 14:55:04,348 INFO     ___FILE_ONLY___ -
2026-05-07 14:55:04,348 INFO     ___FILE_ONLY___  
2026-05-07 14:55:04,349 INFO     ___FILE_ONLY___ members
2026-05-07 14:55:04,349 INFO     ___FILE_ONLY___ :
2026-05-07 14:55:04,349 INFO     ___FILE_ONLY___ 

2026-05-07 14:55:04,349 INFO     ___FILE_ONLY___   
2026-05-07 14:55:04,349 INFO     ___FILE_ONLY___ -
2026-05-07 14:55:04,349 INFO     ___FILE_ONLY___  
2026-05-07 14:55:04,349 INFO     ___FILE_ONLY___ projectViewer:env-integration-fenway
2026-05-07 14:55:04,349 INFO     ___FILE_ONLY___ 

2026-05-07 14:55:04,349 INFO     ___FILE_ONLY___   
2026-05-07 14:55:04,349 INFO     ___FILE_ONLY___ role
2026-05-07 14:55:04,349 INFO     ___FILE_ONLY___ :
2026-05-07 14:55:04,349 INFO     ___FILE_ONLY___  
2026-05-07 14:55:04,349 INFO     ___FILE_ONLY___ roles/storage.legacyBucketReader
2026-05-07 14:55:04,349 INFO     ___FILE_ONLY___ 

2026-05-07 14:55:04,349 INFO     ___FILE_ONLY___ -
2026-05-07 14:55:04,349 INFO     ___FILE_ONLY___  
2026-05-07 14:55:04,349 INFO     ___FILE_ONLY___ members
2026-05-07 14:55:04,349 INFO     ___FILE_ONLY___ :
2026-05-07 14:55:04,349 INFO     ___FILE_ONLY___ 

2026-05-07 14:55:04,349 INFO     ___FILE_ONLY___   
2026-05-07 14:55:04,349 INFO     ___FILE_ONLY___ -
2026-05-07 14:55:04,349 INFO     ___FILE_ONLY___  
2026-05-07 14:55:04,349 INFO     ___FILE_ONLY___ serviceAccount:loadgen-mig@env-integration-fenway.iam.gserviceaccount.com
2026-05-07 14:55:04,349 INFO     ___FILE_ONLY___ 

2026-05-07 14:55:04,349 INFO     ___FILE_ONLY___   
2026-05-07 14:55:04,349 INFO     ___FILE_ONLY___ role
2026-05-07 14:55:04,349 INFO     ___FILE_ONLY___ :
2026-05-07 14:55:04,349 INFO     ___FILE_ONLY___  
2026-05-07 14:55:04,349 INFO     ___FILE_ONLY___ roles/storage.objectCreator
2026-05-07 14:55:04,349 INFO     ___FILE_ONLY___ 

2026-05-07 14:55:04,349 INFO     ___FILE_ONLY___ etag
2026-05-07 14:55:04,349 INFO     ___FILE_ONLY___ :
2026-05-07 14:55:04,349 INFO     ___FILE_ONLY___  
2026-05-07 14:55:04,349 INFO     ___FILE_ONLY___ CAQ=
2026-05-07 14:55:04,349 INFO     ___FILE_ONLY___ 

2026-05-07 14:55:04,349 INFO     ___FILE_ONLY___ kind
2026-05-07 14:55:04,349 INFO     ___FILE_ONLY___ :
2026-05-07 14:55:04,350 INFO     ___FILE_ONLY___  
2026-05-07 14:55:04,350 INFO     ___FILE_ONLY___ storage#policy
2026-05-07 14:55:04,350 INFO     ___FILE_ONLY___ 

2026-05-07 14:55:04,350 INFO     ___FILE_ONLY___ resourceId
2026-05-07 14:55:04,350 INFO     ___FILE_ONLY___ :
2026-05-07 14:55:04,350 INFO     ___FILE_ONLY___  
2026-05-07 14:55:04,350 INFO     ___FILE_ONLY___ projects/_/buckets/artillery-loadgen-results-env-integration-fenway
2026-05-07 14:55:04,350 INFO     ___FILE_ONLY___ 

2026-05-07 14:55:04,350 INFO     ___FILE_ONLY___ version
2026-05-07 14:55:04,350 INFO     ___FILE_ONLY___ :
2026-05-07 14:55:04,350 INFO     ___FILE_ONLY___  
2026-05-07 14:55:04,350 INFO     ___FILE_ONLY___ 1
2026-05-07 14:55:04,350 INFO     ___FILE_ONLY___ 

2026-05-07 14:55:04,356 DEBUG    root            Metrics reporting process started...
