2026-05-07 14:59:56,511 DEBUG    root            Loaded Command Group: ['gcloud', 'compute']
2026-05-07 14:59:56,513 DEBUG    root            Loaded Command Group: ['gcloud', 'compute', 'instance_templates']
2026-05-07 14:59:56,516 DEBUG    root            Loaded Command Group: ['gcloud', 'compute', 'instance-templates', 'describe']
2026-05-07 14:59:56,517 DEBUG    root            Running [gcloud.compute.instance-templates.describe] with arguments: [--project: "env-integration-fenway", NAME: "artillery-loadgen-tpl"]
2026-05-07 14:59:56,519 DEBUG    root            On GCE from memory cache: False
2026-05-07 14:59:56,521 DEBUG    root            On GCE from memory cache: False
2026-05-07 14:59:56,620 DEBUG    urllib3.connectionpool Starting new HTTPS connection (1): compute.googleapis.com:443
2026-05-07 14:59:56,950 DEBUG    urllib3.connectionpool https://compute.googleapis.com:443 "GET /compute/v1/projects/env-integration-fenway/global/instanceTemplates/artillery-loadgen-tpl?alt=json HTTP/1.1" 200 None
2026-05-07 14:59:56,960 DEBUG    root            Chosen display Format:default
2026-05-07 14:59:56,960 INFO     root            Display format: "default"
2026-05-07 14:59:56,978 INFO     ___FILE_ONLY___ creationTimestamp
2026-05-07 14:59:56,978 INFO     ___FILE_ONLY___ :
2026-05-07 14:59:56,978 INFO     ___FILE_ONLY___  '
2026-05-07 14:59:56,978 INFO     ___FILE_ONLY___ 2026-05-07T14:59:29.009-07:00
2026-05-07 14:59:56,978 INFO     ___FILE_ONLY___ '
2026-05-07 14:59:56,978 INFO     ___FILE_ONLY___ 

2026-05-07 14:59:56,978 INFO     ___FILE_ONLY___ description
2026-05-07 14:59:56,978 INFO     ___FILE_ONLY___ :
2026-05-07 14:59:56,978 INFO     ___FILE_ONLY___  '
2026-05-07 14:59:56,978 INFO     ___FILE_ONLY___ '
2026-05-07 14:59:56,978 INFO     ___FILE_ONLY___ 

2026-05-07 14:59:56,978 INFO     ___FILE_ONLY___ id
2026-05-07 14:59:56,978 INFO     ___FILE_ONLY___ :
2026-05-07 14:59:56,978 INFO     ___FILE_ONLY___  '
2026-05-07 14:59:56,978 INFO     ___FILE_ONLY___ 7605024866694116783
2026-05-07 14:59:56,978 INFO     ___FILE_ONLY___ '
2026-05-07 14:59:56,978 INFO     ___FILE_ONLY___ 

2026-05-07 14:59:56,978 INFO     ___FILE_ONLY___ kind
2026-05-07 14:59:56,978 INFO     ___FILE_ONLY___ :
2026-05-07 14:59:56,978 INFO     ___FILE_ONLY___  
2026-05-07 14:59:56,978 INFO     ___FILE_ONLY___ compute#instanceTemplate
2026-05-07 14:59:56,978 INFO     ___FILE_ONLY___ 

2026-05-07 14:59:56,979 INFO     ___FILE_ONLY___ name
2026-05-07 14:59:56,979 INFO     ___FILE_ONLY___ :
2026-05-07 14:59:56,979 INFO     ___FILE_ONLY___  
2026-05-07 14:59:56,979 INFO     ___FILE_ONLY___ artillery-loadgen-tpl
2026-05-07 14:59:56,979 INFO     ___FILE_ONLY___ 

2026-05-07 14:59:56,979 INFO     ___FILE_ONLY___ properties
2026-05-07 14:59:56,979 INFO     ___FILE_ONLY___ :
2026-05-07 14:59:56,979 INFO     ___FILE_ONLY___ 

2026-05-07 14:59:56,979 INFO     ___FILE_ONLY___   
2026-05-07 14:59:56,979 INFO     ___FILE_ONLY___ canIpForward
2026-05-07 14:59:56,979 INFO     ___FILE_ONLY___ :
2026-05-07 14:59:56,979 INFO     ___FILE_ONLY___  
2026-05-07 14:59:56,979 INFO     ___FILE_ONLY___ false
2026-05-07 14:59:56,979 INFO     ___FILE_ONLY___ 

2026-05-07 14:59:56,979 INFO     ___FILE_ONLY___   
2026-05-07 14:59:56,979 INFO     ___FILE_ONLY___ disks
2026-05-07 14:59:56,979 INFO     ___FILE_ONLY___ :
2026-05-07 14:59:56,979 INFO     ___FILE_ONLY___ 

2026-05-07 14:59:56,979 INFO     ___FILE_ONLY___   
2026-05-07 14:59:56,979 INFO     ___FILE_ONLY___ -
2026-05-07 14:59:56,979 INFO     ___FILE_ONLY___  
2026-05-07 14:59:56,979 INFO     ___FILE_ONLY___ autoDelete
2026-05-07 14:59:56,979 INFO     ___FILE_ONLY___ :
2026-05-07 14:59:56,979 INFO     ___FILE_ONLY___  
2026-05-07 14:59:56,979 INFO     ___FILE_ONLY___ true
2026-05-07 14:59:56,979 INFO     ___FILE_ONLY___ 

2026-05-07 14:59:56,979 INFO     ___FILE_ONLY___     
2026-05-07 14:59:56,979 INFO     ___FILE_ONLY___ boot
2026-05-07 14:59:56,979 INFO     ___FILE_ONLY___ :
2026-05-07 14:59:56,979 INFO     ___FILE_ONLY___  
2026-05-07 14:59:56,979 INFO     ___FILE_ONLY___ true
2026-05-07 14:59:56,979 INFO     ___FILE_ONLY___ 

2026-05-07 14:59:56,979 INFO     ___FILE_ONLY___     
2026-05-07 14:59:56,979 INFO     ___FILE_ONLY___ deviceName
2026-05-07 14:59:56,980 INFO     ___FILE_ONLY___ :
2026-05-07 14:59:56,980 INFO     ___FILE_ONLY___  
2026-05-07 14:59:56,980 INFO     ___FILE_ONLY___ persistent-disk-0
2026-05-07 14:59:56,980 INFO     ___FILE_ONLY___ 

2026-05-07 14:59:56,980 INFO     ___FILE_ONLY___     
2026-05-07 14:59:56,980 INFO     ___FILE_ONLY___ index
2026-05-07 14:59:56,980 INFO     ___FILE_ONLY___ :
2026-05-07 14:59:56,980 INFO     ___FILE_ONLY___  
2026-05-07 14:59:56,980 INFO     ___FILE_ONLY___ 0
2026-05-07 14:59:56,980 INFO     ___FILE_ONLY___ 

2026-05-07 14:59:56,980 INFO     ___FILE_ONLY___     
2026-05-07 14:59:56,980 INFO     ___FILE_ONLY___ initializeParams
2026-05-07 14:59:56,980 INFO     ___FILE_ONLY___ :
2026-05-07 14:59:56,980 INFO     ___FILE_ONLY___ 

2026-05-07 14:59:56,980 INFO     ___FILE_ONLY___       
2026-05-07 14:59:56,980 INFO     ___FILE_ONLY___ diskSizeGb
2026-05-07 14:59:56,980 INFO     ___FILE_ONLY___ :
2026-05-07 14:59:56,980 INFO     ___FILE_ONLY___  '
2026-05-07 14:59:56,980 INFO     ___FILE_ONLY___ 2000
2026-05-07 14:59:56,980 INFO     ___FILE_ONLY___ '
2026-05-07 14:59:56,980 INFO     ___FILE_ONLY___ 

2026-05-07 14:59:56,980 INFO     ___FILE_ONLY___       
2026-05-07 14:59:56,980 INFO     ___FILE_ONLY___ diskType
2026-05-07 14:59:56,980 INFO     ___FILE_ONLY___ :
2026-05-07 14:59:56,980 INFO     ___FILE_ONLY___  
2026-05-07 14:59:56,980 INFO     ___FILE_ONLY___ pd-ssd
2026-05-07 14:59:56,980 INFO     ___FILE_ONLY___ 

2026-05-07 14:59:56,980 INFO     ___FILE_ONLY___       
2026-05-07 14:59:56,980 INFO     ___FILE_ONLY___ sourceImage
2026-05-07 14:59:56,980 INFO     ___FILE_ONLY___ :
2026-05-07 14:59:56,980 INFO     ___FILE_ONLY___  
2026-05-07 14:59:56,980 INFO     ___FILE_ONLY___ https://compute.googleapis.com/compute/v1/projects/env-integration-fenway/global/images/family/artillery-loadgen-gpu
2026-05-07 14:59:56,980 INFO     ___FILE_ONLY___ 

2026-05-07 14:59:56,980 INFO     ___FILE_ONLY___     
2026-05-07 14:59:56,980 INFO     ___FILE_ONLY___ kind
2026-05-07 14:59:56,980 INFO     ___FILE_ONLY___ :
2026-05-07 14:59:56,980 INFO     ___FILE_ONLY___  
2026-05-07 14:59:56,980 INFO     ___FILE_ONLY___ compute#attachedDisk
2026-05-07 14:59:56,980 INFO     ___FILE_ONLY___ 

2026-05-07 14:59:56,980 INFO     ___FILE_ONLY___     
2026-05-07 14:59:56,980 INFO     ___FILE_ONLY___ mode
2026-05-07 14:59:56,981 INFO     ___FILE_ONLY___ :
2026-05-07 14:59:56,981 INFO     ___FILE_ONLY___  
2026-05-07 14:59:56,981 INFO     ___FILE_ONLY___ READ_WRITE
2026-05-07 14:59:56,981 INFO     ___FILE_ONLY___ 

2026-05-07 14:59:56,981 INFO     ___FILE_ONLY___     
2026-05-07 14:59:56,981 INFO     ___FILE_ONLY___ type
2026-05-07 14:59:56,981 INFO     ___FILE_ONLY___ :
2026-05-07 14:59:56,981 INFO     ___FILE_ONLY___  
2026-05-07 14:59:56,981 INFO     ___FILE_ONLY___ PERSISTENT
2026-05-07 14:59:56,981 INFO     ___FILE_ONLY___ 

2026-05-07 14:59:56,981 INFO     ___FILE_ONLY___   
2026-05-07 14:59:56,981 INFO     ___FILE_ONLY___ guestAccelerators
2026-05-07 14:59:56,981 INFO     ___FILE_ONLY___ :
2026-05-07 14:59:56,981 INFO     ___FILE_ONLY___ 

2026-05-07 14:59:56,981 INFO     ___FILE_ONLY___   
2026-05-07 14:59:56,981 INFO     ___FILE_ONLY___ -
2026-05-07 14:59:56,981 INFO     ___FILE_ONLY___  
2026-05-07 14:59:56,981 INFO     ___FILE_ONLY___ acceleratorCount
2026-05-07 14:59:56,981 INFO     ___FILE_ONLY___ :
2026-05-07 14:59:56,981 INFO     ___FILE_ONLY___  
2026-05-07 14:59:56,981 INFO     ___FILE_ONLY___ 1
2026-05-07 14:59:56,981 INFO     ___FILE_ONLY___ 

2026-05-07 14:59:56,981 INFO     ___FILE_ONLY___     
2026-05-07 14:59:56,981 INFO     ___FILE_ONLY___ acceleratorType
2026-05-07 14:59:56,981 INFO     ___FILE_ONLY___ :
2026-05-07 14:59:56,981 INFO     ___FILE_ONLY___  
2026-05-07 14:59:56,981 INFO     ___FILE_ONLY___ nvidia-tesla-t4
2026-05-07 14:59:56,981 INFO     ___FILE_ONLY___ 

2026-05-07 14:59:56,981 INFO     ___FILE_ONLY___   
2026-05-07 14:59:56,981 INFO     ___FILE_ONLY___ machineType
2026-05-07 14:59:56,981 INFO     ___FILE_ONLY___ :
2026-05-07 14:59:56,981 INFO     ___FILE_ONLY___  
2026-05-07 14:59:56,981 INFO     ___FILE_ONLY___ custom-24-65536
2026-05-07 14:59:56,981 INFO     ___FILE_ONLY___ 

2026-05-07 14:59:56,981 INFO     ___FILE_ONLY___   
2026-05-07 14:59:56,981 INFO     ___FILE_ONLY___ metadata
2026-05-07 14:59:56,981 INFO     ___FILE_ONLY___ :
2026-05-07 14:59:56,981 INFO     ___FILE_ONLY___ 

2026-05-07 14:59:56,981 INFO     ___FILE_ONLY___     
2026-05-07 14:59:56,981 INFO     ___FILE_ONLY___ fingerprint
2026-05-07 14:59:56,981 INFO     ___FILE_ONLY___ :
2026-05-07 14:59:56,981 INFO     ___FILE_ONLY___  
2026-05-07 14:59:56,981 INFO     ___FILE_ONLY___ xvB3_hJr_ZU=
2026-05-07 14:59:56,982 INFO     ___FILE_ONLY___ 

2026-05-07 14:59:56,982 INFO     ___FILE_ONLY___     
2026-05-07 14:59:56,982 INFO     ___FILE_ONLY___ items
2026-05-07 14:59:56,982 INFO     ___FILE_ONLY___ :
2026-05-07 14:59:56,982 INFO     ___FILE_ONLY___ 

2026-05-07 14:59:56,982 INFO     ___FILE_ONLY___     
2026-05-07 14:59:56,982 INFO     ___FILE_ONLY___ -
2026-05-07 14:59:56,982 INFO     ___FILE_ONLY___  
2026-05-07 14:59:56,982 INFO     ___FILE_ONLY___ key
2026-05-07 14:59:56,982 INFO     ___FILE_ONLY___ :
2026-05-07 14:59:56,982 INFO     ___FILE_ONLY___  
2026-05-07 14:59:56,982 INFO     ___FILE_ONLY___ env
2026-05-07 14:59:56,982 INFO     ___FILE_ONLY___ 

2026-05-07 14:59:56,982 INFO     ___FILE_ONLY___       
2026-05-07 14:59:56,982 INFO     ___FILE_ONLY___ value
2026-05-07 14:59:56,982 INFO     ___FILE_ONLY___ :
2026-05-07 14:59:56,982 INFO     ___FILE_ONLY___  
2026-05-07 14:59:56,982 INFO     ___FILE_ONLY___ integration
2026-05-07 14:59:56,982 INFO     ___FILE_ONLY___ 

2026-05-07 14:59:56,982 INFO     ___FILE_ONLY___     
2026-05-07 14:59:56,982 INFO     ___FILE_ONLY___ -
2026-05-07 14:59:56,982 INFO     ___FILE_ONLY___  
2026-05-07 14:59:56,982 INFO     ___FILE_ONLY___ key
2026-05-07 14:59:56,982 INFO     ___FILE_ONLY___ :
2026-05-07 14:59:56,982 INFO     ___FILE_ONLY___  
2026-05-07 14:59:56,982 INFO     ___FILE_ONLY___ results-bucket
2026-05-07 14:59:56,982 INFO     ___FILE_ONLY___ 

2026-05-07 14:59:56,982 INFO     ___FILE_ONLY___       
2026-05-07 14:59:56,982 INFO     ___FILE_ONLY___ value
2026-05-07 14:59:56,982 INFO     ___FILE_ONLY___ :
2026-05-07 14:59:56,982 INFO     ___FILE_ONLY___  
2026-05-07 14:59:56,982 INFO     ___FILE_ONLY___ artillery-loadgen-results-env-integration-fenway
2026-05-07 14:59:56,982 INFO     ___FILE_ONLY___ 

2026-05-07 14:59:56,982 INFO     ___FILE_ONLY___     
2026-05-07 14:59:56,982 INFO     ___FILE_ONLY___ -
2026-05-07 14:59:56,982 INFO     ___FILE_ONLY___  
2026-05-07 14:59:56,982 INFO     ___FILE_ONLY___ key
2026-05-07 14:59:56,982 INFO     ___FILE_ONLY___ :
2026-05-07 14:59:56,982 INFO     ___FILE_ONLY___  
2026-05-07 14:59:56,982 INFO     ___FILE_ONLY___ run-id
2026-05-07 14:59:56,982 INFO     ___FILE_ONLY___ 

2026-05-07 14:59:56,982 INFO     ___FILE_ONLY___       
2026-05-07 14:59:56,982 INFO     ___FILE_ONLY___ value
2026-05-07 14:59:56,982 INFO     ___FILE_ONLY___ :
2026-05-07 14:59:56,982 INFO     ___FILE_ONLY___  
2026-05-07 14:59:56,982 INFO     ___FILE_ONLY___ 20260507T215913Z
2026-05-07 14:59:56,983 INFO     ___FILE_ONLY___ 

2026-05-07 14:59:56,983 INFO     ___FILE_ONLY___     
2026-05-07 14:59:56,983 INFO     ___FILE_ONLY___ -
2026-05-07 14:59:56,983 INFO     ___FILE_ONLY___  
2026-05-07 14:59:56,983 INFO     ___FILE_ONLY___ key
2026-05-07 14:59:56,983 INFO     ___FILE_ONLY___ :
2026-05-07 14:59:56,983 INFO     ___FILE_ONLY___  
2026-05-07 14:59:56,983 INFO     ___FILE_ONLY___ scenario-bucket
2026-05-07 14:59:56,983 INFO     ___FILE_ONLY___ 

2026-05-07 14:59:56,983 INFO     ___FILE_ONLY___       
2026-05-07 14:59:56,983 INFO     ___FILE_ONLY___ value
2026-05-07 14:59:56,983 INFO     ___FILE_ONLY___ :
2026-05-07 14:59:56,983 INFO     ___FILE_ONLY___  
2026-05-07 14:59:56,983 INFO     ___FILE_ONLY___ artillery-loadgen-scenarios-env-integration-fenway
2026-05-07 14:59:56,983 INFO     ___FILE_ONLY___ 

2026-05-07 14:59:56,983 INFO     ___FILE_ONLY___     
2026-05-07 14:59:56,983 INFO     ___FILE_ONLY___ -
2026-05-07 14:59:56,983 INFO     ___FILE_ONLY___  
2026-05-07 14:59:56,983 INFO     ___FILE_ONLY___ key
2026-05-07 14:59:56,983 INFO     ___FILE_ONLY___ :
2026-05-07 14:59:56,983 INFO     ___FILE_ONLY___  
2026-05-07 14:59:56,983 INFO     ___FILE_ONLY___ scenario-version
2026-05-07 14:59:56,983 INFO     ___FILE_ONLY___ 

2026-05-07 14:59:56,983 INFO     ___FILE_ONLY___       
2026-05-07 14:59:56,983 INFO     ___FILE_ONLY___ value
2026-05-07 14:59:56,983 INFO     ___FILE_ONLY___ :
2026-05-07 14:59:56,983 INFO     ___FILE_ONLY___  
2026-05-07 14:59:56,983 INFO     ___FILE_ONLY___ v0001-placeholder
2026-05-07 14:59:56,983 INFO     ___FILE_ONLY___ 

2026-05-07 14:59:56,983 INFO     ___FILE_ONLY___     
2026-05-07 14:59:56,983 INFO     ___FILE_ONLY___ -
2026-05-07 14:59:56,983 INFO     ___FILE_ONLY___  
2026-05-07 14:59:56,983 INFO     ___FILE_ONLY___ key
2026-05-07 14:59:56,983 INFO     ___FILE_ONLY___ :
2026-05-07 14:59:56,983 INFO     ___FILE_ONLY___  
2026-05-07 14:59:56,983 INFO     ___FILE_ONLY___ target-url
2026-05-07 14:59:56,983 INFO     ___FILE_ONLY___ 

2026-05-07 14:59:56,983 INFO     ___FILE_ONLY___       
2026-05-07 14:59:56,983 INFO     ___FILE_ONLY___ value
2026-05-07 14:59:56,983 INFO     ___FILE_ONLY___ :
2026-05-07 14:59:56,983 INFO     ___FILE_ONLY___  
2026-05-07 14:59:56,983 INFO     ___FILE_ONLY___ https://integration.pacs.stratus.optum.com/
2026-05-07 14:59:56,983 INFO     ___FILE_ONLY___ 

2026-05-07 14:59:56,983 INFO     ___FILE_ONLY___     
2026-05-07 14:59:56,984 INFO     ___FILE_ONLY___ kind
2026-05-07 14:59:56,984 INFO     ___FILE_ONLY___ :
2026-05-07 14:59:56,984 INFO     ___FILE_ONLY___  
2026-05-07 14:59:56,984 INFO     ___FILE_ONLY___ compute#metadata
2026-05-07 14:59:56,984 INFO     ___FILE_ONLY___ 

2026-05-07 14:59:56,984 INFO     ___FILE_ONLY___   
2026-05-07 14:59:56,984 INFO     ___FILE_ONLY___ networkInterfaces
2026-05-07 14:59:56,984 INFO     ___FILE_ONLY___ :
2026-05-07 14:59:56,984 INFO     ___FILE_ONLY___ 

2026-05-07 14:59:56,984 INFO     ___FILE_ONLY___   
2026-05-07 14:59:56,984 INFO     ___FILE_ONLY___ -
2026-05-07 14:59:56,984 INFO     ___FILE_ONLY___  
2026-05-07 14:59:56,984 INFO     ___FILE_ONLY___ accessConfigs
2026-05-07 14:59:56,984 INFO     ___FILE_ONLY___ :
2026-05-07 14:59:56,984 INFO     ___FILE_ONLY___ 

2026-05-07 14:59:56,984 INFO     ___FILE_ONLY___     
2026-05-07 14:59:56,984 INFO     ___FILE_ONLY___ -
2026-05-07 14:59:56,984 INFO     ___FILE_ONLY___  
2026-05-07 14:59:56,984 INFO     ___FILE_ONLY___ kind
2026-05-07 14:59:56,984 INFO     ___FILE_ONLY___ :
2026-05-07 14:59:56,984 INFO     ___FILE_ONLY___  
2026-05-07 14:59:56,984 INFO     ___FILE_ONLY___ compute#accessConfig
2026-05-07 14:59:56,984 INFO     ___FILE_ONLY___ 

2026-05-07 14:59:56,984 INFO     ___FILE_ONLY___       
2026-05-07 14:59:56,984 INFO     ___FILE_ONLY___ name
2026-05-07 14:59:56,984 INFO     ___FILE_ONLY___ :
2026-05-07 14:59:56,984 INFO     ___FILE_ONLY___  
2026-05-07 14:59:56,984 INFO     ___FILE_ONLY___ external-nat
2026-05-07 14:59:56,984 INFO     ___FILE_ONLY___ 

2026-05-07 14:59:56,984 INFO     ___FILE_ONLY___       
2026-05-07 14:59:56,984 INFO     ___FILE_ONLY___ networkTier
2026-05-07 14:59:56,984 INFO     ___FILE_ONLY___ :
2026-05-07 14:59:56,984 INFO     ___FILE_ONLY___  
2026-05-07 14:59:56,984 INFO     ___FILE_ONLY___ PREMIUM
2026-05-07 14:59:56,984 INFO     ___FILE_ONLY___ 

2026-05-07 14:59:56,984 INFO     ___FILE_ONLY___       
2026-05-07 14:59:56,984 INFO     ___FILE_ONLY___ type
2026-05-07 14:59:56,984 INFO     ___FILE_ONLY___ :
2026-05-07 14:59:56,984 INFO     ___FILE_ONLY___  
2026-05-07 14:59:56,984 INFO     ___FILE_ONLY___ ONE_TO_ONE_NAT
2026-05-07 14:59:56,984 INFO     ___FILE_ONLY___ 

2026-05-07 14:59:56,984 INFO     ___FILE_ONLY___     
2026-05-07 14:59:56,984 INFO     ___FILE_ONLY___ kind
2026-05-07 14:59:56,984 INFO     ___FILE_ONLY___ :
2026-05-07 14:59:56,985 INFO     ___FILE_ONLY___  
2026-05-07 14:59:56,985 INFO     ___FILE_ONLY___ compute#networkInterface
2026-05-07 14:59:56,985 INFO     ___FILE_ONLY___ 

2026-05-07 14:59:56,985 INFO     ___FILE_ONLY___     
2026-05-07 14:59:56,985 INFO     ___FILE_ONLY___ name
2026-05-07 14:59:56,985 INFO     ___FILE_ONLY___ :
2026-05-07 14:59:56,985 INFO     ___FILE_ONLY___  
2026-05-07 14:59:56,985 INFO     ___FILE_ONLY___ nic0
2026-05-07 14:59:56,985 INFO     ___FILE_ONLY___ 

2026-05-07 14:59:56,985 INFO     ___FILE_ONLY___     
2026-05-07 14:59:56,985 INFO     ___FILE_ONLY___ network
2026-05-07 14:59:56,985 INFO     ___FILE_ONLY___ :
2026-05-07 14:59:56,985 INFO     ___FILE_ONLY___  
2026-05-07 14:59:56,985 INFO     ___FILE_ONLY___ https://www.googleapis.com/compute/v1/projects/env-integration-fenway/global/networks/default
2026-05-07 14:59:56,985 INFO     ___FILE_ONLY___ 

2026-05-07 14:59:56,985 INFO     ___FILE_ONLY___     
2026-05-07 14:59:56,985 INFO     ___FILE_ONLY___ subnetwork
2026-05-07 14:59:56,985 INFO     ___FILE_ONLY___ :
2026-05-07 14:59:56,985 INFO     ___FILE_ONLY___  
2026-05-07 14:59:56,985 INFO     ___FILE_ONLY___ https://www.googleapis.com/compute/v1/projects/env-integration-fenway/regions/us-central1/subnetworks/default
2026-05-07 14:59:56,985 INFO     ___FILE_ONLY___ 

2026-05-07 14:59:56,985 INFO     ___FILE_ONLY___   
2026-05-07 14:59:56,985 INFO     ___FILE_ONLY___ scheduling
2026-05-07 14:59:56,985 INFO     ___FILE_ONLY___ :
2026-05-07 14:59:56,985 INFO     ___FILE_ONLY___ 

2026-05-07 14:59:56,985 INFO     ___FILE_ONLY___     
2026-05-07 14:59:56,985 INFO     ___FILE_ONLY___ automaticRestart
2026-05-07 14:59:56,985 INFO     ___FILE_ONLY___ :
2026-05-07 14:59:56,985 INFO     ___FILE_ONLY___  
2026-05-07 14:59:56,985 INFO     ___FILE_ONLY___ false
2026-05-07 14:59:56,985 INFO     ___FILE_ONLY___ 

2026-05-07 14:59:56,985 INFO     ___FILE_ONLY___     
2026-05-07 14:59:56,985 INFO     ___FILE_ONLY___ onHostMaintenance
2026-05-07 14:59:56,985 INFO     ___FILE_ONLY___ :
2026-05-07 14:59:56,985 INFO     ___FILE_ONLY___  
2026-05-07 14:59:56,985 INFO     ___FILE_ONLY___ TERMINATE
2026-05-07 14:59:56,985 INFO     ___FILE_ONLY___ 

2026-05-07 14:59:56,985 INFO     ___FILE_ONLY___     
2026-05-07 14:59:56,985 INFO     ___FILE_ONLY___ preemptible
2026-05-07 14:59:56,985 INFO     ___FILE_ONLY___ :
2026-05-07 14:59:56,986 INFO     ___FILE_ONLY___  
2026-05-07 14:59:56,986 INFO     ___FILE_ONLY___ false
2026-05-07 14:59:56,986 INFO     ___FILE_ONLY___ 

2026-05-07 14:59:56,986 INFO     ___FILE_ONLY___     
2026-05-07 14:59:56,986 INFO     ___FILE_ONLY___ provisioningModel
2026-05-07 14:59:56,986 INFO     ___FILE_ONLY___ :
2026-05-07 14:59:56,986 INFO     ___FILE_ONLY___  
2026-05-07 14:59:56,986 INFO     ___FILE_ONLY___ STANDARD
2026-05-07 14:59:56,986 INFO     ___FILE_ONLY___ 

2026-05-07 14:59:56,986 INFO     ___FILE_ONLY___   
2026-05-07 14:59:56,986 INFO     ___FILE_ONLY___ serviceAccounts
2026-05-07 14:59:56,986 INFO     ___FILE_ONLY___ :
2026-05-07 14:59:56,986 INFO     ___FILE_ONLY___ 

2026-05-07 14:59:56,986 INFO     ___FILE_ONLY___   
2026-05-07 14:59:56,986 INFO     ___FILE_ONLY___ -
2026-05-07 14:59:56,986 INFO     ___FILE_ONLY___  
2026-05-07 14:59:56,986 INFO     ___FILE_ONLY___ email
2026-05-07 14:59:56,986 INFO     ___FILE_ONLY___ :
2026-05-07 14:59:56,986 INFO     ___FILE_ONLY___  
2026-05-07 14:59:56,986 INFO     ___FILE_ONLY___ loadgen-mig@env-integration-fenway.iam.gserviceaccount.com
2026-05-07 14:59:56,986 INFO     ___FILE_ONLY___ 

2026-05-07 14:59:56,986 INFO     ___FILE_ONLY___     
2026-05-07 14:59:56,986 INFO     ___FILE_ONLY___ scopes
2026-05-07 14:59:56,986 INFO     ___FILE_ONLY___ :
2026-05-07 14:59:56,986 INFO     ___FILE_ONLY___ 

2026-05-07 14:59:56,986 INFO     ___FILE_ONLY___     
2026-05-07 14:59:56,986 INFO     ___FILE_ONLY___ -
2026-05-07 14:59:56,986 INFO     ___FILE_ONLY___  
2026-05-07 14:59:56,986 INFO     ___FILE_ONLY___ https://www.googleapis.com/auth/cloud-platform
2026-05-07 14:59:56,986 INFO     ___FILE_ONLY___ 

2026-05-07 14:59:56,986 INFO     ___FILE_ONLY___ selfLink
2026-05-07 14:59:56,986 INFO     ___FILE_ONLY___ :
2026-05-07 14:59:56,986 INFO     ___FILE_ONLY___  
2026-05-07 14:59:56,986 INFO     ___FILE_ONLY___ https://www.googleapis.com/compute/v1/projects/env-integration-fenway/global/instanceTemplates/artillery-loadgen-tpl
2026-05-07 14:59:56,986 INFO     ___FILE_ONLY___ 

2026-05-07 14:59:56,999 DEBUG    root            Metrics reporting process started...
