2026-05-07 14:55:05,432 DEBUG    root            Loaded Command Group: ['gcloud', 'secrets']
2026-05-07 14:55:05,443 DEBUG    root            Loaded Command Group: ['gcloud', 'secrets', 'describe']
2026-05-07 14:55:05,449 DEBUG    root            Running [gcloud.secrets.describe] with arguments: [--project: "env-integration-fenway", SECRET: "grafana-otlp-auth"]
2026-05-07 14:55:05,449 DEBUG    root            On GCE from memory cache: False
2026-05-07 14:55:05,450 DEBUG    root            On GCE from memory cache: False
2026-05-07 14:55:05,460 DEBUG    urllib3.connectionpool Starting new HTTPS connection (1): secretmanager.googleapis.com:443
2026-05-07 14:55:05,659 DEBUG    urllib3.connectionpool https://secretmanager.googleapis.com:443 "GET /v1/projects/env-integration-fenway/secrets/grafana-otlp-auth?alt=json HTTP/1.1" 200 None
2026-05-07 14:55:05,660 DEBUG    root            Chosen display Format:default
2026-05-07 14:55:05,660 INFO     root            Display format: "default"
2026-05-07 14:55:05,679 INFO     ___FILE_ONLY___ createTime
2026-05-07 14:55:05,679 INFO     ___FILE_ONLY___ :
2026-05-07 14:55:05,679 INFO     ___FILE_ONLY___  '
2026-05-07 14:55:05,679 INFO     ___FILE_ONLY___ 2026-05-06T01:01:01.619365Z
2026-05-07 14:55:05,679 INFO     ___FILE_ONLY___ '
2026-05-07 14:55:05,679 INFO     ___FILE_ONLY___ 

2026-05-07 14:55:05,679 INFO     ___FILE_ONLY___ etag
2026-05-07 14:55:05,679 INFO     ___FILE_ONLY___ :
2026-05-07 14:55:05,679 INFO     ___FILE_ONLY___  '
2026-05-07 14:55:05,680 INFO     ___FILE_ONLY___ "16511bb2912f2c"
2026-05-07 14:55:05,680 INFO     ___FILE_ONLY___ '
2026-05-07 14:55:05,680 INFO     ___FILE_ONLY___ 

2026-05-07 14:55:05,680 INFO     ___FILE_ONLY___ name
2026-05-07 14:55:05,680 INFO     ___FILE_ONLY___ :
2026-05-07 14:55:05,680 INFO     ___FILE_ONLY___  
2026-05-07 14:55:05,680 INFO     ___FILE_ONLY___ projects/386659319067/secrets/grafana-otlp-auth
2026-05-07 14:55:05,680 INFO     ___FILE_ONLY___ 

2026-05-07 14:55:05,680 INFO     ___FILE_ONLY___ replication
2026-05-07 14:55:05,680 INFO     ___FILE_ONLY___ :
2026-05-07 14:55:05,680 INFO     ___FILE_ONLY___ 

2026-05-07 14:55:05,680 INFO     ___FILE_ONLY___   
2026-05-07 14:55:05,680 INFO     ___FILE_ONLY___ automatic
2026-05-07 14:55:05,680 INFO     ___FILE_ONLY___ :
2026-05-07 14:55:05,680 INFO     ___FILE_ONLY___  {
2026-05-07 14:55:05,680 INFO     ___FILE_ONLY___ }
2026-05-07 14:55:05,680 INFO     ___FILE_ONLY___ 

2026-05-07 14:55:05,689 DEBUG    root            Metrics reporting process started...
