2026-05-07 15:27:10,201 DEBUG    root            Loaded Command Group: ['gcloud', 'storage']
2026-05-07 15:27:10,283 DEBUG    root            On GCE from memory cache: False
2026-05-07 15:27:10,498 DEBUG    root            Loaded Command Group: ['gcloud', 'storage', 'cp']
2026-05-07 15:27:10,501 DEBUG    root            Running [gcloud.storage.cp] with arguments: [-R: "True", DESTINATION: "gs://artillery-loadgen-scenarios-env-integration-fenway/integration/20260507T222135Z/", SOURCE:1: "['/var/folders/70/wktf1dwn5p9fbrp6j5ggl1nm0000gn/T/tmp.e1nCudDKDU/.']"]
2026-05-07 15:27:10,509 DEBUG    root            On GCE from memory cache: False
2026-05-07 15:27:10,517 DEBUG    root            On GCE from memory cache: False
2026-05-07 15:27:10,518 DEBUG    root            On GCE from memory cache: False
2026-05-07 15:27:10,518 DEBUG    google.auth.transport.requests Making request: POST https://oauth2.googleapis.com/token
2026-05-07 15:27:10,520 DEBUG    urllib3.connectionpool Starting new HTTPS connection (1): oauth2.googleapis.com:443
2026-05-07 15:27:10,691 DEBUG    urllib3.connectionpool https://oauth2.googleapis.com:443 "POST /token HTTP/1.1" 200 None
2026-05-07 15:27:10,698 DEBUG    urllib3.connectionpool Starting new HTTPS connection (1): storage.googleapis.com:443
2026-05-07 15:27:10,888 DEBUG    urllib3.connectionpool https://storage.googleapis.com:443 "GET /storage/v1/b/artillery-loadgen-scenarios-env-integration-fenway/storageLayout?alt=json HTTP/1.1" 200 161
2026-05-07 15:27:10,986 DEBUG    urllib3.connectionpool https://storage.googleapis.com:443 "GET /storage/v1/b/artillery-loadgen-scenarios-env-integration-fenway/o/integration%2F20260507T222135Z%2F?alt=json&fields=bucket%2Cname%2Csize%2Cgeneration&projection=noAcl HTTP/1.1" 404 367
2026-05-07 15:27:11,097 DEBUG    urllib3.connectionpool https://storage.googleapis.com:443 "GET /storage/v1/b/artillery-loadgen-scenarios-env-integration-fenway/o?alt=json&fields=prefixes%2Citems%2Fname%2Citems%2Fsize%2Citems%2Fgeneration%2CnextPageToken&delimiter=%2F&includeFoldersAsPrefixes=True&maxResults=1000&prefix=integration%2F20260507T222135Z&projection=noAcl HTTP/1.1" 200 3
2026-05-07 15:27:11,196 DEBUG    urllib3.connectionpool https://storage.googleapis.com:443 "GET /storage/v1/b/artillery-loadgen-scenarios-env-integration-fenway/o/integration%2F20260507T222135Z%2F?alt=json&fields=bucket%2Cname%2Csize%2Cgeneration&projection=noAcl HTTP/1.1" 404 367
2026-05-07 15:27:11,297 DEBUG    urllib3.connectionpool https://storage.googleapis.com:443 "GET /storage/v1/b/artillery-loadgen-scenarios-env-integration-fenway/o?alt=json&fields=prefixes%2Citems%2Fname%2Citems%2Fsize%2Citems%2Fgeneration%2CnextPageToken&delimiter=%2F&maxResults=1000&prefix=integration%2F20260507T222135Z&projection=noAcl HTTP/1.1" 200 3
2026-05-07 15:27:11,299 INFO     ___FILE_ONLY___ Copying file:///var/folders/70/wktf1dwn5p9fbrp6j5ggl1nm0000gn/T/tmp.e1nCudDKDU/cold-launch.yml to gs://artillery-loadgen-scenarios-env-integration-fenway/integration/20260507T222135Z/tmp.e1nCudDKDU/cold-launch.yml

2026-05-07 15:27:11,300 INFO     ___FILE_ONLY___ Copying file:///var/folders/70/wktf1dwn5p9fbrp6j5ggl1nm0000gn/T/tmp.e1nCudDKDU/base.yml to gs://artillery-loadgen-scenarios-env-integration-fenway/integration/20260507T222135Z/tmp.e1nCudDKDU/base.yml

2026-05-07 15:27:11,300 INFO     root            Using high CPU count, multi-file workload config.
2026-05-07 15:27:11,314 INFO     ___FILE_ONLY___   Completed files 0 | 0B
2026-05-07 15:27:11,317 INFO     ___FILE_ONLY___ Copying file:///var/folders/70/wktf1dwn5p9fbrp6j5ggl1nm0000gn/T/tmp.e1nCudDKDU/processors/exams.test.ts to gs://artillery-loadgen-scenarios-env-integration-fenway/integration/20260507T222135Z/tmp.e1nCudDKDU/processors/exams.test.ts

2026-05-07 15:27:11,317 INFO     ___FILE_ONLY___ Copying file:///var/folders/70/wktf1dwn5p9fbrp6j5ggl1nm0000gn/T/tmp.e1nCudDKDU/processors/image-load-counter.ts to gs://artillery-loadgen-scenarios-env-integration-fenway/integration/20260507T222135Z/tmp.e1nCudDKDU/processors/image-load-counter.ts

2026-05-07 15:27:11,317 INFO     ___FILE_ONLY___ Copying file:///var/folders/70/wktf1dwn5p9fbrp6j5ggl1nm0000gn/T/tmp.e1nCudDKDU/processors/canvas-pixel-polling.ts to gs://artillery-loadgen-scenarios-env-integration-fenway/integration/20260507T222135Z/tmp.e1nCudDKDU/processors/canvas-pixel-polling.ts

2026-05-07 15:27:11,317 INFO     ___FILE_ONLY___ Copying file:///var/folders/70/wktf1dwn5p9fbrp6j5ggl1nm0000gn/T/tmp.e1nCudDKDU/processors/auth.test.ts to gs://artillery-loadgen-scenarios-env-integration-fenway/integration/20260507T222135Z/tmp.e1nCudDKDU/processors/auth.test.ts

2026-05-07 15:27:11,318 INFO     ___FILE_ONLY___ Copying file:///var/folders/70/wktf1dwn5p9fbrp6j5ggl1nm0000gn/T/tmp.e1nCudDKDU/processors/screenshot.ts to gs://artillery-loadgen-scenarios-env-integration-fenway/integration/20260507T222135Z/tmp.e1nCudDKDU/processors/screenshot.ts

2026-05-07 15:27:11,318 INFO     ___FILE_ONLY___ Copying file:///var/folders/70/wktf1dwn5p9fbrp6j5ggl1nm0000gn/T/tmp.e1nCudDKDU/processors/scenario-teardown.ts to gs://artillery-loadgen-scenarios-env-integration-fenway/integration/20260507T222135Z/tmp.e1nCudDKDU/processors/scenario-teardown.ts

2026-05-07 15:27:11,318 INFO     ___FILE_ONLY___ Copying file:///var/folders/70/wktf1dwn5p9fbrp6j5ggl1nm0000gn/T/tmp.e1nCudDKDU/processors/viewer-context.ts to gs://artillery-loadgen-scenarios-env-integration-fenway/integration/20260507T222135Z/tmp.e1nCudDKDU/processors/viewer-context.ts

2026-05-07 15:27:11,318 INFO     ___FILE_ONLY___ Copying file:///var/folders/70/wktf1dwn5p9fbrp6j5ggl1nm0000gn/T/tmp.e1nCudDKDU/processors/perf-timing.test.ts to gs://artillery-loadgen-scenarios-env-integration-fenway/integration/20260507T222135Z/tmp.e1nCudDKDU/processors/perf-timing.test.ts

2026-05-07 15:27:11,318 INFO     ___FILE_ONLY___ Copying file:///var/folders/70/wktf1dwn5p9fbrp6j5ggl1nm0000gn/T/tmp.e1nCudDKDU/processors/draw-fps-sampler.ts to gs://artillery-loadgen-scenarios-env-integration-fenway/integration/20260507T222135Z/tmp.e1nCudDKDU/processors/draw-fps-sampler.ts

2026-05-07 15:27:11,318 INFO     ___FILE_ONLY___ Copying file:///var/folders/70/wktf1dwn5p9fbrp6j5ggl1nm0000gn/T/tmp.e1nCudDKDU/processors/cold-launch.ts to gs://artillery-loadgen-scenarios-env-integration-fenway/integration/20260507T222135Z/tmp.e1nCudDKDU/processors/cold-launch.ts

2026-05-07 15:27:11,319 INFO     ___FILE_ONLY___ Copying file:///var/folders/70/wktf1dwn5p9fbrp6j5ggl1nm0000gn/T/tmp.e1nCudDKDU/processors/console-capture.ts to gs://artillery-loadgen-scenarios-env-integration-fenway/integration/20260507T222135Z/tmp.e1nCudDKDU/processors/console-capture.ts

2026-05-07 15:27:11,319 INFO     ___FILE_ONLY___ Copying file:///var/folders/70/wktf1dwn5p9fbrp6j5ggl1nm0000gn/T/tmp.e1nCudDKDU/processors/launch-args.test.ts to gs://artillery-loadgen-scenarios-env-integration-fenway/integration/20260507T222135Z/tmp.e1nCudDKDU/processors/launch-args.test.ts

2026-05-07 15:27:11,319 INFO     ___FILE_ONLY___ Copying file:///var/folders/70/wktf1dwn5p9fbrp6j5ggl1nm0000gn/T/tmp.e1nCudDKDU/processors/exams.ts to gs://artillery-loadgen-scenarios-env-integration-fenway/integration/20260507T222135Z/tmp.e1nCudDKDU/processors/exams.ts

2026-05-07 15:27:11,319 INFO     ___FILE_ONLY___ Copying file:///var/folders/70/wktf1dwn5p9fbrp6j5ggl1nm0000gn/T/tmp.e1nCudDKDU/processors/warm-launch.ts to gs://artillery-loadgen-scenarios-env-integration-fenway/integration/20260507T222135Z/tmp.e1nCudDKDU/processors/warm-launch.ts

2026-05-07 15:27:11,319 INFO     ___FILE_ONLY___ Copying file:///var/folders/70/wktf1dwn5p9fbrp6j5ggl1nm0000gn/T/tmp.e1nCudDKDU/processors/healthcheck.ts to gs://artillery-loadgen-scenarios-env-integration-fenway/integration/20260507T222135Z/tmp.e1nCudDKDU/processors/healthcheck.ts

2026-05-07 15:27:11,319 INFO     ___FILE_ONLY___ Copying file:///var/folders/70/wktf1dwn5p9fbrp6j5ggl1nm0000gn/T/tmp.e1nCudDKDU/processors/vertex-verifier.test.ts to gs://artillery-loadgen-scenarios-env-integration-fenway/integration/20260507T222135Z/tmp.e1nCudDKDU/processors/vertex-verifier.test.ts

2026-05-07 15:27:11,319 INFO     ___FILE_ONLY___ Copying file:///var/folders/70/wktf1dwn5p9fbrp6j5ggl1nm0000gn/T/tmp.e1nCudDKDU/processors/scenario-teardown.test.ts to gs://artillery-loadgen-scenarios-env-integration-fenway/integration/20260507T222135Z/tmp.e1nCudDKDU/processors/scenario-teardown.test.ts

2026-05-07 15:27:11,320 INFO     ___FILE_ONLY___ Copying file:///var/folders/70/wktf1dwn5p9fbrp6j5ggl1nm0000gn/T/tmp.e1nCudDKDU/processors/screenshot.test.ts to gs://artillery-loadgen-scenarios-env-integration-fenway/integration/20260507T222135Z/tmp.e1nCudDKDU/processors/screenshot.test.ts

2026-05-07 15:27:11,320 INFO     ___FILE_ONLY___ Copying file:///var/folders/70/wktf1dwn5p9fbrp6j5ggl1nm0000gn/T/tmp.e1nCudDKDU/processors/fill-screen.ts to gs://artillery-loadgen-scenarios-env-integration-fenway/integration/20260507T222135Z/tmp.e1nCudDKDU/processors/fill-screen.ts

2026-05-07 15:27:11,320 INFO     ___FILE_ONLY___ Copying file:///var/folders/70/wktf1dwn5p9fbrp6j5ggl1nm0000gn/T/tmp.e1nCudDKDU/processors/launch-args.ts to gs://artillery-loadgen-scenarios-env-integration-fenway/integration/20260507T222135Z/tmp.e1nCudDKDU/processors/launch-args.ts

2026-05-07 15:27:11,320 INFO     ___FILE_ONLY___ Copying file:///var/folders/70/wktf1dwn5p9fbrp6j5ggl1nm0000gn/T/tmp.e1nCudDKDU/processors/image-load-counter.test.ts to gs://artillery-loadgen-scenarios-env-integration-fenway/integration/20260507T222135Z/tmp.e1nCudDKDU/processors/image-load-counter.test.ts

2026-05-07 15:27:11,320 INFO     ___FILE_ONLY___ Copying file:///var/folders/70/wktf1dwn5p9fbrp6j5ggl1nm0000gn/T/tmp.e1nCudDKDU/processors/perf-timing.ts to gs://artillery-loadgen-scenarios-env-integration-fenway/integration/20260507T222135Z/tmp.e1nCudDKDU/processors/perf-timing.ts

2026-05-07 15:27:11,320 INFO     ___FILE_ONLY___ Copying file:///var/folders/70/wktf1dwn5p9fbrp6j5ggl1nm0000gn/T/tmp.e1nCudDKDU/processors/canvas-pixel-polling.test.ts to gs://artillery-loadgen-scenarios-env-integration-fenway/integration/20260507T222135Z/tmp.e1nCudDKDU/processors/canvas-pixel-polling.test.ts

2026-05-07 15:27:11,321 INFO     ___FILE_ONLY___ Copying file:///var/folders/70/wktf1dwn5p9fbrp6j5ggl1nm0000gn/T/tmp.e1nCudDKDU/processors/first-image-strategy.ts to gs://artillery-loadgen-scenarios-env-integration-fenway/integration/20260507T222135Z/tmp.e1nCudDKDU/processors/first-image-strategy.ts

2026-05-07 15:27:11,321 INFO     ___FILE_ONLY___ Copying file:///var/folders/70/wktf1dwn5p9fbrp6j5ggl1nm0000gn/T/tmp.e1nCudDKDU/processors/vertex-verifier.ts to gs://artillery-loadgen-scenarios-env-integration-fenway/integration/20260507T222135Z/tmp.e1nCudDKDU/processors/vertex-verifier.ts

2026-05-07 15:27:11,321 INFO     ___FILE_ONLY___ Copying file:///var/folders/70/wktf1dwn5p9fbrp6j5ggl1nm0000gn/T/tmp.e1nCudDKDU/processors/auth.ts to gs://artillery-loadgen-scenarios-env-integration-fenway/integration/20260507T222135Z/tmp.e1nCudDKDU/processors/auth.ts

2026-05-07 15:27:11,321 INFO     ___FILE_ONLY___ Copying file:///var/folders/70/wktf1dwn5p9fbrp6j5ggl1nm0000gn/T/tmp.e1nCudDKDU/processors/draw-fps-sampler.test.ts to gs://artillery-loadgen-scenarios-env-integration-fenway/integration/20260507T222135Z/tmp.e1nCudDKDU/processors/draw-fps-sampler.test.ts

2026-05-07 15:27:11,321 INFO     ___FILE_ONLY___ Copying file:///var/folders/70/wktf1dwn5p9fbrp6j5ggl1nm0000gn/T/tmp.e1nCudDKDU/processors/dist/package.json to gs://artillery-loadgen-scenarios-env-integration-fenway/integration/20260507T222135Z/tmp.e1nCudDKDU/processors/dist/package.json

2026-05-07 15:27:13,355 INFO     ___FILE_ONLY___ 
Average throughput: 1.7MiB/s

2026-05-07 15:27:13,356 DEBUG    root            Chosen display Format:default
2026-05-07 15:27:13,357 INFO     root            Display format: "default"
2026-05-07 15:27:13,365 DEBUG    root            Metrics reporting process started...
