2026-05-07 15:57:41,276 DEBUG    root            Loaded Command Group: ['gcloud', 'compute']
2026-05-07 15:57:41,279 DEBUG    root            Loaded Command Group: ['gcloud', 'compute', 'instance_groups']
2026-05-07 15:57:41,280 DEBUG    root            Loaded Command Group: ['gcloud', 'compute', 'instance-groups', 'managed']
2026-05-07 15:57:41,285 DEBUG    root            Loaded Command Group: ['gcloud', 'compute', 'instance-groups', 'managed', 'describe']
2026-05-07 15:57:41,287 DEBUG    root            Running [gcloud.compute.instance-groups.managed.describe] with arguments: [--project: "env-integration-fenway", --region: "us-central1", NAME: "artillery-loadgen-mig"]
2026-05-07 15:57:41,288 DEBUG    root            On GCE from memory cache: False
2026-05-07 15:57:41,290 DEBUG    root            On GCE from memory cache: False
2026-05-07 15:57:41,386 DEBUG    urllib3.connectionpool Starting new HTTPS connection (1): compute.googleapis.com:443
2026-05-07 15:57:41,823 DEBUG    urllib3.connectionpool https://compute.googleapis.com:443 "GET /compute/v1/projects/env-integration-fenway/regions/us-central1/instanceGroupManagers/artillery-loadgen-mig?alt=json HTTP/1.1" 200 None
2026-05-07 15:57:42,194 DEBUG    urllib3.connectionpool https://compute.googleapis.com:443 "GET /compute/v1/projects/env-integration-fenway/regions/us-central1/autoscalers?alt=json&maxResults=500 HTTP/1.1" 200 None
2026-05-07 15:57:42,196 DEBUG    root            Chosen display Format:default
2026-05-07 15:57:42,197 INFO     root            Display format: "default"
2026-05-07 15:57:42,217 INFO     ___FILE_ONLY___ baseInstanceName
2026-05-07 15:57:42,218 INFO     ___FILE_ONLY___ :
2026-05-07 15:57:42,218 INFO     ___FILE_ONLY___  
2026-05-07 15:57:42,218 INFO     ___FILE_ONLY___ loadgen
2026-05-07 15:57:42,218 INFO     ___FILE_ONLY___ 

2026-05-07 15:57:42,218 INFO     ___FILE_ONLY___ creationTimestamp
2026-05-07 15:57:42,218 INFO     ___FILE_ONLY___ :
2026-05-07 15:57:42,219 INFO     ___FILE_ONLY___  '
2026-05-07 15:57:42,219 INFO     ___FILE_ONLY___ 2026-05-07T15:56:06.744-07:00
2026-05-07 15:57:42,219 INFO     ___FILE_ONLY___ '
2026-05-07 15:57:42,219 INFO     ___FILE_ONLY___ 

2026-05-07 15:57:42,219 INFO     ___FILE_ONLY___ currentActions
2026-05-07 15:57:42,219 INFO     ___FILE_ONLY___ :
2026-05-07 15:57:42,219 INFO     ___FILE_ONLY___ 

2026-05-07 15:57:42,219 INFO     ___FILE_ONLY___   
2026-05-07 15:57:42,219 INFO     ___FILE_ONLY___ abandoning
2026-05-07 15:57:42,219 INFO     ___FILE_ONLY___ :
2026-05-07 15:57:42,219 INFO     ___FILE_ONLY___  
2026-05-07 15:57:42,219 INFO     ___FILE_ONLY___ 0
2026-05-07 15:57:42,219 INFO     ___FILE_ONLY___ 

2026-05-07 15:57:42,219 INFO     ___FILE_ONLY___   
2026-05-07 15:57:42,219 INFO     ___FILE_ONLY___ creating
2026-05-07 15:57:42,219 INFO     ___FILE_ONLY___ :
2026-05-07 15:57:42,219 INFO     ___FILE_ONLY___  
2026-05-07 15:57:42,219 INFO     ___FILE_ONLY___ 0
2026-05-07 15:57:42,219 INFO     ___FILE_ONLY___ 

2026-05-07 15:57:42,219 INFO     ___FILE_ONLY___   
2026-05-07 15:57:42,219 INFO     ___FILE_ONLY___ creatingWithoutRetries
2026-05-07 15:57:42,219 INFO     ___FILE_ONLY___ :
2026-05-07 15:57:42,219 INFO     ___FILE_ONLY___  
2026-05-07 15:57:42,219 INFO     ___FILE_ONLY___ 0
2026-05-07 15:57:42,219 INFO     ___FILE_ONLY___ 

2026-05-07 15:57:42,219 INFO     ___FILE_ONLY___   
2026-05-07 15:57:42,219 INFO     ___FILE_ONLY___ deleting
2026-05-07 15:57:42,219 INFO     ___FILE_ONLY___ :
2026-05-07 15:57:42,219 INFO     ___FILE_ONLY___  
2026-05-07 15:57:42,219 INFO     ___FILE_ONLY___ 0
2026-05-07 15:57:42,219 INFO     ___FILE_ONLY___ 

2026-05-07 15:57:42,219 INFO     ___FILE_ONLY___   
2026-05-07 15:57:42,220 INFO     ___FILE_ONLY___ none
2026-05-07 15:57:42,220 INFO     ___FILE_ONLY___ :
2026-05-07 15:57:42,220 INFO     ___FILE_ONLY___  
2026-05-07 15:57:42,220 INFO     ___FILE_ONLY___ 0
2026-05-07 15:57:42,220 INFO     ___FILE_ONLY___ 

2026-05-07 15:57:42,220 INFO     ___FILE_ONLY___   
2026-05-07 15:57:42,220 INFO     ___FILE_ONLY___ recreating
2026-05-07 15:57:42,220 INFO     ___FILE_ONLY___ :
2026-05-07 15:57:42,220 INFO     ___FILE_ONLY___  
2026-05-07 15:57:42,220 INFO     ___FILE_ONLY___ 0
2026-05-07 15:57:42,220 INFO     ___FILE_ONLY___ 

2026-05-07 15:57:42,220 INFO     ___FILE_ONLY___   
2026-05-07 15:57:42,220 INFO     ___FILE_ONLY___ refreshing
2026-05-07 15:57:42,220 INFO     ___FILE_ONLY___ :
2026-05-07 15:57:42,220 INFO     ___FILE_ONLY___  
2026-05-07 15:57:42,220 INFO     ___FILE_ONLY___ 0
2026-05-07 15:57:42,220 INFO     ___FILE_ONLY___ 

2026-05-07 15:57:42,220 INFO     ___FILE_ONLY___   
2026-05-07 15:57:42,220 INFO     ___FILE_ONLY___ restarting
2026-05-07 15:57:42,220 INFO     ___FILE_ONLY___ :
2026-05-07 15:57:42,220 INFO     ___FILE_ONLY___  
2026-05-07 15:57:42,220 INFO     ___FILE_ONLY___ 0
2026-05-07 15:57:42,220 INFO     ___FILE_ONLY___ 

2026-05-07 15:57:42,220 INFO     ___FILE_ONLY___   
2026-05-07 15:57:42,220 INFO     ___FILE_ONLY___ resuming
2026-05-07 15:57:42,220 INFO     ___FILE_ONLY___ :
2026-05-07 15:57:42,220 INFO     ___FILE_ONLY___  
2026-05-07 15:57:42,220 INFO     ___FILE_ONLY___ 0
2026-05-07 15:57:42,220 INFO     ___FILE_ONLY___ 

2026-05-07 15:57:42,220 INFO     ___FILE_ONLY___   
2026-05-07 15:57:42,220 INFO     ___FILE_ONLY___ starting
2026-05-07 15:57:42,220 INFO     ___FILE_ONLY___ :
2026-05-07 15:57:42,220 INFO     ___FILE_ONLY___  
2026-05-07 15:57:42,220 INFO     ___FILE_ONLY___ 0
2026-05-07 15:57:42,220 INFO     ___FILE_ONLY___ 

2026-05-07 15:57:42,220 INFO     ___FILE_ONLY___   
2026-05-07 15:57:42,220 INFO     ___FILE_ONLY___ stopping
2026-05-07 15:57:42,220 INFO     ___FILE_ONLY___ :
2026-05-07 15:57:42,220 INFO     ___FILE_ONLY___  
2026-05-07 15:57:42,220 INFO     ___FILE_ONLY___ 0
2026-05-07 15:57:42,221 INFO     ___FILE_ONLY___ 

2026-05-07 15:57:42,221 INFO     ___FILE_ONLY___   
2026-05-07 15:57:42,221 INFO     ___FILE_ONLY___ suspending
2026-05-07 15:57:42,221 INFO     ___FILE_ONLY___ :
2026-05-07 15:57:42,221 INFO     ___FILE_ONLY___  
2026-05-07 15:57:42,221 INFO     ___FILE_ONLY___ 0
2026-05-07 15:57:42,221 INFO     ___FILE_ONLY___ 

2026-05-07 15:57:42,221 INFO     ___FILE_ONLY___   
2026-05-07 15:57:42,221 INFO     ___FILE_ONLY___ verifying
2026-05-07 15:57:42,221 INFO     ___FILE_ONLY___ :
2026-05-07 15:57:42,221 INFO     ___FILE_ONLY___  
2026-05-07 15:57:42,221 INFO     ___FILE_ONLY___ 0
2026-05-07 15:57:42,221 INFO     ___FILE_ONLY___ 

2026-05-07 15:57:42,221 INFO     ___FILE_ONLY___ distributionPolicy
2026-05-07 15:57:42,221 INFO     ___FILE_ONLY___ :
2026-05-07 15:57:42,221 INFO     ___FILE_ONLY___ 

2026-05-07 15:57:42,221 INFO     ___FILE_ONLY___   
2026-05-07 15:57:42,221 INFO     ___FILE_ONLY___ targetShape
2026-05-07 15:57:42,221 INFO     ___FILE_ONLY___ :
2026-05-07 15:57:42,221 INFO     ___FILE_ONLY___  
2026-05-07 15:57:42,221 INFO     ___FILE_ONLY___ EVEN
2026-05-07 15:57:42,221 INFO     ___FILE_ONLY___ 

2026-05-07 15:57:42,221 INFO     ___FILE_ONLY___   
2026-05-07 15:57:42,221 INFO     ___FILE_ONLY___ zones
2026-05-07 15:57:42,221 INFO     ___FILE_ONLY___ :
2026-05-07 15:57:42,221 INFO     ___FILE_ONLY___ 

2026-05-07 15:57:42,221 INFO     ___FILE_ONLY___   
2026-05-07 15:57:42,221 INFO     ___FILE_ONLY___ -
2026-05-07 15:57:42,221 INFO     ___FILE_ONLY___  
2026-05-07 15:57:42,221 INFO     ___FILE_ONLY___ zone
2026-05-07 15:57:42,221 INFO     ___FILE_ONLY___ :
2026-05-07 15:57:42,221 INFO     ___FILE_ONLY___  
2026-05-07 15:57:42,221 INFO     ___FILE_ONLY___ https://www.googleapis.com/compute/v1/projects/env-integration-fenway/zones/us-central1-b
2026-05-07 15:57:42,221 INFO     ___FILE_ONLY___ 

2026-05-07 15:57:42,221 INFO     ___FILE_ONLY___   
2026-05-07 15:57:42,221 INFO     ___FILE_ONLY___ -
2026-05-07 15:57:42,221 INFO     ___FILE_ONLY___  
2026-05-07 15:57:42,222 INFO     ___FILE_ONLY___ zone
2026-05-07 15:57:42,222 INFO     ___FILE_ONLY___ :
2026-05-07 15:57:42,222 INFO     ___FILE_ONLY___  
2026-05-07 15:57:42,222 INFO     ___FILE_ONLY___ https://www.googleapis.com/compute/v1/projects/env-integration-fenway/zones/us-central1-c
2026-05-07 15:57:42,222 INFO     ___FILE_ONLY___ 

2026-05-07 15:57:42,222 INFO     ___FILE_ONLY___   
2026-05-07 15:57:42,222 INFO     ___FILE_ONLY___ -
2026-05-07 15:57:42,222 INFO     ___FILE_ONLY___  
2026-05-07 15:57:42,222 INFO     ___FILE_ONLY___ zone
2026-05-07 15:57:42,222 INFO     ___FILE_ONLY___ :
2026-05-07 15:57:42,222 INFO     ___FILE_ONLY___  
2026-05-07 15:57:42,222 INFO     ___FILE_ONLY___ https://www.googleapis.com/compute/v1/projects/env-integration-fenway/zones/us-central1-f
2026-05-07 15:57:42,222 INFO     ___FILE_ONLY___ 

2026-05-07 15:57:42,222 INFO     ___FILE_ONLY___ fingerprint
2026-05-07 15:57:42,222 INFO     ___FILE_ONLY___ :
2026-05-07 15:57:42,222 INFO     ___FILE_ONLY___  
2026-05-07 15:57:42,222 INFO     ___FILE_ONLY___ 4uZd2gXou4E=
2026-05-07 15:57:42,222 INFO     ___FILE_ONLY___ 

2026-05-07 15:57:42,222 INFO     ___FILE_ONLY___ id
2026-05-07 15:57:42,222 INFO     ___FILE_ONLY___ :
2026-05-07 15:57:42,222 INFO     ___FILE_ONLY___  '
2026-05-07 15:57:42,222 INFO     ___FILE_ONLY___ 4361998733405103721
2026-05-07 15:57:42,222 INFO     ___FILE_ONLY___ '
2026-05-07 15:57:42,222 INFO     ___FILE_ONLY___ 

2026-05-07 15:57:42,222 INFO     ___FILE_ONLY___ instanceGroup
2026-05-07 15:57:42,222 INFO     ___FILE_ONLY___ :
2026-05-07 15:57:42,222 INFO     ___FILE_ONLY___  
2026-05-07 15:57:42,222 INFO     ___FILE_ONLY___ https://www.googleapis.com/compute/v1/projects/env-integration-fenway/regions/us-central1/instanceGroups/artillery-loadgen-mig
2026-05-07 15:57:42,222 INFO     ___FILE_ONLY___ 

2026-05-07 15:57:42,222 INFO     ___FILE_ONLY___ instanceLifecyclePolicy
2026-05-07 15:57:42,222 INFO     ___FILE_ONLY___ :
2026-05-07 15:57:42,222 INFO     ___FILE_ONLY___ 

2026-05-07 15:57:42,222 INFO     ___FILE_ONLY___   
2026-05-07 15:57:42,222 INFO     ___FILE_ONLY___ defaultActionOnFailure
2026-05-07 15:57:42,222 INFO     ___FILE_ONLY___ :
2026-05-07 15:57:42,222 INFO     ___FILE_ONLY___  
2026-05-07 15:57:42,222 INFO     ___FILE_ONLY___ REPAIR
2026-05-07 15:57:42,222 INFO     ___FILE_ONLY___ 

2026-05-07 15:57:42,222 INFO     ___FILE_ONLY___   
2026-05-07 15:57:42,223 INFO     ___FILE_ONLY___ forceUpdateOnRepair
2026-05-07 15:57:42,223 INFO     ___FILE_ONLY___ :
2026-05-07 15:57:42,223 INFO     ___FILE_ONLY___  
2026-05-07 15:57:42,223 INFO     ___FILE_ONLY___ NO
2026-05-07 15:57:42,223 INFO     ___FILE_ONLY___ 

2026-05-07 15:57:42,223 INFO     ___FILE_ONLY___   
2026-05-07 15:57:42,223 INFO     ___FILE_ONLY___ onFailedHealthCheck
2026-05-07 15:57:42,223 INFO     ___FILE_ONLY___ :
2026-05-07 15:57:42,223 INFO     ___FILE_ONLY___  
2026-05-07 15:57:42,223 INFO     ___FILE_ONLY___ DEFAULT_ACTION
2026-05-07 15:57:42,223 INFO     ___FILE_ONLY___ 

2026-05-07 15:57:42,223 INFO     ___FILE_ONLY___ instanceTemplate
2026-05-07 15:57:42,223 INFO     ___FILE_ONLY___ :
2026-05-07 15:57:42,223 INFO     ___FILE_ONLY___  
2026-05-07 15:57:42,223 INFO     ___FILE_ONLY___ https://www.googleapis.com/compute/v1/projects/env-integration-fenway/global/instanceTemplates/artillery-loadgen-tpl
2026-05-07 15:57:42,223 INFO     ___FILE_ONLY___ 

2026-05-07 15:57:42,223 INFO     ___FILE_ONLY___ kind
2026-05-07 15:57:42,223 INFO     ___FILE_ONLY___ :
2026-05-07 15:57:42,223 INFO     ___FILE_ONLY___  
2026-05-07 15:57:42,223 INFO     ___FILE_ONLY___ compute#instanceGroupManager
2026-05-07 15:57:42,223 INFO     ___FILE_ONLY___ 

2026-05-07 15:57:42,223 INFO     ___FILE_ONLY___ listManagedInstancesResults
2026-05-07 15:57:42,223 INFO     ___FILE_ONLY___ :
2026-05-07 15:57:42,223 INFO     ___FILE_ONLY___  
2026-05-07 15:57:42,223 INFO     ___FILE_ONLY___ PAGELESS
2026-05-07 15:57:42,223 INFO     ___FILE_ONLY___ 

2026-05-07 15:57:42,223 INFO     ___FILE_ONLY___ name
2026-05-07 15:57:42,223 INFO     ___FILE_ONLY___ :
2026-05-07 15:57:42,223 INFO     ___FILE_ONLY___  
2026-05-07 15:57:42,223 INFO     ___FILE_ONLY___ artillery-loadgen-mig
2026-05-07 15:57:42,223 INFO     ___FILE_ONLY___ 

2026-05-07 15:57:42,223 INFO     ___FILE_ONLY___ region
2026-05-07 15:57:42,223 INFO     ___FILE_ONLY___ :
2026-05-07 15:57:42,223 INFO     ___FILE_ONLY___  
2026-05-07 15:57:42,223 INFO     ___FILE_ONLY___ https://www.googleapis.com/compute/v1/projects/env-integration-fenway/regions/us-central1
2026-05-07 15:57:42,223 INFO     ___FILE_ONLY___ 

2026-05-07 15:57:42,223 INFO     ___FILE_ONLY___ satisfiesPzi
2026-05-07 15:57:42,223 INFO     ___FILE_ONLY___ :
2026-05-07 15:57:42,223 INFO     ___FILE_ONLY___  
2026-05-07 15:57:42,223 INFO     ___FILE_ONLY___ true
2026-05-07 15:57:42,224 INFO     ___FILE_ONLY___ 

2026-05-07 15:57:42,224 INFO     ___FILE_ONLY___ satisfiesPzs
2026-05-07 15:57:42,224 INFO     ___FILE_ONLY___ :
2026-05-07 15:57:42,224 INFO     ___FILE_ONLY___  
2026-05-07 15:57:42,224 INFO     ___FILE_ONLY___ true
2026-05-07 15:57:42,224 INFO     ___FILE_ONLY___ 

2026-05-07 15:57:42,224 INFO     ___FILE_ONLY___ selfLink
2026-05-07 15:57:42,224 INFO     ___FILE_ONLY___ :
2026-05-07 15:57:42,224 INFO     ___FILE_ONLY___  
2026-05-07 15:57:42,224 INFO     ___FILE_ONLY___ https://www.googleapis.com/compute/v1/projects/env-integration-fenway/regions/us-central1/instanceGroupManagers/artillery-loadgen-mig
2026-05-07 15:57:42,224 INFO     ___FILE_ONLY___ 

2026-05-07 15:57:42,224 INFO     ___FILE_ONLY___ standbyPolicy
2026-05-07 15:57:42,224 INFO     ___FILE_ONLY___ :
2026-05-07 15:57:42,224 INFO     ___FILE_ONLY___ 

2026-05-07 15:57:42,224 INFO     ___FILE_ONLY___   
2026-05-07 15:57:42,224 INFO     ___FILE_ONLY___ mode
2026-05-07 15:57:42,224 INFO     ___FILE_ONLY___ :
2026-05-07 15:57:42,224 INFO     ___FILE_ONLY___  
2026-05-07 15:57:42,224 INFO     ___FILE_ONLY___ MANUAL
2026-05-07 15:57:42,224 INFO     ___FILE_ONLY___ 

2026-05-07 15:57:42,224 INFO     ___FILE_ONLY___ status
2026-05-07 15:57:42,224 INFO     ___FILE_ONLY___ :
2026-05-07 15:57:42,224 INFO     ___FILE_ONLY___ 

2026-05-07 15:57:42,224 INFO     ___FILE_ONLY___   
2026-05-07 15:57:42,224 INFO     ___FILE_ONLY___ allInstancesConfig
2026-05-07 15:57:42,224 INFO     ___FILE_ONLY___ :
2026-05-07 15:57:42,224 INFO     ___FILE_ONLY___ 

2026-05-07 15:57:42,224 INFO     ___FILE_ONLY___     
2026-05-07 15:57:42,224 INFO     ___FILE_ONLY___ effective
2026-05-07 15:57:42,224 INFO     ___FILE_ONLY___ :
2026-05-07 15:57:42,224 INFO     ___FILE_ONLY___  
2026-05-07 15:57:42,224 INFO     ___FILE_ONLY___ true
2026-05-07 15:57:42,224 INFO     ___FILE_ONLY___ 

2026-05-07 15:57:42,224 INFO     ___FILE_ONLY___   
2026-05-07 15:57:42,224 INFO     ___FILE_ONLY___ isStable
2026-05-07 15:57:42,224 INFO     ___FILE_ONLY___ :
2026-05-07 15:57:42,224 INFO     ___FILE_ONLY___  
2026-05-07 15:57:42,224 INFO     ___FILE_ONLY___ true
2026-05-07 15:57:42,224 INFO     ___FILE_ONLY___ 

2026-05-07 15:57:42,224 INFO     ___FILE_ONLY___   
2026-05-07 15:57:42,224 INFO     ___FILE_ONLY___ stateful
2026-05-07 15:57:42,225 INFO     ___FILE_ONLY___ :
2026-05-07 15:57:42,225 INFO     ___FILE_ONLY___ 

2026-05-07 15:57:42,225 INFO     ___FILE_ONLY___     
2026-05-07 15:57:42,225 INFO     ___FILE_ONLY___ hasStatefulConfig
2026-05-07 15:57:42,225 INFO     ___FILE_ONLY___ :
2026-05-07 15:57:42,225 INFO     ___FILE_ONLY___  
2026-05-07 15:57:42,225 INFO     ___FILE_ONLY___ false
2026-05-07 15:57:42,225 INFO     ___FILE_ONLY___ 

2026-05-07 15:57:42,225 INFO     ___FILE_ONLY___     
2026-05-07 15:57:42,225 INFO     ___FILE_ONLY___ perInstanceConfigs
2026-05-07 15:57:42,225 INFO     ___FILE_ONLY___ :
2026-05-07 15:57:42,225 INFO     ___FILE_ONLY___ 

2026-05-07 15:57:42,225 INFO     ___FILE_ONLY___       
2026-05-07 15:57:42,225 INFO     ___FILE_ONLY___ allEffective
2026-05-07 15:57:42,225 INFO     ___FILE_ONLY___ :
2026-05-07 15:57:42,225 INFO     ___FILE_ONLY___  
2026-05-07 15:57:42,225 INFO     ___FILE_ONLY___ true
2026-05-07 15:57:42,225 INFO     ___FILE_ONLY___ 

2026-05-07 15:57:42,225 INFO     ___FILE_ONLY___   
2026-05-07 15:57:42,225 INFO     ___FILE_ONLY___ versionTarget
2026-05-07 15:57:42,225 INFO     ___FILE_ONLY___ :
2026-05-07 15:57:42,225 INFO     ___FILE_ONLY___ 

2026-05-07 15:57:42,225 INFO     ___FILE_ONLY___     
2026-05-07 15:57:42,225 INFO     ___FILE_ONLY___ isReached
2026-05-07 15:57:42,225 INFO     ___FILE_ONLY___ :
2026-05-07 15:57:42,225 INFO     ___FILE_ONLY___  
2026-05-07 15:57:42,225 INFO     ___FILE_ONLY___ true
2026-05-07 15:57:42,225 INFO     ___FILE_ONLY___ 

2026-05-07 15:57:42,225 INFO     ___FILE_ONLY___ targetSize
2026-05-07 15:57:42,225 INFO     ___FILE_ONLY___ :
2026-05-07 15:57:42,225 INFO     ___FILE_ONLY___  
2026-05-07 15:57:42,225 INFO     ___FILE_ONLY___ 0
2026-05-07 15:57:42,225 INFO     ___FILE_ONLY___ 

2026-05-07 15:57:42,225 INFO     ___FILE_ONLY___ targetSizePolicy
2026-05-07 15:57:42,225 INFO     ___FILE_ONLY___ :
2026-05-07 15:57:42,225 INFO     ___FILE_ONLY___ 

2026-05-07 15:57:42,225 INFO     ___FILE_ONLY___   
2026-05-07 15:57:42,225 INFO     ___FILE_ONLY___ mode
2026-05-07 15:57:42,225 INFO     ___FILE_ONLY___ :
2026-05-07 15:57:42,225 INFO     ___FILE_ONLY___  
2026-05-07 15:57:42,225 INFO     ___FILE_ONLY___ INDIVIDUAL
2026-05-07 15:57:42,225 INFO     ___FILE_ONLY___ 

2026-05-07 15:57:42,225 INFO     ___FILE_ONLY___ targetStoppedSize
2026-05-07 15:57:42,226 INFO     ___FILE_ONLY___ :
2026-05-07 15:57:42,226 INFO     ___FILE_ONLY___  
2026-05-07 15:57:42,226 INFO     ___FILE_ONLY___ 0
2026-05-07 15:57:42,226 INFO     ___FILE_ONLY___ 

2026-05-07 15:57:42,226 INFO     ___FILE_ONLY___ targetSuspendedSize
2026-05-07 15:57:42,226 INFO     ___FILE_ONLY___ :
2026-05-07 15:57:42,226 INFO     ___FILE_ONLY___  
2026-05-07 15:57:42,226 INFO     ___FILE_ONLY___ 0
2026-05-07 15:57:42,226 INFO     ___FILE_ONLY___ 

2026-05-07 15:57:42,226 INFO     ___FILE_ONLY___ updatePolicy
2026-05-07 15:57:42,226 INFO     ___FILE_ONLY___ :
2026-05-07 15:57:42,226 INFO     ___FILE_ONLY___ 

2026-05-07 15:57:42,226 INFO     ___FILE_ONLY___   
2026-05-07 15:57:42,226 INFO     ___FILE_ONLY___ instanceRedistributionType
2026-05-07 15:57:42,226 INFO     ___FILE_ONLY___ :
2026-05-07 15:57:42,226 INFO     ___FILE_ONLY___  
2026-05-07 15:57:42,226 INFO     ___FILE_ONLY___ PROACTIVE
2026-05-07 15:57:42,226 INFO     ___FILE_ONLY___ 

2026-05-07 15:57:42,226 INFO     ___FILE_ONLY___   
2026-05-07 15:57:42,226 INFO     ___FILE_ONLY___ maxSurge
2026-05-07 15:57:42,226 INFO     ___FILE_ONLY___ :
2026-05-07 15:57:42,226 INFO     ___FILE_ONLY___ 

2026-05-07 15:57:42,226 INFO     ___FILE_ONLY___     
2026-05-07 15:57:42,226 INFO     ___FILE_ONLY___ calculated
2026-05-07 15:57:42,226 INFO     ___FILE_ONLY___ :
2026-05-07 15:57:42,226 INFO     ___FILE_ONLY___  
2026-05-07 15:57:42,226 INFO     ___FILE_ONLY___ 3
2026-05-07 15:57:42,226 INFO     ___FILE_ONLY___ 

2026-05-07 15:57:42,226 INFO     ___FILE_ONLY___     
2026-05-07 15:57:42,226 INFO     ___FILE_ONLY___ fixed
2026-05-07 15:57:42,226 INFO     ___FILE_ONLY___ :
2026-05-07 15:57:42,226 INFO     ___FILE_ONLY___  
2026-05-07 15:57:42,226 INFO     ___FILE_ONLY___ 3
2026-05-07 15:57:42,226 INFO     ___FILE_ONLY___ 

2026-05-07 15:57:42,226 INFO     ___FILE_ONLY___   
2026-05-07 15:57:42,226 INFO     ___FILE_ONLY___ maxUnavailable
2026-05-07 15:57:42,226 INFO     ___FILE_ONLY___ :
2026-05-07 15:57:42,226 INFO     ___FILE_ONLY___ 

2026-05-07 15:57:42,226 INFO     ___FILE_ONLY___     
2026-05-07 15:57:42,226 INFO     ___FILE_ONLY___ calculated
2026-05-07 15:57:42,226 INFO     ___FILE_ONLY___ :
2026-05-07 15:57:42,226 INFO     ___FILE_ONLY___  
2026-05-07 15:57:42,226 INFO     ___FILE_ONLY___ 3
2026-05-07 15:57:42,226 INFO     ___FILE_ONLY___ 

2026-05-07 15:57:42,226 INFO     ___FILE_ONLY___     
2026-05-07 15:57:42,226 INFO     ___FILE_ONLY___ fixed
2026-05-07 15:57:42,227 INFO     ___FILE_ONLY___ :
2026-05-07 15:57:42,227 INFO     ___FILE_ONLY___  
2026-05-07 15:57:42,227 INFO     ___FILE_ONLY___ 3
2026-05-07 15:57:42,227 INFO     ___FILE_ONLY___ 

2026-05-07 15:57:42,227 INFO     ___FILE_ONLY___   
2026-05-07 15:57:42,227 INFO     ___FILE_ONLY___ minimalAction
2026-05-07 15:57:42,227 INFO     ___FILE_ONLY___ :
2026-05-07 15:57:42,227 INFO     ___FILE_ONLY___  
2026-05-07 15:57:42,227 INFO     ___FILE_ONLY___ REPLACE
2026-05-07 15:57:42,227 INFO     ___FILE_ONLY___ 

2026-05-07 15:57:42,227 INFO     ___FILE_ONLY___   
2026-05-07 15:57:42,227 INFO     ___FILE_ONLY___ replacementMethod
2026-05-07 15:57:42,227 INFO     ___FILE_ONLY___ :
2026-05-07 15:57:42,227 INFO     ___FILE_ONLY___  
2026-05-07 15:57:42,227 INFO     ___FILE_ONLY___ SUBSTITUTE
2026-05-07 15:57:42,227 INFO     ___FILE_ONLY___ 

2026-05-07 15:57:42,227 INFO     ___FILE_ONLY___   
2026-05-07 15:57:42,227 INFO     ___FILE_ONLY___ type
2026-05-07 15:57:42,227 INFO     ___FILE_ONLY___ :
2026-05-07 15:57:42,227 INFO     ___FILE_ONLY___  
2026-05-07 15:57:42,227 INFO     ___FILE_ONLY___ OPPORTUNISTIC
2026-05-07 15:57:42,227 INFO     ___FILE_ONLY___ 

2026-05-07 15:57:42,227 INFO     ___FILE_ONLY___ versions
2026-05-07 15:57:42,227 INFO     ___FILE_ONLY___ :
2026-05-07 15:57:42,227 INFO     ___FILE_ONLY___ 

2026-05-07 15:57:42,227 INFO     ___FILE_ONLY___ -
2026-05-07 15:57:42,227 INFO     ___FILE_ONLY___  
2026-05-07 15:57:42,227 INFO     ___FILE_ONLY___ instanceTemplate
2026-05-07 15:57:42,227 INFO     ___FILE_ONLY___ :
2026-05-07 15:57:42,227 INFO     ___FILE_ONLY___  
2026-05-07 15:57:42,227 INFO     ___FILE_ONLY___ https://www.googleapis.com/compute/v1/projects/env-integration-fenway/global/instanceTemplates/artillery-loadgen-tpl
2026-05-07 15:57:42,227 INFO     ___FILE_ONLY___ 

2026-05-07 15:57:42,227 INFO     ___FILE_ONLY___   
2026-05-07 15:57:42,227 INFO     ___FILE_ONLY___ targetSize
2026-05-07 15:57:42,227 INFO     ___FILE_ONLY___ :
2026-05-07 15:57:42,227 INFO     ___FILE_ONLY___ 

2026-05-07 15:57:42,227 INFO     ___FILE_ONLY___     
2026-05-07 15:57:42,227 INFO     ___FILE_ONLY___ calculated
2026-05-07 15:57:42,227 INFO     ___FILE_ONLY___ :
2026-05-07 15:57:42,227 INFO     ___FILE_ONLY___  
2026-05-07 15:57:42,227 INFO     ___FILE_ONLY___ 0
2026-05-07 15:57:42,227 INFO     ___FILE_ONLY___ 

2026-05-07 15:57:42,238 DEBUG    root            Metrics reporting process started...
