2026-05-07 16:19:52,003 DEBUG    root            Loaded Command Group: ['gcloud', 'compute']
2026-05-07 16:19:52,004 DEBUG    root            Loaded Command Group: ['gcloud', 'compute', 'instances']
2026-05-07 16:19:52,005 DEBUG    root            Loaded Command Group: ['gcloud', 'compute', 'instances', 'list']
2026-05-07 16:19:52,007 DEBUG    root            Running [gcloud.compute.instances.list] with arguments: [--filter: "name~^loadgen-"]
2026-05-07 16:19:52,008 DEBUG    root            On GCE from memory cache: False
2026-05-07 16:19:52,009 DEBUG    root            On GCE from memory cache: False
2026-05-07 16:19:52,094 INFO     root            client_filter=None server_filter='name eq ".*(^loadgen-).*"'
2026-05-07 16:19:52,095 DEBUG    root            Chosen display Format:    table(
      name,
      zone.basename(),
      machineType.machine_type().basename(),
      scheduling.preemptible.yesno(yes=true, no=''),
      networkInterfaces.internal_ip():label=INTERNAL_IP,
      external_ip():label=EXTERNAL_IP,
      status
    )
2026-05-07 16:19:52,095 INFO     root            Display format: "    table(
      name,
      zone.basename(),
      machineType.machine_type().basename(),
      scheduling.preemptible.yesno(yes=true, no=''),
      networkInterfaces.internal_ip():label=INTERNAL_IP,
      external_ip():label=EXTERNAL_IP,
      status
    )"
2026-05-07 16:19:52,102 DEBUG    urllib3.connectionpool Starting new HTTPS connection (1): compute.googleapis.com:443
2026-05-07 16:19:52,798 DEBUG    urllib3.connectionpool https://compute.googleapis.com:443 "GET /compute/v1/projects/env-integration-fenway/aggregated/instances?alt=json&includeAllScopes=True&maxResults=500&returnPartialSuccess=True HTTP/1.1" 200 None
2026-05-07 16:19:53,375 INFO     ___FILE_ONLY___ NAME
2026-05-07 16:19:53,375 INFO     ___FILE_ONLY___           
2026-05-07 16:19:53,376 INFO     ___FILE_ONLY___ ZONE
2026-05-07 16:19:53,376 INFO     ___FILE_ONLY___            
2026-05-07 16:19:53,376 INFO     ___FILE_ONLY___ MACHINE_TYPE
2026-05-07 16:19:53,376 INFO     ___FILE_ONLY___      
2026-05-07 16:19:53,376 INFO     ___FILE_ONLY___ PREEMPTIBLE
2026-05-07 16:19:53,376 INFO     ___FILE_ONLY___   
2026-05-07 16:19:53,376 INFO     ___FILE_ONLY___ INTERNAL_IP
2026-05-07 16:19:53,376 INFO     ___FILE_ONLY___   
2026-05-07 16:19:53,376 INFO     ___FILE_ONLY___ EXTERNAL_IP
2026-05-07 16:19:53,376 INFO     ___FILE_ONLY___     
2026-05-07 16:19:53,376 INFO     ___FILE_ONLY___ STATUS
2026-05-07 16:19:53,376 INFO     ___FILE_ONLY___ 

2026-05-07 16:19:53,376 INFO     ___FILE_ONLY___ loadgen-sgw6
2026-05-07 16:19:53,376 INFO     ___FILE_ONLY___   
2026-05-07 16:19:53,376 INFO     ___FILE_ONLY___ us-central1-c
2026-05-07 16:19:53,376 INFO     ___FILE_ONLY___   
2026-05-07 16:19:53,376 INFO     ___FILE_ONLY___ custom-24-65536
2026-05-07 16:19:53,376 INFO     ___FILE_ONLY___                
2026-05-07 16:19:53,376 INFO     ___FILE_ONLY___ 10.128.0.41
2026-05-07 16:19:53,376 INFO     ___FILE_ONLY___   
2026-05-07 16:19:53,376 INFO     ___FILE_ONLY___ 34.28.155.153
2026-05-07 16:19:53,376 INFO     ___FILE_ONLY___   
2026-05-07 16:19:53,376 INFO     ___FILE_ONLY___ RUNNING
2026-05-07 16:19:53,376 INFO     ___FILE_ONLY___ 

2026-05-07 16:19:53,384 DEBUG    root            Metrics reporting process started...
