2026-05-07 17:26:31,762 DEBUG    root            Loaded Command Group: ['gcloud', 'iam']
2026-05-07 17:26:31,763 DEBUG    root            Loaded Command Group: ['gcloud', 'iam', 'roles']
2026-05-07 17:26:31,771 DEBUG    root            Loaded Command Group: ['gcloud', 'iam', 'roles', 'update']
2026-05-07 17:26:31,772 DEBUG    root            Running [gcloud.iam.roles.update] with arguments: [--permissions: "compute.instances.delete,compute.zoneOperations.get", --project: "env-integration-fenway", --quiet: "True", --stage: "GA", ROLE_ID: "loadgenSelfDelete"]
2026-05-07 17:26:31,774 DEBUG    root            On GCE from memory cache: False
2026-05-07 17:26:31,775 DEBUG    root            On GCE from memory cache: False
2026-05-07 17:26:31,787 DEBUG    urllib3.connectionpool Starting new HTTPS connection (1): iam.googleapis.com:443
2026-05-07 17:26:32,258 DEBUG    urllib3.connectionpool https://iam.googleapis.com:443 "GET /v1/projects/env-integration-fenway/roles/loadgenSelfDelete?alt=json HTTP/1.1" 200 None
2026-05-07 17:26:32,479 DEBUG    urllib3.connectionpool https://iam.googleapis.com:443 "PATCH /v1/projects/env-integration-fenway/roles/loadgenSelfDelete?alt=json&updateMask=stage%2CincludedPermissions HTTP/1.1" 200 None
2026-05-07 17:26:32,481 DEBUG    root            Chosen display Format:default
2026-05-07 17:26:32,482 INFO     root            Display format: "default"
2026-05-07 17:26:32,512 INFO     ___FILE_ONLY___ description
2026-05-07 17:26:32,513 INFO     ___FILE_ONLY___ :
2026-05-07 17:26:32,513 INFO     ___FILE_ONLY___  
2026-05-07 17:26:32,513 INFO     ___FILE_ONLY___ Lets
2026-05-07 17:26:32,513 INFO     ___FILE_ONLY___  
2026-05-07 17:26:32,513 INFO     ___FILE_ONLY___ the
2026-05-07 17:26:32,513 INFO     ___FILE_ONLY___  
2026-05-07 17:26:32,513 INFO     ___FILE_ONLY___ load-generator
2026-05-07 17:26:32,513 INFO     ___FILE_ONLY___  
2026-05-07 17:26:32,513 INFO     ___FILE_ONLY___ MIG
2026-05-07 17:26:32,513 INFO     ___FILE_ONLY___  
2026-05-07 17:26:32,513 INFO     ___FILE_ONLY___ SA
2026-05-07 17:26:32,513 INFO     ___FILE_ONLY___  
2026-05-07 17:26:32,513 INFO     ___FILE_ONLY___ delete
2026-05-07 17:26:32,513 INFO     ___FILE_ONLY___  
2026-05-07 17:26:32,513 INFO     ___FILE_ONLY___ its
2026-05-07 17:26:32,513 INFO     ___FILE_ONLY___  
2026-05-07 17:26:32,513 INFO     ___FILE_ONLY___ own
2026-05-07 17:26:32,513 INFO     ___FILE_ONLY___  
2026-05-07 17:26:32,513 INFO     ___FILE_ONLY___ GCE
2026-05-07 17:26:32,513 INFO     ___FILE_ONLY___  
2026-05-07 17:26:32,513 INFO     ___FILE_ONLY___ instance
2026-05-07 17:26:32,513 INFO     ___FILE_ONLY___  
2026-05-07 17:26:32,513 INFO     ___FILE_ONLY___ after
2026-05-07 17:26:32,513 INFO     ___FILE_ONLY___  
2026-05-07 17:26:32,513 INFO     ___FILE_ONLY___ a
2026-05-07 17:26:32,513 INFO     ___FILE_ONLY___  
2026-05-07 17:26:32,513 INFO     ___FILE_ONLY___ run.
2026-05-07 17:26:32,513 INFO     ___FILE_ONLY___ 

2026-05-07 17:26:32,513 INFO     ___FILE_ONLY___ etag
2026-05-07 17:26:32,513 INFO     ___FILE_ONLY___ :
2026-05-07 17:26:32,513 INFO     ___FILE_ONLY___  
2026-05-07 17:26:32,513 INFO     ___FILE_ONLY___ BwZRQ3LjwUI=
2026-05-07 17:26:32,513 INFO     ___FILE_ONLY___ 

2026-05-07 17:26:32,514 INFO     ___FILE_ONLY___ includedPermissions
2026-05-07 17:26:32,514 INFO     ___FILE_ONLY___ :
2026-05-07 17:26:32,514 INFO     ___FILE_ONLY___ 

2026-05-07 17:26:32,514 INFO     ___FILE_ONLY___ -
2026-05-07 17:26:32,514 INFO     ___FILE_ONLY___  
2026-05-07 17:26:32,514 INFO     ___FILE_ONLY___ compute.instances.delete
2026-05-07 17:26:32,514 INFO     ___FILE_ONLY___ 

2026-05-07 17:26:32,514 INFO     ___FILE_ONLY___ -
2026-05-07 17:26:32,514 INFO     ___FILE_ONLY___  
2026-05-07 17:26:32,514 INFO     ___FILE_ONLY___ compute.zoneOperations.get
2026-05-07 17:26:32,514 INFO     ___FILE_ONLY___ 

2026-05-07 17:26:32,514 INFO     ___FILE_ONLY___ name
2026-05-07 17:26:32,514 INFO     ___FILE_ONLY___ :
2026-05-07 17:26:32,514 INFO     ___FILE_ONLY___  
2026-05-07 17:26:32,514 INFO     ___FILE_ONLY___ projects/env-integration-fenway/roles/loadgenSelfDelete
2026-05-07 17:26:32,514 INFO     ___FILE_ONLY___ 

2026-05-07 17:26:32,514 INFO     ___FILE_ONLY___ stage
2026-05-07 17:26:32,514 INFO     ___FILE_ONLY___ :
2026-05-07 17:26:32,514 INFO     ___FILE_ONLY___  
2026-05-07 17:26:32,514 INFO     ___FILE_ONLY___ GA
2026-05-07 17:26:32,514 INFO     ___FILE_ONLY___ 

2026-05-07 17:26:32,514 INFO     ___FILE_ONLY___ title
2026-05-07 17:26:32,514 INFO     ___FILE_ONLY___ :
2026-05-07 17:26:32,514 INFO     ___FILE_ONLY___  
2026-05-07 17:26:32,514 INFO     ___FILE_ONLY___ Load-generator
2026-05-07 17:26:32,514 INFO     ___FILE_ONLY___  
2026-05-07 17:26:32,514 INFO     ___FILE_ONLY___ self-delete
2026-05-07 17:26:32,514 INFO     ___FILE_ONLY___ 

2026-05-07 17:26:32,523 DEBUG    root            Metrics reporting process started...
