2026-05-07 17:26:38,337 DEBUG    root            Loaded Command Group: ['gcloud', 'secrets']
2026-05-07 17:26:38,347 DEBUG    root            Loaded Command Group: ['gcloud', 'secrets', 'describe']
2026-05-07 17:26:38,353 DEBUG    root            Running [gcloud.secrets.describe] with arguments: [--project: "env-integration-fenway", SECRET: "grafana-otlp-auth"]
2026-05-07 17:26:38,353 DEBUG    root            On GCE from memory cache: False
2026-05-07 17:26:38,355 DEBUG    root            On GCE from memory cache: False
2026-05-07 17:26:38,364 DEBUG    urllib3.connectionpool Starting new HTTPS connection (1): secretmanager.googleapis.com:443
2026-05-07 17:26:38,533 DEBUG    urllib3.connectionpool https://secretmanager.googleapis.com:443 "GET /v1/projects/env-integration-fenway/secrets/grafana-otlp-auth?alt=json HTTP/1.1" 200 None
2026-05-07 17:26:38,534 DEBUG    root            Chosen display Format:default
2026-05-07 17:26:38,535 INFO     root            Display format: "default"
2026-05-07 17:26:38,556 INFO     ___FILE_ONLY___ createTime
2026-05-07 17:26:38,556 INFO     ___FILE_ONLY___ :
2026-05-07 17:26:38,556 INFO     ___FILE_ONLY___  '
2026-05-07 17:26:38,556 INFO     ___FILE_ONLY___ 2026-05-06T01:01:01.619365Z
2026-05-07 17:26:38,556 INFO     ___FILE_ONLY___ '
2026-05-07 17:26:38,556 INFO     ___FILE_ONLY___ 

2026-05-07 17:26:38,556 INFO     ___FILE_ONLY___ etag
2026-05-07 17:26:38,556 INFO     ___FILE_ONLY___ :
2026-05-07 17:26:38,556 INFO     ___FILE_ONLY___  '
2026-05-07 17:26:38,556 INFO     ___FILE_ONLY___ "16511bb2912f2c"
2026-05-07 17:26:38,556 INFO     ___FILE_ONLY___ '
2026-05-07 17:26:38,556 INFO     ___FILE_ONLY___ 

2026-05-07 17:26:38,557 INFO     ___FILE_ONLY___ name
2026-05-07 17:26:38,557 INFO     ___FILE_ONLY___ :
2026-05-07 17:26:38,557 INFO     ___FILE_ONLY___  
2026-05-07 17:26:38,557 INFO     ___FILE_ONLY___ projects/386659319067/secrets/grafana-otlp-auth
2026-05-07 17:26:38,557 INFO     ___FILE_ONLY___ 

2026-05-07 17:26:38,557 INFO     ___FILE_ONLY___ replication
2026-05-07 17:26:38,557 INFO     ___FILE_ONLY___ :
2026-05-07 17:26:38,557 INFO     ___FILE_ONLY___ 

2026-05-07 17:26:38,557 INFO     ___FILE_ONLY___   
2026-05-07 17:26:38,557 INFO     ___FILE_ONLY___ automatic
2026-05-07 17:26:38,557 INFO     ___FILE_ONLY___ :
2026-05-07 17:26:38,557 INFO     ___FILE_ONLY___  {
2026-05-07 17:26:38,557 INFO     ___FILE_ONLY___ }
2026-05-07 17:26:38,557 INFO     ___FILE_ONLY___ 

2026-05-07 17:26:38,565 DEBUG    root            Metrics reporting process started...
