2026-05-28 06:59:12,918 DEBUG    root            Loaded Command Group: ['gcloud', 'config']
2026-05-28 06:59:12,946 DEBUG    root            Loaded Command Group: ['gcloud', 'config', 'list']
2026-05-28 06:59:12,947 DEBUG    root            Running [gcloud.config.list] with arguments: []
2026-05-28 06:59:12,998 DEBUG    root            Failed to check metadata server: <urlopen error [Errno 8] nodename nor servname provided, or not known>
2026-05-28 06:59:12,998 DEBUG    root            On GCE from server: False
2026-05-28 06:59:13,000 DEBUG    root            Chosen display Format:config
2026-05-28 06:59:13,000 INFO     root            Display format: "config"
2026-05-28 06:59:13,062 INFO     ___FILE_ONLY___ [core]
account = jpresley@synthesis.health
disable_usage_reporting = False
project = env-integration-fenway

2026-05-28 06:59:13,063 INFO     ___FILE_ONLY___ 
Your active configuration is: [default]

2026-05-28 06:59:13,082 DEBUG    root            On GCE from memory cache: False
2026-05-28 06:59:13,096 DEBUG    root            On GCE from memory cache: False
2026-05-28 06:59:13,097 DEBUG    root            On GCE from memory cache: False
2026-05-28 06:59:13,097 DEBUG    google.auth.transport.requests Making request: POST https://oauth2.googleapis.com/token
2026-05-28 06:59:13,121 DEBUG    urllib3.connectionpool Starting new HTTPS connection (1): oauth2.googleapis.com:443
2026-05-28 06:59:13,414 DEBUG    urllib3.connectionpool https://oauth2.googleapis.com:443 "POST /token HTTP/1.1" 200 None
2026-05-28 06:59:13,432 DEBUG    urllib3.connectionpool Starting new HTTPS connection (1): cloudresourcemanager.googleapis.com:443
2026-05-28 06:59:13,995 DEBUG    urllib3.connectionpool https://cloudresourcemanager.googleapis.com:443 "GET /v1/projects/env-integration-fenway?alt=json HTTP/1.1" 200 None
2026-05-28 06:59:14,021 DEBUG    root            On GCE from memory cache: False
2026-05-28 06:59:14,032 DEBUG    urllib3.connectionpool Starting new HTTPS connection (1): cloudresourcemanager.googleapis.com:443
2026-05-28 06:59:14,506 DEBUG    urllib3.connectionpool https://cloudresourcemanager.googleapis.com:443 "GET /v3/effectiveTags?alt=json&pageSize=100&parent=%2F%2Fcloudresourcemanager.googleapis.com%2Fprojects%2Fenv-integration-fenway HTTP/1.1" 200 None
2026-05-28 06:59:14,530 INFO     ___FILE_ONLY___ [environment: Development]

2026-05-28 06:59:14,595 DEBUG    root            Metrics reporting process started...
