2026-05-28 06:59:40,721 DEBUG    root            Loaded Command Group: ['gcloud', 'compute']
2026-05-28 06:59:40,724 DEBUG    root            Loaded Command Group: ['gcloud', 'compute', 'instance_groups']
2026-05-28 06:59:40,726 DEBUG    root            Loaded Command Group: ['gcloud', 'compute', 'instance-groups', 'managed']
2026-05-28 06:59:40,735 DEBUG    root            Loaded Command Group: ['gcloud', 'compute', 'instance-groups', 'managed', 'list']
2026-05-28 06:59:40,737 DEBUG    root            Running [gcloud.compute.instance-groups.managed.list] with arguments: [--project: "env-integration-fenway"]
2026-05-28 06:59:40,740 DEBUG    root            On GCE from memory cache: False
2026-05-28 06:59:40,742 DEBUG    root            On GCE from memory cache: False
2026-05-28 06:59:40,885 DEBUG    urllib3.connectionpool Starting new HTTPS connection (1): compute.googleapis.com:443
2026-05-28 06:59:41,265 DEBUG    urllib3.connectionpool https://compute.googleapis.com:443 "GET /compute/v1/projects/env-integration-fenway/aggregated/instanceGroupManagers?alt=json&includeAllScopes=True&maxResults=500&returnPartialSuccess=True HTTP/1.1" 200 None
2026-05-28 06:59:41,505 DEBUG    urllib3.connectionpool https://compute.googleapis.com:443 "POST /batch/compute/v1 HTTP/1.1" 200 None
2026-05-28 06:59:41,694 DEBUG    urllib3.connectionpool https://compute.googleapis.com:443 "GET /compute/v1/projects/env-integration-fenway/regions/us-central1/instanceGroups?alt=json&maxResults=500 HTTP/1.1" 200 None
2026-05-28 06:59:41,917 DEBUG    urllib3.connectionpool https://compute.googleapis.com:443 "POST /batch/compute/v1 HTTP/1.1" 200 None
2026-05-28 06:59:41,923 DEBUG    root            Chosen display Format:    table(
      name,
      location():label=LOCATION,
      location_scope():label=SCOPE,
      baseInstanceName,
      size,
      targetSize,
      instanceTemplate.basename(),
      autoscaled
    )

2026-05-28 06:59:41,924 INFO     root            Display format: "    table(
      name,
      location():label=LOCATION,
      location_scope():label=SCOPE,
      baseInstanceName,
      size,
      targetSize,
      instanceTemplate.basename(),
      autoscaled
    )
"
2026-05-28 06:59:41,938 INFO     ___FILE_ONLY___ NAME
2026-05-28 06:59:41,938 INFO     ___FILE_ONLY___                                                 
2026-05-28 06:59:41,938 INFO     ___FILE_ONLY___ LOCATION
2026-05-28 06:59:41,938 INFO     ___FILE_ONLY___        
2026-05-28 06:59:41,938 INFO     ___FILE_ONLY___ SCOPE
2026-05-28 06:59:41,938 INFO     ___FILE_ONLY___    
2026-05-28 06:59:41,938 INFO     ___FILE_ONLY___ BASE_INSTANCE_NAME
2026-05-28 06:59:41,938 INFO     ___FILE_ONLY___                               
2026-05-28 06:59:41,938 INFO     ___FILE_ONLY___ SIZE
2026-05-28 06:59:41,938 INFO     ___FILE_ONLY___   
2026-05-28 06:59:41,938 INFO     ___FILE_ONLY___ TARGET_SIZE
2026-05-28 06:59:41,938 INFO     ___FILE_ONLY___   
2026-05-28 06:59:41,938 INFO     ___FILE_ONLY___ INSTANCE_TEMPLATE
2026-05-28 06:59:41,938 INFO     ___FILE_ONLY___                                
2026-05-28 06:59:41,938 INFO     ___FILE_ONLY___ AUTOSCALED
2026-05-28 06:59:41,938 INFO     ___FILE_ONLY___ 

2026-05-28 06:59:41,938 INFO     ___FILE_ONLY___ artillery-loadgen-mig-fenway
2026-05-28 06:59:41,938 INFO     ___FILE_ONLY___                         
2026-05-28 06:59:41,938 INFO     ___FILE_ONLY___ us-central1
2026-05-28 06:59:41,938 INFO     ___FILE_ONLY___     
2026-05-28 06:59:41,938 INFO     ___FILE_ONLY___ region
2026-05-28 06:59:41,938 INFO     ___FILE_ONLY___   
2026-05-28 06:59:41,938 INFO     ___FILE_ONLY___ loadgen
2026-05-28 06:59:41,938 INFO     ___FILE_ONLY___                                          
2026-05-28 06:59:41,938 INFO     ___FILE_ONLY___ 0
2026-05-28 06:59:41,939 INFO     ___FILE_ONLY___      
2026-05-28 06:59:41,939 INFO     ___FILE_ONLY___ 0
2026-05-28 06:59:41,939 INFO     ___FILE_ONLY___             
2026-05-28 06:59:41,939 INFO     ___FILE_ONLY___ artillery-loadgen-tpl-fenway
2026-05-28 06:59:41,939 INFO     ___FILE_ONLY___                     
2026-05-28 06:59:41,939 INFO     ___FILE_ONLY___ no
2026-05-28 06:59:41,939 INFO     ___FILE_ONLY___ 

2026-05-28 06:59:41,939 INFO     ___FILE_ONLY___ gke-env-integration--general-workload-badf2308-grp
2026-05-28 06:59:41,939 INFO     ___FILE_ONLY___   
2026-05-28 06:59:41,939 INFO     ___FILE_ONLY___ us-central1-a
2026-05-28 06:59:41,939 INFO     ___FILE_ONLY___   
2026-05-28 06:59:41,939 INFO     ___FILE_ONLY___ zone
2026-05-28 06:59:41,939 INFO     ___FILE_ONLY___     
2026-05-28 06:59:41,939 INFO     ___FILE_ONLY___ gke-env-integration--general-workload-badf2308
2026-05-28 06:59:41,939 INFO     ___FILE_ONLY___   
2026-05-28 06:59:41,939 INFO     ___FILE_ONLY___ 4
2026-05-28 06:59:41,939 INFO     ___FILE_ONLY___      
2026-05-28 06:59:41,939 INFO     ___FILE_ONLY___ 4
2026-05-28 06:59:41,939 INFO     ___FILE_ONLY___             
2026-05-28 06:59:41,939 INFO     ___FILE_ONLY___ gke-env-integration--general-workload-3f8d6bfa
2026-05-28 06:59:41,939 INFO     ___FILE_ONLY___   
2026-05-28 06:59:41,939 INFO     ___FILE_ONLY___ no
2026-05-28 06:59:41,939 INFO     ___FILE_ONLY___ 

2026-05-28 06:59:41,939 INFO     ___FILE_ONLY___ gke-env-integration-f-fovia-viewer-v2-5c1a20fe-grp
2026-05-28 06:59:41,939 INFO     ___FILE_ONLY___   
2026-05-28 06:59:41,939 INFO     ___FILE_ONLY___ us-central1-a
2026-05-28 06:59:41,939 INFO     ___FILE_ONLY___   
2026-05-28 06:59:41,939 INFO     ___FILE_ONLY___ zone
2026-05-28 06:59:41,939 INFO     ___FILE_ONLY___     
2026-05-28 06:59:41,939 INFO     ___FILE_ONLY___ gke-env-integration-f-fovia-viewer-v2-5c1a20fe
2026-05-28 06:59:41,940 INFO     ___FILE_ONLY___   
2026-05-28 06:59:41,940 INFO     ___FILE_ONLY___ 1
2026-05-28 06:59:41,940 INFO     ___FILE_ONLY___      
2026-05-28 06:59:41,940 INFO     ___FILE_ONLY___ 1
2026-05-28 06:59:41,940 INFO     ___FILE_ONLY___             
2026-05-28 06:59:41,940 INFO     ___FILE_ONLY___ gke-env-integration-f-fovia-viewer-v2-1a7ea8d1
2026-05-28 06:59:41,940 INFO     ___FILE_ONLY___   
2026-05-28 06:59:41,940 INFO     ___FILE_ONLY___ no
2026-05-28 06:59:41,940 INFO     ___FILE_ONLY___ 

2026-05-28 06:59:41,940 INFO     ___FILE_ONLY___ gke-env-integration-fe-core-ingestion-a60002af-grp
2026-05-28 06:59:41,940 INFO     ___FILE_ONLY___   
2026-05-28 06:59:41,940 INFO     ___FILE_ONLY___ us-central1-a
2026-05-28 06:59:41,940 INFO     ___FILE_ONLY___   
2026-05-28 06:59:41,940 INFO     ___FILE_ONLY___ zone
2026-05-28 06:59:41,940 INFO     ___FILE_ONLY___     
2026-05-28 06:59:41,940 INFO     ___FILE_ONLY___ gke-env-integration-fe-core-ingestion-a60002af
2026-05-28 06:59:41,940 INFO     ___FILE_ONLY___   
2026-05-28 06:59:41,940 INFO     ___FILE_ONLY___ 2
2026-05-28 06:59:41,940 INFO     ___FILE_ONLY___      
2026-05-28 06:59:41,940 INFO     ___FILE_ONLY___ 2
2026-05-28 06:59:41,940 INFO     ___FILE_ONLY___             
2026-05-28 06:59:41,940 INFO     ___FILE_ONLY___ gke-env-integration-fe-core-ingestion-b1247a65
2026-05-28 06:59:41,940 INFO     ___FILE_ONLY___   
2026-05-28 06:59:41,940 INFO     ___FILE_ONLY___ no
2026-05-28 06:59:41,940 INFO     ___FILE_ONLY___ 

2026-05-28 06:59:41,940 INFO     ___FILE_ONLY___ gke-env-integration-fen-foviacache-v3-dbb6ef48-grp
2026-05-28 06:59:41,940 INFO     ___FILE_ONLY___   
2026-05-28 06:59:41,941 INFO     ___FILE_ONLY___ us-central1-a
2026-05-28 06:59:41,941 INFO     ___FILE_ONLY___   
2026-05-28 06:59:41,941 INFO     ___FILE_ONLY___ zone
2026-05-28 06:59:41,941 INFO     ___FILE_ONLY___     
2026-05-28 06:59:41,941 INFO     ___FILE_ONLY___ gke-env-integration-fen-foviacache-v3-dbb6ef48
2026-05-28 06:59:41,941 INFO     ___FILE_ONLY___   
2026-05-28 06:59:41,941 INFO     ___FILE_ONLY___ 4
2026-05-28 06:59:41,941 INFO     ___FILE_ONLY___      
2026-05-28 06:59:41,941 INFO     ___FILE_ONLY___ 4
2026-05-28 06:59:41,941 INFO     ___FILE_ONLY___             
2026-05-28 06:59:41,941 INFO     ___FILE_ONLY___ gke-env-integration-fen-foviacache-v3-f8bce624
2026-05-28 06:59:41,941 INFO     ___FILE_ONLY___   
2026-05-28 06:59:41,941 INFO     ___FILE_ONLY___ no
2026-05-28 06:59:41,941 INFO     ___FILE_ONLY___ 

2026-05-28 06:59:41,941 INFO     ___FILE_ONLY___ gke-env-integration-fenway-cl-backend-09b424e0-grp
2026-05-28 06:59:41,941 INFO     ___FILE_ONLY___   
2026-05-28 06:59:41,941 INFO     ___FILE_ONLY___ us-central1-a
2026-05-28 06:59:41,941 INFO     ___FILE_ONLY___   
2026-05-28 06:59:41,941 INFO     ___FILE_ONLY___ zone
2026-05-28 06:59:41,941 INFO     ___FILE_ONLY___     
2026-05-28 06:59:41,941 INFO     ___FILE_ONLY___ gke-env-integration-fenway-cl-backend-09b424e0
2026-05-28 06:59:41,941 INFO     ___FILE_ONLY___   
2026-05-28 06:59:41,941 INFO     ___FILE_ONLY___ 2
2026-05-28 06:59:41,941 INFO     ___FILE_ONLY___      
2026-05-28 06:59:41,941 INFO     ___FILE_ONLY___ 2
2026-05-28 06:59:41,941 INFO     ___FILE_ONLY___             
2026-05-28 06:59:41,941 INFO     ___FILE_ONLY___ gke-env-integration-fenway-cl-backend-0f81e18e
2026-05-28 06:59:41,941 INFO     ___FILE_ONLY___   
2026-05-28 06:59:41,941 INFO     ___FILE_ONLY___ no
2026-05-28 06:59:41,941 INFO     ___FILE_ONLY___ 

2026-05-28 06:59:41,941 INFO     ___FILE_ONLY___ gke-env-integration-fenway-cl-mongodb-3b8d18c3-grp
2026-05-28 06:59:41,941 INFO     ___FILE_ONLY___   
2026-05-28 06:59:41,941 INFO     ___FILE_ONLY___ us-central1-a
2026-05-28 06:59:41,941 INFO     ___FILE_ONLY___   
2026-05-28 06:59:41,941 INFO     ___FILE_ONLY___ zone
2026-05-28 06:59:41,941 INFO     ___FILE_ONLY___     
2026-05-28 06:59:41,941 INFO     ___FILE_ONLY___ gke-env-integration-fenway-cl-mongodb-3b8d18c3
2026-05-28 06:59:41,941 INFO     ___FILE_ONLY___   
2026-05-28 06:59:41,941 INFO     ___FILE_ONLY___ 1
2026-05-28 06:59:41,941 INFO     ___FILE_ONLY___      
2026-05-28 06:59:41,941 INFO     ___FILE_ONLY___ 1
2026-05-28 06:59:41,941 INFO     ___FILE_ONLY___             
2026-05-28 06:59:41,941 INFO     ___FILE_ONLY___ gke-env-integration-fenway-cl-mongodb-b75b0648
2026-05-28 06:59:41,941 INFO     ___FILE_ONLY___   
2026-05-28 06:59:41,941 INFO     ___FILE_ONLY___ no
2026-05-28 06:59:41,941 INFO     ___FILE_ONLY___ 

2026-05-28 06:59:41,941 INFO     ___FILE_ONLY___ gke-env-integration-fenway-monitoring-4b9b4a13-grp
2026-05-28 06:59:41,941 INFO     ___FILE_ONLY___   
2026-05-28 06:59:41,941 INFO     ___FILE_ONLY___ us-central1-a
2026-05-28 06:59:41,941 INFO     ___FILE_ONLY___   
2026-05-28 06:59:41,941 INFO     ___FILE_ONLY___ zone
2026-05-28 06:59:41,941 INFO     ___FILE_ONLY___     
2026-05-28 06:59:41,942 INFO     ___FILE_ONLY___ gke-env-integration-fenway-monitoring-4b9b4a13
2026-05-28 06:59:41,942 INFO     ___FILE_ONLY___   
2026-05-28 06:59:41,942 INFO     ___FILE_ONLY___ 0
2026-05-28 06:59:41,942 INFO     ___FILE_ONLY___      
2026-05-28 06:59:41,942 INFO     ___FILE_ONLY___ 0
2026-05-28 06:59:41,942 INFO     ___FILE_ONLY___             
2026-05-28 06:59:41,942 INFO     ___FILE_ONLY___ gke-env-integration-fenway-monitoring-8d6d4830
2026-05-28 06:59:41,942 INFO     ___FILE_ONLY___   
2026-05-28 06:59:41,942 INFO     ___FILE_ONLY___ no
2026-05-28 06:59:41,942 INFO     ___FILE_ONLY___ 

2026-05-28 06:59:41,942 INFO     ___FILE_ONLY___ gke-env-integration--general-workload-75b3348b-grp
2026-05-28 06:59:41,942 INFO     ___FILE_ONLY___   
2026-05-28 06:59:41,942 INFO     ___FILE_ONLY___ us-central1-b
2026-05-28 06:59:41,942 INFO     ___FILE_ONLY___   
2026-05-28 06:59:41,942 INFO     ___FILE_ONLY___ zone
2026-05-28 06:59:41,942 INFO     ___FILE_ONLY___     
2026-05-28 06:59:41,942 INFO     ___FILE_ONLY___ gke-env-integration--general-workload-75b3348b
2026-05-28 06:59:41,942 INFO     ___FILE_ONLY___   
2026-05-28 06:59:41,942 INFO     ___FILE_ONLY___ 3
2026-05-28 06:59:41,942 INFO     ___FILE_ONLY___      
2026-05-28 06:59:41,942 INFO     ___FILE_ONLY___ 3
2026-05-28 06:59:41,942 INFO     ___FILE_ONLY___             
2026-05-28 06:59:41,942 INFO     ___FILE_ONLY___ gke-env-integration--general-workload-b13b76df
2026-05-28 06:59:41,942 INFO     ___FILE_ONLY___   
2026-05-28 06:59:41,942 INFO     ___FILE_ONLY___ no
2026-05-28 06:59:41,942 INFO     ___FILE_ONLY___ 

2026-05-28 06:59:41,942 INFO     ___FILE_ONLY___ gke-env-integration--nginx-ingress-po-e2def61c-grp
2026-05-28 06:59:41,942 INFO     ___FILE_ONLY___   
2026-05-28 06:59:41,942 INFO     ___FILE_ONLY___ us-central1-b
2026-05-28 06:59:41,942 INFO     ___FILE_ONLY___   
2026-05-28 06:59:41,942 INFO     ___FILE_ONLY___ zone
2026-05-28 06:59:41,942 INFO     ___FILE_ONLY___     
2026-05-28 06:59:41,942 INFO     ___FILE_ONLY___ gke-env-integration--nginx-ingress-po-e2def61c
2026-05-28 06:59:41,942 INFO     ___FILE_ONLY___   
2026-05-28 06:59:41,942 INFO     ___FILE_ONLY___ 1
2026-05-28 06:59:41,942 INFO     ___FILE_ONLY___      
2026-05-28 06:59:41,942 INFO     ___FILE_ONLY___ 1
2026-05-28 06:59:41,942 INFO     ___FILE_ONLY___             
2026-05-28 06:59:41,942 INFO     ___FILE_ONLY___ gke-env-integration--nginx-ingress-po-2ca46992
2026-05-28 06:59:41,942 INFO     ___FILE_ONLY___   
2026-05-28 06:59:41,942 INFO     ___FILE_ONLY___ no
2026-05-28 06:59:41,942 INFO     ___FILE_ONLY___ 

2026-05-28 06:59:41,942 INFO     ___FILE_ONLY___ gke-env-integration-fe-core-ingestion-bebc0930-grp
2026-05-28 06:59:41,942 INFO     ___FILE_ONLY___   
2026-05-28 06:59:41,942 INFO     ___FILE_ONLY___ us-central1-b
2026-05-28 06:59:41,942 INFO     ___FILE_ONLY___   
2026-05-28 06:59:41,942 INFO     ___FILE_ONLY___ zone
2026-05-28 06:59:41,942 INFO     ___FILE_ONLY___     
2026-05-28 06:59:41,942 INFO     ___FILE_ONLY___ gke-env-integration-fe-core-ingestion-bebc0930
2026-05-28 06:59:41,942 INFO     ___FILE_ONLY___   
2026-05-28 06:59:41,942 INFO     ___FILE_ONLY___ 2
2026-05-28 06:59:41,942 INFO     ___FILE_ONLY___      
2026-05-28 06:59:41,942 INFO     ___FILE_ONLY___ 2
2026-05-28 06:59:41,943 INFO     ___FILE_ONLY___             
2026-05-28 06:59:41,943 INFO     ___FILE_ONLY___ gke-env-integration-fe-core-ingestion-96d2894d
2026-05-28 06:59:41,943 INFO     ___FILE_ONLY___   
2026-05-28 06:59:41,943 INFO     ___FILE_ONLY___ no
2026-05-28 06:59:41,943 INFO     ___FILE_ONLY___ 

2026-05-28 06:59:41,943 INFO     ___FILE_ONLY___ gke-env-integration-fenway--fenway-ai-eaac0b98-grp
2026-05-28 06:59:41,943 INFO     ___FILE_ONLY___   
2026-05-28 06:59:41,943 INFO     ___FILE_ONLY___ us-central1-b
2026-05-28 06:59:41,943 INFO     ___FILE_ONLY___   
2026-05-28 06:59:41,943 INFO     ___FILE_ONLY___ zone
2026-05-28 06:59:41,943 INFO     ___FILE_ONLY___     
2026-05-28 06:59:41,943 INFO     ___FILE_ONLY___ gke-env-integration-fenway--fenway-ai-eaac0b98
2026-05-28 06:59:41,943 INFO     ___FILE_ONLY___   
2026-05-28 06:59:41,943 INFO     ___FILE_ONLY___ 0
2026-05-28 06:59:41,943 INFO     ___FILE_ONLY___      
2026-05-28 06:59:41,943 INFO     ___FILE_ONLY___ 0
2026-05-28 06:59:41,943 INFO     ___FILE_ONLY___             
2026-05-28 06:59:41,943 INFO     ___FILE_ONLY___ gke-env-integration-fenway--fenway-ai-595c915f
2026-05-28 06:59:41,943 INFO     ___FILE_ONLY___   
2026-05-28 06:59:41,943 INFO     ___FILE_ONLY___ no
2026-05-28 06:59:41,943 INFO     ___FILE_ONLY___ 

2026-05-28 06:59:41,943 INFO     ___FILE_ONLY___ gke-env-integration-fenway-cl-backend-0ecc5615-grp
2026-05-28 06:59:41,943 INFO     ___FILE_ONLY___   
2026-05-28 06:59:41,943 INFO     ___FILE_ONLY___ us-central1-b
2026-05-28 06:59:41,943 INFO     ___FILE_ONLY___   
2026-05-28 06:59:41,943 INFO     ___FILE_ONLY___ zone
2026-05-28 06:59:41,943 INFO     ___FILE_ONLY___     
2026-05-28 06:59:41,943 INFO     ___FILE_ONLY___ gke-env-integration-fenway-cl-backend-0ecc5615
2026-05-28 06:59:41,943 INFO     ___FILE_ONLY___   
2026-05-28 06:59:41,943 INFO     ___FILE_ONLY___ 2
2026-05-28 06:59:41,943 INFO     ___FILE_ONLY___      
2026-05-28 06:59:41,943 INFO     ___FILE_ONLY___ 2
2026-05-28 06:59:41,943 INFO     ___FILE_ONLY___             
2026-05-28 06:59:41,943 INFO     ___FILE_ONLY___ gke-env-integration-fenway-cl-backend-1eee5cbd
2026-05-28 06:59:41,943 INFO     ___FILE_ONLY___   
2026-05-28 06:59:41,943 INFO     ___FILE_ONLY___ no
2026-05-28 06:59:41,943 INFO     ___FILE_ONLY___ 

2026-05-28 06:59:41,943 INFO     ___FILE_ONLY___ gke-env-integration-fenway-cl-mongodb-a1d6f90a-grp
2026-05-28 06:59:41,943 INFO     ___FILE_ONLY___   
2026-05-28 06:59:41,943 INFO     ___FILE_ONLY___ us-central1-b
2026-05-28 06:59:41,943 INFO     ___FILE_ONLY___   
2026-05-28 06:59:41,943 INFO     ___FILE_ONLY___ zone
2026-05-28 06:59:41,943 INFO     ___FILE_ONLY___     
2026-05-28 06:59:41,943 INFO     ___FILE_ONLY___ gke-env-integration-fenway-cl-mongodb-a1d6f90a
2026-05-28 06:59:41,943 INFO     ___FILE_ONLY___   
2026-05-28 06:59:41,943 INFO     ___FILE_ONLY___ 1
2026-05-28 06:59:41,943 INFO     ___FILE_ONLY___      
2026-05-28 06:59:41,943 INFO     ___FILE_ONLY___ 1
2026-05-28 06:59:41,943 INFO     ___FILE_ONLY___             
2026-05-28 06:59:41,943 INFO     ___FILE_ONLY___ gke-env-integration-fenway-cl-mongodb-78002455
2026-05-28 06:59:41,943 INFO     ___FILE_ONLY___   
2026-05-28 06:59:41,943 INFO     ___FILE_ONLY___ no
2026-05-28 06:59:41,944 INFO     ___FILE_ONLY___ 

2026-05-28 06:59:41,944 INFO     ___FILE_ONLY___ gke-env-integration-fenway-cl-trigram-b340f2d4-grp
2026-05-28 06:59:41,944 INFO     ___FILE_ONLY___   
2026-05-28 06:59:41,944 INFO     ___FILE_ONLY___ us-central1-b
2026-05-28 06:59:41,944 INFO     ___FILE_ONLY___   
2026-05-28 06:59:41,944 INFO     ___FILE_ONLY___ zone
2026-05-28 06:59:41,944 INFO     ___FILE_ONLY___     
2026-05-28 06:59:41,944 INFO     ___FILE_ONLY___ gke-env-integration-fenway-cl-trigram-b340f2d4
2026-05-28 06:59:41,944 INFO     ___FILE_ONLY___   
2026-05-28 06:59:41,944 INFO     ___FILE_ONLY___ 1
2026-05-28 06:59:41,944 INFO     ___FILE_ONLY___      
2026-05-28 06:59:41,944 INFO     ___FILE_ONLY___ 1
2026-05-28 06:59:41,944 INFO     ___FILE_ONLY___             
2026-05-28 06:59:41,944 INFO     ___FILE_ONLY___ gke-env-integration-fenway-cl-trigram-c69489fe
2026-05-28 06:59:41,944 INFO     ___FILE_ONLY___   
2026-05-28 06:59:41,944 INFO     ___FILE_ONLY___ no
2026-05-28 06:59:41,944 INFO     ___FILE_ONLY___ 

2026-05-28 06:59:41,944 INFO     ___FILE_ONLY___ gke-env-integration-fenway-monitoring-5c5aec31-grp
2026-05-28 06:59:41,944 INFO     ___FILE_ONLY___   
2026-05-28 06:59:41,944 INFO     ___FILE_ONLY___ us-central1-b
2026-05-28 06:59:41,944 INFO     ___FILE_ONLY___   
2026-05-28 06:59:41,944 INFO     ___FILE_ONLY___ zone
2026-05-28 06:59:41,944 INFO     ___FILE_ONLY___     
2026-05-28 06:59:41,944 INFO     ___FILE_ONLY___ gke-env-integration-fenway-monitoring-5c5aec31
2026-05-28 06:59:41,944 INFO     ___FILE_ONLY___   
2026-05-28 06:59:41,944 INFO     ___FILE_ONLY___ 1
2026-05-28 06:59:41,944 INFO     ___FILE_ONLY___      
2026-05-28 06:59:41,944 INFO     ___FILE_ONLY___ 1
2026-05-28 06:59:41,944 INFO     ___FILE_ONLY___             
2026-05-28 06:59:41,944 INFO     ___FILE_ONLY___ gke-env-integration-fenway-monitoring-b373bfc6
2026-05-28 06:59:41,944 INFO     ___FILE_ONLY___   
2026-05-28 06:59:41,944 INFO     ___FILE_ONLY___ no
2026-05-28 06:59:41,944 INFO     ___FILE_ONLY___ 

2026-05-28 06:59:41,944 INFO     ___FILE_ONLY___ gke-env-integration-fenway-prometheus-8ce0a05e-grp
2026-05-28 06:59:41,945 INFO     ___FILE_ONLY___   
2026-05-28 06:59:41,945 INFO     ___FILE_ONLY___ us-central1-b
2026-05-28 06:59:41,945 INFO     ___FILE_ONLY___   
2026-05-28 06:59:41,945 INFO     ___FILE_ONLY___ zone
2026-05-28 06:59:41,945 INFO     ___FILE_ONLY___     
2026-05-28 06:59:41,945 INFO     ___FILE_ONLY___ gke-env-integration-fenway-prometheus-8ce0a05e
2026-05-28 06:59:41,945 INFO     ___FILE_ONLY___   
2026-05-28 06:59:41,945 INFO     ___FILE_ONLY___ 0
2026-05-28 06:59:41,945 INFO     ___FILE_ONLY___      
2026-05-28 06:59:41,945 INFO     ___FILE_ONLY___ 0
2026-05-28 06:59:41,945 INFO     ___FILE_ONLY___             
2026-05-28 06:59:41,945 INFO     ___FILE_ONLY___ gke-env-integration-fenway-prometheus-8474eb23
2026-05-28 06:59:41,945 INFO     ___FILE_ONLY___   
2026-05-28 06:59:41,945 INFO     ___FILE_ONLY___ no
2026-05-28 06:59:41,945 INFO     ___FILE_ONLY___ 

2026-05-28 06:59:41,945 INFO     ___FILE_ONLY___ gke-env-integration--general-workload-dc0a3bf5-grp
2026-05-28 06:59:41,945 INFO     ___FILE_ONLY___   
2026-05-28 06:59:41,945 INFO     ___FILE_ONLY___ us-central1-c
2026-05-28 06:59:41,945 INFO     ___FILE_ONLY___   
2026-05-28 06:59:41,945 INFO     ___FILE_ONLY___ zone
2026-05-28 06:59:41,945 INFO     ___FILE_ONLY___     
2026-05-28 06:59:41,945 INFO     ___FILE_ONLY___ gke-env-integration--general-workload-dc0a3bf5
2026-05-28 06:59:41,945 INFO     ___FILE_ONLY___   
2026-05-28 06:59:41,945 INFO     ___FILE_ONLY___ 4
2026-05-28 06:59:41,945 INFO     ___FILE_ONLY___      
2026-05-28 06:59:41,945 INFO     ___FILE_ONLY___ 4
2026-05-28 06:59:41,945 INFO     ___FILE_ONLY___             
2026-05-28 06:59:41,945 INFO     ___FILE_ONLY___ gke-env-integration--general-workload-94e6df7a
2026-05-28 06:59:41,945 INFO     ___FILE_ONLY___   
2026-05-28 06:59:41,945 INFO     ___FILE_ONLY___ no
2026-05-28 06:59:41,945 INFO     ___FILE_ONLY___ 

2026-05-28 06:59:41,945 INFO     ___FILE_ONLY___ gke-env-integration--nginx-ingress-po-337bd0e7-grp
2026-05-28 06:59:41,945 INFO     ___FILE_ONLY___   
2026-05-28 06:59:41,945 INFO     ___FILE_ONLY___ us-central1-c
2026-05-28 06:59:41,945 INFO     ___FILE_ONLY___   
2026-05-28 06:59:41,946 INFO     ___FILE_ONLY___ zone
2026-05-28 06:59:41,946 INFO     ___FILE_ONLY___     
2026-05-28 06:59:41,946 INFO     ___FILE_ONLY___ gke-env-integration--nginx-ingress-po-337bd0e7
2026-05-28 06:59:41,946 INFO     ___FILE_ONLY___   
2026-05-28 06:59:41,946 INFO     ___FILE_ONLY___ 1
2026-05-28 06:59:41,946 INFO     ___FILE_ONLY___      
2026-05-28 06:59:41,946 INFO     ___FILE_ONLY___ 1
2026-05-28 06:59:41,946 INFO     ___FILE_ONLY___             
2026-05-28 06:59:41,946 INFO     ___FILE_ONLY___ gke-env-integration--nginx-ingress-po-b2823ea5
2026-05-28 06:59:41,946 INFO     ___FILE_ONLY___   
2026-05-28 06:59:41,946 INFO     ___FILE_ONLY___ no
2026-05-28 06:59:41,946 INFO     ___FILE_ONLY___ 

2026-05-28 06:59:41,946 INFO     ___FILE_ONLY___ gke-env-integration-fe-core-ingestion-9192fdd4-grp
2026-05-28 06:59:41,946 INFO     ___FILE_ONLY___   
2026-05-28 06:59:41,946 INFO     ___FILE_ONLY___ us-central1-c
2026-05-28 06:59:41,946 INFO     ___FILE_ONLY___   
2026-05-28 06:59:41,946 INFO     ___FILE_ONLY___ zone
2026-05-28 06:59:41,946 INFO     ___FILE_ONLY___     
2026-05-28 06:59:41,946 INFO     ___FILE_ONLY___ gke-env-integration-fe-core-ingestion-9192fdd4
2026-05-28 06:59:41,946 INFO     ___FILE_ONLY___   
2026-05-28 06:59:41,946 INFO     ___FILE_ONLY___ 2
2026-05-28 06:59:41,946 INFO     ___FILE_ONLY___      
2026-05-28 06:59:41,946 INFO     ___FILE_ONLY___ 2
2026-05-28 06:59:41,946 INFO     ___FILE_ONLY___             
2026-05-28 06:59:41,946 INFO     ___FILE_ONLY___ gke-env-integration-fe-core-ingestion-4bac8d73
2026-05-28 06:59:41,946 INFO     ___FILE_ONLY___   
2026-05-28 06:59:41,946 INFO     ___FILE_ONLY___ no
2026-05-28 06:59:41,946 INFO     ___FILE_ONLY___ 

2026-05-28 06:59:41,946 INFO     ___FILE_ONLY___ gke-env-integration-fenway--fenway-ai-f5a026af-grp
2026-05-28 06:59:41,946 INFO     ___FILE_ONLY___   
2026-05-28 06:59:41,946 INFO     ___FILE_ONLY___ us-central1-c
2026-05-28 06:59:41,946 INFO     ___FILE_ONLY___   
2026-05-28 06:59:41,946 INFO     ___FILE_ONLY___ zone
2026-05-28 06:59:41,946 INFO     ___FILE_ONLY___     
2026-05-28 06:59:41,946 INFO     ___FILE_ONLY___ gke-env-integration-fenway--fenway-ai-f5a026af
2026-05-28 06:59:41,946 INFO     ___FILE_ONLY___   
2026-05-28 06:59:41,946 INFO     ___FILE_ONLY___ 1
2026-05-28 06:59:41,946 INFO     ___FILE_ONLY___      
2026-05-28 06:59:41,947 INFO     ___FILE_ONLY___ 1
2026-05-28 06:59:41,947 INFO     ___FILE_ONLY___             
2026-05-28 06:59:41,947 INFO     ___FILE_ONLY___ gke-env-integration-fenway--fenway-ai-b695679d
2026-05-28 06:59:41,947 INFO     ___FILE_ONLY___   
2026-05-28 06:59:41,947 INFO     ___FILE_ONLY___ no
2026-05-28 06:59:41,947 INFO     ___FILE_ONLY___ 

2026-05-28 06:59:41,947 INFO     ___FILE_ONLY___ gke-env-integration-fenway-cl-mongodb-4f8989aa-grp
2026-05-28 06:59:41,947 INFO     ___FILE_ONLY___   
2026-05-28 06:59:41,947 INFO     ___FILE_ONLY___ us-central1-c
2026-05-28 06:59:41,947 INFO     ___FILE_ONLY___   
2026-05-28 06:59:41,947 INFO     ___FILE_ONLY___ zone
2026-05-28 06:59:41,947 INFO     ___FILE_ONLY___     
2026-05-28 06:59:41,947 INFO     ___FILE_ONLY___ gke-env-integration-fenway-cl-mongodb-4f8989aa
2026-05-28 06:59:41,947 INFO     ___FILE_ONLY___   
2026-05-28 06:59:41,947 INFO     ___FILE_ONLY___ 1
2026-05-28 06:59:41,947 INFO     ___FILE_ONLY___      
2026-05-28 06:59:41,947 INFO     ___FILE_ONLY___ 1
2026-05-28 06:59:41,947 INFO     ___FILE_ONLY___             
2026-05-28 06:59:41,947 INFO     ___FILE_ONLY___ gke-env-integration-fenway-cl-mongodb-e25f3783
2026-05-28 06:59:41,947 INFO     ___FILE_ONLY___   
2026-05-28 06:59:41,947 INFO     ___FILE_ONLY___ no
2026-05-28 06:59:41,947 INFO     ___FILE_ONLY___ 

2026-05-28 06:59:41,947 INFO     ___FILE_ONLY___ gke-env-integration-fenway-cl-trigram-3d4634a2-grp
2026-05-28 06:59:41,947 INFO     ___FILE_ONLY___   
2026-05-28 06:59:41,947 INFO     ___FILE_ONLY___ us-central1-c
2026-05-28 06:59:41,947 INFO     ___FILE_ONLY___   
2026-05-28 06:59:41,947 INFO     ___FILE_ONLY___ zone
2026-05-28 06:59:41,947 INFO     ___FILE_ONLY___     
2026-05-28 06:59:41,947 INFO     ___FILE_ONLY___ gke-env-integration-fenway-cl-trigram-3d4634a2
2026-05-28 06:59:41,947 INFO     ___FILE_ONLY___   
2026-05-28 06:59:41,947 INFO     ___FILE_ONLY___ 1
2026-05-28 06:59:41,947 INFO     ___FILE_ONLY___      
2026-05-28 06:59:41,947 INFO     ___FILE_ONLY___ 1
2026-05-28 06:59:41,947 INFO     ___FILE_ONLY___             
2026-05-28 06:59:41,947 INFO     ___FILE_ONLY___ gke-env-integration-fenway-cl-trigram-5732b72a
2026-05-28 06:59:41,947 INFO     ___FILE_ONLY___   
2026-05-28 06:59:41,947 INFO     ___FILE_ONLY___ no
2026-05-28 06:59:41,947 INFO     ___FILE_ONLY___ 

2026-05-28 06:59:41,947 INFO     ___FILE_ONLY___ gke-env-integration-fenway-prometheus-dde967d1-grp
2026-05-28 06:59:41,947 INFO     ___FILE_ONLY___   
2026-05-28 06:59:41,947 INFO     ___FILE_ONLY___ us-central1-c
2026-05-28 06:59:41,947 INFO     ___FILE_ONLY___   
2026-05-28 06:59:41,947 INFO     ___FILE_ONLY___ zone
2026-05-28 06:59:41,947 INFO     ___FILE_ONLY___     
2026-05-28 06:59:41,948 INFO     ___FILE_ONLY___ gke-env-integration-fenway-prometheus-dde967d1
2026-05-28 06:59:41,948 INFO     ___FILE_ONLY___   
2026-05-28 06:59:41,948 INFO     ___FILE_ONLY___ 0
2026-05-28 06:59:41,948 INFO     ___FILE_ONLY___      
2026-05-28 06:59:41,948 INFO     ___FILE_ONLY___ 0
2026-05-28 06:59:41,948 INFO     ___FILE_ONLY___             
2026-05-28 06:59:41,948 INFO     ___FILE_ONLY___ gke-env-integration-fenway-prometheus-d95170e3
2026-05-28 06:59:41,948 INFO     ___FILE_ONLY___   
2026-05-28 06:59:41,948 INFO     ___FILE_ONLY___ no
2026-05-28 06:59:41,948 INFO     ___FILE_ONLY___ 

2026-05-28 06:59:41,948 INFO     ___FILE_ONLY___ gke-env-integration--nginx-ingress-po-d54259a6-grp
2026-05-28 06:59:41,948 INFO     ___FILE_ONLY___   
2026-05-28 06:59:41,948 INFO     ___FILE_ONLY___ us-central1-f
2026-05-28 06:59:41,948 INFO     ___FILE_ONLY___   
2026-05-28 06:59:41,948 INFO     ___FILE_ONLY___ zone
2026-05-28 06:59:41,948 INFO     ___FILE_ONLY___     
2026-05-28 06:59:41,948 INFO     ___FILE_ONLY___ gke-env-integration--nginx-ingress-po-d54259a6
2026-05-28 06:59:41,948 INFO     ___FILE_ONLY___   
2026-05-28 06:59:41,948 INFO     ___FILE_ONLY___ 1
2026-05-28 06:59:41,948 INFO     ___FILE_ONLY___      
2026-05-28 06:59:41,948 INFO     ___FILE_ONLY___ 1
2026-05-28 06:59:41,948 INFO     ___FILE_ONLY___             
2026-05-28 06:59:41,948 INFO     ___FILE_ONLY___ gke-env-integration--nginx-ingress-po-69e66381
2026-05-28 06:59:41,948 INFO     ___FILE_ONLY___   
2026-05-28 06:59:41,948 INFO     ___FILE_ONLY___ no
2026-05-28 06:59:41,948 INFO     ___FILE_ONLY___ 

2026-05-28 06:59:41,948 INFO     ___FILE_ONLY___ gke-env-integration-fenway--fenway-ai-984caf60-grp
2026-05-28 06:59:41,948 INFO     ___FILE_ONLY___   
2026-05-28 06:59:41,948 INFO     ___FILE_ONLY___ us-central1-f
2026-05-28 06:59:41,948 INFO     ___FILE_ONLY___   
2026-05-28 06:59:41,948 INFO     ___FILE_ONLY___ zone
2026-05-28 06:59:41,948 INFO     ___FILE_ONLY___     
2026-05-28 06:59:41,948 INFO     ___FILE_ONLY___ gke-env-integration-fenway--fenway-ai-984caf60
2026-05-28 06:59:41,948 INFO     ___FILE_ONLY___   
2026-05-28 06:59:41,948 INFO     ___FILE_ONLY___ 0
2026-05-28 06:59:41,948 INFO     ___FILE_ONLY___      
2026-05-28 06:59:41,948 INFO     ___FILE_ONLY___ 0
2026-05-28 06:59:41,948 INFO     ___FILE_ONLY___             
2026-05-28 06:59:41,948 INFO     ___FILE_ONLY___ gke-env-integration-fenway--fenway-ai-3d648298
2026-05-28 06:59:41,948 INFO     ___FILE_ONLY___   
2026-05-28 06:59:41,948 INFO     ___FILE_ONLY___ no
2026-05-28 06:59:41,948 INFO     ___FILE_ONLY___ 

2026-05-28 06:59:41,948 INFO     ___FILE_ONLY___ gke-env-integration-fenway-cl-trigram-cbc9828a-grp
2026-05-28 06:59:41,948 INFO     ___FILE_ONLY___   
2026-05-28 06:59:41,948 INFO     ___FILE_ONLY___ us-central1-f
2026-05-28 06:59:41,949 INFO     ___FILE_ONLY___   
2026-05-28 06:59:41,949 INFO     ___FILE_ONLY___ zone
2026-05-28 06:59:41,949 INFO     ___FILE_ONLY___     
2026-05-28 06:59:41,949 INFO     ___FILE_ONLY___ gke-env-integration-fenway-cl-trigram-cbc9828a
2026-05-28 06:59:41,949 INFO     ___FILE_ONLY___   
2026-05-28 06:59:41,949 INFO     ___FILE_ONLY___ 0
2026-05-28 06:59:41,949 INFO     ___FILE_ONLY___      
2026-05-28 06:59:41,949 INFO     ___FILE_ONLY___ 0
2026-05-28 06:59:41,949 INFO     ___FILE_ONLY___             
2026-05-28 06:59:41,949 INFO     ___FILE_ONLY___ gke-env-integration-fenway-cl-trigram-f7affc54
2026-05-28 06:59:41,949 INFO     ___FILE_ONLY___   
2026-05-28 06:59:41,949 INFO     ___FILE_ONLY___ no
2026-05-28 06:59:41,949 INFO     ___FILE_ONLY___ 

2026-05-28 06:59:41,949 INFO     ___FILE_ONLY___ gke-env-integration-fenway-prometheus-451b8c62-grp
2026-05-28 06:59:41,949 INFO     ___FILE_ONLY___   
2026-05-28 06:59:41,949 INFO     ___FILE_ONLY___ us-central1-f
2026-05-28 06:59:41,949 INFO     ___FILE_ONLY___   
2026-05-28 06:59:41,949 INFO     ___FILE_ONLY___ zone
2026-05-28 06:59:41,949 INFO     ___FILE_ONLY___     
2026-05-28 06:59:41,949 INFO     ___FILE_ONLY___ gke-env-integration-fenway-prometheus-451b8c62
2026-05-28 06:59:41,949 INFO     ___FILE_ONLY___   
2026-05-28 06:59:41,949 INFO     ___FILE_ONLY___ 0
2026-05-28 06:59:41,949 INFO     ___FILE_ONLY___      
2026-05-28 06:59:41,949 INFO     ___FILE_ONLY___ 0
2026-05-28 06:59:41,949 INFO     ___FILE_ONLY___             
2026-05-28 06:59:41,949 INFO     ___FILE_ONLY___ gke-env-integration-fenway-prometheus-0d366dd1
2026-05-28 06:59:41,949 INFO     ___FILE_ONLY___   
2026-05-28 06:59:41,949 INFO     ___FILE_ONLY___ no
2026-05-28 06:59:41,949 INFO     ___FILE_ONLY___ 

2026-05-28 06:59:41,961 DEBUG    root            Metrics reporting process started...
