2026-05-28 07:00:03,950 DEBUG    root            Loaded Command Group: ['gcloud', 'compute']
2026-05-28 07:00:03,952 DEBUG    root            Loaded Command Group: ['gcloud', 'compute', 'instance_groups']
2026-05-28 07:00:03,953 DEBUG    root            Loaded Command Group: ['gcloud', 'compute', 'instance-groups', 'managed']
2026-05-28 07:00:03,956 DEBUG    root            Loaded Command Group: ['gcloud', 'compute', 'instance-groups', 'managed', 'list']
2026-05-28 07:00:03,957 DEBUG    root            Running [gcloud.compute.instance-groups.managed.list] with arguments: [--filter: "name~loadgen OR name~artillery", --project: "integration-fenway-qa-val-2942"]
2026-05-28 07:00:03,959 DEBUG    root            On GCE from memory cache: False
2026-05-28 07:00:03,960 DEBUG    root            On GCE from memory cache: False
2026-05-28 07:00:04,135 INFO     root            client_filter='name~loadgen OR name~artillery' server_filter=None
2026-05-28 07:00:04,150 DEBUG    urllib3.connectionpool Starting new HTTPS connection (1): compute.googleapis.com:443
2026-05-28 07:00:04,565 DEBUG    urllib3.connectionpool https://compute.googleapis.com:443 "GET /compute/v1/projects/integration-fenway-qa-val-2942/aggregated/instanceGroupManagers?alt=json&includeAllScopes=True&maxResults=500&returnPartialSuccess=True HTTP/1.1" 200 None
2026-05-28 07:00:04,566 DEBUG    root            Chosen display Format:    table(
      name,
      location():label=LOCATION,
      location_scope():label=SCOPE,
      baseInstanceName,
      size,
      targetSize,
      instanceTemplate.basename(),
      autoscaled
    )

2026-05-28 07:00:04,567 INFO     root            Display format: "    table(
      name,
      location():label=LOCATION,
      location_scope():label=SCOPE,
      baseInstanceName,
      size,
      targetSize,
      instanceTemplate.basename(),
      autoscaled
    )
"
2026-05-28 07:00:04,568 WARNING  root            The following filter keys were not present in any resource : name
2026-05-28 07:00:04,577 DEBUG    root            Metrics reporting process started...
