2026-05-28 07:02:35,792 DEBUG    root            Loaded Command Group: ['gcloud', 'logging']
2026-05-28 07:02:35,834 DEBUG    root            Loaded Command Group: ['gcloud', 'logging', 'read']
2026-05-28 07:02:35,836 DEBUG    root            Running [gcloud.logging.read] with arguments: [--format: "value(timestamp,resource.labels.instance_id,textPayload)", --limit: "20", --project: "env-integration-fenway", LOG_FILTER: "resource.type=gce_instance AND timestamp>"2026-05-20T00:00:00Z" AND timestamp<"2026-05-28T18:00:00Z""]
2026-05-28 07:02:35,837 DEBUG    root            On GCE from memory cache: False
2026-05-28 07:02:35,841 DEBUG    root            On GCE from memory cache: False
2026-05-28 07:02:35,924 DEBUG    root            Chosen display Format:default value(timestamp,resource.labels.instance_id,textPayload)
2026-05-28 07:02:35,924 INFO     root            Display format: "default value(timestamp,resource.labels.instance_id,textPayload)"
2026-05-28 07:02:35,952 DEBUG    urllib3.connectionpool Starting new HTTPS connection (1): logging.googleapis.com:443
2026-05-28 07:02:37,321 DEBUG    urllib3.connectionpool https://logging.googleapis.com:443 "POST /v2/entries:list?alt=json HTTP/1.1" 200 None
2026-05-28 07:02:37,381 INFO     ___FILE_ONLY___ 2026-05-28T14:02:31Z	4307195543411265351	

2026-05-28 07:02:37,382 INFO     ___FILE_ONLY___ 2026-05-28T14:02:31Z	8009474218899838444	

2026-05-28 07:02:37,384 INFO     ___FILE_ONLY___ 2026-05-28T14:02:30.571540100Z	6050486652476167851	

2026-05-28 07:02:37,386 INFO     ___FILE_ONLY___ 2026-05-28T14:02:30Z	2143067569992358365	

2026-05-28 07:02:37,387 INFO     ___FILE_ONLY___ 2026-05-28T14:02:30Z	2143067569992358365	

2026-05-28 07:02:37,388 INFO     ___FILE_ONLY___ 2026-05-28T14:02:30Z	2143067569992358365	

2026-05-28 07:02:37,389 INFO     ___FILE_ONLY___ 2026-05-28T14:02:30Z	2143067569992358365	

2026-05-28 07:02:37,390 INFO     ___FILE_ONLY___ 2026-05-28T14:02:30Z	2143067569992358365	

2026-05-28 07:02:37,391 INFO     ___FILE_ONLY___ 2026-05-28T14:02:30Z	2143067569992358365	

2026-05-28 07:02:37,392 INFO     ___FILE_ONLY___ 2026-05-28T14:02:30Z	2143067569992358365	

2026-05-28 07:02:37,393 INFO     ___FILE_ONLY___ 2026-05-28T14:02:30Z	2143067569992358365	

2026-05-28 07:02:37,393 INFO     ___FILE_ONLY___ 2026-05-28T14:02:30Z	2143067569992358365	

2026-05-28 07:02:37,394 INFO     ___FILE_ONLY___ 2026-05-28T14:02:30Z	2143067569992358365	

2026-05-28 07:02:37,396 INFO     ___FILE_ONLY___ 2026-05-28T14:02:30Z	2143067569992358365	

2026-05-28 07:02:37,397 INFO     ___FILE_ONLY___ 2026-05-28T14:02:30Z	2143067569992358365	

2026-05-28 07:02:37,398 INFO     ___FILE_ONLY___ 2026-05-28T14:02:30Z	2143067569992358365	

2026-05-28 07:02:37,398 INFO     ___FILE_ONLY___ 2026-05-28T14:02:30Z	2143067569992358365	

2026-05-28 07:02:37,399 INFO     ___FILE_ONLY___ 2026-05-28T14:02:30Z	2143067569992358365	

2026-05-28 07:02:37,401 INFO     ___FILE_ONLY___ 2026-05-28T14:02:30Z	4307195543411265351	

2026-05-28 07:02:37,402 INFO     ___FILE_ONLY___ 2026-05-28T14:02:30Z	8009474218899838444	

2026-05-28 07:02:37,424 DEBUG    root            Metrics reporting process started...
