2026-05-28 07:00:08,703 DEBUG    root            Loaded Command Group: ['gcloud', 'compute']
2026-05-28 07:00:08,705 DEBUG    root            Loaded Command Group: ['gcloud', 'compute', 'instance_groups']
2026-05-28 07:00:08,705 DEBUG    root            Loaded Command Group: ['gcloud', 'compute', 'instance-groups', 'managed']
2026-05-28 07:00:08,708 DEBUG    root            Loaded Command Group: ['gcloud', 'compute', 'instance-groups', 'managed', 'list']
2026-05-28 07:00:08,709 DEBUG    root            Running [gcloud.compute.instance-groups.managed.list] with arguments: [--filter: "name~loadgen OR name~artillery", --project: "preprod-fenway-devops-monit-83"]
2026-05-28 07:00:08,711 DEBUG    root            On GCE from memory cache: False
2026-05-28 07:00:08,712 DEBUG    root            On GCE from memory cache: False
2026-05-28 07:00:08,820 INFO     root            client_filter='name~loadgen OR name~artillery' server_filter=None
2026-05-28 07:00:08,832 DEBUG    urllib3.connectionpool Starting new HTTPS connection (1): compute.googleapis.com:443
2026-05-28 07:00:09,274 DEBUG    urllib3.connectionpool https://compute.googleapis.com:443 "GET /compute/v1/projects/preprod-fenway-devops-monit-83/aggregated/instanceGroupManagers?alt=json&includeAllScopes=True&maxResults=500&returnPartialSuccess=True HTTP/1.1" 200 None
2026-05-28 07:00:09,275 DEBUG    root            Chosen display Format:    table(
      name,
      location():label=LOCATION,
      location_scope():label=SCOPE,
      baseInstanceName,
      size,
      targetSize,
      instanceTemplate.basename(),
      autoscaled
    )

2026-05-28 07:00:09,276 INFO     root            Display format: "    table(
      name,
      location():label=LOCATION,
      location_scope():label=SCOPE,
      baseInstanceName,
      size,
      targetSize,
      instanceTemplate.basename(),
      autoscaled
    )
"
2026-05-28 07:00:09,276 WARNING  root            The following filter keys were not present in any resource : name
2026-05-28 07:00:09,285 DEBUG    root            Metrics reporting process started...
