2026-05-28 07:00:02,267 DEBUG    root            Loaded Command Group: ['gcloud', 'compute']
2026-05-28 07:00:02,271 DEBUG    root            Loaded Command Group: ['gcloud', 'compute', 'instance_groups']
2026-05-28 07:00:02,273 DEBUG    root            Loaded Command Group: ['gcloud', 'compute', 'instance-groups', 'managed']
2026-05-28 07:00:02,281 DEBUG    root            Loaded Command Group: ['gcloud', 'compute', 'instance-groups', 'managed', 'list']
2026-05-28 07:00:02,283 DEBUG    root            Running [gcloud.compute.instance-groups.managed.list] with arguments: [--filter: "name~loadgen OR name~artillery", --project: "integration-fenway-devops-2940"]
2026-05-28 07:00:02,287 DEBUG    root            On GCE from memory cache: False
2026-05-28 07:00:02,290 DEBUG    root            On GCE from memory cache: False
2026-05-28 07:00:02,624 INFO     root            client_filter='name~loadgen OR name~artillery' server_filter=None
2026-05-28 07:00:02,653 DEBUG    urllib3.connectionpool Starting new HTTPS connection (1): compute.googleapis.com:443
2026-05-28 07:00:03,191 DEBUG    urllib3.connectionpool https://compute.googleapis.com:443 "GET /compute/v1/projects/integration-fenway-devops-2940/aggregated/instanceGroupManagers?alt=json&includeAllScopes=True&maxResults=500&returnPartialSuccess=True HTTP/1.1" 200 None
2026-05-28 07:00:03,194 DEBUG    root            Chosen display Format:    table(
      name,
      location():label=LOCATION,
      location_scope():label=SCOPE,
      baseInstanceName,
      size,
      targetSize,
      instanceTemplate.basename(),
      autoscaled
    )

2026-05-28 07:00:03,194 INFO     root            Display format: "    table(
      name,
      location():label=LOCATION,
      location_scope():label=SCOPE,
      baseInstanceName,
      size,
      targetSize,
      instanceTemplate.basename(),
      autoscaled
    )
"
2026-05-28 07:00:03,195 WARNING  root            The following filter keys were not present in any resource : name
2026-05-28 07:00:03,206 DEBUG    root            Metrics reporting process started...
