2026-05-28 07:14:02,584 DEBUG    root            Loaded Command Group: ['gcloud', 'compute']
2026-05-28 07:14:02,588 DEBUG    root            Loaded Command Group: ['gcloud', 'compute', 'instance_groups']
2026-05-28 07:14:02,590 DEBUG    root            Loaded Command Group: ['gcloud', 'compute', 'instance-groups', 'managed']
2026-05-28 07:14:02,600 DEBUG    root            Loaded Command Group: ['gcloud', 'compute', 'instance-groups', 'managed', 'list']
2026-05-28 07:14:02,603 DEBUG    root            Running [gcloud.compute.instance-groups.managed.list] with arguments: [--filter: "name~^artillery-loadgen-mig", --format: "value(name,region,targetSize)", --project: "env-integration-fenway"]
2026-05-28 07:14:02,606 DEBUG    root            On GCE from memory cache: False
2026-05-28 07:14:02,610 DEBUG    root            On GCE from memory cache: False
2026-05-28 07:14:02,748 INFO     root            client_filter=None server_filter='name eq ".*(^artillery-loadgen-mig).*"'
2026-05-28 07:14:02,759 DEBUG    urllib3.connectionpool Starting new HTTPS connection (1): compute.googleapis.com:443
2026-05-28 07:14:03,389 DEBUG    urllib3.connectionpool https://compute.googleapis.com:443 "GET /compute/v1/projects/env-integration-fenway/aggregated/instanceGroupManagers?alt=json&includeAllScopes=True&maxResults=500&returnPartialSuccess=True HTTP/1.1" 200 None
2026-05-28 07:14:03,667 DEBUG    urllib3.connectionpool https://compute.googleapis.com:443 "POST /batch/compute/v1 HTTP/1.1" 200 None
2026-05-28 07:14:03,871 DEBUG    urllib3.connectionpool https://compute.googleapis.com:443 "GET /compute/v1/projects/env-integration-fenway/regions/us-central1/instanceGroups?alt=json&maxResults=500 HTTP/1.1" 200 None
2026-05-28 07:14:04,214 DEBUG    urllib3.connectionpool https://compute.googleapis.com:443 "POST /batch/compute/v1 HTTP/1.1" 200 None
2026-05-28 07:14:04,224 DEBUG    root            Chosen display Format:    table(
      name,
      location():label=LOCATION,
      location_scope():label=SCOPE,
      baseInstanceName,
      size,
      targetSize,
      instanceTemplate.basename(),
      autoscaled
    )
 value(name,region,targetSize)
2026-05-28 07:14:04,225 INFO     root            Display format: "    table(
      name,
      location():label=LOCATION,
      location_scope():label=SCOPE,
      baseInstanceName,
      size,
      targetSize,
      instanceTemplate.basename(),
      autoscaled
    )
 value(name,region,targetSize)"
2026-05-28 07:14:04,253 INFO     ___FILE_ONLY___ artillery-loadgen-mig-fenway	https://www.googleapis.com/compute/v1/projects/env-integration-fenway/regions/us-central1	0

2026-05-28 07:14:04,275 DEBUG    root            Metrics reporting process started...
