2026-05-28 10:00:18,270 DEBUG    root            Loaded Command Group: ['gcloud', 'compute']
2026-05-28 10:00:18,273 DEBUG    root            Loaded Command Group: ['gcloud', 'compute', 'instances']
2026-05-28 10:00:18,277 DEBUG    root            Loaded Command Group: ['gcloud', 'compute', 'instances', 'list']
2026-05-28 10:00:18,279 DEBUG    root            Running [gcloud.compute.instances.list] with arguments: [--filter: "name~^loadgen-", --format: "value(name,zone,creationTimestamp)"]
2026-05-28 10:00:18,282 DEBUG    root            On GCE from memory cache: False
2026-05-28 10:00:18,285 DEBUG    root            On GCE from memory cache: False
2026-05-28 10:00:18,748 INFO     root            client_filter=None server_filter='name eq ".*(^loadgen-).*"'
2026-05-28 10:00:18,749 DEBUG    root            Chosen display Format:    table(
      name,
      zone.basename(),
      machineType.machine_type().basename(),
      scheduling.preemptible.yesno(yes=true, no=''),
      networkInterfaces.internal_ip():label=INTERNAL_IP,
      external_ip():label=EXTERNAL_IP,
      status
    ) value(name,zone,creationTimestamp)
2026-05-28 10:00:18,750 INFO     root            Display format: "    table(
      name,
      zone.basename(),
      machineType.machine_type().basename(),
      scheduling.preemptible.yesno(yes=true, no=''),
      networkInterfaces.internal_ip():label=INTERNAL_IP,
      external_ip():label=EXTERNAL_IP,
      status
    ) value(name,zone,creationTimestamp)"
2026-05-28 10:00:18,776 DEBUG    urllib3.connectionpool Starting new HTTPS connection (1): compute.googleapis.com:443
2026-05-28 10:00:19,402 DEBUG    urllib3.connectionpool https://compute.googleapis.com:443 "GET /compute/v1/projects/env-integration-fenway/aggregated/instances?alt=json&includeAllScopes=True&maxResults=500&returnPartialSuccess=True HTTP/1.1" 200 None
2026-05-28 10:00:19,937 INFO     ___FILE_ONLY___ loadgen-djd4	us-central1-b	2026-05-28T09:59:40.280-07:00

2026-05-28 10:00:19,962 DEBUG    root            Metrics reporting process started...
