2026-05-28 10:15:35,636 DEBUG    root            Loaded Command Group: ['gcloud', 'compute']
2026-05-28 10:15:35,639 DEBUG    root            Loaded Command Group: ['gcloud', 'compute', 'instances']
2026-05-28 10:15:35,640 DEBUG    root            Loaded Command Group: ['gcloud', 'compute', 'instances', 'get_serial_port_output']
2026-05-28 10:15:35,642 DEBUG    root            Running [gcloud.compute.instances.get-serial-port-output] with arguments: [--zone: "us-central1-f", INSTANCE_NAME: "loadgen-x5r4"]
2026-05-28 10:15:35,643 DEBUG    root            On GCE from memory cache: False
2026-05-28 10:15:35,645 DEBUG    root            On GCE from memory cache: False
2026-05-28 10:15:35,924 DEBUG    urllib3.connectionpool Starting new HTTPS connection (1): compute.googleapis.com:443
2026-05-28 10:15:36,375 DEBUG    urllib3.connectionpool https://compute.googleapis.com:443 "GET /compute/v1/projects/env-integration-fenway/zones/us-central1-f/instances/loadgen-x5r4/serialPort?alt=json&port=1 HTTP/1.1" 400 None
2026-05-28 10:15:36,377 DEBUG    root            (gcloud.compute.instances.get-serial-port-output) Could not fetch serial port output: The resource 'projects/env-integration-fenway/zones/us-central1-f/instances/loadgen-x5r4' is not ready
Traceback (most recent call last):
  File "/opt/homebrew/Caskroom/gcloud-cli/542.0.0/google-cloud-sdk/lib/googlecloudsdk/calliope/cli.py", line 957, in Execute
    resources = calliope_command.Run(cli=self, args=args)
  File "/opt/homebrew/Caskroom/gcloud-cli/542.0.0/google-cloud-sdk/lib/googlecloudsdk/calliope/backend.py", line 968, in Run
    resources = command_instance.Run(args)
  File "/opt/homebrew/Caskroom/gcloud-cli/542.0.0/google-cloud-sdk/lib/surface/compute/instances/get_serial_port_output.py", line 93, in Run
    raise GetSerialPortOutputException(
        'Could not fetch serial port output: ' +
        ','.join([error[1] for error in errors]))
__calliope__command__.7ae64df7eef849a3a4925a7290a67bac.gcloud.compute.instances.get_serial_port_output.GetSerialPortOutputException: Could not fetch serial port output: The resource 'projects/env-integration-fenway/zones/us-central1-f/instances/loadgen-x5r4' is not ready
2026-05-28 10:15:36,381 ERROR    root            (gcloud.compute.instances.get-serial-port-output) Could not fetch serial port output: The resource 'projects/env-integration-fenway/zones/us-central1-f/instances/loadgen-x5r4' is not ready
2026-05-28 10:15:36,400 DEBUG    root            Metrics reporting process started...
