2026-05-28 10:15:33,076 DEBUG    root            Loaded Command Group: ['gcloud', 'compute']
2026-05-28 10:15:33,079 DEBUG    root            Loaded Command Group: ['gcloud', 'compute', 'instances']
2026-05-28 10:15:33,080 DEBUG    root            Loaded Command Group: ['gcloud', 'compute', 'instances', 'list']
2026-05-28 10:15:33,081 DEBUG    root            Running [gcloud.compute.instances.list] with arguments: [--filter: "name=loadgen-x5r4", --format: "value(zone)"]
2026-05-28 10:15:33,083 DEBUG    root            On GCE from memory cache: False
2026-05-28 10:15:33,084 DEBUG    root            On GCE from memory cache: False
2026-05-28 10:15:33,342 INFO     root            client_filter=None server_filter='name eq ".*\\bloadgen\\-x5r4\\b.*"'
2026-05-28 10:15:33,395 DEBUG    root            Chosen display Format:    table(
      name,
      zone.basename(),
      machineType.machine_type().basename(),
      scheduling.preemptible.yesno(yes=true, no=''),
      networkInterfaces.internal_ip():label=INTERNAL_IP,
      external_ip():label=EXTERNAL_IP,
      status
    ) value(zone)
2026-05-28 10:15:33,400 INFO     root            Display format: "    table(
      name,
      zone.basename(),
      machineType.machine_type().basename(),
      scheduling.preemptible.yesno(yes=true, no=''),
      networkInterfaces.internal_ip():label=INTERNAL_IP,
      external_ip():label=EXTERNAL_IP,
      status
    ) value(zone)"
2026-05-28 10:15:33,422 DEBUG    urllib3.connectionpool Starting new HTTPS connection (1): compute.googleapis.com:443
2026-05-28 10:15:33,921 DEBUG    urllib3.connectionpool https://compute.googleapis.com:443 "GET /compute/v1/projects/env-integration-fenway/aggregated/instances?alt=json&includeAllScopes=True&maxResults=500&returnPartialSuccess=True HTTP/1.1" 200 None
2026-05-28 10:15:34,288 INFO     ___FILE_ONLY___ us-central1-f

2026-05-28 10:15:34,304 DEBUG    root            Metrics reporting process started...
