2026-05-28 10:15:30,535 DEBUG    root            Loaded Command Group: ['gcloud', 'compute']
2026-05-28 10:15:30,545 DEBUG    root            Loaded Command Group: ['gcloud', 'compute', 'instances']
2026-05-28 10:15:30,548 DEBUG    root            Loaded Command Group: ['gcloud', 'compute', 'instances', 'list']
2026-05-28 10:15:30,550 DEBUG    root            Running [gcloud.compute.instances.list] with arguments: [--filter: "name~^loadgen-", --format: "value(name)"]
2026-05-28 10:15:30,555 DEBUG    root            On GCE from memory cache: False
2026-05-28 10:15:30,560 DEBUG    root            On GCE from memory cache: False
2026-05-28 10:15:30,865 INFO     root            client_filter=None server_filter='name eq ".*(^loadgen-).*"'
2026-05-28 10:15:30,868 DEBUG    root            Chosen display Format:    table(
      name,
      zone.basename(),
      machineType.machine_type().basename(),
      scheduling.preemptible.yesno(yes=true, no=''),
      networkInterfaces.internal_ip():label=INTERNAL_IP,
      external_ip():label=EXTERNAL_IP,
      status
    ) value(name)
2026-05-28 10:15:30,873 INFO     root            Display format: "    table(
      name,
      zone.basename(),
      machineType.machine_type().basename(),
      scheduling.preemptible.yesno(yes=true, no=''),
      networkInterfaces.internal_ip():label=INTERNAL_IP,
      external_ip():label=EXTERNAL_IP,
      status
    ) value(name)"
2026-05-28 10:15:30,888 DEBUG    urllib3.connectionpool Starting new HTTPS connection (1): compute.googleapis.com:443
2026-05-28 10:15:31,527 DEBUG    urllib3.connectionpool https://compute.googleapis.com:443 "GET /compute/v1/projects/env-integration-fenway/aggregated/instances?alt=json&includeAllScopes=True&maxResults=500&returnPartialSuccess=True HTTP/1.1" 200 None
2026-05-28 10:15:31,995 INFO     ___FILE_ONLY___ loadgen-x5r4

2026-05-28 10:15:32,010 DEBUG    root            Metrics reporting process started...
