2026-05-28 14:55:50,493 DEBUG    root            Loaded Command Group: ['gcloud', 'config']
2026-05-28 14:55:50,520 DEBUG    root            Loaded Command Group: ['gcloud', 'config', 'list']
2026-05-28 14:55:50,522 DEBUG    root            Running [gcloud.config.list] with arguments: []
2026-05-28 14:55:50,527 DEBUG    root            On GCE from memory cache: False
2026-05-28 14:55:50,533 DEBUG    root            Chosen display Format:config
2026-05-28 14:55:50,533 INFO     root            Display format: "config"
2026-05-28 14:55:50,620 INFO     ___FILE_ONLY___ [core]
account = jpresley@synthesis.health
disable_usage_reporting = False
project = env-integration-fenway

2026-05-28 14:55:50,620 INFO     ___FILE_ONLY___ 
Your active configuration is: [default]

2026-05-28 14:55:50,633 DEBUG    root            On GCE from memory cache: False
2026-05-28 14:55:50,646 DEBUG    root            On GCE from memory cache: False
2026-05-28 14:55:50,648 DEBUG    root            On GCE from memory cache: False
2026-05-28 14:55:50,648 DEBUG    google.auth.transport.requests Making request: POST https://oauth2.googleapis.com/token
2026-05-28 14:55:50,673 DEBUG    urllib3.connectionpool Starting new HTTPS connection (1): oauth2.googleapis.com:443
2026-05-28 14:55:50,874 DEBUG    urllib3.connectionpool https://oauth2.googleapis.com:443 "POST /token HTTP/1.1" 200 None
2026-05-28 14:55:50,885 DEBUG    urllib3.connectionpool Starting new HTTPS connection (1): cloudresourcemanager.googleapis.com:443
2026-05-28 14:55:51,287 DEBUG    urllib3.connectionpool https://cloudresourcemanager.googleapis.com:443 "GET /v1/projects/env-integration-fenway?alt=json HTTP/1.1" 200 None
2026-05-28 14:55:51,299 DEBUG    root            On GCE from memory cache: False
2026-05-28 14:55:51,306 DEBUG    urllib3.connectionpool Starting new HTTPS connection (1): cloudresourcemanager.googleapis.com:443
2026-05-28 14:55:51,748 DEBUG    urllib3.connectionpool https://cloudresourcemanager.googleapis.com:443 "GET /v3/effectiveTags?alt=json&pageSize=100&parent=%2F%2Fcloudresourcemanager.googleapis.com%2Fprojects%2Fenv-integration-fenway HTTP/1.1" 200 None
2026-05-28 14:55:51,749 INFO     ___FILE_ONLY___ [environment: Development]

2026-05-28 14:55:51,764 DEBUG    root            Metrics reporting process started...
