2026-05-27 17:33:10,240 DEBUG    root            Loaded Command Group: ['gcloud', 'compute']
2026-05-27 17:33:10,255 DEBUG    root            Loaded Command Group: ['gcloud', 'compute', 'instance_templates']
2026-05-27 17:33:10,259 DEBUG    root            Loaded Command Group: ['gcloud', 'compute', 'instance-templates', 'list']
2026-05-27 17:33:10,262 DEBUG    root            Running [gcloud.compute.instance-templates.list] with arguments: [--filter: "name~^artillery-loadgen", --format: "value(name,creationTimestamp)", --project: "env-integration-fenway"]
2026-05-27 17:33:10,267 DEBUG    root            On GCE from memory cache: False
2026-05-27 17:33:10,306 DEBUG    root            Failed to check metadata server: <urlopen error [Errno 8] nodename nor servname provided, or not known>
2026-05-27 17:33:10,306 DEBUG    root            On GCE from server: False
2026-05-27 17:33:10,325 DEBUG    root            On GCE from memory cache: False
2026-05-27 17:33:10,327 DEBUG    root            On GCE from memory cache: False
2026-05-27 17:33:10,327 DEBUG    google.auth.transport.requests Making request: POST https://oauth2.googleapis.com/token
2026-05-27 17:33:10,394 DEBUG    urllib3.connectionpool Starting new HTTPS connection (1): oauth2.googleapis.com:443
2026-05-27 17:33:10,568 DEBUG    urllib3.connectionpool https://oauth2.googleapis.com:443 "POST /token HTTP/1.1" 200 None
2026-05-27 17:33:10,657 INFO     root            client_filter=None server_filter='name eq ".*(^artillery-loadgen).*"'
2026-05-27 17:33:10,657 DEBUG    root            Chosen display Format:    table(
      name,
      properties.machineType.machine_type(),
      properties.scheduling.preemptible.yesno(yes=true, no=''),
      creationTimestamp
    ) value(name,creationTimestamp)
2026-05-27 17:33:10,658 INFO     root            Display format: "    table(
      name,
      properties.machineType.machine_type(),
      properties.scheduling.preemptible.yesno(yes=true, no=''),
      creationTimestamp
    ) value(name,creationTimestamp)"
2026-05-27 17:33:10,659 DEBUG    urllib3.connectionpool Starting new HTTPS connection (1): compute.googleapis.com:443
2026-05-27 17:33:11,156 DEBUG    urllib3.connectionpool https://compute.googleapis.com:443 "GET /compute/v1/projects/env-integration-fenway/aggregated/instanceTemplates?alt=json&includeAllScopes=True&maxResults=500&returnPartialSuccess=True HTTP/1.1" 200 None
2026-05-27 17:33:11,588 INFO     ___FILE_ONLY___ artillery-loadgen-tpl-prod	2026-05-07T17:24:11.381-07:00

2026-05-27 17:33:11,607 DEBUG    root            Metrics reporting process started...
