2026-05-27 17:34:45,408 DEBUG    root            Loaded Command Group: ['gcloud', 'compute']
2026-05-27 17:34:45,411 DEBUG    root            Loaded Command Group: ['gcloud', 'compute', 'instance_groups']
2026-05-27 17:34:45,412 DEBUG    root            Loaded Command Group: ['gcloud', 'compute', 'instance-groups', 'managed']
2026-05-27 17:34:45,417 DEBUG    root            Loaded Command Group: ['gcloud', 'compute', 'instance-groups', 'managed', 'list']
2026-05-27 17:34:45,419 DEBUG    root            Running [gcloud.compute.instance-groups.managed.list] with arguments: [--format: "table(name,location,size,targetSize)", --project: "env-integration-fenway"]
2026-05-27 17:34:45,421 DEBUG    root            On GCE from memory cache: False
2026-05-27 17:34:45,422 DEBUG    root            On GCE from memory cache: False
2026-05-27 17:34:45,554 DEBUG    urllib3.connectionpool Starting new HTTPS connection (1): compute.googleapis.com:443
2026-05-27 17:34:49,621 DEBUG    urllib3.connectionpool https://compute.googleapis.com:443 "GET /compute/v1/projects/env-integration-fenway/aggregated/instanceGroupManagers?alt=json&includeAllScopes=True&maxResults=500&returnPartialSuccess=True HTTP/1.1" 200 None
2026-05-27 17:34:50,687 DEBUG    urllib3.connectionpool https://compute.googleapis.com:443 "POST /batch/compute/v1 HTTP/1.1" 200 None
2026-05-27 17:34:51,295 DEBUG    urllib3.connectionpool https://compute.googleapis.com:443 "GET /compute/v1/projects/env-integration-fenway/regions/us-central1/instanceGroups?alt=json&maxResults=500 HTTP/1.1" 200 None
2026-05-27 17:34:51,565 DEBUG    urllib3.connectionpool https://compute.googleapis.com:443 "POST /batch/compute/v1 HTTP/1.1" 200 None
2026-05-27 17:34:51,571 DEBUG    root            Chosen display Format:    table(
      name,
      location():label=LOCATION,
      location_scope():label=SCOPE,
      baseInstanceName,
      size,
      targetSize,
      instanceTemplate.basename(),
      autoscaled
    )
 table(name,location,size,targetSize)
2026-05-27 17:34:51,571 INFO     root            Display format: "    table(
      name,
      location():label=LOCATION,
      location_scope():label=SCOPE,
      baseInstanceName,
      size,
      targetSize,
      instanceTemplate.basename(),
      autoscaled
    )
 table(name,location,size,targetSize)"
2026-05-27 17:34:51,582 INFO     ___FILE_ONLY___ NAME
2026-05-27 17:34:51,582 INFO     ___FILE_ONLY___                                                 
2026-05-27 17:34:51,582 INFO     ___FILE_ONLY___ LOCATION
2026-05-27 17:34:51,582 INFO     ___FILE_ONLY___   
2026-05-27 17:34:51,582 INFO     ___FILE_ONLY___ SIZE
2026-05-27 17:34:51,582 INFO     ___FILE_ONLY___   
2026-05-27 17:34:51,582 INFO     ___FILE_ONLY___ TARGET_SIZE
2026-05-27 17:34:51,582 INFO     ___FILE_ONLY___ 

2026-05-27 17:34:51,582 INFO     ___FILE_ONLY___ artillery-loadgen-mig-prod
2026-05-27 17:34:51,582 INFO     ___FILE_ONLY___                                     
2026-05-27 17:34:51,582 INFO     ___FILE_ONLY___ 0
2026-05-27 17:34:51,582 INFO     ___FILE_ONLY___      
2026-05-27 17:34:51,582 INFO     ___FILE_ONLY___ 0
2026-05-27 17:34:51,582 INFO     ___FILE_ONLY___ 

2026-05-27 17:34:51,582 INFO     ___FILE_ONLY___ gke-env-integration--general-workload-badf2308-grp
2026-05-27 17:34:51,582 INFO     ___FILE_ONLY___             
2026-05-27 17:34:51,582 INFO     ___FILE_ONLY___ 4
2026-05-27 17:34:51,582 INFO     ___FILE_ONLY___      
2026-05-27 17:34:51,582 INFO     ___FILE_ONLY___ 4
2026-05-27 17:34:51,582 INFO     ___FILE_ONLY___ 

2026-05-27 17:34:51,582 INFO     ___FILE_ONLY___ gke-env-integration-f-fovia-viewer-v2-5c1a20fe-grp
2026-05-27 17:34:51,582 INFO     ___FILE_ONLY___             
2026-05-27 17:34:51,582 INFO     ___FILE_ONLY___ 1
2026-05-27 17:34:51,582 INFO     ___FILE_ONLY___      
2026-05-27 17:34:51,582 INFO     ___FILE_ONLY___ 1
2026-05-27 17:34:51,582 INFO     ___FILE_ONLY___ 

2026-05-27 17:34:51,582 INFO     ___FILE_ONLY___ gke-env-integration-fe-core-ingestion-a60002af-grp
2026-05-27 17:34:51,582 INFO     ___FILE_ONLY___             
2026-05-27 17:34:51,582 INFO     ___FILE_ONLY___ 2
2026-05-27 17:34:51,583 INFO     ___FILE_ONLY___      
2026-05-27 17:34:51,583 INFO     ___FILE_ONLY___ 2
2026-05-27 17:34:51,583 INFO     ___FILE_ONLY___ 

2026-05-27 17:34:51,583 INFO     ___FILE_ONLY___ gke-env-integration-fen-foviacache-v3-dbb6ef48-grp
2026-05-27 17:34:51,583 INFO     ___FILE_ONLY___             
2026-05-27 17:34:51,583 INFO     ___FILE_ONLY___ 4
2026-05-27 17:34:51,583 INFO     ___FILE_ONLY___      
2026-05-27 17:34:51,583 INFO     ___FILE_ONLY___ 4
2026-05-27 17:34:51,583 INFO     ___FILE_ONLY___ 

2026-05-27 17:34:51,583 INFO     ___FILE_ONLY___ gke-env-integration-fenway-cl-backend-09b424e0-grp
2026-05-27 17:34:51,583 INFO     ___FILE_ONLY___             
2026-05-27 17:34:51,583 INFO     ___FILE_ONLY___ 2
2026-05-27 17:34:51,583 INFO     ___FILE_ONLY___      
2026-05-27 17:34:51,583 INFO     ___FILE_ONLY___ 2
2026-05-27 17:34:51,583 INFO     ___FILE_ONLY___ 

2026-05-27 17:34:51,583 INFO     ___FILE_ONLY___ gke-env-integration-fenway-cl-mongodb-3b8d18c3-grp
2026-05-27 17:34:51,583 INFO     ___FILE_ONLY___             
2026-05-27 17:34:51,583 INFO     ___FILE_ONLY___ 1
2026-05-27 17:34:51,583 INFO     ___FILE_ONLY___      
2026-05-27 17:34:51,583 INFO     ___FILE_ONLY___ 1
2026-05-27 17:34:51,583 INFO     ___FILE_ONLY___ 

2026-05-27 17:34:51,583 INFO     ___FILE_ONLY___ gke-env-integration-fenway-monitoring-4b9b4a13-grp
2026-05-27 17:34:51,583 INFO     ___FILE_ONLY___             
2026-05-27 17:34:51,583 INFO     ___FILE_ONLY___ 0
2026-05-27 17:34:51,583 INFO     ___FILE_ONLY___      
2026-05-27 17:34:51,583 INFO     ___FILE_ONLY___ 0
2026-05-27 17:34:51,583 INFO     ___FILE_ONLY___ 

2026-05-27 17:34:51,583 INFO     ___FILE_ONLY___ gke-env-integration--general-workload-75b3348b-grp
2026-05-27 17:34:51,583 INFO     ___FILE_ONLY___             
2026-05-27 17:34:51,583 INFO     ___FILE_ONLY___ 3
2026-05-27 17:34:51,583 INFO     ___FILE_ONLY___      
2026-05-27 17:34:51,583 INFO     ___FILE_ONLY___ 3
2026-05-27 17:34:51,583 INFO     ___FILE_ONLY___ 

2026-05-27 17:34:51,583 INFO     ___FILE_ONLY___ gke-env-integration--nginx-ingress-po-e2def61c-grp
2026-05-27 17:34:51,583 INFO     ___FILE_ONLY___             
2026-05-27 17:34:51,583 INFO     ___FILE_ONLY___ 1
2026-05-27 17:34:51,583 INFO     ___FILE_ONLY___      
2026-05-27 17:34:51,583 INFO     ___FILE_ONLY___ 1
2026-05-27 17:34:51,583 INFO     ___FILE_ONLY___ 

2026-05-27 17:34:51,583 INFO     ___FILE_ONLY___ gke-env-integration-fe-core-ingestion-bebc0930-grp
2026-05-27 17:34:51,583 INFO     ___FILE_ONLY___             
2026-05-27 17:34:51,583 INFO     ___FILE_ONLY___ 2
2026-05-27 17:34:51,583 INFO     ___FILE_ONLY___      
2026-05-27 17:34:51,583 INFO     ___FILE_ONLY___ 2
2026-05-27 17:34:51,583 INFO     ___FILE_ONLY___ 

2026-05-27 17:34:51,583 INFO     ___FILE_ONLY___ gke-env-integration-fenway--fenway-ai-eaac0b98-grp
2026-05-27 17:34:51,583 INFO     ___FILE_ONLY___             
2026-05-27 17:34:51,583 INFO     ___FILE_ONLY___ 0
2026-05-27 17:34:51,583 INFO     ___FILE_ONLY___      
2026-05-27 17:34:51,583 INFO     ___FILE_ONLY___ 0
2026-05-27 17:34:51,583 INFO     ___FILE_ONLY___ 

2026-05-27 17:34:51,583 INFO     ___FILE_ONLY___ gke-env-integration-fenway-cl-backend-0ecc5615-grp
2026-05-27 17:34:51,583 INFO     ___FILE_ONLY___             
2026-05-27 17:34:51,583 INFO     ___FILE_ONLY___ 2
2026-05-27 17:34:51,583 INFO     ___FILE_ONLY___      
2026-05-27 17:34:51,584 INFO     ___FILE_ONLY___ 2
2026-05-27 17:34:51,584 INFO     ___FILE_ONLY___ 

2026-05-27 17:34:51,584 INFO     ___FILE_ONLY___ gke-env-integration-fenway-cl-mongodb-a1d6f90a-grp
2026-05-27 17:34:51,584 INFO     ___FILE_ONLY___             
2026-05-27 17:34:51,584 INFO     ___FILE_ONLY___ 1
2026-05-27 17:34:51,584 INFO     ___FILE_ONLY___      
2026-05-27 17:34:51,584 INFO     ___FILE_ONLY___ 1
2026-05-27 17:34:51,584 INFO     ___FILE_ONLY___ 

2026-05-27 17:34:51,584 INFO     ___FILE_ONLY___ gke-env-integration-fenway-cl-trigram-b340f2d4-grp
2026-05-27 17:34:51,584 INFO     ___FILE_ONLY___             
2026-05-27 17:34:51,584 INFO     ___FILE_ONLY___ 1
2026-05-27 17:34:51,584 INFO     ___FILE_ONLY___      
2026-05-27 17:34:51,584 INFO     ___FILE_ONLY___ 1
2026-05-27 17:34:51,584 INFO     ___FILE_ONLY___ 

2026-05-27 17:34:51,584 INFO     ___FILE_ONLY___ gke-env-integration-fenway-monitoring-5c5aec31-grp
2026-05-27 17:34:51,584 INFO     ___FILE_ONLY___             
2026-05-27 17:34:51,584 INFO     ___FILE_ONLY___ 1
2026-05-27 17:34:51,584 INFO     ___FILE_ONLY___      
2026-05-27 17:34:51,584 INFO     ___FILE_ONLY___ 1
2026-05-27 17:34:51,584 INFO     ___FILE_ONLY___ 

2026-05-27 17:34:51,584 INFO     ___FILE_ONLY___ gke-env-integration-fenway-prometheus-8ce0a05e-grp
2026-05-27 17:34:51,584 INFO     ___FILE_ONLY___             
2026-05-27 17:34:51,584 INFO     ___FILE_ONLY___ 0
2026-05-27 17:34:51,584 INFO     ___FILE_ONLY___      
2026-05-27 17:34:51,584 INFO     ___FILE_ONLY___ 0
2026-05-27 17:34:51,584 INFO     ___FILE_ONLY___ 

2026-05-27 17:34:51,584 INFO     ___FILE_ONLY___ gke-env-integration--general-workload-dc0a3bf5-grp
2026-05-27 17:34:51,584 INFO     ___FILE_ONLY___             
2026-05-27 17:34:51,584 INFO     ___FILE_ONLY___ 4
2026-05-27 17:34:51,584 INFO     ___FILE_ONLY___      
2026-05-27 17:34:51,584 INFO     ___FILE_ONLY___ 4
2026-05-27 17:34:51,584 INFO     ___FILE_ONLY___ 

2026-05-27 17:34:51,584 INFO     ___FILE_ONLY___ gke-env-integration--nginx-ingress-po-337bd0e7-grp
2026-05-27 17:34:51,584 INFO     ___FILE_ONLY___             
2026-05-27 17:34:51,584 INFO     ___FILE_ONLY___ 1
2026-05-27 17:34:51,584 INFO     ___FILE_ONLY___      
2026-05-27 17:34:51,584 INFO     ___FILE_ONLY___ 1
2026-05-27 17:34:51,584 INFO     ___FILE_ONLY___ 

2026-05-27 17:34:51,584 INFO     ___FILE_ONLY___ gke-env-integration-fe-core-ingestion-9192fdd4-grp
2026-05-27 17:34:51,584 INFO     ___FILE_ONLY___             
2026-05-27 17:34:51,584 INFO     ___FILE_ONLY___ 2
2026-05-27 17:34:51,584 INFO     ___FILE_ONLY___      
2026-05-27 17:34:51,584 INFO     ___FILE_ONLY___ 2
2026-05-27 17:34:51,584 INFO     ___FILE_ONLY___ 

2026-05-27 17:34:51,584 INFO     ___FILE_ONLY___ gke-env-integration-fenway--fenway-ai-f5a026af-grp
2026-05-27 17:34:51,584 INFO     ___FILE_ONLY___             
2026-05-27 17:34:51,584 INFO     ___FILE_ONLY___ 1
2026-05-27 17:34:51,584 INFO     ___FILE_ONLY___      
2026-05-27 17:34:51,584 INFO     ___FILE_ONLY___ 1
2026-05-27 17:34:51,584 INFO     ___FILE_ONLY___ 

2026-05-27 17:34:51,584 INFO     ___FILE_ONLY___ gke-env-integration-fenway-cl-mongodb-4f8989aa-grp
2026-05-27 17:34:51,584 INFO     ___FILE_ONLY___             
2026-05-27 17:34:51,584 INFO     ___FILE_ONLY___ 1
2026-05-27 17:34:51,584 INFO     ___FILE_ONLY___      
2026-05-27 17:34:51,584 INFO     ___FILE_ONLY___ 1
2026-05-27 17:34:51,584 INFO     ___FILE_ONLY___ 

2026-05-27 17:34:51,584 INFO     ___FILE_ONLY___ gke-env-integration-fenway-cl-trigram-3d4634a2-grp
2026-05-27 17:34:51,584 INFO     ___FILE_ONLY___             
2026-05-27 17:34:51,584 INFO     ___FILE_ONLY___ 1
2026-05-27 17:34:51,584 INFO     ___FILE_ONLY___      
2026-05-27 17:34:51,584 INFO     ___FILE_ONLY___ 1
2026-05-27 17:34:51,584 INFO     ___FILE_ONLY___ 

2026-05-27 17:34:51,584 INFO     ___FILE_ONLY___ gke-env-integration-fenway-prometheus-dde967d1-grp
2026-05-27 17:34:51,584 INFO     ___FILE_ONLY___             
2026-05-27 17:34:51,584 INFO     ___FILE_ONLY___ 0
2026-05-27 17:34:51,585 INFO     ___FILE_ONLY___      
2026-05-27 17:34:51,585 INFO     ___FILE_ONLY___ 0
2026-05-27 17:34:51,585 INFO     ___FILE_ONLY___ 

2026-05-27 17:34:51,585 INFO     ___FILE_ONLY___ gke-env-integration--nginx-ingress-po-d54259a6-grp
2026-05-27 17:34:51,585 INFO     ___FILE_ONLY___             
2026-05-27 17:34:51,585 INFO     ___FILE_ONLY___ 1
2026-05-27 17:34:51,585 INFO     ___FILE_ONLY___      
2026-05-27 17:34:51,585 INFO     ___FILE_ONLY___ 1
2026-05-27 17:34:51,585 INFO     ___FILE_ONLY___ 

2026-05-27 17:34:51,585 INFO     ___FILE_ONLY___ gke-env-integration-fenway--fenway-ai-984caf60-grp
2026-05-27 17:34:51,585 INFO     ___FILE_ONLY___             
2026-05-27 17:34:51,585 INFO     ___FILE_ONLY___ 0
2026-05-27 17:34:51,585 INFO     ___FILE_ONLY___      
2026-05-27 17:34:51,585 INFO     ___FILE_ONLY___ 0
2026-05-27 17:34:51,585 INFO     ___FILE_ONLY___ 

2026-05-27 17:34:51,585 INFO     ___FILE_ONLY___ gke-env-integration-fenway-cl-trigram-cbc9828a-grp
2026-05-27 17:34:51,585 INFO     ___FILE_ONLY___             
2026-05-27 17:34:51,585 INFO     ___FILE_ONLY___ 0
2026-05-27 17:34:51,585 INFO     ___FILE_ONLY___      
2026-05-27 17:34:51,585 INFO     ___FILE_ONLY___ 0
2026-05-27 17:34:51,585 INFO     ___FILE_ONLY___ 

2026-05-27 17:34:51,585 INFO     ___FILE_ONLY___ gke-env-integration-fenway-prometheus-451b8c62-grp
2026-05-27 17:34:51,585 INFO     ___FILE_ONLY___             
2026-05-27 17:34:51,585 INFO     ___FILE_ONLY___ 0
2026-05-27 17:34:51,585 INFO     ___FILE_ONLY___      
2026-05-27 17:34:51,585 INFO     ___FILE_ONLY___ 0
2026-05-27 17:34:51,585 INFO     ___FILE_ONLY___ 

2026-05-27 17:34:51,594 DEBUG    root            Metrics reporting process started...
