2026-05-27 17:39:20,154 DEBUG    root            Loaded Command Group: ['gcloud', 'compute']
2026-05-27 17:39:20,159 DEBUG    root            Loaded Command Group: ['gcloud', 'compute', 'instances']
2026-05-27 17:39:20,165 DEBUG    root            Loaded Command Group: ['gcloud', 'compute', 'instances', 'list']
2026-05-27 17:39:20,168 DEBUG    root            Running [gcloud.compute.instances.list] with arguments: [--filter: "name~^loadgen-", --format: "table(name,zone.basename(),status,creationTimestamp)", --project: "env-integration-fenway"]
2026-05-27 17:39:20,175 DEBUG    root            On GCE from memory cache: False
2026-05-27 17:39:20,179 DEBUG    root            On GCE from memory cache: False
2026-05-27 17:39:20,347 INFO     root            client_filter=None server_filter='name eq ".*(^loadgen-).*"'
2026-05-27 17:39:20,347 DEBUG    root            Chosen display Format:    table(
      name,
      zone.basename(),
      machineType.machine_type().basename(),
      scheduling.preemptible.yesno(yes=true, no=''),
      networkInterfaces.internal_ip():label=INTERNAL_IP,
      external_ip():label=EXTERNAL_IP,
      status
    ) table(name,zone.basename(),status,creationTimestamp)
2026-05-27 17:39:20,349 INFO     root            Display format: "    table(
      name,
      zone.basename(),
      machineType.machine_type().basename(),
      scheduling.preemptible.yesno(yes=true, no=''),
      networkInterfaces.internal_ip():label=INTERNAL_IP,
      external_ip():label=EXTERNAL_IP,
      status
    ) table(name,zone.basename(),status,creationTimestamp)"
2026-05-27 17:39:20,359 DEBUG    urllib3.connectionpool Starting new HTTPS connection (1): compute.googleapis.com:443
2026-05-27 17:39:20,984 DEBUG    urllib3.connectionpool https://compute.googleapis.com:443 "GET /compute/v1/projects/env-integration-fenway/aggregated/instances?alt=json&includeAllScopes=True&maxResults=500&returnPartialSuccess=True HTTP/1.1" 200 None
2026-05-27 17:39:21,541 INFO     ___FILE_ONLY___ NAME
2026-05-27 17:39:21,541 INFO     ___FILE_ONLY___           
2026-05-27 17:39:21,541 INFO     ___FILE_ONLY___ ZONE
2026-05-27 17:39:21,541 INFO     ___FILE_ONLY___            
2026-05-27 17:39:21,541 INFO     ___FILE_ONLY___ STATUS
2026-05-27 17:39:21,541 INFO     ___FILE_ONLY___    
2026-05-27 17:39:21,541 INFO     ___FILE_ONLY___ CREATION_TIMESTAMP
2026-05-27 17:39:21,541 INFO     ___FILE_ONLY___ 

2026-05-27 17:39:21,541 INFO     ___FILE_ONLY___ loadgen-xwdk
2026-05-27 17:39:21,541 INFO     ___FILE_ONLY___   
2026-05-27 17:39:21,541 INFO     ___FILE_ONLY___ us-central1-c
2026-05-27 17:39:21,541 INFO     ___FILE_ONLY___   
2026-05-27 17:39:21,541 INFO     ___FILE_ONLY___ RUNNING
2026-05-27 17:39:21,541 INFO     ___FILE_ONLY___   
2026-05-27 17:39:21,542 INFO     ___FILE_ONLY___ 2026-05-27T17:36:58.085-07:00
2026-05-27 17:39:21,542 INFO     ___FILE_ONLY___ 

2026-05-27 17:39:21,556 DEBUG    root            Metrics reporting process started...
