2026-05-27 17:33:12,826 DEBUG    root            Loaded Command Group: ['gcloud', 'compute']
2026-05-27 17:33:12,829 DEBUG    root            Loaded Command Group: ['gcloud', 'compute', 'instance_groups']
2026-05-27 17:33:12,832 DEBUG    root            Loaded Command Group: ['gcloud', 'compute', 'instance-groups', 'managed']
2026-05-27 17:33:12,842 DEBUG    root            Loaded Command Group: ['gcloud', 'compute', 'instance-groups', 'managed', 'list']
2026-05-27 17:33:12,844 DEBUG    root            Running [gcloud.compute.instance-groups.managed.list] with arguments: [--filter: "name~^artillery-loadgen", --format: "value(name,location,size,targetSize)", --project: "env-integration-fenway"]
2026-05-27 17:33:12,846 DEBUG    root            On GCE from memory cache: False
2026-05-27 17:33:12,848 DEBUG    root            On GCE from memory cache: False
2026-05-27 17:33:13,095 INFO     root            client_filter=None server_filter='name eq ".*(^artillery-loadgen).*"'
2026-05-27 17:33:13,123 DEBUG    urllib3.connectionpool Starting new HTTPS connection (1): compute.googleapis.com:443
2026-05-27 17:33:13,518 DEBUG    urllib3.connectionpool https://compute.googleapis.com:443 "GET /compute/v1/projects/env-integration-fenway/aggregated/instanceGroupManagers?alt=json&includeAllScopes=True&maxResults=500&returnPartialSuccess=True HTTP/1.1" 200 None
2026-05-27 17:33:13,936 DEBUG    urllib3.connectionpool https://compute.googleapis.com:443 "POST /batch/compute/v1 HTTP/1.1" 200 None
2026-05-27 17:33:14,121 DEBUG    urllib3.connectionpool https://compute.googleapis.com:443 "GET /compute/v1/projects/env-integration-fenway/regions/us-central1/instanceGroups?alt=json&maxResults=500 HTTP/1.1" 200 None
2026-05-27 17:33:14,458 DEBUG    urllib3.connectionpool https://compute.googleapis.com:443 "POST /batch/compute/v1 HTTP/1.1" 200 None
2026-05-27 17:33:14,464 DEBUG    root            Chosen display Format:    table(
      name,
      location():label=LOCATION,
      location_scope():label=SCOPE,
      baseInstanceName,
      size,
      targetSize,
      instanceTemplate.basename(),
      autoscaled
    )
 value(name,location,size,targetSize)
2026-05-27 17:33:14,465 INFO     root            Display format: "    table(
      name,
      location():label=LOCATION,
      location_scope():label=SCOPE,
      baseInstanceName,
      size,
      targetSize,
      instanceTemplate.basename(),
      autoscaled
    )
 value(name,location,size,targetSize)"
2026-05-27 17:33:14,475 INFO     ___FILE_ONLY___ artillery-loadgen-mig-prod		0	0

2026-05-27 17:33:14,487 DEBUG    root            Metrics reporting process started...
