2026-05-27 19:41:30,618 DEBUG    root            Loaded Command Group: ['gcloud', 'config']
2026-05-27 19:41:30,653 DEBUG    root            Loaded Command Group: ['gcloud', 'config', 'list']
2026-05-27 19:41:30,656 DEBUG    root            Running [gcloud.config.list] with arguments: []
2026-05-27 19:41:30,658 DEBUG    root            On GCE from memory cache: False
2026-05-27 19:41:30,660 DEBUG    root            Chosen display Format:config
2026-05-27 19:41:30,660 INFO     root            Display format: "config"
2026-05-27 19:41:30,725 INFO     ___FILE_ONLY___ [core]
account = jpresley@synthesis.health
disable_usage_reporting = False
project = env-integration-fenway

2026-05-27 19:41:30,725 INFO     ___FILE_ONLY___ 
Your active configuration is: [default]

2026-05-27 19:41:30,737 DEBUG    root            On GCE from memory cache: False
2026-05-27 19:41:30,804 DEBUG    urllib3.connectionpool Starting new HTTPS connection (1): cloudresourcemanager.googleapis.com:443
2026-05-27 19:41:31,175 DEBUG    urllib3.connectionpool https://cloudresourcemanager.googleapis.com:443 "GET /v1/projects/env-integration-fenway?alt=json HTTP/1.1" 200 None
2026-05-27 19:41:31,185 DEBUG    root            On GCE from memory cache: False
2026-05-27 19:41:31,194 DEBUG    urllib3.connectionpool Starting new HTTPS connection (1): cloudresourcemanager.googleapis.com:443
2026-05-27 19:41:31,696 DEBUG    urllib3.connectionpool https://cloudresourcemanager.googleapis.com:443 "GET /v3/effectiveTags?alt=json&pageSize=100&parent=%2F%2Fcloudresourcemanager.googleapis.com%2Fprojects%2Fenv-integration-fenway HTTP/1.1" 200 None
2026-05-27 19:41:31,697 INFO     ___FILE_ONLY___ [environment: Development]

2026-05-27 19:41:31,712 DEBUG    root            Metrics reporting process started...
