2026-05-27 19:41:32,245 DEBUG    root            Loaded Command Group: ['gcloud', 'compute']
2026-05-27 19:41:32,249 DEBUG    root            Loaded Command Group: ['gcloud', 'compute', 'instance_templates']
2026-05-27 19:41:32,253 DEBUG    root            Loaded Command Group: ['gcloud', 'compute', 'instance-templates', 'list']
2026-05-27 19:41:32,255 DEBUG    root            Running [gcloud.compute.instance-templates.list] with arguments: [--filter: "name=artillery-loadgen-tpl", --format: "table(name,creationTimestamp)", --project: "env-integration-fenway"]
2026-05-27 19:41:32,258 DEBUG    root            On GCE from memory cache: False
2026-05-27 19:41:32,263 DEBUG    root            On GCE from memory cache: False
2026-05-27 19:41:32,415 INFO     root            client_filter=None server_filter='name eq ".*\\bartillery\\-loadgen\\-tpl\\b.*"'
2026-05-27 19:41:32,416 DEBUG    root            Chosen display Format:    table(
      name,
      properties.machineType.machine_type(),
      properties.scheduling.preemptible.yesno(yes=true, no=''),
      creationTimestamp
    ) table(name,creationTimestamp)
2026-05-27 19:41:32,417 INFO     root            Display format: "    table(
      name,
      properties.machineType.machine_type(),
      properties.scheduling.preemptible.yesno(yes=true, no=''),
      creationTimestamp
    ) table(name,creationTimestamp)"
2026-05-27 19:41:32,423 DEBUG    urllib3.connectionpool Starting new HTTPS connection (1): compute.googleapis.com:443
2026-05-27 19:41:33,101 DEBUG    urllib3.connectionpool https://compute.googleapis.com:443 "GET /compute/v1/projects/env-integration-fenway/aggregated/instanceTemplates?alt=json&includeAllScopes=True&maxResults=500&returnPartialSuccess=True HTTP/1.1" 200 None
2026-05-27 19:41:33,398 WARNING  root            --filter : operator evaluation is changing for consistency across Google APIs.  name=artillery-loadgen-tpl currently does not match but will match in the near future.  Run `gcloud topic filters` for details.
2026-05-27 19:41:33,414 DEBUG    root            Metrics reporting process started...
