2026-05-27 21:29:04,375 DEBUG    root            Loaded Command Group: ['gcloud', 'compute']
2026-05-27 21:29:04,378 DEBUG    root            Loaded Command Group: ['gcloud', 'compute', 'instance_templates']
2026-05-27 21:29:04,381 DEBUG    root            Loaded Command Group: ['gcloud', 'compute', 'instance-templates', 'list']
2026-05-27 21:29:04,384 DEBUG    root            Running [gcloud.compute.instance-templates.list] with arguments: [--filter: "name:artillery-loadgen*", --format: "value(name)", --project: "env-integration-fenway"]
2026-05-27 21:29:04,387 DEBUG    root            On GCE from memory cache: False
2026-05-27 21:29:04,390 DEBUG    root            On GCE from memory cache: False
2026-05-27 21:29:04,537 INFO     root            client_filter=None server_filter='name eq ".*\\bartillery\\-loadgen.*"'
2026-05-27 21:29:04,538 DEBUG    root            Chosen display Format:    table(
      name,
      properties.machineType.machine_type(),
      properties.scheduling.preemptible.yesno(yes=true, no=''),
      creationTimestamp
    ) value(name)
2026-05-27 21:29:04,538 INFO     root            Display format: "    table(
      name,
      properties.machineType.machine_type(),
      properties.scheduling.preemptible.yesno(yes=true, no=''),
      creationTimestamp
    ) value(name)"
2026-05-27 21:29:04,546 DEBUG    urllib3.connectionpool Starting new HTTPS connection (1): compute.googleapis.com:443
2026-05-27 21:29:05,009 DEBUG    urllib3.connectionpool https://compute.googleapis.com:443 "GET /compute/v1/projects/env-integration-fenway/aggregated/instanceTemplates?alt=json&includeAllScopes=True&maxResults=500&returnPartialSuccess=True HTTP/1.1" 200 None
2026-05-27 21:29:05,416 INFO     ___FILE_ONLY___ artillery-loadgen-tpl-prod

2026-05-27 21:29:05,429 DEBUG    root            Metrics reporting process started...
