2026-05-27 21:31:08,602 DEBUG    root            Loaded Command Group: ['gcloud', 'compute']
2026-05-27 21:31:08,606 DEBUG    root            Loaded Command Group: ['gcloud', 'compute', 'instance_groups']
2026-05-27 21:31:08,608 DEBUG    root            Loaded Command Group: ['gcloud', 'compute', 'instance-groups', 'managed']
2026-05-27 21:31:08,619 DEBUG    root            Loaded Command Group: ['gcloud', 'compute', 'instance-groups', 'managed', 'list']
2026-05-27 21:31:08,621 DEBUG    root            Running [gcloud.compute.instance-groups.managed.list] with arguments: [--format: "value(name,region,size)", --project: "env-integration-fenway"]
2026-05-27 21:31:08,627 DEBUG    root            On GCE from memory cache: False
2026-05-27 21:31:08,630 DEBUG    root            On GCE from memory cache: False
2026-05-27 21:31:08,827 DEBUG    urllib3.connectionpool Starting new HTTPS connection (1): compute.googleapis.com:443
2026-05-27 21:31:09,308 DEBUG    urllib3.connectionpool https://compute.googleapis.com:443 "GET /compute/v1/projects/env-integration-fenway/aggregated/instanceGroupManagers?alt=json&includeAllScopes=True&maxResults=500&returnPartialSuccess=True HTTP/1.1" 200 None
2026-05-27 21:31:09,565 DEBUG    urllib3.connectionpool https://compute.googleapis.com:443 "POST /batch/compute/v1 HTTP/1.1" 200 None
2026-05-27 21:31:09,961 DEBUG    urllib3.connectionpool https://compute.googleapis.com:443 "GET /compute/v1/projects/env-integration-fenway/regions/us-central1/instanceGroups?alt=json&maxResults=500 HTTP/1.1" 200 None
2026-05-27 21:31:10,351 DEBUG    urllib3.connectionpool https://compute.googleapis.com:443 "POST /batch/compute/v1 HTTP/1.1" 200 None
2026-05-27 21:31:10,364 DEBUG    root            Chosen display Format:    table(
      name,
      location():label=LOCATION,
      location_scope():label=SCOPE,
      baseInstanceName,
      size,
      targetSize,
      instanceTemplate.basename(),
      autoscaled
    )
 value(name,region,size)
2026-05-27 21:31:10,365 INFO     root            Display format: "    table(
      name,
      location():label=LOCATION,
      location_scope():label=SCOPE,
      baseInstanceName,
      size,
      targetSize,
      instanceTemplate.basename(),
      autoscaled
    )
 value(name,region,size)"
2026-05-27 21:31:10,400 INFO     ___FILE_ONLY___ artillery-loadgen-mig-prod	https://www.googleapis.com/compute/v1/projects/env-integration-fenway/regions/us-central1	0

2026-05-27 21:31:10,400 INFO     ___FILE_ONLY___ gke-env-integration--general-workload-badf2308-grp		4

2026-05-27 21:31:10,401 INFO     ___FILE_ONLY___ gke-env-integration-f-fovia-viewer-v2-5c1a20fe-grp		1

2026-05-27 21:31:10,401 INFO     ___FILE_ONLY___ gke-env-integration-fe-core-ingestion-a60002af-grp		2

2026-05-27 21:31:10,401 INFO     ___FILE_ONLY___ gke-env-integration-fen-foviacache-v3-dbb6ef48-grp		4

2026-05-27 21:31:10,401 INFO     ___FILE_ONLY___ gke-env-integration-fenway-cl-backend-09b424e0-grp		2

2026-05-27 21:31:10,401 INFO     ___FILE_ONLY___ gke-env-integration-fenway-cl-mongodb-3b8d18c3-grp		1

2026-05-27 21:31:10,401 INFO     ___FILE_ONLY___ gke-env-integration-fenway-monitoring-4b9b4a13-grp		0

2026-05-27 21:31:10,402 INFO     ___FILE_ONLY___ gke-env-integration--general-workload-75b3348b-grp		3

2026-05-27 21:31:10,402 INFO     ___FILE_ONLY___ gke-env-integration--nginx-ingress-po-e2def61c-grp		1

2026-05-27 21:31:10,402 INFO     ___FILE_ONLY___ gke-env-integration-fe-core-ingestion-bebc0930-grp		2

2026-05-27 21:31:10,402 INFO     ___FILE_ONLY___ gke-env-integration-fenway--fenway-ai-eaac0b98-grp		0

2026-05-27 21:31:10,402 INFO     ___FILE_ONLY___ gke-env-integration-fenway-cl-backend-0ecc5615-grp		2

2026-05-27 21:31:10,402 INFO     ___FILE_ONLY___ gke-env-integration-fenway-cl-mongodb-a1d6f90a-grp		1

2026-05-27 21:31:10,402 INFO     ___FILE_ONLY___ gke-env-integration-fenway-cl-trigram-b340f2d4-grp		1

2026-05-27 21:31:10,402 INFO     ___FILE_ONLY___ gke-env-integration-fenway-monitoring-5c5aec31-grp		1

2026-05-27 21:31:10,402 INFO     ___FILE_ONLY___ gke-env-integration-fenway-prometheus-8ce0a05e-grp		0

2026-05-27 21:31:10,403 INFO     ___FILE_ONLY___ gke-env-integration--general-workload-dc0a3bf5-grp		4

2026-05-27 21:31:10,403 INFO     ___FILE_ONLY___ gke-env-integration--nginx-ingress-po-337bd0e7-grp		1

2026-05-27 21:31:10,403 INFO     ___FILE_ONLY___ gke-env-integration-fe-core-ingestion-9192fdd4-grp		2

2026-05-27 21:31:10,403 INFO     ___FILE_ONLY___ gke-env-integration-fenway--fenway-ai-f5a026af-grp		1

2026-05-27 21:31:10,403 INFO     ___FILE_ONLY___ gke-env-integration-fenway-cl-mongodb-4f8989aa-grp		1

2026-05-27 21:31:10,403 INFO     ___FILE_ONLY___ gke-env-integration-fenway-cl-trigram-3d4634a2-grp		1

2026-05-27 21:31:10,404 INFO     ___FILE_ONLY___ gke-env-integration-fenway-prometheus-dde967d1-grp		0

2026-05-27 21:31:10,404 INFO     ___FILE_ONLY___ gke-env-integration--nginx-ingress-po-d54259a6-grp		1

2026-05-27 21:31:10,404 INFO     ___FILE_ONLY___ gke-env-integration-fenway--fenway-ai-984caf60-grp		0

2026-05-27 21:31:10,404 INFO     ___FILE_ONLY___ gke-env-integration-fenway-cl-trigram-cbc9828a-grp		0

2026-05-27 21:31:10,404 INFO     ___FILE_ONLY___ gke-env-integration-fenway-prometheus-451b8c62-grp		0

2026-05-27 21:31:10,432 DEBUG    root            Metrics reporting process started...
