2026-05-27 22:16:46,578 DEBUG    root            Loaded Command Group: ['gcloud', 'compute']
2026-05-27 22:16:46,582 DEBUG    root            Loaded Command Group: ['gcloud', 'compute', 'instance_groups']
2026-05-27 22:16:46,584 DEBUG    root            Loaded Command Group: ['gcloud', 'compute', 'instance-groups', 'managed']
2026-05-27 22:16:46,593 DEBUG    root            Loaded Command Group: ['gcloud', 'compute', 'instance-groups', 'managed', 'list']
2026-05-27 22:16:46,595 DEBUG    root            Running [gcloud.compute.instance-groups.managed.list] with arguments: [--filter: "name~artillery-loadgen-mig", --format: "value(name)", --project: "env-integration-fenway"]
2026-05-27 22:16:46,599 DEBUG    root            On GCE from memory cache: False
2026-05-27 22:16:46,649 DEBUG    root            Failed to check metadata server: <urlopen error [Errno 8] nodename nor servname provided, or not known>
2026-05-27 22:16:46,649 DEBUG    root            On GCE from server: False
2026-05-27 22:16:46,793 INFO     root            client_filter=None server_filter='name eq ".*(artillery-loadgen-mig).*"'
2026-05-27 22:16:46,802 DEBUG    urllib3.connectionpool Starting new HTTPS connection (1): compute.googleapis.com:443
2026-05-27 22:16:47,295 DEBUG    urllib3.connectionpool https://compute.googleapis.com:443 "GET /compute/v1/projects/env-integration-fenway/aggregated/instanceGroupManagers?alt=json&includeAllScopes=True&maxResults=500&returnPartialSuccess=True HTTP/1.1" 200 None
2026-05-27 22:16:47,558 DEBUG    urllib3.connectionpool https://compute.googleapis.com:443 "POST /batch/compute/v1 HTTP/1.1" 200 None
2026-05-27 22:16:47,891 DEBUG    urllib3.connectionpool https://compute.googleapis.com:443 "POST /batch/compute/v1 HTTP/1.1" 200 None
2026-05-27 22:16:47,896 DEBUG    root            Chosen display Format:    table(
      name,
      location():label=LOCATION,
      location_scope():label=SCOPE,
      baseInstanceName,
      size,
      targetSize,
      instanceTemplate.basename(),
      autoscaled
    )
 value(name)
2026-05-27 22:16:47,897 INFO     root            Display format: "    table(
      name,
      location():label=LOCATION,
      location_scope():label=SCOPE,
      baseInstanceName,
      size,
      targetSize,
      instanceTemplate.basename(),
      autoscaled
    )
 value(name)"
2026-05-27 22:16:47,929 DEBUG    root            Metrics reporting process started...
