2026-05-27 22:16:48,567 DEBUG    root            Loaded Command Group: ['gcloud', 'compute']
2026-05-27 22:16:48,569 DEBUG    root            Loaded Command Group: ['gcloud', 'compute', 'instance_templates']
2026-05-27 22:16:48,572 DEBUG    root            Loaded Command Group: ['gcloud', 'compute', 'instance-templates', 'list']
2026-05-27 22:16:48,573 DEBUG    root            Running [gcloud.compute.instance-templates.list] with arguments: [--filter: "name~artillery-loadgen-tpl", --format: "value(name)", --project: "env-integration-fenway"]
2026-05-27 22:16:48,575 DEBUG    root            On GCE from memory cache: False
2026-05-27 22:16:48,576 DEBUG    root            On GCE from memory cache: False
2026-05-27 22:16:48,686 INFO     root            client_filter=None server_filter='name eq ".*(artillery-loadgen-tpl).*"'
2026-05-27 22:16:48,687 DEBUG    root            Chosen display Format:    table(
      name,
      properties.machineType.machine_type(),
      properties.scheduling.preemptible.yesno(yes=true, no=''),
      creationTimestamp
    ) value(name)
2026-05-27 22:16:48,687 INFO     root            Display format: "    table(
      name,
      properties.machineType.machine_type(),
      properties.scheduling.preemptible.yesno(yes=true, no=''),
      creationTimestamp
    ) value(name)"
2026-05-27 22:16:48,693 DEBUG    urllib3.connectionpool Starting new HTTPS connection (1): compute.googleapis.com:443
2026-05-27 22:16:49,259 DEBUG    urllib3.connectionpool https://compute.googleapis.com:443 "GET /compute/v1/projects/env-integration-fenway/aggregated/instanceTemplates?alt=json&includeAllScopes=True&maxResults=500&returnPartialSuccess=True HTTP/1.1" 200 None
2026-05-27 22:16:49,684 DEBUG    root            Metrics reporting process started...
