2026-05-27 22:29:08,616 DEBUG    root            Loaded Command Group: ['gcloud', 'compute']
2026-05-27 22:29:08,619 DEBUG    root            Loaded Command Group: ['gcloud', 'compute', 'instances']
2026-05-27 22:29:08,621 DEBUG    root            Loaded Command Group: ['gcloud', 'compute', 'instances', 'list']
2026-05-27 22:29:08,623 DEBUG    root            Running [gcloud.compute.instances.list] with arguments: [--filter: "name~^loadgen-", --format: "table(name,status,zone.basename())", --project: "env-integration-fenway"]
2026-05-27 22:29:08,626 DEBUG    root            On GCE from memory cache: False
2026-05-27 22:29:08,629 DEBUG    root            On GCE from memory cache: False
2026-05-27 22:29:08,795 INFO     root            client_filter=None server_filter='name eq ".*(^loadgen-).*"'
2026-05-27 22:29:08,796 DEBUG    root            Chosen display Format:    table(
      name,
      zone.basename(),
      machineType.machine_type().basename(),
      scheduling.preemptible.yesno(yes=true, no=''),
      networkInterfaces.internal_ip():label=INTERNAL_IP,
      external_ip():label=EXTERNAL_IP,
      status
    ) table(name,status,zone.basename())
2026-05-27 22:29:08,796 INFO     root            Display format: "    table(
      name,
      zone.basename(),
      machineType.machine_type().basename(),
      scheduling.preemptible.yesno(yes=true, no=''),
      networkInterfaces.internal_ip():label=INTERNAL_IP,
      external_ip():label=EXTERNAL_IP,
      status
    ) table(name,status,zone.basename())"
2026-05-27 22:29:08,806 DEBUG    urllib3.connectionpool Starting new HTTPS connection (1): compute.googleapis.com:443
2026-05-27 22:29:09,435 DEBUG    urllib3.connectionpool https://compute.googleapis.com:443 "GET /compute/v1/projects/env-integration-fenway/aggregated/instances?alt=json&includeAllScopes=True&maxResults=500&returnPartialSuccess=True HTTP/1.1" 200 None
2026-05-27 22:29:10,197 INFO     ___FILE_ONLY___ NAME
2026-05-27 22:29:10,199 INFO     ___FILE_ONLY___           
2026-05-27 22:29:10,199 INFO     ___FILE_ONLY___ STATUS
2026-05-27 22:29:10,199 INFO     ___FILE_ONLY___    
2026-05-27 22:29:10,199 INFO     ___FILE_ONLY___ ZONE
2026-05-27 22:29:10,199 INFO     ___FILE_ONLY___ 

2026-05-27 22:29:10,199 INFO     ___FILE_ONLY___ loadgen-zg8p
2026-05-27 22:29:10,199 INFO     ___FILE_ONLY___   
2026-05-27 22:29:10,200 INFO     ___FILE_ONLY___ RUNNING
2026-05-27 22:29:10,200 INFO     ___FILE_ONLY___   
2026-05-27 22:29:10,200 INFO     ___FILE_ONLY___ us-central1-b
2026-05-27 22:29:10,200 INFO     ___FILE_ONLY___ 

2026-05-27 22:29:10,212 DEBUG    root            Metrics reporting process started...
