2026-05-27 22:28:17,229 DEBUG    root            Loaded Command Group: ['gcloud', 'compute']
2026-05-27 22:28:17,234 DEBUG    root            Loaded Command Group: ['gcloud', 'compute', 'instances']
2026-05-27 22:28:17,236 DEBUG    root            Loaded Command Group: ['gcloud', 'compute', 'instances', 'list']
2026-05-27 22:28:17,238 DEBUG    root            Running [gcloud.compute.instances.list] with arguments: [--filter: "name~^loadgen-", --format: "table(name,status,zone.basename())", --project: "env-integration-fenway"]
2026-05-27 22:28:17,241 DEBUG    root            On GCE from memory cache: False
2026-05-27 22:28:17,245 DEBUG    root            On GCE from memory cache: False
2026-05-27 22:28:17,529 INFO     root            client_filter=None server_filter='name eq ".*(^loadgen-).*"'
2026-05-27 22:28:17,530 DEBUG    root            Chosen display Format:    table(
      name,
      zone.basename(),
      machineType.machine_type().basename(),
      scheduling.preemptible.yesno(yes=true, no=''),
      networkInterfaces.internal_ip():label=INTERNAL_IP,
      external_ip():label=EXTERNAL_IP,
      status
    ) table(name,status,zone.basename())
2026-05-27 22:28:17,530 INFO     root            Display format: "    table(
      name,
      zone.basename(),
      machineType.machine_type().basename(),
      scheduling.preemptible.yesno(yes=true, no=''),
      networkInterfaces.internal_ip():label=INTERNAL_IP,
      external_ip():label=EXTERNAL_IP,
      status
    ) table(name,status,zone.basename())"
2026-05-27 22:28:17,554 DEBUG    urllib3.connectionpool Starting new HTTPS connection (1): compute.googleapis.com:443
2026-05-27 22:28:18,107 DEBUG    urllib3.connectionpool https://compute.googleapis.com:443 "GET /compute/v1/projects/env-integration-fenway/aggregated/instances?alt=json&includeAllScopes=True&maxResults=500&returnPartialSuccess=True HTTP/1.1" 200 None
2026-05-27 22:28:18,449 INFO     ___FILE_ONLY___ NAME
2026-05-27 22:28:18,449 INFO     ___FILE_ONLY___           
2026-05-27 22:28:18,450 INFO     ___FILE_ONLY___ STATUS
2026-05-27 22:28:18,450 INFO     ___FILE_ONLY___    
2026-05-27 22:28:18,450 INFO     ___FILE_ONLY___ ZONE
2026-05-27 22:28:18,450 INFO     ___FILE_ONLY___ 

2026-05-27 22:28:18,450 INFO     ___FILE_ONLY___ loadgen-zg8p
2026-05-27 22:28:18,450 INFO     ___FILE_ONLY___   
2026-05-27 22:28:18,450 INFO     ___FILE_ONLY___ RUNNING
2026-05-27 22:28:18,451 INFO     ___FILE_ONLY___   
2026-05-27 22:28:18,451 INFO     ___FILE_ONLY___ us-central1-b
2026-05-27 22:28:18,451 INFO     ___FILE_ONLY___ 

2026-05-27 22:28:18,466 DEBUG    root            Metrics reporting process started...
