2026-05-05 18:00:52,891 DEBUG    root            Loaded Command Group: ['gcloud', 'storage']
2026-05-05 18:00:52,894 DEBUG    root            Loaded Command Group: ['gcloud', 'storage', 'buckets']
2026-05-05 18:00:52,954 DEBUG    root            On GCE from memory cache: False
2026-05-05 18:00:54,174 DEBUG    root            Loaded Command Group: ['gcloud', 'storage', 'buckets', 'add_iam_policy_binding']
2026-05-05 18:00:54,176 DEBUG    root            Running [gcloud.storage.buckets.add-iam-policy-binding] with arguments: [--member: "serviceAccount:loadgen-mig@env-integration-fenway.iam.gserviceaccount.com", --role: "roles/storage.objectViewer", URL: "gs://artillery-loadgen-scenarios-env-integration-fenway"]
2026-05-05 18:00:54,177 DEBUG    root            On GCE from memory cache: False
2026-05-05 18:00:54,187 DEBUG    urllib3.connectionpool Starting new HTTPS connection (1): storage.googleapis.com:443
2026-05-05 18:00:54,429 DEBUG    urllib3.connectionpool https://storage.googleapis.com:443 "GET /storage/v1/b/artillery-loadgen-scenarios-env-integration-fenway/iam?alt=json&fields=bindings%2Cetag&optionsRequestedPolicyVersion=3 HTTP/1.1" 200 361
2026-05-05 18:00:54,910 DEBUG    urllib3.connectionpool https://storage.googleapis.com:443 "PUT /storage/v1/b/artillery-loadgen-scenarios-env-integration-fenway/iam?alt=json HTTP/1.1" 200 662
2026-05-05 18:00:54,910 DEBUG    root            Chosen display Format:default
2026-05-05 18:00:54,911 INFO     root            Display format: "default"
2026-05-05 18:00:54,922 INFO     ___FILE_ONLY___ bindings
2026-05-05 18:00:54,922 INFO     ___FILE_ONLY___ :
2026-05-05 18:00:54,922 INFO     ___FILE_ONLY___ 

2026-05-05 18:00:54,923 INFO     ___FILE_ONLY___ -
2026-05-05 18:00:54,923 INFO     ___FILE_ONLY___  
2026-05-05 18:00:54,923 INFO     ___FILE_ONLY___ members
2026-05-05 18:00:54,923 INFO     ___FILE_ONLY___ :
2026-05-05 18:00:54,923 INFO     ___FILE_ONLY___ 

2026-05-05 18:00:54,923 INFO     ___FILE_ONLY___   
2026-05-05 18:00:54,923 INFO     ___FILE_ONLY___ -
2026-05-05 18:00:54,923 INFO     ___FILE_ONLY___  
2026-05-05 18:00:54,923 INFO     ___FILE_ONLY___ projectEditor:env-integration-fenway
2026-05-05 18:00:54,923 INFO     ___FILE_ONLY___ 

2026-05-05 18:00:54,923 INFO     ___FILE_ONLY___   
2026-05-05 18:00:54,923 INFO     ___FILE_ONLY___ -
2026-05-05 18:00:54,923 INFO     ___FILE_ONLY___  
2026-05-05 18:00:54,923 INFO     ___FILE_ONLY___ projectOwner:env-integration-fenway
2026-05-05 18:00:54,923 INFO     ___FILE_ONLY___ 

2026-05-05 18:00:54,923 INFO     ___FILE_ONLY___   
2026-05-05 18:00:54,923 INFO     ___FILE_ONLY___ role
2026-05-05 18:00:54,923 INFO     ___FILE_ONLY___ :
2026-05-05 18:00:54,923 INFO     ___FILE_ONLY___  
2026-05-05 18:00:54,923 INFO     ___FILE_ONLY___ roles/storage.legacyBucketOwner
2026-05-05 18:00:54,923 INFO     ___FILE_ONLY___ 

2026-05-05 18:00:54,923 INFO     ___FILE_ONLY___ -
2026-05-05 18:00:54,923 INFO     ___FILE_ONLY___  
2026-05-05 18:00:54,923 INFO     ___FILE_ONLY___ members
2026-05-05 18:00:54,923 INFO     ___FILE_ONLY___ :
2026-05-05 18:00:54,923 INFO     ___FILE_ONLY___ 

2026-05-05 18:00:54,923 INFO     ___FILE_ONLY___   
2026-05-05 18:00:54,923 INFO     ___FILE_ONLY___ -
2026-05-05 18:00:54,923 INFO     ___FILE_ONLY___  
2026-05-05 18:00:54,923 INFO     ___FILE_ONLY___ projectViewer:env-integration-fenway
2026-05-05 18:00:54,923 INFO     ___FILE_ONLY___ 

2026-05-05 18:00:54,923 INFO     ___FILE_ONLY___   
2026-05-05 18:00:54,923 INFO     ___FILE_ONLY___ role
2026-05-05 18:00:54,923 INFO     ___FILE_ONLY___ :
2026-05-05 18:00:54,924 INFO     ___FILE_ONLY___  
2026-05-05 18:00:54,924 INFO     ___FILE_ONLY___ roles/storage.legacyBucketReader
2026-05-05 18:00:54,924 INFO     ___FILE_ONLY___ 

2026-05-05 18:00:54,924 INFO     ___FILE_ONLY___ -
2026-05-05 18:00:54,924 INFO     ___FILE_ONLY___  
2026-05-05 18:00:54,924 INFO     ___FILE_ONLY___ members
2026-05-05 18:00:54,924 INFO     ___FILE_ONLY___ :
2026-05-05 18:00:54,924 INFO     ___FILE_ONLY___ 

2026-05-05 18:00:54,924 INFO     ___FILE_ONLY___   
2026-05-05 18:00:54,924 INFO     ___FILE_ONLY___ -
2026-05-05 18:00:54,924 INFO     ___FILE_ONLY___  
2026-05-05 18:00:54,924 INFO     ___FILE_ONLY___ serviceAccount:loadgen-mig@env-integration-fenway.iam.gserviceaccount.com
2026-05-05 18:00:54,924 INFO     ___FILE_ONLY___ 

2026-05-05 18:00:54,924 INFO     ___FILE_ONLY___   
2026-05-05 18:00:54,924 INFO     ___FILE_ONLY___ role
2026-05-05 18:00:54,924 INFO     ___FILE_ONLY___ :
2026-05-05 18:00:54,924 INFO     ___FILE_ONLY___  
2026-05-05 18:00:54,924 INFO     ___FILE_ONLY___ roles/storage.objectViewer
2026-05-05 18:00:54,924 INFO     ___FILE_ONLY___ 

2026-05-05 18:00:54,924 INFO     ___FILE_ONLY___ etag
2026-05-05 18:00:54,924 INFO     ___FILE_ONLY___ :
2026-05-05 18:00:54,924 INFO     ___FILE_ONLY___  
2026-05-05 18:00:54,924 INFO     ___FILE_ONLY___ CAI=
2026-05-05 18:00:54,924 INFO     ___FILE_ONLY___ 

2026-05-05 18:00:54,924 INFO     ___FILE_ONLY___ kind
2026-05-05 18:00:54,924 INFO     ___FILE_ONLY___ :
2026-05-05 18:00:54,924 INFO     ___FILE_ONLY___  
2026-05-05 18:00:54,924 INFO     ___FILE_ONLY___ storage#policy
2026-05-05 18:00:54,924 INFO     ___FILE_ONLY___ 

2026-05-05 18:00:54,924 INFO     ___FILE_ONLY___ resourceId
2026-05-05 18:00:54,924 INFO     ___FILE_ONLY___ :
2026-05-05 18:00:54,924 INFO     ___FILE_ONLY___  
2026-05-05 18:00:54,924 INFO     ___FILE_ONLY___ projects/_/buckets/artillery-loadgen-scenarios-env-integration-fenway
2026-05-05 18:00:54,924 INFO     ___FILE_ONLY___ 

2026-05-05 18:00:54,924 INFO     ___FILE_ONLY___ version
2026-05-05 18:00:54,925 INFO     ___FILE_ONLY___ :
2026-05-05 18:00:54,925 INFO     ___FILE_ONLY___  
2026-05-05 18:00:54,925 INFO     ___FILE_ONLY___ 1
2026-05-05 18:00:54,925 INFO     ___FILE_ONLY___ 

2026-05-05 18:00:54,931 DEBUG    root            Metrics reporting process started...
