2026-05-05 18:00:40,453 DEBUG    root            Loaded Command Group: ['gcloud', 'iam']
2026-05-05 18:00:40,454 DEBUG    root            Loaded Command Group: ['gcloud', 'iam', 'roles']
2026-05-05 18:00:40,487 DEBUG    root            Loaded Command Group: ['gcloud', 'iam', 'roles', 'describe']
2026-05-05 18:00:40,489 DEBUG    root            Running [gcloud.iam.roles.describe] with arguments: [--project: "env-integration-fenway", ROLE_ID: "loadgenSelfDelete"]
2026-05-05 18:00:40,491 DEBUG    root            On GCE from memory cache: False
2026-05-05 18:00:40,494 DEBUG    root            On GCE from memory cache: False
2026-05-05 18:00:40,510 DEBUG    urllib3.connectionpool Starting new HTTPS connection (1): iam.googleapis.com:443
2026-05-05 18:00:40,923 DEBUG    urllib3.connectionpool https://iam.googleapis.com:443 "GET /v1/projects/env-integration-fenway/roles/loadgenSelfDelete?alt=json HTTP/1.1" 404 None
2026-05-05 18:00:40,926 DEBUG    root            (gcloud.iam.roles.describe) NOT_FOUND: The role named projects/env-integration-fenway/roles/loadgenSelfDelete was not found. This command is authenticated as jpresley@synthesis.health which is the active account specified by the [core/account] property.
Traceback (most recent call last):
  File "/opt/homebrew/Caskroom/gcloud-cli/542.0.0/google-cloud-sdk/lib/googlecloudsdk/calliope/cli.py", line 957, in Execute
    resources = calliope_command.Run(cli=self, args=args)
  File "/opt/homebrew/Caskroom/gcloud-cli/542.0.0/google-cloud-sdk/lib/googlecloudsdk/calliope/backend.py", line 968, in Run
    resources = command_instance.Run(args)
  File "/opt/homebrew/Caskroom/gcloud-cli/542.0.0/google-cloud-sdk/lib/surface/iam/roles/describe.py", line 60, in Run
    res = client.organizations_roles.Get(
        messages.IamOrganizationsRolesGetRequest(name=role_name))
  File "/opt/homebrew/Caskroom/gcloud-cli/542.0.0/google-cloud-sdk/lib/googlecloudsdk/generated_clients/apis/iam/v1/iam_v1_client.py", line 1518, in Get
    return self._RunMethod(
           ~~~~~~~~~~~~~~~^
        config, request, global_params=global_params)
        ^^^^^^^^^^^^^^^^^^^^^^^^^^^^^^^^^^^^^^^^^^^^^
  File "/opt/homebrew/Caskroom/gcloud-cli/542.0.0/google-cloud-sdk/lib/third_party/apitools/base/py/base_api.py", line 747, in _RunMethod
    return self.ProcessHttpResponse(method_config, http_response, request)
           ~~~~~~~~~~~~~~~~~~~~~~~~^^^^^^^^^^^^^^^^^^^^^^^^^^^^^^^^^^^^^^^
  File "/opt/homebrew/Caskroom/gcloud-cli/542.0.0/google-cloud-sdk/lib/third_party/apitools/base/py/base_api.py", line 753, in ProcessHttpResponse
    self.__ProcessHttpResponse(method_config, http_response, request))
    ~~~~~~~~~~~~~~~~~~~~~~~~~~^^^^^^^^^^^^^^^^^^^^^^^^^^^^^^^^^^^^^^^
  File "/opt/homebrew/Caskroom/gcloud-cli/542.0.0/google-cloud-sdk/lib/third_party/apitools/base/py/base_api.py", line 612, in __ProcessHttpResponse
    raise exceptions.HttpError.FromResponse(
        http_response, method_config=method_config, request=request)
apitools.base.py.exceptions.HttpNotFoundError: HttpError accessing <https://iam.googleapis.com/v1/projects/env-integration-fenway/roles/loadgenSelfDelete?alt=json>: response: <{'vary': 'Origin, X-Origin, Referer', 'content-type': 'application/json; charset=UTF-8', 'content-encoding': 'gzip', 'date': 'Wed, 06 May 2026 01:00:40 GMT', 'server': 'ESF', 'x-xss-protection': '0', 'x-frame-options': 'SAMEORIGIN', 'x-content-type-options': 'nosniff', 'alt-svc': 'h3=":443"; ma=2592000,h3-29=":443"; ma=2592000', 'transfer-encoding': 'chunked', 'status': 404}>, content <{
  "error": {
    "code": 404,
    "message": "The role named projects/env-integration-fenway/roles/loadgenSelfDelete was not found.",
    "status": "NOT_FOUND"
  }
}
>
2026-05-05 18:00:40,929 ERROR    root            (gcloud.iam.roles.describe) NOT_FOUND: The role named projects/env-integration-fenway/roles/loadgenSelfDelete was not found. This command is authenticated as jpresley@synthesis.health which is the active account specified by the [core/account] property.
2026-05-05 18:00:40,942 DEBUG    root            Metrics reporting process started...
