2026-05-05 18:01:27,906 DEBUG    root            Loaded Command Group: ['gcloud', 'iam']
2026-05-05 18:01:27,908 DEBUG    root            Loaded Command Group: ['gcloud', 'iam', 'service_accounts']
2026-05-05 18:01:27,922 DEBUG    root            Loaded Command Group: ['gcloud', 'iam', 'service-accounts', 'describe']
2026-05-05 18:01:27,925 DEBUG    root            Running [gcloud.iam.service-accounts.describe] with arguments: [SERVICE_ACCOUNT: "loadgen-mig@env-integration-fenway.iam.gserviceaccount.com"]
2026-05-05 18:01:27,928 DEBUG    root            On GCE from memory cache: False
2026-05-05 18:01:27,931 DEBUG    root            On GCE from memory cache: False
2026-05-05 18:01:27,948 DEBUG    urllib3.connectionpool Starting new HTTPS connection (1): iam.googleapis.com:443
2026-05-05 18:01:28,399 DEBUG    urllib3.connectionpool https://iam.googleapis.com:443 "GET /v1/projects/-/serviceAccounts/loadgen-mig@env-integration-fenway.iam.gserviceaccount.com?alt=json HTTP/1.1" 200 None
2026-05-05 18:01:28,400 DEBUG    root            Chosen display Format:default
2026-05-05 18:01:28,400 INFO     root            Display format: "default"
2026-05-05 18:01:28,443 INFO     ___FILE_ONLY___ description
2026-05-05 18:01:28,443 INFO     ___FILE_ONLY___ :
2026-05-05 18:01:28,443 INFO     ___FILE_ONLY___  
2026-05-05 18:01:28,445 INFO     ___FILE_ONLY___ Runs
2026-05-05 18:01:28,446 INFO     ___FILE_ONLY___  
2026-05-05 18:01:28,446 INFO     ___FILE_ONLY___ Artillery
2026-05-05 18:01:28,446 INFO     ___FILE_ONLY___  
2026-05-05 18:01:28,446 INFO     ___FILE_ONLY___ scenarios
2026-05-05 18:01:28,446 INFO     ___FILE_ONLY___  
2026-05-05 18:01:28,446 INFO     ___FILE_ONLY___ on
2026-05-05 18:01:28,446 INFO     ___FILE_ONLY___  
2026-05-05 18:01:28,446 INFO     ___FILE_ONLY___ the
2026-05-05 18:01:28,446 INFO     ___FILE_ONLY___  
2026-05-05 18:01:28,446 INFO     ___FILE_ONLY___ load-generator
2026-05-05 18:01:28,446 INFO     ___FILE_ONLY___  
2026-05-05 18:01:28,446 INFO     ___FILE_ONLY___ MIG
2026-05-05 18:01:28,446 INFO     ___FILE_ONLY___  
2026-05-05 18:01:28,446 INFO     ___FILE_ONLY___ (Epic
2026-05-05 18:01:28,446 INFO     ___FILE_ONLY___  
2026-05-05 18:01:28,446 INFO     ___FILE_ONLY___ 12.4).
2026-05-05 18:01:28,446 INFO     ___FILE_ONLY___ 

2026-05-05 18:01:28,446 INFO     ___FILE_ONLY___ displayName
2026-05-05 18:01:28,446 INFO     ___FILE_ONLY___ :
2026-05-05 18:01:28,446 INFO     ___FILE_ONLY___  
2026-05-05 18:01:28,446 INFO     ___FILE_ONLY___ Load-generator
2026-05-05 18:01:28,446 INFO     ___FILE_ONLY___  
2026-05-05 18:01:28,446 INFO     ___FILE_ONLY___ MIG
2026-05-05 18:01:28,446 INFO     ___FILE_ONLY___ 

2026-05-05 18:01:28,447 INFO     ___FILE_ONLY___ email
2026-05-05 18:01:28,447 INFO     ___FILE_ONLY___ :
2026-05-05 18:01:28,447 INFO     ___FILE_ONLY___  
2026-05-05 18:01:28,447 INFO     ___FILE_ONLY___ loadgen-mig@env-integration-fenway.iam.gserviceaccount.com
2026-05-05 18:01:28,447 INFO     ___FILE_ONLY___ 

2026-05-05 18:01:28,447 INFO     ___FILE_ONLY___ etag
2026-05-05 18:01:28,450 INFO     ___FILE_ONLY___ :
2026-05-05 18:01:28,451 INFO     ___FILE_ONLY___  
2026-05-05 18:01:28,451 INFO     ___FILE_ONLY___ MDEwMjE5MjA=
2026-05-05 18:01:28,451 INFO     ___FILE_ONLY___ 

2026-05-05 18:01:28,451 INFO     ___FILE_ONLY___ name
2026-05-05 18:01:28,451 INFO     ___FILE_ONLY___ :
2026-05-05 18:01:28,451 INFO     ___FILE_ONLY___  
2026-05-05 18:01:28,451 INFO     ___FILE_ONLY___ projects/env-integration-fenway/serviceAccounts/loadgen-mig@env-integration-fenway.iam.gserviceaccount.com
2026-05-05 18:01:28,451 INFO     ___FILE_ONLY___ 

2026-05-05 18:01:28,451 INFO     ___FILE_ONLY___ oauth2ClientId
2026-05-05 18:01:28,452 INFO     ___FILE_ONLY___ :
2026-05-05 18:01:28,452 INFO     ___FILE_ONLY___  '
2026-05-05 18:01:28,452 INFO     ___FILE_ONLY___ 113595250686775509643
2026-05-05 18:01:28,452 INFO     ___FILE_ONLY___ '
2026-05-05 18:01:28,452 INFO     ___FILE_ONLY___ 

2026-05-05 18:01:28,452 INFO     ___FILE_ONLY___ projectId
2026-05-05 18:01:28,452 INFO     ___FILE_ONLY___ :
2026-05-05 18:01:28,452 INFO     ___FILE_ONLY___  
2026-05-05 18:01:28,452 INFO     ___FILE_ONLY___ env-integration-fenway
2026-05-05 18:01:28,452 INFO     ___FILE_ONLY___ 

2026-05-05 18:01:28,452 INFO     ___FILE_ONLY___ uniqueId
2026-05-05 18:01:28,452 INFO     ___FILE_ONLY___ :
2026-05-05 18:01:28,452 INFO     ___FILE_ONLY___  '
2026-05-05 18:01:28,453 INFO     ___FILE_ONLY___ 113595250686775509643
2026-05-05 18:01:28,453 INFO     ___FILE_ONLY___ '
2026-05-05 18:01:28,453 INFO     ___FILE_ONLY___ 

2026-05-05 18:01:28,471 DEBUG    root            Metrics reporting process started...
