2026-05-05 18:01:00,738 DEBUG    root            Loaded Command Group: ['gcloud', 'secrets']
2026-05-05 18:01:00,750 DEBUG    root            Loaded Command Group: ['gcloud', 'secrets', 'describe']
2026-05-05 18:01:00,757 DEBUG    root            Running [gcloud.secrets.describe] with arguments: [--project: "env-integration-fenway", SECRET: "grafana-otlp-auth"]
2026-05-05 18:01:00,757 DEBUG    root            On GCE from memory cache: False
2026-05-05 18:01:00,759 DEBUG    root            On GCE from memory cache: False
2026-05-05 18:01:00,771 DEBUG    urllib3.connectionpool Starting new HTTPS connection (1): secretmanager.googleapis.com:443
2026-05-05 18:01:00,954 DEBUG    urllib3.connectionpool https://secretmanager.googleapis.com:443 "GET /v1/projects/env-integration-fenway/secrets/grafana-otlp-auth?alt=json HTTP/1.1" 404 None
2026-05-05 18:01:00,956 DEBUG    root            (gcloud.secrets.describe) NOT_FOUND: Secret [projects/386659319067/secrets/grafana-otlp-auth] not found. This command is authenticated as jpresley@synthesis.health which is the active account specified by the [core/account] property.
Traceback (most recent call last):
  File "/opt/homebrew/Caskroom/gcloud-cli/542.0.0/google-cloud-sdk/lib/googlecloudsdk/calliope/cli.py", line 957, in Execute
    resources = calliope_command.Run(cli=self, args=args)
  File "/opt/homebrew/Caskroom/gcloud-cli/542.0.0/google-cloud-sdk/lib/googlecloudsdk/calliope/backend.py", line 968, in Run
    resources = command_instance.Run(args)
  File "/opt/homebrew/Caskroom/gcloud-cli/542.0.0/google-cloud-sdk/lib/surface/secrets/describe.py", line 47, in Run
    secret = secrets_api.Secrets(api_version=api_version).Get(
        secret_ref, secret_location=args.location
    )
  File "/opt/homebrew/Caskroom/gcloud-cli/542.0.0/google-cloud-sdk/lib/googlecloudsdk/api_lib/secrets/api.py", line 185, in Get
    return self.service.Get(
           ~~~~~~~~~~~~~~~~^
        self.messages.SecretmanagerProjectsSecretsGetRequest(
        ^^^^^^^^^^^^^^^^^^^^^^^^^^^^^^^^^^^^^^^^^^^^^^^^^^^^^
            name=GetRelativeName(secret_ref, secret_location)
            ^^^^^^^^^^^^^^^^^^^^^^^^^^^^^^^^^^^^^^^^^^^^^^^^^
        )
        ^
    )
    ^
  File "/opt/homebrew/Caskroom/gcloud-cli/542.0.0/google-cloud-sdk/lib/googlecloudsdk/generated_clients/apis/secretmanager/v1/secretmanager_v1_client.py", line 809, in Get
    return self._RunMethod(
           ~~~~~~~~~~~~~~~^
        config, request, global_params=global_params)
        ^^^^^^^^^^^^^^^^^^^^^^^^^^^^^^^^^^^^^^^^^^^^^
  File "/opt/homebrew/Caskroom/gcloud-cli/542.0.0/google-cloud-sdk/lib/third_party/apitools/base/py/base_api.py", line 747, in _RunMethod
    return self.ProcessHttpResponse(method_config, http_response, request)
           ~~~~~~~~~~~~~~~~~~~~~~~~^^^^^^^^^^^^^^^^^^^^^^^^^^^^^^^^^^^^^^^
  File "/opt/homebrew/Caskroom/gcloud-cli/542.0.0/google-cloud-sdk/lib/third_party/apitools/base/py/base_api.py", line 753, in ProcessHttpResponse
    self.__ProcessHttpResponse(method_config, http_response, request))
    ~~~~~~~~~~~~~~~~~~~~~~~~~~^^^^^^^^^^^^^^^^^^^^^^^^^^^^^^^^^^^^^^^
  File "/opt/homebrew/Caskroom/gcloud-cli/542.0.0/google-cloud-sdk/lib/third_party/apitools/base/py/base_api.py", line 612, in __ProcessHttpResponse
    raise exceptions.HttpError.FromResponse(
        http_response, method_config=method_config, request=request)
apitools.base.py.exceptions.HttpNotFoundError: HttpError accessing <https://secretmanager.googleapis.com/v1/projects/env-integration-fenway/secrets/grafana-otlp-auth?alt=json>: response: <{'vary': 'Origin, X-Origin, Referer', 'content-type': 'application/json; charset=UTF-8', 'content-encoding': 'gzip', 'date': 'Wed, 06 May 2026 01:01:00 GMT', 'server': 'ESF', 'x-xss-protection': '0', 'x-frame-options': 'SAMEORIGIN', 'x-content-type-options': 'nosniff', 'alt-svc': 'h3=":443"; ma=2592000,h3-29=":443"; ma=2592000', 'transfer-encoding': 'chunked', 'status': 404}>, content <{
  "error": {
    "code": 404,
    "message": "Secret [projects/386659319067/secrets/grafana-otlp-auth] not found.",
    "status": "NOT_FOUND"
  }
}
>
2026-05-05 18:01:00,958 ERROR    root            (gcloud.secrets.describe) NOT_FOUND: Secret [projects/386659319067/secrets/grafana-otlp-auth] not found. This command is authenticated as jpresley@synthesis.health which is the active account specified by the [core/account] property.
2026-05-05 18:01:00,966 DEBUG    root            Metrics reporting process started...
