2026-05-05 18:01:07,571 DEBUG    root            Loaded Command Group: ['gcloud', 'secrets']
2026-05-05 18:01:07,587 DEBUG    root            Loaded Command Group: ['gcloud', 'secrets', 'add_iam_policy_binding']
2026-05-05 18:01:07,595 DEBUG    root            Running [gcloud.secrets.add-iam-policy-binding] with arguments: [--condition: "OrderedDict({'None': None})", --member: "serviceAccount:loadgen-mig@env-integration-fenway.iam.gserviceaccount.com", --project: "env-integration-fenway", --quiet: "True", --role: "roles/secretmanager.secretAccessor", SECRET: "grafana-otlp-endpoint"]
2026-05-05 18:01:07,595 DEBUG    root            On GCE from memory cache: False
2026-05-05 18:01:07,597 DEBUG    root            On GCE from memory cache: False
2026-05-05 18:01:07,614 DEBUG    urllib3.connectionpool Starting new HTTPS connection (1): secretmanager.googleapis.com:443
2026-05-05 18:01:07,836 DEBUG    urllib3.connectionpool https://secretmanager.googleapis.com:443 "GET /v1/projects/env-integration-fenway/secrets/grafana-otlp-endpoint:getIamPolicy?alt=json&options.requestedPolicyVersion=3 HTTP/1.1" 200 None
2026-05-05 18:01:08,118 DEBUG    urllib3.connectionpool https://secretmanager.googleapis.com:443 "POST /v1/projects/env-integration-fenway/secrets/grafana-otlp-endpoint:setIamPolicy?alt=json HTTP/1.1" 200 None
2026-05-05 18:01:08,119 INFO     ___FILE_ONLY___ Updated IAM policy for secret [grafana-otlp-endpoint].

2026-05-05 18:01:08,119 DEBUG    root            Chosen display Format:default
2026-05-05 18:01:08,120 INFO     root            Display format: "default"
2026-05-05 18:01:08,152 INFO     ___FILE_ONLY___ bindings
2026-05-05 18:01:08,153 INFO     ___FILE_ONLY___ :
2026-05-05 18:01:08,153 INFO     ___FILE_ONLY___ 

2026-05-05 18:01:08,153 INFO     ___FILE_ONLY___ -
2026-05-05 18:01:08,153 INFO     ___FILE_ONLY___  
2026-05-05 18:01:08,153 INFO     ___FILE_ONLY___ members
2026-05-05 18:01:08,153 INFO     ___FILE_ONLY___ :
2026-05-05 18:01:08,153 INFO     ___FILE_ONLY___ 

2026-05-05 18:01:08,153 INFO     ___FILE_ONLY___   
2026-05-05 18:01:08,153 INFO     ___FILE_ONLY___ -
2026-05-05 18:01:08,153 INFO     ___FILE_ONLY___  
2026-05-05 18:01:08,153 INFO     ___FILE_ONLY___ serviceAccount:loadgen-mig@env-integration-fenway.iam.gserviceaccount.com
2026-05-05 18:01:08,153 INFO     ___FILE_ONLY___ 

2026-05-05 18:01:08,153 INFO     ___FILE_ONLY___   
2026-05-05 18:01:08,153 INFO     ___FILE_ONLY___ role
2026-05-05 18:01:08,153 INFO     ___FILE_ONLY___ :
2026-05-05 18:01:08,153 INFO     ___FILE_ONLY___  
2026-05-05 18:01:08,153 INFO     ___FILE_ONLY___ roles/secretmanager.secretAccessor
2026-05-05 18:01:08,153 INFO     ___FILE_ONLY___ 

2026-05-05 18:01:08,153 INFO     ___FILE_ONLY___ etag
2026-05-05 18:01:08,153 INFO     ___FILE_ONLY___ :
2026-05-05 18:01:08,153 INFO     ___FILE_ONLY___  
2026-05-05 18:01:08,153 INFO     ___FILE_ONLY___ BwZRG7LsvVo=
2026-05-05 18:01:08,154 INFO     ___FILE_ONLY___ 

2026-05-05 18:01:08,154 INFO     ___FILE_ONLY___ version
2026-05-05 18:01:08,154 INFO     ___FILE_ONLY___ :
2026-05-05 18:01:08,154 INFO     ___FILE_ONLY___  
2026-05-05 18:01:08,154 INFO     ___FILE_ONLY___ 1
2026-05-05 18:01:08,154 INFO     ___FILE_ONLY___ 

2026-05-05 18:01:08,165 DEBUG    root            Metrics reporting process started...
