2026-06-01 09:56:43,675 DEBUG    root            Loaded Command Group: ['gcloud', 'alpha', 'quotas']
2026-06-01 09:56:43,676 DEBUG    root            Loaded Command Group: ['gcloud', 'alpha', 'quotas', 'info']
2026-06-01 09:56:43,680 DEBUG    root            Loaded Command Group: ['gcloud', 'alpha', 'quotas', 'info', 'describe']
2026-06-01 09:56:43,681 DEBUG    root            Running [gcloud.alpha.quotas.info.describe] with arguments: [--project: "env-integration-fenway", --service: "compute.googleapis.com", QUOTA_ID: "GPUS-PER-GPU-FAMILY-per-project-region"]
2026-06-01 09:56:43,686 DEBUG    root            On GCE from memory cache: False
2026-06-01 09:56:49,809 DEBUG    root            Failed to check metadata server: <urlopen error [Errno 64] Host is down>
2026-06-01 09:56:49,809 DEBUG    root            On GCE from server: False
2026-06-01 09:56:49,823 DEBUG    root            On GCE from memory cache: False
2026-06-01 09:56:49,823 DEBUG    root            On GCE from memory cache: False
2026-06-01 09:56:49,824 DEBUG    google.auth.transport.requests Making request: POST https://oauth2.googleapis.com/token
2026-06-01 09:56:49,829 DEBUG    urllib3.connectionpool Starting new HTTPS connection (1): oauth2.googleapis.com:443
2026-06-01 09:56:50,127 DEBUG    urllib3.connectionpool https://oauth2.googleapis.com:443 "POST /token HTTP/1.1" 200 None
2026-06-01 09:56:50,139 DEBUG    urllib3.connectionpool Starting new HTTPS connection (1): cloudquotas.googleapis.com:443
2026-06-01 09:56:50,553 DEBUG    urllib3.connectionpool https://cloudquotas.googleapis.com:443 "GET /v1/projects/env-integration-fenway/locations/global/services/compute.googleapis.com/quotaInfos/GPUS-PER-GPU-FAMILY-per-project-region?alt=json HTTP/1.1" 200 None
2026-06-01 09:56:50,555 DEBUG    root            Chosen display Format:default
2026-06-01 09:56:50,556 INFO     root            Display format: "default"
2026-06-01 09:56:50,600 INFO     ___FILE_ONLY___ containerType
2026-06-01 09:56:50,600 INFO     ___FILE_ONLY___ :
2026-06-01 09:56:50,600 INFO     ___FILE_ONLY___  
2026-06-01 09:56:50,600 INFO     ___FILE_ONLY___ PROJECT
2026-06-01 09:56:50,600 INFO     ___FILE_ONLY___ 

2026-06-01 09:56:50,600 INFO     ___FILE_ONLY___ dimensions
2026-06-01 09:56:50,600 INFO     ___FILE_ONLY___ :
2026-06-01 09:56:50,600 INFO     ___FILE_ONLY___ 

2026-06-01 09:56:50,600 INFO     ___FILE_ONLY___ -
2026-06-01 09:56:50,600 INFO     ___FILE_ONLY___  
2026-06-01 09:56:50,600 INFO     ___FILE_ONLY___ gpu_family
2026-06-01 09:56:50,600 INFO     ___FILE_ONLY___ 

2026-06-01 09:56:50,600 INFO     ___FILE_ONLY___ -
2026-06-01 09:56:50,600 INFO     ___FILE_ONLY___  
2026-06-01 09:56:50,600 INFO     ___FILE_ONLY___ region
2026-06-01 09:56:50,600 INFO     ___FILE_ONLY___ 

2026-06-01 09:56:50,600 INFO     ___FILE_ONLY___ dimensionsInfos
2026-06-01 09:56:50,600 INFO     ___FILE_ONLY___ :
2026-06-01 09:56:50,601 INFO     ___FILE_ONLY___ 

2026-06-01 09:56:50,601 INFO     ___FILE_ONLY___ -
2026-06-01 09:56:50,601 INFO     ___FILE_ONLY___  
2026-06-01 09:56:50,601 INFO     ___FILE_ONLY___ applicableLocations
2026-06-01 09:56:50,601 INFO     ___FILE_ONLY___ :
2026-06-01 09:56:50,601 INFO     ___FILE_ONLY___ 

2026-06-01 09:56:50,601 INFO     ___FILE_ONLY___   
2026-06-01 09:56:50,601 INFO     ___FILE_ONLY___ -
2026-06-01 09:56:50,601 INFO     ___FILE_ONLY___  
2026-06-01 09:56:50,601 INFO     ___FILE_ONLY___ us-central1
2026-06-01 09:56:50,601 INFO     ___FILE_ONLY___ 

2026-06-01 09:56:50,601 INFO     ___FILE_ONLY___   
2026-06-01 09:56:50,601 INFO     ___FILE_ONLY___ details
2026-06-01 09:56:50,601 INFO     ___FILE_ONLY___ :
2026-06-01 09:56:50,601 INFO     ___FILE_ONLY___  {
2026-06-01 09:56:50,601 INFO     ___FILE_ONLY___ }
2026-06-01 09:56:50,601 INFO     ___FILE_ONLY___ 

2026-06-01 09:56:50,601 INFO     ___FILE_ONLY___   
2026-06-01 09:56:50,601 INFO     ___FILE_ONLY___ dimensions
2026-06-01 09:56:50,601 INFO     ___FILE_ONLY___ :
2026-06-01 09:56:50,601 INFO     ___FILE_ONLY___ 

2026-06-01 09:56:50,601 INFO     ___FILE_ONLY___     
2026-06-01 09:56:50,601 INFO     ___FILE_ONLY___ gpu_family
2026-06-01 09:56:50,601 INFO     ___FILE_ONLY___ :
2026-06-01 09:56:50,601 INFO     ___FILE_ONLY___  
2026-06-01 09:56:50,602 INFO     ___FILE_ONLY___ NVIDIA_RTX_PRO_6000
2026-06-01 09:56:50,602 INFO     ___FILE_ONLY___ 

2026-06-01 09:56:50,602 INFO     ___FILE_ONLY___     
2026-06-01 09:56:50,602 INFO     ___FILE_ONLY___ region
2026-06-01 09:56:50,602 INFO     ___FILE_ONLY___ :
2026-06-01 09:56:50,602 INFO     ___FILE_ONLY___  
2026-06-01 09:56:50,602 INFO     ___FILE_ONLY___ us-central1
2026-06-01 09:56:50,602 INFO     ___FILE_ONLY___ 

2026-06-01 09:56:50,602 INFO     ___FILE_ONLY___ -
2026-06-01 09:56:50,602 INFO     ___FILE_ONLY___  
2026-06-01 09:56:50,602 INFO     ___FILE_ONLY___ applicableLocations
2026-06-01 09:56:50,602 INFO     ___FILE_ONLY___ :
2026-06-01 09:56:50,602 INFO     ___FILE_ONLY___ 

2026-06-01 09:56:50,602 INFO     ___FILE_ONLY___   
2026-06-01 09:56:50,602 INFO     ___FILE_ONLY___ -
2026-06-01 09:56:50,602 INFO     ___FILE_ONLY___  
2026-06-01 09:56:50,602 INFO     ___FILE_ONLY___ us-south1
2026-06-01 09:56:50,602 INFO     ___FILE_ONLY___ 

2026-06-01 09:56:50,602 INFO     ___FILE_ONLY___   
2026-06-01 09:56:50,602 INFO     ___FILE_ONLY___ details
2026-06-01 09:56:50,603 INFO     ___FILE_ONLY___ :
2026-06-01 09:56:50,603 INFO     ___FILE_ONLY___ 

2026-06-01 09:56:50,603 INFO     ___FILE_ONLY___     
2026-06-01 09:56:50,603 INFO     ___FILE_ONLY___ value
2026-06-01 09:56:50,603 INFO     ___FILE_ONLY___ :
2026-06-01 09:56:50,603 INFO     ___FILE_ONLY___  '
2026-06-01 09:56:50,603 INFO     ___FILE_ONLY___ 4
2026-06-01 09:56:50,603 INFO     ___FILE_ONLY___ '
2026-06-01 09:56:50,603 INFO     ___FILE_ONLY___ 

2026-06-01 09:56:50,603 INFO     ___FILE_ONLY___   
2026-06-01 09:56:50,603 INFO     ___FILE_ONLY___ dimensions
2026-06-01 09:56:50,603 INFO     ___FILE_ONLY___ :
2026-06-01 09:56:50,603 INFO     ___FILE_ONLY___ 

2026-06-01 09:56:50,603 INFO     ___FILE_ONLY___     
2026-06-01 09:56:50,603 INFO     ___FILE_ONLY___ gpu_family
2026-06-01 09:56:50,603 INFO     ___FILE_ONLY___ :
2026-06-01 09:56:50,603 INFO     ___FILE_ONLY___  
2026-06-01 09:56:50,603 INFO     ___FILE_ONLY___ NVIDIA_RTX_PRO_6000
2026-06-01 09:56:50,603 INFO     ___FILE_ONLY___ 

2026-06-01 09:56:50,603 INFO     ___FILE_ONLY___     
2026-06-01 09:56:50,603 INFO     ___FILE_ONLY___ region
2026-06-01 09:56:50,603 INFO     ___FILE_ONLY___ :
2026-06-01 09:56:50,603 INFO     ___FILE_ONLY___  
2026-06-01 09:56:50,603 INFO     ___FILE_ONLY___ us-south1
2026-06-01 09:56:50,603 INFO     ___FILE_ONLY___ 

2026-06-01 09:56:50,603 INFO     ___FILE_ONLY___ -
2026-06-01 09:56:50,603 INFO     ___FILE_ONLY___  
2026-06-01 09:56:50,603 INFO     ___FILE_ONLY___ applicableLocations
2026-06-01 09:56:50,603 INFO     ___FILE_ONLY___ :
2026-06-01 09:56:50,603 INFO     ___FILE_ONLY___ 

2026-06-01 09:56:50,603 INFO     ___FILE_ONLY___   
2026-06-01 09:56:50,603 INFO     ___FILE_ONLY___ -
2026-06-01 09:56:50,603 INFO     ___FILE_ONLY___  
2026-06-01 09:56:50,603 INFO     ___FILE_ONLY___ africa-south1
2026-06-01 09:56:50,604 INFO     ___FILE_ONLY___ 

2026-06-01 09:56:50,604 INFO     ___FILE_ONLY___   
2026-06-01 09:56:50,604 INFO     ___FILE_ONLY___ -
2026-06-01 09:56:50,604 INFO     ___FILE_ONLY___  
2026-06-01 09:56:50,604 INFO     ___FILE_ONLY___ asia-east1
2026-06-01 09:56:50,604 INFO     ___FILE_ONLY___ 

2026-06-01 09:56:50,604 INFO     ___FILE_ONLY___   
2026-06-01 09:56:50,604 INFO     ___FILE_ONLY___ -
2026-06-01 09:56:50,604 INFO     ___FILE_ONLY___  
2026-06-01 09:56:50,604 INFO     ___FILE_ONLY___ asia-east2
2026-06-01 09:56:50,604 INFO     ___FILE_ONLY___ 

2026-06-01 09:56:50,604 INFO     ___FILE_ONLY___   
2026-06-01 09:56:50,604 INFO     ___FILE_ONLY___ -
2026-06-01 09:56:50,604 INFO     ___FILE_ONLY___  
2026-06-01 09:56:50,604 INFO     ___FILE_ONLY___ asia-northeast1
2026-06-01 09:56:50,604 INFO     ___FILE_ONLY___ 

2026-06-01 09:56:50,604 INFO     ___FILE_ONLY___   
2026-06-01 09:56:50,604 INFO     ___FILE_ONLY___ -
2026-06-01 09:56:50,604 INFO     ___FILE_ONLY___  
2026-06-01 09:56:50,604 INFO     ___FILE_ONLY___ asia-northeast2
2026-06-01 09:56:50,604 INFO     ___FILE_ONLY___ 

2026-06-01 09:56:50,604 INFO     ___FILE_ONLY___   
2026-06-01 09:56:50,604 INFO     ___FILE_ONLY___ -
2026-06-01 09:56:50,604 INFO     ___FILE_ONLY___  
2026-06-01 09:56:50,604 INFO     ___FILE_ONLY___ asia-northeast3
2026-06-01 09:56:50,604 INFO     ___FILE_ONLY___ 

2026-06-01 09:56:50,604 INFO     ___FILE_ONLY___   
2026-06-01 09:56:50,604 INFO     ___FILE_ONLY___ -
2026-06-01 09:56:50,604 INFO     ___FILE_ONLY___  
2026-06-01 09:56:50,604 INFO     ___FILE_ONLY___ asia-south1
2026-06-01 09:56:50,604 INFO     ___FILE_ONLY___ 

2026-06-01 09:56:50,604 INFO     ___FILE_ONLY___   
2026-06-01 09:56:50,604 INFO     ___FILE_ONLY___ -
2026-06-01 09:56:50,604 INFO     ___FILE_ONLY___  
2026-06-01 09:56:50,604 INFO     ___FILE_ONLY___ asia-south2
2026-06-01 09:56:50,604 INFO     ___FILE_ONLY___ 

2026-06-01 09:56:50,604 INFO     ___FILE_ONLY___   
2026-06-01 09:56:50,604 INFO     ___FILE_ONLY___ -
2026-06-01 09:56:50,604 INFO     ___FILE_ONLY___  
2026-06-01 09:56:50,604 INFO     ___FILE_ONLY___ asia-southeast1
2026-06-01 09:56:50,604 INFO     ___FILE_ONLY___ 

2026-06-01 09:56:50,605 INFO     ___FILE_ONLY___   
2026-06-01 09:56:50,605 INFO     ___FILE_ONLY___ -
2026-06-01 09:56:50,605 INFO     ___FILE_ONLY___  
2026-06-01 09:56:50,605 INFO     ___FILE_ONLY___ asia-southeast2
2026-06-01 09:56:50,605 INFO     ___FILE_ONLY___ 

2026-06-01 09:56:50,605 INFO     ___FILE_ONLY___   
2026-06-01 09:56:50,605 INFO     ___FILE_ONLY___ -
2026-06-01 09:56:50,605 INFO     ___FILE_ONLY___  
2026-06-01 09:56:50,605 INFO     ___FILE_ONLY___ asia-southeast3
2026-06-01 09:56:50,605 INFO     ___FILE_ONLY___ 

2026-06-01 09:56:50,605 INFO     ___FILE_ONLY___   
2026-06-01 09:56:50,605 INFO     ___FILE_ONLY___ -
2026-06-01 09:56:50,605 INFO     ___FILE_ONLY___  
2026-06-01 09:56:50,605 INFO     ___FILE_ONLY___ australia-southeast1
2026-06-01 09:56:50,605 INFO     ___FILE_ONLY___ 

2026-06-01 09:56:50,605 INFO     ___FILE_ONLY___   
2026-06-01 09:56:50,605 INFO     ___FILE_ONLY___ -
2026-06-01 09:56:50,605 INFO     ___FILE_ONLY___  
2026-06-01 09:56:50,605 INFO     ___FILE_ONLY___ australia-southeast2
2026-06-01 09:56:50,605 INFO     ___FILE_ONLY___ 

2026-06-01 09:56:50,605 INFO     ___FILE_ONLY___   
2026-06-01 09:56:50,605 INFO     ___FILE_ONLY___ -
2026-06-01 09:56:50,605 INFO     ___FILE_ONLY___  
2026-06-01 09:56:50,605 INFO     ___FILE_ONLY___ europe-central2
2026-06-01 09:56:50,605 INFO     ___FILE_ONLY___ 

2026-06-01 09:56:50,605 INFO     ___FILE_ONLY___   
2026-06-01 09:56:50,605 INFO     ___FILE_ONLY___ -
2026-06-01 09:56:50,605 INFO     ___FILE_ONLY___  
2026-06-01 09:56:50,605 INFO     ___FILE_ONLY___ europe-north1
2026-06-01 09:56:50,605 INFO     ___FILE_ONLY___ 

2026-06-01 09:56:50,605 INFO     ___FILE_ONLY___   
2026-06-01 09:56:50,605 INFO     ___FILE_ONLY___ -
2026-06-01 09:56:50,605 INFO     ___FILE_ONLY___  
2026-06-01 09:56:50,605 INFO     ___FILE_ONLY___ europe-north2
2026-06-01 09:56:50,605 INFO     ___FILE_ONLY___ 

2026-06-01 09:56:50,605 INFO     ___FILE_ONLY___   
2026-06-01 09:56:50,605 INFO     ___FILE_ONLY___ -
2026-06-01 09:56:50,605 INFO     ___FILE_ONLY___  
2026-06-01 09:56:50,605 INFO     ___FILE_ONLY___ europe-southwest1
2026-06-01 09:56:50,605 INFO     ___FILE_ONLY___ 

2026-06-01 09:56:50,605 INFO     ___FILE_ONLY___   
2026-06-01 09:56:50,605 INFO     ___FILE_ONLY___ -
2026-06-01 09:56:50,606 INFO     ___FILE_ONLY___  
2026-06-01 09:56:50,606 INFO     ___FILE_ONLY___ europe-west1
2026-06-01 09:56:50,606 INFO     ___FILE_ONLY___ 

2026-06-01 09:56:50,606 INFO     ___FILE_ONLY___   
2026-06-01 09:56:50,606 INFO     ___FILE_ONLY___ -
2026-06-01 09:56:50,606 INFO     ___FILE_ONLY___  
2026-06-01 09:56:50,606 INFO     ___FILE_ONLY___ europe-west10
2026-06-01 09:56:50,606 INFO     ___FILE_ONLY___ 

2026-06-01 09:56:50,606 INFO     ___FILE_ONLY___   
2026-06-01 09:56:50,606 INFO     ___FILE_ONLY___ -
2026-06-01 09:56:50,606 INFO     ___FILE_ONLY___  
2026-06-01 09:56:50,606 INFO     ___FILE_ONLY___ europe-west12
2026-06-01 09:56:50,606 INFO     ___FILE_ONLY___ 

2026-06-01 09:56:50,606 INFO     ___FILE_ONLY___   
2026-06-01 09:56:50,606 INFO     ___FILE_ONLY___ -
2026-06-01 09:56:50,606 INFO     ___FILE_ONLY___  
2026-06-01 09:56:50,606 INFO     ___FILE_ONLY___ europe-west2
2026-06-01 09:56:50,606 INFO     ___FILE_ONLY___ 

2026-06-01 09:56:50,606 INFO     ___FILE_ONLY___   
2026-06-01 09:56:50,606 INFO     ___FILE_ONLY___ -
2026-06-01 09:56:50,606 INFO     ___FILE_ONLY___  
2026-06-01 09:56:50,606 INFO     ___FILE_ONLY___ europe-west3
2026-06-01 09:56:50,606 INFO     ___FILE_ONLY___ 

2026-06-01 09:56:50,606 INFO     ___FILE_ONLY___   
2026-06-01 09:56:50,606 INFO     ___FILE_ONLY___ -
2026-06-01 09:56:50,606 INFO     ___FILE_ONLY___  
2026-06-01 09:56:50,606 INFO     ___FILE_ONLY___ europe-west4
2026-06-01 09:56:50,606 INFO     ___FILE_ONLY___ 

2026-06-01 09:56:50,606 INFO     ___FILE_ONLY___   
2026-06-01 09:56:50,606 INFO     ___FILE_ONLY___ -
2026-06-01 09:56:50,606 INFO     ___FILE_ONLY___  
2026-06-01 09:56:50,606 INFO     ___FILE_ONLY___ europe-west6
2026-06-01 09:56:50,606 INFO     ___FILE_ONLY___ 

2026-06-01 09:56:50,606 INFO     ___FILE_ONLY___   
2026-06-01 09:56:50,606 INFO     ___FILE_ONLY___ -
2026-06-01 09:56:50,606 INFO     ___FILE_ONLY___  
2026-06-01 09:56:50,606 INFO     ___FILE_ONLY___ europe-west8
2026-06-01 09:56:50,606 INFO     ___FILE_ONLY___ 

2026-06-01 09:56:50,606 INFO     ___FILE_ONLY___   
2026-06-01 09:56:50,606 INFO     ___FILE_ONLY___ -
2026-06-01 09:56:50,606 INFO     ___FILE_ONLY___  
2026-06-01 09:56:50,606 INFO     ___FILE_ONLY___ europe-west9
2026-06-01 09:56:50,607 INFO     ___FILE_ONLY___ 

2026-06-01 09:56:50,607 INFO     ___FILE_ONLY___   
2026-06-01 09:56:50,607 INFO     ___FILE_ONLY___ -
2026-06-01 09:56:50,607 INFO     ___FILE_ONLY___  
2026-06-01 09:56:50,607 INFO     ___FILE_ONLY___ me-central1
2026-06-01 09:56:50,607 INFO     ___FILE_ONLY___ 

2026-06-01 09:56:50,607 INFO     ___FILE_ONLY___   
2026-06-01 09:56:50,607 INFO     ___FILE_ONLY___ -
2026-06-01 09:56:50,607 INFO     ___FILE_ONLY___  
2026-06-01 09:56:50,607 INFO     ___FILE_ONLY___ me-central2
2026-06-01 09:56:50,607 INFO     ___FILE_ONLY___ 

2026-06-01 09:56:50,607 INFO     ___FILE_ONLY___   
2026-06-01 09:56:50,607 INFO     ___FILE_ONLY___ -
2026-06-01 09:56:50,607 INFO     ___FILE_ONLY___  
2026-06-01 09:56:50,607 INFO     ___FILE_ONLY___ me-west1
2026-06-01 09:56:50,607 INFO     ___FILE_ONLY___ 

2026-06-01 09:56:50,607 INFO     ___FILE_ONLY___   
2026-06-01 09:56:50,607 INFO     ___FILE_ONLY___ -
2026-06-01 09:56:50,607 INFO     ___FILE_ONLY___  
2026-06-01 09:56:50,607 INFO     ___FILE_ONLY___ northamerica-northeast1
2026-06-01 09:56:50,607 INFO     ___FILE_ONLY___ 

2026-06-01 09:56:50,607 INFO     ___FILE_ONLY___   
2026-06-01 09:56:50,607 INFO     ___FILE_ONLY___ -
2026-06-01 09:56:50,607 INFO     ___FILE_ONLY___  
2026-06-01 09:56:50,607 INFO     ___FILE_ONLY___ northamerica-northeast2
2026-06-01 09:56:50,607 INFO     ___FILE_ONLY___ 

2026-06-01 09:56:50,607 INFO     ___FILE_ONLY___   
2026-06-01 09:56:50,607 INFO     ___FILE_ONLY___ -
2026-06-01 09:56:50,607 INFO     ___FILE_ONLY___  
2026-06-01 09:56:50,607 INFO     ___FILE_ONLY___ northamerica-south1
2026-06-01 09:56:50,607 INFO     ___FILE_ONLY___ 

2026-06-01 09:56:50,607 INFO     ___FILE_ONLY___   
2026-06-01 09:56:50,607 INFO     ___FILE_ONLY___ -
2026-06-01 09:56:50,607 INFO     ___FILE_ONLY___  
2026-06-01 09:56:50,607 INFO     ___FILE_ONLY___ southamerica-east1
2026-06-01 09:56:50,607 INFO     ___FILE_ONLY___ 

2026-06-01 09:56:50,607 INFO     ___FILE_ONLY___   
2026-06-01 09:56:50,607 INFO     ___FILE_ONLY___ -
2026-06-01 09:56:50,607 INFO     ___FILE_ONLY___  
2026-06-01 09:56:50,607 INFO     ___FILE_ONLY___ southamerica-west1
2026-06-01 09:56:50,607 INFO     ___FILE_ONLY___ 

2026-06-01 09:56:50,607 INFO     ___FILE_ONLY___   
2026-06-01 09:56:50,608 INFO     ___FILE_ONLY___ -
2026-06-01 09:56:50,608 INFO     ___FILE_ONLY___  
2026-06-01 09:56:50,608 INFO     ___FILE_ONLY___ us-central1
2026-06-01 09:56:50,608 INFO     ___FILE_ONLY___ 

2026-06-01 09:56:50,608 INFO     ___FILE_ONLY___   
2026-06-01 09:56:50,608 INFO     ___FILE_ONLY___ -
2026-06-01 09:56:50,608 INFO     ___FILE_ONLY___  
2026-06-01 09:56:50,608 INFO     ___FILE_ONLY___ us-east1
2026-06-01 09:56:50,608 INFO     ___FILE_ONLY___ 

2026-06-01 09:56:50,608 INFO     ___FILE_ONLY___   
2026-06-01 09:56:50,608 INFO     ___FILE_ONLY___ -
2026-06-01 09:56:50,608 INFO     ___FILE_ONLY___  
2026-06-01 09:56:50,608 INFO     ___FILE_ONLY___ us-east4
2026-06-01 09:56:50,608 INFO     ___FILE_ONLY___ 

2026-06-01 09:56:50,608 INFO     ___FILE_ONLY___   
2026-06-01 09:56:50,608 INFO     ___FILE_ONLY___ -
2026-06-01 09:56:50,608 INFO     ___FILE_ONLY___  
2026-06-01 09:56:50,608 INFO     ___FILE_ONLY___ us-east5
2026-06-01 09:56:50,608 INFO     ___FILE_ONLY___ 

2026-06-01 09:56:50,608 INFO     ___FILE_ONLY___   
2026-06-01 09:56:50,608 INFO     ___FILE_ONLY___ -
2026-06-01 09:56:50,608 INFO     ___FILE_ONLY___  
2026-06-01 09:56:50,608 INFO     ___FILE_ONLY___ us-south1
2026-06-01 09:56:50,608 INFO     ___FILE_ONLY___ 

2026-06-01 09:56:50,608 INFO     ___FILE_ONLY___   
2026-06-01 09:56:50,608 INFO     ___FILE_ONLY___ -
2026-06-01 09:56:50,608 INFO     ___FILE_ONLY___  
2026-06-01 09:56:50,608 INFO     ___FILE_ONLY___ us-west1
2026-06-01 09:56:50,608 INFO     ___FILE_ONLY___ 

2026-06-01 09:56:50,608 INFO     ___FILE_ONLY___   
2026-06-01 09:56:50,608 INFO     ___FILE_ONLY___ -
2026-06-01 09:56:50,608 INFO     ___FILE_ONLY___  
2026-06-01 09:56:50,608 INFO     ___FILE_ONLY___ us-west2
2026-06-01 09:56:50,608 INFO     ___FILE_ONLY___ 

2026-06-01 09:56:50,608 INFO     ___FILE_ONLY___   
2026-06-01 09:56:50,608 INFO     ___FILE_ONLY___ -
2026-06-01 09:56:50,608 INFO     ___FILE_ONLY___  
2026-06-01 09:56:50,608 INFO     ___FILE_ONLY___ us-west3
2026-06-01 09:56:50,608 INFO     ___FILE_ONLY___ 

2026-06-01 09:56:50,608 INFO     ___FILE_ONLY___   
2026-06-01 09:56:50,608 INFO     ___FILE_ONLY___ -
2026-06-01 09:56:50,608 INFO     ___FILE_ONLY___  
2026-06-01 09:56:50,608 INFO     ___FILE_ONLY___ us-west4
2026-06-01 09:56:50,609 INFO     ___FILE_ONLY___ 

2026-06-01 09:56:50,609 INFO     ___FILE_ONLY___   
2026-06-01 09:56:50,609 INFO     ___FILE_ONLY___ details
2026-06-01 09:56:50,609 INFO     ___FILE_ONLY___ :
2026-06-01 09:56:50,609 INFO     ___FILE_ONLY___  {
2026-06-01 09:56:50,609 INFO     ___FILE_ONLY___ }
2026-06-01 09:56:50,609 INFO     ___FILE_ONLY___ 

2026-06-01 09:56:50,609 INFO     ___FILE_ONLY___   
2026-06-01 09:56:50,609 INFO     ___FILE_ONLY___ dimensions
2026-06-01 09:56:50,609 INFO     ___FILE_ONLY___ :
2026-06-01 09:56:50,609 INFO     ___FILE_ONLY___ 

2026-06-01 09:56:50,609 INFO     ___FILE_ONLY___     
2026-06-01 09:56:50,609 INFO     ___FILE_ONLY___ gpu_family
2026-06-01 09:56:50,609 INFO     ___FILE_ONLY___ :
2026-06-01 09:56:50,609 INFO     ___FILE_ONLY___  
2026-06-01 09:56:50,609 INFO     ___FILE_ONLY___ NVIDIA_B200
2026-06-01 09:56:50,609 INFO     ___FILE_ONLY___ 

2026-06-01 09:56:50,609 INFO     ___FILE_ONLY___ -
2026-06-01 09:56:50,609 INFO     ___FILE_ONLY___  
2026-06-01 09:56:50,609 INFO     ___FILE_ONLY___ applicableLocations
2026-06-01 09:56:50,609 INFO     ___FILE_ONLY___ :
2026-06-01 09:56:50,609 INFO     ___FILE_ONLY___ 

2026-06-01 09:56:50,609 INFO     ___FILE_ONLY___   
2026-06-01 09:56:50,609 INFO     ___FILE_ONLY___ -
2026-06-01 09:56:50,609 INFO     ___FILE_ONLY___  
2026-06-01 09:56:50,609 INFO     ___FILE_ONLY___ africa-south1
2026-06-01 09:56:50,609 INFO     ___FILE_ONLY___ 

2026-06-01 09:56:50,609 INFO     ___FILE_ONLY___   
2026-06-01 09:56:50,609 INFO     ___FILE_ONLY___ -
2026-06-01 09:56:50,609 INFO     ___FILE_ONLY___  
2026-06-01 09:56:50,609 INFO     ___FILE_ONLY___ asia-east1
2026-06-01 09:56:50,609 INFO     ___FILE_ONLY___ 

2026-06-01 09:56:50,609 INFO     ___FILE_ONLY___   
2026-06-01 09:56:50,609 INFO     ___FILE_ONLY___ -
2026-06-01 09:56:50,609 INFO     ___FILE_ONLY___  
2026-06-01 09:56:50,609 INFO     ___FILE_ONLY___ asia-east2
2026-06-01 09:56:50,610 INFO     ___FILE_ONLY___ 

2026-06-01 09:56:50,610 INFO     ___FILE_ONLY___   
2026-06-01 09:56:50,610 INFO     ___FILE_ONLY___ -
2026-06-01 09:56:50,610 INFO     ___FILE_ONLY___  
2026-06-01 09:56:50,610 INFO     ___FILE_ONLY___ asia-northeast1
2026-06-01 09:56:50,610 INFO     ___FILE_ONLY___ 

2026-06-01 09:56:50,610 INFO     ___FILE_ONLY___   
2026-06-01 09:56:50,610 INFO     ___FILE_ONLY___ -
2026-06-01 09:56:50,610 INFO     ___FILE_ONLY___  
2026-06-01 09:56:50,610 INFO     ___FILE_ONLY___ asia-northeast2
2026-06-01 09:56:50,610 INFO     ___FILE_ONLY___ 

2026-06-01 09:56:50,610 INFO     ___FILE_ONLY___   
2026-06-01 09:56:50,610 INFO     ___FILE_ONLY___ -
2026-06-01 09:56:50,610 INFO     ___FILE_ONLY___  
2026-06-01 09:56:50,610 INFO     ___FILE_ONLY___ asia-northeast3
2026-06-01 09:56:50,610 INFO     ___FILE_ONLY___ 

2026-06-01 09:56:50,610 INFO     ___FILE_ONLY___   
2026-06-01 09:56:50,610 INFO     ___FILE_ONLY___ -
2026-06-01 09:56:50,610 INFO     ___FILE_ONLY___  
2026-06-01 09:56:50,610 INFO     ___FILE_ONLY___ asia-south1
2026-06-01 09:56:50,610 INFO     ___FILE_ONLY___ 

2026-06-01 09:56:50,610 INFO     ___FILE_ONLY___   
2026-06-01 09:56:50,610 INFO     ___FILE_ONLY___ -
2026-06-01 09:56:50,610 INFO     ___FILE_ONLY___  
2026-06-01 09:56:50,610 INFO     ___FILE_ONLY___ asia-south2
2026-06-01 09:56:50,610 INFO     ___FILE_ONLY___ 

2026-06-01 09:56:50,610 INFO     ___FILE_ONLY___   
2026-06-01 09:56:50,610 INFO     ___FILE_ONLY___ -
2026-06-01 09:56:50,610 INFO     ___FILE_ONLY___  
2026-06-01 09:56:50,610 INFO     ___FILE_ONLY___ asia-southeast1
2026-06-01 09:56:50,610 INFO     ___FILE_ONLY___ 

2026-06-01 09:56:50,610 INFO     ___FILE_ONLY___   
2026-06-01 09:56:50,610 INFO     ___FILE_ONLY___ -
2026-06-01 09:56:50,610 INFO     ___FILE_ONLY___  
2026-06-01 09:56:50,610 INFO     ___FILE_ONLY___ asia-southeast2
2026-06-01 09:56:50,610 INFO     ___FILE_ONLY___ 

2026-06-01 09:56:50,610 INFO     ___FILE_ONLY___   
2026-06-01 09:56:50,610 INFO     ___FILE_ONLY___ -
2026-06-01 09:56:50,610 INFO     ___FILE_ONLY___  
2026-06-01 09:56:50,610 INFO     ___FILE_ONLY___ asia-southeast3
2026-06-01 09:56:50,610 INFO     ___FILE_ONLY___ 

2026-06-01 09:56:50,610 INFO     ___FILE_ONLY___   
2026-06-01 09:56:50,611 INFO     ___FILE_ONLY___ -
2026-06-01 09:56:50,611 INFO     ___FILE_ONLY___  
2026-06-01 09:56:50,611 INFO     ___FILE_ONLY___ australia-southeast1
2026-06-01 09:56:50,611 INFO     ___FILE_ONLY___ 

2026-06-01 09:56:50,611 INFO     ___FILE_ONLY___   
2026-06-01 09:56:50,611 INFO     ___FILE_ONLY___ -
2026-06-01 09:56:50,611 INFO     ___FILE_ONLY___  
2026-06-01 09:56:50,611 INFO     ___FILE_ONLY___ australia-southeast2
2026-06-01 09:56:50,611 INFO     ___FILE_ONLY___ 

2026-06-01 09:56:50,611 INFO     ___FILE_ONLY___   
2026-06-01 09:56:50,611 INFO     ___FILE_ONLY___ -
2026-06-01 09:56:50,611 INFO     ___FILE_ONLY___  
2026-06-01 09:56:50,611 INFO     ___FILE_ONLY___ europe-central2
2026-06-01 09:56:50,611 INFO     ___FILE_ONLY___ 

2026-06-01 09:56:50,611 INFO     ___FILE_ONLY___   
2026-06-01 09:56:50,611 INFO     ___FILE_ONLY___ -
2026-06-01 09:56:50,611 INFO     ___FILE_ONLY___  
2026-06-01 09:56:50,611 INFO     ___FILE_ONLY___ europe-north1
2026-06-01 09:56:50,611 INFO     ___FILE_ONLY___ 

2026-06-01 09:56:50,611 INFO     ___FILE_ONLY___   
2026-06-01 09:56:50,611 INFO     ___FILE_ONLY___ -
2026-06-01 09:56:50,611 INFO     ___FILE_ONLY___  
2026-06-01 09:56:50,611 INFO     ___FILE_ONLY___ europe-north2
2026-06-01 09:56:50,611 INFO     ___FILE_ONLY___ 

2026-06-01 09:56:50,611 INFO     ___FILE_ONLY___   
2026-06-01 09:56:50,611 INFO     ___FILE_ONLY___ -
2026-06-01 09:56:50,611 INFO     ___FILE_ONLY___  
2026-06-01 09:56:50,611 INFO     ___FILE_ONLY___ europe-southwest1
2026-06-01 09:56:50,611 INFO     ___FILE_ONLY___ 

2026-06-01 09:56:50,611 INFO     ___FILE_ONLY___   
2026-06-01 09:56:50,611 INFO     ___FILE_ONLY___ -
2026-06-01 09:56:50,611 INFO     ___FILE_ONLY___  
2026-06-01 09:56:50,611 INFO     ___FILE_ONLY___ europe-west1
2026-06-01 09:56:50,611 INFO     ___FILE_ONLY___ 

2026-06-01 09:56:50,611 INFO     ___FILE_ONLY___   
2026-06-01 09:56:50,611 INFO     ___FILE_ONLY___ -
2026-06-01 09:56:50,611 INFO     ___FILE_ONLY___  
2026-06-01 09:56:50,611 INFO     ___FILE_ONLY___ europe-west10
2026-06-01 09:56:50,611 INFO     ___FILE_ONLY___ 

2026-06-01 09:56:50,611 INFO     ___FILE_ONLY___   
2026-06-01 09:56:50,611 INFO     ___FILE_ONLY___ -
2026-06-01 09:56:50,611 INFO     ___FILE_ONLY___  
2026-06-01 09:56:50,612 INFO     ___FILE_ONLY___ europe-west12
2026-06-01 09:56:50,612 INFO     ___FILE_ONLY___ 

2026-06-01 09:56:50,612 INFO     ___FILE_ONLY___   
2026-06-01 09:56:50,612 INFO     ___FILE_ONLY___ -
2026-06-01 09:56:50,612 INFO     ___FILE_ONLY___  
2026-06-01 09:56:50,612 INFO     ___FILE_ONLY___ europe-west2
2026-06-01 09:56:50,612 INFO     ___FILE_ONLY___ 

2026-06-01 09:56:50,612 INFO     ___FILE_ONLY___   
2026-06-01 09:56:50,612 INFO     ___FILE_ONLY___ -
2026-06-01 09:56:50,612 INFO     ___FILE_ONLY___  
2026-06-01 09:56:50,612 INFO     ___FILE_ONLY___ europe-west3
2026-06-01 09:56:50,612 INFO     ___FILE_ONLY___ 

2026-06-01 09:56:50,612 INFO     ___FILE_ONLY___   
2026-06-01 09:56:50,612 INFO     ___FILE_ONLY___ -
2026-06-01 09:56:50,612 INFO     ___FILE_ONLY___  
2026-06-01 09:56:50,612 INFO     ___FILE_ONLY___ europe-west4
2026-06-01 09:56:50,612 INFO     ___FILE_ONLY___ 

2026-06-01 09:56:50,612 INFO     ___FILE_ONLY___   
2026-06-01 09:56:50,612 INFO     ___FILE_ONLY___ -
2026-06-01 09:56:50,612 INFO     ___FILE_ONLY___  
2026-06-01 09:56:50,612 INFO     ___FILE_ONLY___ europe-west6
2026-06-01 09:56:50,612 INFO     ___FILE_ONLY___ 

2026-06-01 09:56:50,612 INFO     ___FILE_ONLY___   
2026-06-01 09:56:50,612 INFO     ___FILE_ONLY___ -
2026-06-01 09:56:50,612 INFO     ___FILE_ONLY___  
2026-06-01 09:56:50,612 INFO     ___FILE_ONLY___ europe-west8
2026-06-01 09:56:50,612 INFO     ___FILE_ONLY___ 

2026-06-01 09:56:50,612 INFO     ___FILE_ONLY___   
2026-06-01 09:56:50,612 INFO     ___FILE_ONLY___ -
2026-06-01 09:56:50,612 INFO     ___FILE_ONLY___  
2026-06-01 09:56:50,612 INFO     ___FILE_ONLY___ europe-west9
2026-06-01 09:56:50,612 INFO     ___FILE_ONLY___ 

2026-06-01 09:56:50,612 INFO     ___FILE_ONLY___   
2026-06-01 09:56:50,612 INFO     ___FILE_ONLY___ -
2026-06-01 09:56:50,612 INFO     ___FILE_ONLY___  
2026-06-01 09:56:50,612 INFO     ___FILE_ONLY___ me-central1
2026-06-01 09:56:50,612 INFO     ___FILE_ONLY___ 

2026-06-01 09:56:50,612 INFO     ___FILE_ONLY___   
2026-06-01 09:56:50,612 INFO     ___FILE_ONLY___ -
2026-06-01 09:56:50,612 INFO     ___FILE_ONLY___  
2026-06-01 09:56:50,612 INFO     ___FILE_ONLY___ me-central2
2026-06-01 09:56:50,612 INFO     ___FILE_ONLY___ 

2026-06-01 09:56:50,613 INFO     ___FILE_ONLY___   
2026-06-01 09:56:50,613 INFO     ___FILE_ONLY___ -
2026-06-01 09:56:50,613 INFO     ___FILE_ONLY___  
2026-06-01 09:56:50,613 INFO     ___FILE_ONLY___ me-west1
2026-06-01 09:56:50,613 INFO     ___FILE_ONLY___ 

2026-06-01 09:56:50,613 INFO     ___FILE_ONLY___   
2026-06-01 09:56:50,613 INFO     ___FILE_ONLY___ -
2026-06-01 09:56:50,613 INFO     ___FILE_ONLY___  
2026-06-01 09:56:50,613 INFO     ___FILE_ONLY___ northamerica-northeast1
2026-06-01 09:56:50,613 INFO     ___FILE_ONLY___ 

2026-06-01 09:56:50,613 INFO     ___FILE_ONLY___   
2026-06-01 09:56:50,613 INFO     ___FILE_ONLY___ -
2026-06-01 09:56:50,613 INFO     ___FILE_ONLY___  
2026-06-01 09:56:50,613 INFO     ___FILE_ONLY___ northamerica-northeast2
2026-06-01 09:56:50,613 INFO     ___FILE_ONLY___ 

2026-06-01 09:56:50,613 INFO     ___FILE_ONLY___   
2026-06-01 09:56:50,613 INFO     ___FILE_ONLY___ -
2026-06-01 09:56:50,613 INFO     ___FILE_ONLY___  
2026-06-01 09:56:50,613 INFO     ___FILE_ONLY___ northamerica-south1
2026-06-01 09:56:50,613 INFO     ___FILE_ONLY___ 

2026-06-01 09:56:50,613 INFO     ___FILE_ONLY___   
2026-06-01 09:56:50,613 INFO     ___FILE_ONLY___ -
2026-06-01 09:56:50,613 INFO     ___FILE_ONLY___  
2026-06-01 09:56:50,613 INFO     ___FILE_ONLY___ southamerica-east1
2026-06-01 09:56:50,613 INFO     ___FILE_ONLY___ 

2026-06-01 09:56:50,613 INFO     ___FILE_ONLY___   
2026-06-01 09:56:50,613 INFO     ___FILE_ONLY___ -
2026-06-01 09:56:50,613 INFO     ___FILE_ONLY___  
2026-06-01 09:56:50,613 INFO     ___FILE_ONLY___ southamerica-west1
2026-06-01 09:56:50,613 INFO     ___FILE_ONLY___ 

2026-06-01 09:56:50,613 INFO     ___FILE_ONLY___   
2026-06-01 09:56:50,613 INFO     ___FILE_ONLY___ -
2026-06-01 09:56:50,613 INFO     ___FILE_ONLY___  
2026-06-01 09:56:50,613 INFO     ___FILE_ONLY___ us-central1
2026-06-01 09:56:50,613 INFO     ___FILE_ONLY___ 

2026-06-01 09:56:50,613 INFO     ___FILE_ONLY___   
2026-06-01 09:56:50,613 INFO     ___FILE_ONLY___ -
2026-06-01 09:56:50,613 INFO     ___FILE_ONLY___  
2026-06-01 09:56:50,613 INFO     ___FILE_ONLY___ us-east1
2026-06-01 09:56:50,613 INFO     ___FILE_ONLY___ 

2026-06-01 09:56:50,613 INFO     ___FILE_ONLY___   
2026-06-01 09:56:50,613 INFO     ___FILE_ONLY___ -
2026-06-01 09:56:50,614 INFO     ___FILE_ONLY___  
2026-06-01 09:56:50,614 INFO     ___FILE_ONLY___ us-east4
2026-06-01 09:56:50,614 INFO     ___FILE_ONLY___ 

2026-06-01 09:56:50,614 INFO     ___FILE_ONLY___   
2026-06-01 09:56:50,614 INFO     ___FILE_ONLY___ -
2026-06-01 09:56:50,614 INFO     ___FILE_ONLY___  
2026-06-01 09:56:50,614 INFO     ___FILE_ONLY___ us-east5
2026-06-01 09:56:50,614 INFO     ___FILE_ONLY___ 

2026-06-01 09:56:50,614 INFO     ___FILE_ONLY___   
2026-06-01 09:56:50,614 INFO     ___FILE_ONLY___ -
2026-06-01 09:56:50,614 INFO     ___FILE_ONLY___  
2026-06-01 09:56:50,614 INFO     ___FILE_ONLY___ us-south1
2026-06-01 09:56:50,614 INFO     ___FILE_ONLY___ 

2026-06-01 09:56:50,614 INFO     ___FILE_ONLY___   
2026-06-01 09:56:50,614 INFO     ___FILE_ONLY___ -
2026-06-01 09:56:50,614 INFO     ___FILE_ONLY___  
2026-06-01 09:56:50,614 INFO     ___FILE_ONLY___ us-west1
2026-06-01 09:56:50,614 INFO     ___FILE_ONLY___ 

2026-06-01 09:56:50,614 INFO     ___FILE_ONLY___   
2026-06-01 09:56:50,614 INFO     ___FILE_ONLY___ -
2026-06-01 09:56:50,614 INFO     ___FILE_ONLY___  
2026-06-01 09:56:50,614 INFO     ___FILE_ONLY___ us-west2
2026-06-01 09:56:50,614 INFO     ___FILE_ONLY___ 

2026-06-01 09:56:50,614 INFO     ___FILE_ONLY___   
2026-06-01 09:56:50,614 INFO     ___FILE_ONLY___ -
2026-06-01 09:56:50,614 INFO     ___FILE_ONLY___  
2026-06-01 09:56:50,614 INFO     ___FILE_ONLY___ us-west3
2026-06-01 09:56:50,614 INFO     ___FILE_ONLY___ 

2026-06-01 09:56:50,614 INFO     ___FILE_ONLY___   
2026-06-01 09:56:50,614 INFO     ___FILE_ONLY___ -
2026-06-01 09:56:50,614 INFO     ___FILE_ONLY___  
2026-06-01 09:56:50,614 INFO     ___FILE_ONLY___ us-west4
2026-06-01 09:56:50,614 INFO     ___FILE_ONLY___ 

2026-06-01 09:56:50,614 INFO     ___FILE_ONLY___   
2026-06-01 09:56:50,614 INFO     ___FILE_ONLY___ details
2026-06-01 09:56:50,614 INFO     ___FILE_ONLY___ :
2026-06-01 09:56:50,614 INFO     ___FILE_ONLY___  {
2026-06-01 09:56:50,614 INFO     ___FILE_ONLY___ }
2026-06-01 09:56:50,614 INFO     ___FILE_ONLY___ 

2026-06-01 09:56:50,614 INFO     ___FILE_ONLY___   
2026-06-01 09:56:50,614 INFO     ___FILE_ONLY___ dimensions
2026-06-01 09:56:50,615 INFO     ___FILE_ONLY___ :
2026-06-01 09:56:50,615 INFO     ___FILE_ONLY___ 

2026-06-01 09:56:50,615 INFO     ___FILE_ONLY___     
2026-06-01 09:56:50,615 INFO     ___FILE_ONLY___ gpu_family
2026-06-01 09:56:50,615 INFO     ___FILE_ONLY___ :
2026-06-01 09:56:50,615 INFO     ___FILE_ONLY___  
2026-06-01 09:56:50,615 INFO     ___FILE_ONLY___ NVIDIA_H100_MEGA
2026-06-01 09:56:50,615 INFO     ___FILE_ONLY___ 

2026-06-01 09:56:50,615 INFO     ___FILE_ONLY___ -
2026-06-01 09:56:50,615 INFO     ___FILE_ONLY___  
2026-06-01 09:56:50,615 INFO     ___FILE_ONLY___ applicableLocations
2026-06-01 09:56:50,615 INFO     ___FILE_ONLY___ :
2026-06-01 09:56:50,615 INFO     ___FILE_ONLY___ 

2026-06-01 09:56:50,615 INFO     ___FILE_ONLY___   
2026-06-01 09:56:50,615 INFO     ___FILE_ONLY___ -
2026-06-01 09:56:50,615 INFO     ___FILE_ONLY___  
2026-06-01 09:56:50,615 INFO     ___FILE_ONLY___ africa-south1
2026-06-01 09:56:50,615 INFO     ___FILE_ONLY___ 

2026-06-01 09:56:50,615 INFO     ___FILE_ONLY___   
2026-06-01 09:56:50,615 INFO     ___FILE_ONLY___ -
2026-06-01 09:56:50,615 INFO     ___FILE_ONLY___  
2026-06-01 09:56:50,615 INFO     ___FILE_ONLY___ asia-east1
2026-06-01 09:56:50,615 INFO     ___FILE_ONLY___ 

2026-06-01 09:56:50,615 INFO     ___FILE_ONLY___   
2026-06-01 09:56:50,615 INFO     ___FILE_ONLY___ -
2026-06-01 09:56:50,615 INFO     ___FILE_ONLY___  
2026-06-01 09:56:50,615 INFO     ___FILE_ONLY___ asia-east2
2026-06-01 09:56:50,615 INFO     ___FILE_ONLY___ 

2026-06-01 09:56:50,615 INFO     ___FILE_ONLY___   
2026-06-01 09:56:50,615 INFO     ___FILE_ONLY___ -
2026-06-01 09:56:50,615 INFO     ___FILE_ONLY___  
2026-06-01 09:56:50,615 INFO     ___FILE_ONLY___ asia-northeast1
2026-06-01 09:56:50,615 INFO     ___FILE_ONLY___ 

2026-06-01 09:56:50,615 INFO     ___FILE_ONLY___   
2026-06-01 09:56:50,615 INFO     ___FILE_ONLY___ -
2026-06-01 09:56:50,615 INFO     ___FILE_ONLY___  
2026-06-01 09:56:50,615 INFO     ___FILE_ONLY___ asia-northeast2
2026-06-01 09:56:50,615 INFO     ___FILE_ONLY___ 

2026-06-01 09:56:50,615 INFO     ___FILE_ONLY___   
2026-06-01 09:56:50,616 INFO     ___FILE_ONLY___ -
2026-06-01 09:56:50,616 INFO     ___FILE_ONLY___  
2026-06-01 09:56:50,616 INFO     ___FILE_ONLY___ asia-northeast3
2026-06-01 09:56:50,616 INFO     ___FILE_ONLY___ 

2026-06-01 09:56:50,616 INFO     ___FILE_ONLY___   
2026-06-01 09:56:50,616 INFO     ___FILE_ONLY___ -
2026-06-01 09:56:50,616 INFO     ___FILE_ONLY___  
2026-06-01 09:56:50,616 INFO     ___FILE_ONLY___ asia-south1
2026-06-01 09:56:50,616 INFO     ___FILE_ONLY___ 

2026-06-01 09:56:50,616 INFO     ___FILE_ONLY___   
2026-06-01 09:56:50,616 INFO     ___FILE_ONLY___ -
2026-06-01 09:56:50,616 INFO     ___FILE_ONLY___  
2026-06-01 09:56:50,616 INFO     ___FILE_ONLY___ asia-south2
2026-06-01 09:56:50,616 INFO     ___FILE_ONLY___ 

2026-06-01 09:56:50,616 INFO     ___FILE_ONLY___   
2026-06-01 09:56:50,616 INFO     ___FILE_ONLY___ -
2026-06-01 09:56:50,616 INFO     ___FILE_ONLY___  
2026-06-01 09:56:50,616 INFO     ___FILE_ONLY___ asia-southeast1
2026-06-01 09:56:50,616 INFO     ___FILE_ONLY___ 

2026-06-01 09:56:50,616 INFO     ___FILE_ONLY___   
2026-06-01 09:56:50,616 INFO     ___FILE_ONLY___ -
2026-06-01 09:56:50,616 INFO     ___FILE_ONLY___  
2026-06-01 09:56:50,616 INFO     ___FILE_ONLY___ asia-southeast2
2026-06-01 09:56:50,616 INFO     ___FILE_ONLY___ 

2026-06-01 09:56:50,616 INFO     ___FILE_ONLY___   
2026-06-01 09:56:50,616 INFO     ___FILE_ONLY___ -
2026-06-01 09:56:50,616 INFO     ___FILE_ONLY___  
2026-06-01 09:56:50,616 INFO     ___FILE_ONLY___ asia-southeast3
2026-06-01 09:56:50,616 INFO     ___FILE_ONLY___ 

2026-06-01 09:56:50,616 INFO     ___FILE_ONLY___   
2026-06-01 09:56:50,616 INFO     ___FILE_ONLY___ -
2026-06-01 09:56:50,616 INFO     ___FILE_ONLY___  
2026-06-01 09:56:50,616 INFO     ___FILE_ONLY___ australia-southeast1
2026-06-01 09:56:50,616 INFO     ___FILE_ONLY___ 

2026-06-01 09:56:50,616 INFO     ___FILE_ONLY___   
2026-06-01 09:56:50,616 INFO     ___FILE_ONLY___ -
2026-06-01 09:56:50,616 INFO     ___FILE_ONLY___  
2026-06-01 09:56:50,616 INFO     ___FILE_ONLY___ australia-southeast2
2026-06-01 09:56:50,616 INFO     ___FILE_ONLY___ 

2026-06-01 09:56:50,616 INFO     ___FILE_ONLY___   
2026-06-01 09:56:50,616 INFO     ___FILE_ONLY___ -
2026-06-01 09:56:50,616 INFO     ___FILE_ONLY___  
2026-06-01 09:56:50,617 INFO     ___FILE_ONLY___ europe-central2
2026-06-01 09:56:50,617 INFO     ___FILE_ONLY___ 

2026-06-01 09:56:50,617 INFO     ___FILE_ONLY___   
2026-06-01 09:56:50,617 INFO     ___FILE_ONLY___ -
2026-06-01 09:56:50,617 INFO     ___FILE_ONLY___  
2026-06-01 09:56:50,617 INFO     ___FILE_ONLY___ europe-north1
2026-06-01 09:56:50,617 INFO     ___FILE_ONLY___ 

2026-06-01 09:56:50,617 INFO     ___FILE_ONLY___   
2026-06-01 09:56:50,617 INFO     ___FILE_ONLY___ -
2026-06-01 09:56:50,617 INFO     ___FILE_ONLY___  
2026-06-01 09:56:50,617 INFO     ___FILE_ONLY___ europe-north2
2026-06-01 09:56:50,617 INFO     ___FILE_ONLY___ 

2026-06-01 09:56:50,617 INFO     ___FILE_ONLY___   
2026-06-01 09:56:50,617 INFO     ___FILE_ONLY___ -
2026-06-01 09:56:50,617 INFO     ___FILE_ONLY___  
2026-06-01 09:56:50,617 INFO     ___FILE_ONLY___ europe-southwest1
2026-06-01 09:56:50,617 INFO     ___FILE_ONLY___ 

2026-06-01 09:56:50,617 INFO     ___FILE_ONLY___   
2026-06-01 09:56:50,617 INFO     ___FILE_ONLY___ -
2026-06-01 09:56:50,617 INFO     ___FILE_ONLY___  
2026-06-01 09:56:50,617 INFO     ___FILE_ONLY___ europe-west1
2026-06-01 09:56:50,617 INFO     ___FILE_ONLY___ 

2026-06-01 09:56:50,617 INFO     ___FILE_ONLY___   
2026-06-01 09:56:50,617 INFO     ___FILE_ONLY___ -
2026-06-01 09:56:50,617 INFO     ___FILE_ONLY___  
2026-06-01 09:56:50,617 INFO     ___FILE_ONLY___ europe-west10
2026-06-01 09:56:50,617 INFO     ___FILE_ONLY___ 

2026-06-01 09:56:50,617 INFO     ___FILE_ONLY___   
2026-06-01 09:56:50,617 INFO     ___FILE_ONLY___ -
2026-06-01 09:56:50,617 INFO     ___FILE_ONLY___  
2026-06-01 09:56:50,617 INFO     ___FILE_ONLY___ europe-west12
2026-06-01 09:56:50,617 INFO     ___FILE_ONLY___ 

2026-06-01 09:56:50,617 INFO     ___FILE_ONLY___   
2026-06-01 09:56:50,617 INFO     ___FILE_ONLY___ -
2026-06-01 09:56:50,617 INFO     ___FILE_ONLY___  
2026-06-01 09:56:50,617 INFO     ___FILE_ONLY___ europe-west2
2026-06-01 09:56:50,617 INFO     ___FILE_ONLY___ 

2026-06-01 09:56:50,617 INFO     ___FILE_ONLY___   
2026-06-01 09:56:50,617 INFO     ___FILE_ONLY___ -
2026-06-01 09:56:50,617 INFO     ___FILE_ONLY___  
2026-06-01 09:56:50,617 INFO     ___FILE_ONLY___ europe-west3
2026-06-01 09:56:50,617 INFO     ___FILE_ONLY___ 

2026-06-01 09:56:50,617 INFO     ___FILE_ONLY___   
2026-06-01 09:56:50,618 INFO     ___FILE_ONLY___ -
2026-06-01 09:56:50,618 INFO     ___FILE_ONLY___  
2026-06-01 09:56:50,618 INFO     ___FILE_ONLY___ europe-west4
2026-06-01 09:56:50,618 INFO     ___FILE_ONLY___ 

2026-06-01 09:56:50,618 INFO     ___FILE_ONLY___   
2026-06-01 09:56:50,618 INFO     ___FILE_ONLY___ -
2026-06-01 09:56:50,618 INFO     ___FILE_ONLY___  
2026-06-01 09:56:50,618 INFO     ___FILE_ONLY___ europe-west6
2026-06-01 09:56:50,618 INFO     ___FILE_ONLY___ 

2026-06-01 09:56:50,618 INFO     ___FILE_ONLY___   
2026-06-01 09:56:50,618 INFO     ___FILE_ONLY___ -
2026-06-01 09:56:50,618 INFO     ___FILE_ONLY___  
2026-06-01 09:56:50,618 INFO     ___FILE_ONLY___ europe-west8
2026-06-01 09:56:50,618 INFO     ___FILE_ONLY___ 

2026-06-01 09:56:50,618 INFO     ___FILE_ONLY___   
2026-06-01 09:56:50,618 INFO     ___FILE_ONLY___ -
2026-06-01 09:56:50,618 INFO     ___FILE_ONLY___  
2026-06-01 09:56:50,618 INFO     ___FILE_ONLY___ europe-west9
2026-06-01 09:56:50,618 INFO     ___FILE_ONLY___ 

2026-06-01 09:56:50,618 INFO     ___FILE_ONLY___   
2026-06-01 09:56:50,618 INFO     ___FILE_ONLY___ -
2026-06-01 09:56:50,618 INFO     ___FILE_ONLY___  
2026-06-01 09:56:50,618 INFO     ___FILE_ONLY___ me-central1
2026-06-01 09:56:50,618 INFO     ___FILE_ONLY___ 

2026-06-01 09:56:50,618 INFO     ___FILE_ONLY___   
2026-06-01 09:56:50,618 INFO     ___FILE_ONLY___ -
2026-06-01 09:56:50,618 INFO     ___FILE_ONLY___  
2026-06-01 09:56:50,618 INFO     ___FILE_ONLY___ me-central2
2026-06-01 09:56:50,618 INFO     ___FILE_ONLY___ 

2026-06-01 09:56:50,618 INFO     ___FILE_ONLY___   
2026-06-01 09:56:50,618 INFO     ___FILE_ONLY___ -
2026-06-01 09:56:50,618 INFO     ___FILE_ONLY___  
2026-06-01 09:56:50,618 INFO     ___FILE_ONLY___ me-west1
2026-06-01 09:56:50,618 INFO     ___FILE_ONLY___ 

2026-06-01 09:56:50,618 INFO     ___FILE_ONLY___   
2026-06-01 09:56:50,618 INFO     ___FILE_ONLY___ -
2026-06-01 09:56:50,618 INFO     ___FILE_ONLY___  
2026-06-01 09:56:50,618 INFO     ___FILE_ONLY___ northamerica-northeast1
2026-06-01 09:56:50,618 INFO     ___FILE_ONLY___ 

2026-06-01 09:56:50,618 INFO     ___FILE_ONLY___   
2026-06-01 09:56:50,618 INFO     ___FILE_ONLY___ -
2026-06-01 09:56:50,618 INFO     ___FILE_ONLY___  
2026-06-01 09:56:50,618 INFO     ___FILE_ONLY___ northamerica-northeast2
2026-06-01 09:56:50,619 INFO     ___FILE_ONLY___ 

2026-06-01 09:56:50,619 INFO     ___FILE_ONLY___   
2026-06-01 09:56:50,619 INFO     ___FILE_ONLY___ -
2026-06-01 09:56:50,619 INFO     ___FILE_ONLY___  
2026-06-01 09:56:50,619 INFO     ___FILE_ONLY___ northamerica-south1
2026-06-01 09:56:50,619 INFO     ___FILE_ONLY___ 

2026-06-01 09:56:50,619 INFO     ___FILE_ONLY___   
2026-06-01 09:56:50,619 INFO     ___FILE_ONLY___ -
2026-06-01 09:56:50,619 INFO     ___FILE_ONLY___  
2026-06-01 09:56:50,619 INFO     ___FILE_ONLY___ southamerica-east1
2026-06-01 09:56:50,619 INFO     ___FILE_ONLY___ 

2026-06-01 09:56:50,619 INFO     ___FILE_ONLY___   
2026-06-01 09:56:50,619 INFO     ___FILE_ONLY___ -
2026-06-01 09:56:50,619 INFO     ___FILE_ONLY___  
2026-06-01 09:56:50,619 INFO     ___FILE_ONLY___ southamerica-west1
2026-06-01 09:56:50,619 INFO     ___FILE_ONLY___ 

2026-06-01 09:56:50,619 INFO     ___FILE_ONLY___   
2026-06-01 09:56:50,619 INFO     ___FILE_ONLY___ -
2026-06-01 09:56:50,619 INFO     ___FILE_ONLY___  
2026-06-01 09:56:50,619 INFO     ___FILE_ONLY___ us-central1
2026-06-01 09:56:50,619 INFO     ___FILE_ONLY___ 

2026-06-01 09:56:50,619 INFO     ___FILE_ONLY___   
2026-06-01 09:56:50,619 INFO     ___FILE_ONLY___ -
2026-06-01 09:56:50,619 INFO     ___FILE_ONLY___  
2026-06-01 09:56:50,619 INFO     ___FILE_ONLY___ us-east1
2026-06-01 09:56:50,619 INFO     ___FILE_ONLY___ 

2026-06-01 09:56:50,619 INFO     ___FILE_ONLY___   
2026-06-01 09:56:50,619 INFO     ___FILE_ONLY___ -
2026-06-01 09:56:50,619 INFO     ___FILE_ONLY___  
2026-06-01 09:56:50,619 INFO     ___FILE_ONLY___ us-east4
2026-06-01 09:56:50,619 INFO     ___FILE_ONLY___ 

2026-06-01 09:56:50,619 INFO     ___FILE_ONLY___   
2026-06-01 09:56:50,619 INFO     ___FILE_ONLY___ -
2026-06-01 09:56:50,619 INFO     ___FILE_ONLY___  
2026-06-01 09:56:50,619 INFO     ___FILE_ONLY___ us-east5
2026-06-01 09:56:50,619 INFO     ___FILE_ONLY___ 

2026-06-01 09:56:50,619 INFO     ___FILE_ONLY___   
2026-06-01 09:56:50,619 INFO     ___FILE_ONLY___ -
2026-06-01 09:56:50,619 INFO     ___FILE_ONLY___  
2026-06-01 09:56:50,619 INFO     ___FILE_ONLY___ us-south1
2026-06-01 09:56:50,619 INFO     ___FILE_ONLY___ 

2026-06-01 09:56:50,619 INFO     ___FILE_ONLY___   
2026-06-01 09:56:50,620 INFO     ___FILE_ONLY___ -
2026-06-01 09:56:50,620 INFO     ___FILE_ONLY___  
2026-06-01 09:56:50,620 INFO     ___FILE_ONLY___ us-west1
2026-06-01 09:56:50,620 INFO     ___FILE_ONLY___ 

2026-06-01 09:56:50,620 INFO     ___FILE_ONLY___   
2026-06-01 09:56:50,620 INFO     ___FILE_ONLY___ -
2026-06-01 09:56:50,620 INFO     ___FILE_ONLY___  
2026-06-01 09:56:50,620 INFO     ___FILE_ONLY___ us-west2
2026-06-01 09:56:50,620 INFO     ___FILE_ONLY___ 

2026-06-01 09:56:50,620 INFO     ___FILE_ONLY___   
2026-06-01 09:56:50,620 INFO     ___FILE_ONLY___ -
2026-06-01 09:56:50,620 INFO     ___FILE_ONLY___  
2026-06-01 09:56:50,620 INFO     ___FILE_ONLY___ us-west3
2026-06-01 09:56:50,620 INFO     ___FILE_ONLY___ 

2026-06-01 09:56:50,620 INFO     ___FILE_ONLY___   
2026-06-01 09:56:50,620 INFO     ___FILE_ONLY___ -
2026-06-01 09:56:50,620 INFO     ___FILE_ONLY___  
2026-06-01 09:56:50,620 INFO     ___FILE_ONLY___ us-west4
2026-06-01 09:56:50,620 INFO     ___FILE_ONLY___ 

2026-06-01 09:56:50,620 INFO     ___FILE_ONLY___   
2026-06-01 09:56:50,620 INFO     ___FILE_ONLY___ details
2026-06-01 09:56:50,620 INFO     ___FILE_ONLY___ :
2026-06-01 09:56:50,620 INFO     ___FILE_ONLY___  {
2026-06-01 09:56:50,620 INFO     ___FILE_ONLY___ }
2026-06-01 09:56:50,620 INFO     ___FILE_ONLY___ 

2026-06-01 09:56:50,620 INFO     ___FILE_ONLY___   
2026-06-01 09:56:50,620 INFO     ___FILE_ONLY___ dimensions
2026-06-01 09:56:50,620 INFO     ___FILE_ONLY___ :
2026-06-01 09:56:50,620 INFO     ___FILE_ONLY___ 

2026-06-01 09:56:50,620 INFO     ___FILE_ONLY___     
2026-06-01 09:56:50,620 INFO     ___FILE_ONLY___ gpu_family
2026-06-01 09:56:50,620 INFO     ___FILE_ONLY___ :
2026-06-01 09:56:50,620 INFO     ___FILE_ONLY___  
2026-06-01 09:56:50,620 INFO     ___FILE_ONLY___ NVIDIA_H100
2026-06-01 09:56:50,620 INFO     ___FILE_ONLY___ 

2026-06-01 09:56:50,620 INFO     ___FILE_ONLY___ -
2026-06-01 09:56:50,620 INFO     ___FILE_ONLY___  
2026-06-01 09:56:50,620 INFO     ___FILE_ONLY___ applicableLocations
2026-06-01 09:56:50,621 INFO     ___FILE_ONLY___ :
2026-06-01 09:56:50,621 INFO     ___FILE_ONLY___ 

2026-06-01 09:56:50,621 INFO     ___FILE_ONLY___   
2026-06-01 09:56:50,621 INFO     ___FILE_ONLY___ -
2026-06-01 09:56:50,621 INFO     ___FILE_ONLY___  
2026-06-01 09:56:50,621 INFO     ___FILE_ONLY___ africa-south1
2026-06-01 09:56:50,621 INFO     ___FILE_ONLY___ 

2026-06-01 09:56:50,621 INFO     ___FILE_ONLY___   
2026-06-01 09:56:50,621 INFO     ___FILE_ONLY___ -
2026-06-01 09:56:50,621 INFO     ___FILE_ONLY___  
2026-06-01 09:56:50,621 INFO     ___FILE_ONLY___ asia-east1
2026-06-01 09:56:50,621 INFO     ___FILE_ONLY___ 

2026-06-01 09:56:50,621 INFO     ___FILE_ONLY___   
2026-06-01 09:56:50,621 INFO     ___FILE_ONLY___ -
2026-06-01 09:56:50,621 INFO     ___FILE_ONLY___  
2026-06-01 09:56:50,621 INFO     ___FILE_ONLY___ asia-east2
2026-06-01 09:56:50,621 INFO     ___FILE_ONLY___ 

2026-06-01 09:56:50,621 INFO     ___FILE_ONLY___   
2026-06-01 09:56:50,621 INFO     ___FILE_ONLY___ -
2026-06-01 09:56:50,621 INFO     ___FILE_ONLY___  
2026-06-01 09:56:50,621 INFO     ___FILE_ONLY___ asia-northeast1
2026-06-01 09:56:50,621 INFO     ___FILE_ONLY___ 

2026-06-01 09:56:50,621 INFO     ___FILE_ONLY___   
2026-06-01 09:56:50,621 INFO     ___FILE_ONLY___ -
2026-06-01 09:56:50,621 INFO     ___FILE_ONLY___  
2026-06-01 09:56:50,621 INFO     ___FILE_ONLY___ asia-northeast2
2026-06-01 09:56:50,621 INFO     ___FILE_ONLY___ 

2026-06-01 09:56:50,621 INFO     ___FILE_ONLY___   
2026-06-01 09:56:50,621 INFO     ___FILE_ONLY___ -
2026-06-01 09:56:50,621 INFO     ___FILE_ONLY___  
2026-06-01 09:56:50,621 INFO     ___FILE_ONLY___ asia-northeast3
2026-06-01 09:56:50,621 INFO     ___FILE_ONLY___ 

2026-06-01 09:56:50,621 INFO     ___FILE_ONLY___   
2026-06-01 09:56:50,621 INFO     ___FILE_ONLY___ -
2026-06-01 09:56:50,621 INFO     ___FILE_ONLY___  
2026-06-01 09:56:50,621 INFO     ___FILE_ONLY___ asia-south1
2026-06-01 09:56:50,621 INFO     ___FILE_ONLY___ 

2026-06-01 09:56:50,621 INFO     ___FILE_ONLY___   
2026-06-01 09:56:50,621 INFO     ___FILE_ONLY___ -
2026-06-01 09:56:50,621 INFO     ___FILE_ONLY___  
2026-06-01 09:56:50,621 INFO     ___FILE_ONLY___ asia-south2
2026-06-01 09:56:50,622 INFO     ___FILE_ONLY___ 

2026-06-01 09:56:50,622 INFO     ___FILE_ONLY___   
2026-06-01 09:56:50,622 INFO     ___FILE_ONLY___ -
2026-06-01 09:56:50,622 INFO     ___FILE_ONLY___  
2026-06-01 09:56:50,622 INFO     ___FILE_ONLY___ asia-southeast1
2026-06-01 09:56:50,622 INFO     ___FILE_ONLY___ 

2026-06-01 09:56:50,622 INFO     ___FILE_ONLY___   
2026-06-01 09:56:50,622 INFO     ___FILE_ONLY___ -
2026-06-01 09:56:50,622 INFO     ___FILE_ONLY___  
2026-06-01 09:56:50,622 INFO     ___FILE_ONLY___ asia-southeast2
2026-06-01 09:56:50,622 INFO     ___FILE_ONLY___ 

2026-06-01 09:56:50,622 INFO     ___FILE_ONLY___   
2026-06-01 09:56:50,622 INFO     ___FILE_ONLY___ -
2026-06-01 09:56:50,622 INFO     ___FILE_ONLY___  
2026-06-01 09:56:50,622 INFO     ___FILE_ONLY___ asia-southeast3
2026-06-01 09:56:50,622 INFO     ___FILE_ONLY___ 

2026-06-01 09:56:50,622 INFO     ___FILE_ONLY___   
2026-06-01 09:56:50,622 INFO     ___FILE_ONLY___ -
2026-06-01 09:56:50,622 INFO     ___FILE_ONLY___  
2026-06-01 09:56:50,622 INFO     ___FILE_ONLY___ australia-southeast1
2026-06-01 09:56:50,622 INFO     ___FILE_ONLY___ 

2026-06-01 09:56:50,622 INFO     ___FILE_ONLY___   
2026-06-01 09:56:50,622 INFO     ___FILE_ONLY___ -
2026-06-01 09:56:50,622 INFO     ___FILE_ONLY___  
2026-06-01 09:56:50,622 INFO     ___FILE_ONLY___ australia-southeast2
2026-06-01 09:56:50,622 INFO     ___FILE_ONLY___ 

2026-06-01 09:56:50,622 INFO     ___FILE_ONLY___   
2026-06-01 09:56:50,622 INFO     ___FILE_ONLY___ -
2026-06-01 09:56:50,622 INFO     ___FILE_ONLY___  
2026-06-01 09:56:50,622 INFO     ___FILE_ONLY___ europe-central2
2026-06-01 09:56:50,622 INFO     ___FILE_ONLY___ 

2026-06-01 09:56:50,622 INFO     ___FILE_ONLY___   
2026-06-01 09:56:50,622 INFO     ___FILE_ONLY___ -
2026-06-01 09:56:50,622 INFO     ___FILE_ONLY___  
2026-06-01 09:56:50,622 INFO     ___FILE_ONLY___ europe-north1
2026-06-01 09:56:50,622 INFO     ___FILE_ONLY___ 

2026-06-01 09:56:50,622 INFO     ___FILE_ONLY___   
2026-06-01 09:56:50,622 INFO     ___FILE_ONLY___ -
2026-06-01 09:56:50,622 INFO     ___FILE_ONLY___  
2026-06-01 09:56:50,622 INFO     ___FILE_ONLY___ europe-north2
2026-06-01 09:56:50,622 INFO     ___FILE_ONLY___ 

2026-06-01 09:56:50,623 INFO     ___FILE_ONLY___   
2026-06-01 09:56:50,623 INFO     ___FILE_ONLY___ -
2026-06-01 09:56:50,623 INFO     ___FILE_ONLY___  
2026-06-01 09:56:50,623 INFO     ___FILE_ONLY___ europe-southwest1
2026-06-01 09:56:50,623 INFO     ___FILE_ONLY___ 

2026-06-01 09:56:50,623 INFO     ___FILE_ONLY___   
2026-06-01 09:56:50,623 INFO     ___FILE_ONLY___ -
2026-06-01 09:56:50,623 INFO     ___FILE_ONLY___  
2026-06-01 09:56:50,623 INFO     ___FILE_ONLY___ europe-west1
2026-06-01 09:56:50,623 INFO     ___FILE_ONLY___ 

2026-06-01 09:56:50,623 INFO     ___FILE_ONLY___   
2026-06-01 09:56:50,623 INFO     ___FILE_ONLY___ -
2026-06-01 09:56:50,623 INFO     ___FILE_ONLY___  
2026-06-01 09:56:50,623 INFO     ___FILE_ONLY___ europe-west10
2026-06-01 09:56:50,623 INFO     ___FILE_ONLY___ 

2026-06-01 09:56:50,623 INFO     ___FILE_ONLY___   
2026-06-01 09:56:50,623 INFO     ___FILE_ONLY___ -
2026-06-01 09:56:50,623 INFO     ___FILE_ONLY___  
2026-06-01 09:56:50,623 INFO     ___FILE_ONLY___ europe-west12
2026-06-01 09:56:50,623 INFO     ___FILE_ONLY___ 

2026-06-01 09:56:50,623 INFO     ___FILE_ONLY___   
2026-06-01 09:56:50,623 INFO     ___FILE_ONLY___ -
2026-06-01 09:56:50,623 INFO     ___FILE_ONLY___  
2026-06-01 09:56:50,623 INFO     ___FILE_ONLY___ europe-west2
2026-06-01 09:56:50,623 INFO     ___FILE_ONLY___ 

2026-06-01 09:56:50,623 INFO     ___FILE_ONLY___   
2026-06-01 09:56:50,623 INFO     ___FILE_ONLY___ -
2026-06-01 09:56:50,623 INFO     ___FILE_ONLY___  
2026-06-01 09:56:50,623 INFO     ___FILE_ONLY___ europe-west3
2026-06-01 09:56:50,623 INFO     ___FILE_ONLY___ 

2026-06-01 09:56:50,623 INFO     ___FILE_ONLY___   
2026-06-01 09:56:50,623 INFO     ___FILE_ONLY___ -
2026-06-01 09:56:50,623 INFO     ___FILE_ONLY___  
2026-06-01 09:56:50,623 INFO     ___FILE_ONLY___ europe-west4
2026-06-01 09:56:50,623 INFO     ___FILE_ONLY___ 

2026-06-01 09:56:50,623 INFO     ___FILE_ONLY___   
2026-06-01 09:56:50,623 INFO     ___FILE_ONLY___ -
2026-06-01 09:56:50,623 INFO     ___FILE_ONLY___  
2026-06-01 09:56:50,623 INFO     ___FILE_ONLY___ europe-west6
2026-06-01 09:56:50,623 INFO     ___FILE_ONLY___ 

2026-06-01 09:56:50,623 INFO     ___FILE_ONLY___   
2026-06-01 09:56:50,623 INFO     ___FILE_ONLY___ -
2026-06-01 09:56:50,623 INFO     ___FILE_ONLY___  
2026-06-01 09:56:50,623 INFO     ___FILE_ONLY___ europe-west8
2026-06-01 09:56:50,624 INFO     ___FILE_ONLY___ 

2026-06-01 09:56:50,624 INFO     ___FILE_ONLY___   
2026-06-01 09:56:50,624 INFO     ___FILE_ONLY___ -
2026-06-01 09:56:50,624 INFO     ___FILE_ONLY___  
2026-06-01 09:56:50,624 INFO     ___FILE_ONLY___ europe-west9
2026-06-01 09:56:50,624 INFO     ___FILE_ONLY___ 

2026-06-01 09:56:50,624 INFO     ___FILE_ONLY___   
2026-06-01 09:56:50,624 INFO     ___FILE_ONLY___ -
2026-06-01 09:56:50,624 INFO     ___FILE_ONLY___  
2026-06-01 09:56:50,624 INFO     ___FILE_ONLY___ me-central1
2026-06-01 09:56:50,624 INFO     ___FILE_ONLY___ 

2026-06-01 09:56:50,624 INFO     ___FILE_ONLY___   
2026-06-01 09:56:50,624 INFO     ___FILE_ONLY___ -
2026-06-01 09:56:50,624 INFO     ___FILE_ONLY___  
2026-06-01 09:56:50,624 INFO     ___FILE_ONLY___ me-central2
2026-06-01 09:56:50,624 INFO     ___FILE_ONLY___ 

2026-06-01 09:56:50,624 INFO     ___FILE_ONLY___   
2026-06-01 09:56:50,624 INFO     ___FILE_ONLY___ -
2026-06-01 09:56:50,624 INFO     ___FILE_ONLY___  
2026-06-01 09:56:50,624 INFO     ___FILE_ONLY___ me-west1
2026-06-01 09:56:50,624 INFO     ___FILE_ONLY___ 

2026-06-01 09:56:50,624 INFO     ___FILE_ONLY___   
2026-06-01 09:56:50,624 INFO     ___FILE_ONLY___ -
2026-06-01 09:56:50,624 INFO     ___FILE_ONLY___  
2026-06-01 09:56:50,624 INFO     ___FILE_ONLY___ northamerica-northeast1
2026-06-01 09:56:50,624 INFO     ___FILE_ONLY___ 

2026-06-01 09:56:50,624 INFO     ___FILE_ONLY___   
2026-06-01 09:56:50,624 INFO     ___FILE_ONLY___ -
2026-06-01 09:56:50,624 INFO     ___FILE_ONLY___  
2026-06-01 09:56:50,624 INFO     ___FILE_ONLY___ northamerica-northeast2
2026-06-01 09:56:50,624 INFO     ___FILE_ONLY___ 

2026-06-01 09:56:50,624 INFO     ___FILE_ONLY___   
2026-06-01 09:56:50,624 INFO     ___FILE_ONLY___ -
2026-06-01 09:56:50,624 INFO     ___FILE_ONLY___  
2026-06-01 09:56:50,624 INFO     ___FILE_ONLY___ northamerica-south1
2026-06-01 09:56:50,624 INFO     ___FILE_ONLY___ 

2026-06-01 09:56:50,624 INFO     ___FILE_ONLY___   
2026-06-01 09:56:50,624 INFO     ___FILE_ONLY___ -
2026-06-01 09:56:50,624 INFO     ___FILE_ONLY___  
2026-06-01 09:56:50,624 INFO     ___FILE_ONLY___ southamerica-east1
2026-06-01 09:56:50,624 INFO     ___FILE_ONLY___ 

2026-06-01 09:56:50,624 INFO     ___FILE_ONLY___   
2026-06-01 09:56:50,624 INFO     ___FILE_ONLY___ -
2026-06-01 09:56:50,625 INFO     ___FILE_ONLY___  
2026-06-01 09:56:50,625 INFO     ___FILE_ONLY___ southamerica-west1
2026-06-01 09:56:50,625 INFO     ___FILE_ONLY___ 

2026-06-01 09:56:50,625 INFO     ___FILE_ONLY___   
2026-06-01 09:56:50,625 INFO     ___FILE_ONLY___ -
2026-06-01 09:56:50,625 INFO     ___FILE_ONLY___  
2026-06-01 09:56:50,625 INFO     ___FILE_ONLY___ us-central1
2026-06-01 09:56:50,625 INFO     ___FILE_ONLY___ 

2026-06-01 09:56:50,625 INFO     ___FILE_ONLY___   
2026-06-01 09:56:50,625 INFO     ___FILE_ONLY___ -
2026-06-01 09:56:50,625 INFO     ___FILE_ONLY___  
2026-06-01 09:56:50,625 INFO     ___FILE_ONLY___ us-east1
2026-06-01 09:56:50,625 INFO     ___FILE_ONLY___ 

2026-06-01 09:56:50,625 INFO     ___FILE_ONLY___   
2026-06-01 09:56:50,625 INFO     ___FILE_ONLY___ -
2026-06-01 09:56:50,625 INFO     ___FILE_ONLY___  
2026-06-01 09:56:50,625 INFO     ___FILE_ONLY___ us-east4
2026-06-01 09:56:50,625 INFO     ___FILE_ONLY___ 

2026-06-01 09:56:50,625 INFO     ___FILE_ONLY___   
2026-06-01 09:56:50,625 INFO     ___FILE_ONLY___ -
2026-06-01 09:56:50,625 INFO     ___FILE_ONLY___  
2026-06-01 09:56:50,625 INFO     ___FILE_ONLY___ us-east5
2026-06-01 09:56:50,625 INFO     ___FILE_ONLY___ 

2026-06-01 09:56:50,625 INFO     ___FILE_ONLY___   
2026-06-01 09:56:50,625 INFO     ___FILE_ONLY___ -
2026-06-01 09:56:50,625 INFO     ___FILE_ONLY___  
2026-06-01 09:56:50,625 INFO     ___FILE_ONLY___ us-south1
2026-06-01 09:56:50,625 INFO     ___FILE_ONLY___ 

2026-06-01 09:56:50,625 INFO     ___FILE_ONLY___   
2026-06-01 09:56:50,625 INFO     ___FILE_ONLY___ -
2026-06-01 09:56:50,625 INFO     ___FILE_ONLY___  
2026-06-01 09:56:50,625 INFO     ___FILE_ONLY___ us-west1
2026-06-01 09:56:50,625 INFO     ___FILE_ONLY___ 

2026-06-01 09:56:50,625 INFO     ___FILE_ONLY___   
2026-06-01 09:56:50,625 INFO     ___FILE_ONLY___ -
2026-06-01 09:56:50,625 INFO     ___FILE_ONLY___  
2026-06-01 09:56:50,625 INFO     ___FILE_ONLY___ us-west2
2026-06-01 09:56:50,625 INFO     ___FILE_ONLY___ 

2026-06-01 09:56:50,625 INFO     ___FILE_ONLY___   
2026-06-01 09:56:50,625 INFO     ___FILE_ONLY___ -
2026-06-01 09:56:50,625 INFO     ___FILE_ONLY___  
2026-06-01 09:56:50,625 INFO     ___FILE_ONLY___ us-west3
2026-06-01 09:56:50,625 INFO     ___FILE_ONLY___ 

2026-06-01 09:56:50,625 INFO     ___FILE_ONLY___   
2026-06-01 09:56:50,625 INFO     ___FILE_ONLY___ -
2026-06-01 09:56:50,626 INFO     ___FILE_ONLY___  
2026-06-01 09:56:50,626 INFO     ___FILE_ONLY___ us-west4
2026-06-01 09:56:50,626 INFO     ___FILE_ONLY___ 

2026-06-01 09:56:50,626 INFO     ___FILE_ONLY___   
2026-06-01 09:56:50,626 INFO     ___FILE_ONLY___ details
2026-06-01 09:56:50,626 INFO     ___FILE_ONLY___ :
2026-06-01 09:56:50,626 INFO     ___FILE_ONLY___  {
2026-06-01 09:56:50,626 INFO     ___FILE_ONLY___ }
2026-06-01 09:56:50,626 INFO     ___FILE_ONLY___ 

2026-06-01 09:56:50,626 INFO     ___FILE_ONLY___   
2026-06-01 09:56:50,626 INFO     ___FILE_ONLY___ dimensions
2026-06-01 09:56:50,626 INFO     ___FILE_ONLY___ :
2026-06-01 09:56:50,626 INFO     ___FILE_ONLY___ 

2026-06-01 09:56:50,626 INFO     ___FILE_ONLY___     
2026-06-01 09:56:50,626 INFO     ___FILE_ONLY___ gpu_family
2026-06-01 09:56:50,626 INFO     ___FILE_ONLY___ :
2026-06-01 09:56:50,626 INFO     ___FILE_ONLY___  
2026-06-01 09:56:50,626 INFO     ___FILE_ONLY___ NVIDIA_H200
2026-06-01 09:56:50,626 INFO     ___FILE_ONLY___ 

2026-06-01 09:56:50,626 INFO     ___FILE_ONLY___ -
2026-06-01 09:56:50,626 INFO     ___FILE_ONLY___  
2026-06-01 09:56:50,626 INFO     ___FILE_ONLY___ applicableLocations
2026-06-01 09:56:50,626 INFO     ___FILE_ONLY___ :
2026-06-01 09:56:50,626 INFO     ___FILE_ONLY___ 

2026-06-01 09:56:50,626 INFO     ___FILE_ONLY___   
2026-06-01 09:56:50,626 INFO     ___FILE_ONLY___ -
2026-06-01 09:56:50,626 INFO     ___FILE_ONLY___  
2026-06-01 09:56:50,626 INFO     ___FILE_ONLY___ africa-south1
2026-06-01 09:56:50,626 INFO     ___FILE_ONLY___ 

2026-06-01 09:56:50,626 INFO     ___FILE_ONLY___   
2026-06-01 09:56:50,626 INFO     ___FILE_ONLY___ -
2026-06-01 09:56:50,626 INFO     ___FILE_ONLY___  
2026-06-01 09:56:50,626 INFO     ___FILE_ONLY___ asia-east1
2026-06-01 09:56:50,626 INFO     ___FILE_ONLY___ 

2026-06-01 09:56:50,626 INFO     ___FILE_ONLY___   
2026-06-01 09:56:50,626 INFO     ___FILE_ONLY___ -
2026-06-01 09:56:50,626 INFO     ___FILE_ONLY___  
2026-06-01 09:56:50,626 INFO     ___FILE_ONLY___ asia-east2
2026-06-01 09:56:50,627 INFO     ___FILE_ONLY___ 

2026-06-01 09:56:50,627 INFO     ___FILE_ONLY___   
2026-06-01 09:56:50,627 INFO     ___FILE_ONLY___ -
2026-06-01 09:56:50,627 INFO     ___FILE_ONLY___  
2026-06-01 09:56:50,627 INFO     ___FILE_ONLY___ asia-northeast1
2026-06-01 09:56:50,627 INFO     ___FILE_ONLY___ 

2026-06-01 09:56:50,627 INFO     ___FILE_ONLY___   
2026-06-01 09:56:50,627 INFO     ___FILE_ONLY___ -
2026-06-01 09:56:50,627 INFO     ___FILE_ONLY___  
2026-06-01 09:56:50,627 INFO     ___FILE_ONLY___ asia-northeast2
2026-06-01 09:56:50,627 INFO     ___FILE_ONLY___ 

2026-06-01 09:56:50,627 INFO     ___FILE_ONLY___   
2026-06-01 09:56:50,627 INFO     ___FILE_ONLY___ -
2026-06-01 09:56:50,627 INFO     ___FILE_ONLY___  
2026-06-01 09:56:50,627 INFO     ___FILE_ONLY___ asia-northeast3
2026-06-01 09:56:50,627 INFO     ___FILE_ONLY___ 

2026-06-01 09:56:50,627 INFO     ___FILE_ONLY___   
2026-06-01 09:56:50,627 INFO     ___FILE_ONLY___ -
2026-06-01 09:56:50,627 INFO     ___FILE_ONLY___  
2026-06-01 09:56:50,627 INFO     ___FILE_ONLY___ asia-south1
2026-06-01 09:56:50,627 INFO     ___FILE_ONLY___ 

2026-06-01 09:56:50,627 INFO     ___FILE_ONLY___   
2026-06-01 09:56:50,627 INFO     ___FILE_ONLY___ -
2026-06-01 09:56:50,627 INFO     ___FILE_ONLY___  
2026-06-01 09:56:50,627 INFO     ___FILE_ONLY___ asia-south2
2026-06-01 09:56:50,627 INFO     ___FILE_ONLY___ 

2026-06-01 09:56:50,627 INFO     ___FILE_ONLY___   
2026-06-01 09:56:50,627 INFO     ___FILE_ONLY___ -
2026-06-01 09:56:50,627 INFO     ___FILE_ONLY___  
2026-06-01 09:56:50,627 INFO     ___FILE_ONLY___ asia-southeast1
2026-06-01 09:56:50,627 INFO     ___FILE_ONLY___ 

2026-06-01 09:56:50,627 INFO     ___FILE_ONLY___   
2026-06-01 09:56:50,627 INFO     ___FILE_ONLY___ -
2026-06-01 09:56:50,627 INFO     ___FILE_ONLY___  
2026-06-01 09:56:50,627 INFO     ___FILE_ONLY___ asia-southeast2
2026-06-01 09:56:50,627 INFO     ___FILE_ONLY___ 

2026-06-01 09:56:50,627 INFO     ___FILE_ONLY___   
2026-06-01 09:56:50,627 INFO     ___FILE_ONLY___ -
2026-06-01 09:56:50,627 INFO     ___FILE_ONLY___  
2026-06-01 09:56:50,627 INFO     ___FILE_ONLY___ asia-southeast3
2026-06-01 09:56:50,627 INFO     ___FILE_ONLY___ 

2026-06-01 09:56:50,627 INFO     ___FILE_ONLY___   
2026-06-01 09:56:50,627 INFO     ___FILE_ONLY___ -
2026-06-01 09:56:50,627 INFO     ___FILE_ONLY___  
2026-06-01 09:56:50,628 INFO     ___FILE_ONLY___ australia-southeast1
2026-06-01 09:56:50,628 INFO     ___FILE_ONLY___ 

2026-06-01 09:56:50,628 INFO     ___FILE_ONLY___   
2026-06-01 09:56:50,628 INFO     ___FILE_ONLY___ -
2026-06-01 09:56:50,628 INFO     ___FILE_ONLY___  
2026-06-01 09:56:50,628 INFO     ___FILE_ONLY___ australia-southeast2
2026-06-01 09:56:50,628 INFO     ___FILE_ONLY___ 

2026-06-01 09:56:50,628 INFO     ___FILE_ONLY___   
2026-06-01 09:56:50,628 INFO     ___FILE_ONLY___ -
2026-06-01 09:56:50,628 INFO     ___FILE_ONLY___  
2026-06-01 09:56:50,628 INFO     ___FILE_ONLY___ europe-central2
2026-06-01 09:56:50,628 INFO     ___FILE_ONLY___ 

2026-06-01 09:56:50,628 INFO     ___FILE_ONLY___   
2026-06-01 09:56:50,628 INFO     ___FILE_ONLY___ -
2026-06-01 09:56:50,628 INFO     ___FILE_ONLY___  
2026-06-01 09:56:50,628 INFO     ___FILE_ONLY___ europe-north1
2026-06-01 09:56:50,628 INFO     ___FILE_ONLY___ 

2026-06-01 09:56:50,628 INFO     ___FILE_ONLY___   
2026-06-01 09:56:50,628 INFO     ___FILE_ONLY___ -
2026-06-01 09:56:50,628 INFO     ___FILE_ONLY___  
2026-06-01 09:56:50,628 INFO     ___FILE_ONLY___ europe-north2
2026-06-01 09:56:50,628 INFO     ___FILE_ONLY___ 

2026-06-01 09:56:50,628 INFO     ___FILE_ONLY___   
2026-06-01 09:56:50,628 INFO     ___FILE_ONLY___ -
2026-06-01 09:56:50,628 INFO     ___FILE_ONLY___  
2026-06-01 09:56:50,628 INFO     ___FILE_ONLY___ europe-southwest1
2026-06-01 09:56:50,628 INFO     ___FILE_ONLY___ 

2026-06-01 09:56:50,628 INFO     ___FILE_ONLY___   
2026-06-01 09:56:50,628 INFO     ___FILE_ONLY___ -
2026-06-01 09:56:50,628 INFO     ___FILE_ONLY___  
2026-06-01 09:56:50,628 INFO     ___FILE_ONLY___ europe-west1
2026-06-01 09:56:50,628 INFO     ___FILE_ONLY___ 

2026-06-01 09:56:50,628 INFO     ___FILE_ONLY___   
2026-06-01 09:56:50,628 INFO     ___FILE_ONLY___ -
2026-06-01 09:56:50,628 INFO     ___FILE_ONLY___  
2026-06-01 09:56:50,628 INFO     ___FILE_ONLY___ europe-west10
2026-06-01 09:56:50,628 INFO     ___FILE_ONLY___ 

2026-06-01 09:56:50,628 INFO     ___FILE_ONLY___   
2026-06-01 09:56:50,628 INFO     ___FILE_ONLY___ -
2026-06-01 09:56:50,628 INFO     ___FILE_ONLY___  
2026-06-01 09:56:50,628 INFO     ___FILE_ONLY___ europe-west12
2026-06-01 09:56:50,628 INFO     ___FILE_ONLY___ 

2026-06-01 09:56:50,628 INFO     ___FILE_ONLY___   
2026-06-01 09:56:50,628 INFO     ___FILE_ONLY___ -
2026-06-01 09:56:50,629 INFO     ___FILE_ONLY___  
2026-06-01 09:56:50,629 INFO     ___FILE_ONLY___ europe-west2
2026-06-01 09:56:50,629 INFO     ___FILE_ONLY___ 

2026-06-01 09:56:50,629 INFO     ___FILE_ONLY___   
2026-06-01 09:56:50,629 INFO     ___FILE_ONLY___ -
2026-06-01 09:56:50,629 INFO     ___FILE_ONLY___  
2026-06-01 09:56:50,629 INFO     ___FILE_ONLY___ europe-west3
2026-06-01 09:56:50,629 INFO     ___FILE_ONLY___ 

2026-06-01 09:56:50,629 INFO     ___FILE_ONLY___   
2026-06-01 09:56:50,629 INFO     ___FILE_ONLY___ -
2026-06-01 09:56:50,629 INFO     ___FILE_ONLY___  
2026-06-01 09:56:50,629 INFO     ___FILE_ONLY___ europe-west4
2026-06-01 09:56:50,629 INFO     ___FILE_ONLY___ 

2026-06-01 09:56:50,629 INFO     ___FILE_ONLY___   
2026-06-01 09:56:50,629 INFO     ___FILE_ONLY___ -
2026-06-01 09:56:50,629 INFO     ___FILE_ONLY___  
2026-06-01 09:56:50,629 INFO     ___FILE_ONLY___ europe-west6
2026-06-01 09:56:50,629 INFO     ___FILE_ONLY___ 

2026-06-01 09:56:50,629 INFO     ___FILE_ONLY___   
2026-06-01 09:56:50,629 INFO     ___FILE_ONLY___ -
2026-06-01 09:56:50,629 INFO     ___FILE_ONLY___  
2026-06-01 09:56:50,629 INFO     ___FILE_ONLY___ europe-west8
2026-06-01 09:56:50,629 INFO     ___FILE_ONLY___ 

2026-06-01 09:56:50,629 INFO     ___FILE_ONLY___   
2026-06-01 09:56:50,629 INFO     ___FILE_ONLY___ -
2026-06-01 09:56:50,629 INFO     ___FILE_ONLY___  
2026-06-01 09:56:50,629 INFO     ___FILE_ONLY___ europe-west9
2026-06-01 09:56:50,629 INFO     ___FILE_ONLY___ 

2026-06-01 09:56:50,629 INFO     ___FILE_ONLY___   
2026-06-01 09:56:50,629 INFO     ___FILE_ONLY___ -
2026-06-01 09:56:50,629 INFO     ___FILE_ONLY___  
2026-06-01 09:56:50,629 INFO     ___FILE_ONLY___ me-central1
2026-06-01 09:56:50,629 INFO     ___FILE_ONLY___ 

2026-06-01 09:56:50,629 INFO     ___FILE_ONLY___   
2026-06-01 09:56:50,629 INFO     ___FILE_ONLY___ -
2026-06-01 09:56:50,629 INFO     ___FILE_ONLY___  
2026-06-01 09:56:50,629 INFO     ___FILE_ONLY___ me-central2
2026-06-01 09:56:50,629 INFO     ___FILE_ONLY___ 

2026-06-01 09:56:50,629 INFO     ___FILE_ONLY___   
2026-06-01 09:56:50,629 INFO     ___FILE_ONLY___ -
2026-06-01 09:56:50,629 INFO     ___FILE_ONLY___  
2026-06-01 09:56:50,629 INFO     ___FILE_ONLY___ me-west1
2026-06-01 09:56:50,629 INFO     ___FILE_ONLY___ 

2026-06-01 09:56:50,629 INFO     ___FILE_ONLY___   
2026-06-01 09:56:50,630 INFO     ___FILE_ONLY___ -
2026-06-01 09:56:50,630 INFO     ___FILE_ONLY___  
2026-06-01 09:56:50,630 INFO     ___FILE_ONLY___ northamerica-northeast1
2026-06-01 09:56:50,630 INFO     ___FILE_ONLY___ 

2026-06-01 09:56:50,630 INFO     ___FILE_ONLY___   
2026-06-01 09:56:50,630 INFO     ___FILE_ONLY___ -
2026-06-01 09:56:50,630 INFO     ___FILE_ONLY___  
2026-06-01 09:56:50,630 INFO     ___FILE_ONLY___ northamerica-northeast2
2026-06-01 09:56:50,630 INFO     ___FILE_ONLY___ 

2026-06-01 09:56:50,630 INFO     ___FILE_ONLY___   
2026-06-01 09:56:50,630 INFO     ___FILE_ONLY___ -
2026-06-01 09:56:50,630 INFO     ___FILE_ONLY___  
2026-06-01 09:56:50,630 INFO     ___FILE_ONLY___ northamerica-south1
2026-06-01 09:56:50,630 INFO     ___FILE_ONLY___ 

2026-06-01 09:56:50,630 INFO     ___FILE_ONLY___   
2026-06-01 09:56:50,630 INFO     ___FILE_ONLY___ -
2026-06-01 09:56:50,630 INFO     ___FILE_ONLY___  
2026-06-01 09:56:50,630 INFO     ___FILE_ONLY___ southamerica-east1
2026-06-01 09:56:50,630 INFO     ___FILE_ONLY___ 

2026-06-01 09:56:50,630 INFO     ___FILE_ONLY___   
2026-06-01 09:56:50,630 INFO     ___FILE_ONLY___ -
2026-06-01 09:56:50,630 INFO     ___FILE_ONLY___  
2026-06-01 09:56:50,630 INFO     ___FILE_ONLY___ southamerica-west1
2026-06-01 09:56:50,630 INFO     ___FILE_ONLY___ 

2026-06-01 09:56:50,630 INFO     ___FILE_ONLY___   
2026-06-01 09:56:50,630 INFO     ___FILE_ONLY___ -
2026-06-01 09:56:50,630 INFO     ___FILE_ONLY___  
2026-06-01 09:56:50,630 INFO     ___FILE_ONLY___ us-east1
2026-06-01 09:56:50,630 INFO     ___FILE_ONLY___ 

2026-06-01 09:56:50,630 INFO     ___FILE_ONLY___   
2026-06-01 09:56:50,630 INFO     ___FILE_ONLY___ -
2026-06-01 09:56:50,630 INFO     ___FILE_ONLY___  
2026-06-01 09:56:50,630 INFO     ___FILE_ONLY___ us-east4
2026-06-01 09:56:50,630 INFO     ___FILE_ONLY___ 

2026-06-01 09:56:50,630 INFO     ___FILE_ONLY___   
2026-06-01 09:56:50,630 INFO     ___FILE_ONLY___ -
2026-06-01 09:56:50,630 INFO     ___FILE_ONLY___  
2026-06-01 09:56:50,630 INFO     ___FILE_ONLY___ us-east5
2026-06-01 09:56:50,630 INFO     ___FILE_ONLY___ 

2026-06-01 09:56:50,630 INFO     ___FILE_ONLY___   
2026-06-01 09:56:50,630 INFO     ___FILE_ONLY___ -
2026-06-01 09:56:50,630 INFO     ___FILE_ONLY___  
2026-06-01 09:56:50,630 INFO     ___FILE_ONLY___ us-west1
2026-06-01 09:56:50,630 INFO     ___FILE_ONLY___ 

2026-06-01 09:56:50,631 INFO     ___FILE_ONLY___   
2026-06-01 09:56:50,631 INFO     ___FILE_ONLY___ -
2026-06-01 09:56:50,631 INFO     ___FILE_ONLY___  
2026-06-01 09:56:50,631 INFO     ___FILE_ONLY___ us-west2
2026-06-01 09:56:50,631 INFO     ___FILE_ONLY___ 

2026-06-01 09:56:50,631 INFO     ___FILE_ONLY___   
2026-06-01 09:56:50,631 INFO     ___FILE_ONLY___ -
2026-06-01 09:56:50,631 INFO     ___FILE_ONLY___  
2026-06-01 09:56:50,631 INFO     ___FILE_ONLY___ us-west3
2026-06-01 09:56:50,631 INFO     ___FILE_ONLY___ 

2026-06-01 09:56:50,631 INFO     ___FILE_ONLY___   
2026-06-01 09:56:50,631 INFO     ___FILE_ONLY___ -
2026-06-01 09:56:50,631 INFO     ___FILE_ONLY___  
2026-06-01 09:56:50,631 INFO     ___FILE_ONLY___ us-west4
2026-06-01 09:56:50,631 INFO     ___FILE_ONLY___ 

2026-06-01 09:56:50,631 INFO     ___FILE_ONLY___   
2026-06-01 09:56:50,631 INFO     ___FILE_ONLY___ details
2026-06-01 09:56:50,631 INFO     ___FILE_ONLY___ :
2026-06-01 09:56:50,631 INFO     ___FILE_ONLY___  {
2026-06-01 09:56:50,631 INFO     ___FILE_ONLY___ }
2026-06-01 09:56:50,631 INFO     ___FILE_ONLY___ 

2026-06-01 09:56:50,631 INFO     ___FILE_ONLY___   
2026-06-01 09:56:50,631 INFO     ___FILE_ONLY___ dimensions
2026-06-01 09:56:50,631 INFO     ___FILE_ONLY___ :
2026-06-01 09:56:50,631 INFO     ___FILE_ONLY___ 

2026-06-01 09:56:50,631 INFO     ___FILE_ONLY___     
2026-06-01 09:56:50,632 INFO     ___FILE_ONLY___ gpu_family
2026-06-01 09:56:50,632 INFO     ___FILE_ONLY___ :
2026-06-01 09:56:50,632 INFO     ___FILE_ONLY___  
2026-06-01 09:56:50,632 INFO     ___FILE_ONLY___ NVIDIA_RTX_PRO_6000
2026-06-01 09:56:50,632 INFO     ___FILE_ONLY___ 

2026-06-01 09:56:50,632 INFO     ___FILE_ONLY___ -
2026-06-01 09:56:50,632 INFO     ___FILE_ONLY___  
2026-06-01 09:56:50,632 INFO     ___FILE_ONLY___ applicableLocations
2026-06-01 09:56:50,632 INFO     ___FILE_ONLY___ :
2026-06-01 09:56:50,632 INFO     ___FILE_ONLY___ 

2026-06-01 09:56:50,632 INFO     ___FILE_ONLY___   
2026-06-01 09:56:50,632 INFO     ___FILE_ONLY___ -
2026-06-01 09:56:50,632 INFO     ___FILE_ONLY___  
2026-06-01 09:56:50,632 INFO     ___FILE_ONLY___ africa-south1
2026-06-01 09:56:50,632 INFO     ___FILE_ONLY___ 

2026-06-01 09:56:50,632 INFO     ___FILE_ONLY___   
2026-06-01 09:56:50,632 INFO     ___FILE_ONLY___ -
2026-06-01 09:56:50,632 INFO     ___FILE_ONLY___  
2026-06-01 09:56:50,632 INFO     ___FILE_ONLY___ asia-east1
2026-06-01 09:56:50,632 INFO     ___FILE_ONLY___ 

2026-06-01 09:56:50,632 INFO     ___FILE_ONLY___   
2026-06-01 09:56:50,632 INFO     ___FILE_ONLY___ -
2026-06-01 09:56:50,632 INFO     ___FILE_ONLY___  
2026-06-01 09:56:50,632 INFO     ___FILE_ONLY___ asia-east2
2026-06-01 09:56:50,632 INFO     ___FILE_ONLY___ 

2026-06-01 09:56:50,632 INFO     ___FILE_ONLY___   
2026-06-01 09:56:50,632 INFO     ___FILE_ONLY___ -
2026-06-01 09:56:50,632 INFO     ___FILE_ONLY___  
2026-06-01 09:56:50,632 INFO     ___FILE_ONLY___ asia-northeast1
2026-06-01 09:56:50,633 INFO     ___FILE_ONLY___ 

2026-06-01 09:56:50,633 INFO     ___FILE_ONLY___   
2026-06-01 09:56:50,633 INFO     ___FILE_ONLY___ -
2026-06-01 09:56:50,633 INFO     ___FILE_ONLY___  
2026-06-01 09:56:50,633 INFO     ___FILE_ONLY___ asia-northeast2
2026-06-01 09:56:50,633 INFO     ___FILE_ONLY___ 

2026-06-01 09:56:50,633 INFO     ___FILE_ONLY___   
2026-06-01 09:56:50,633 INFO     ___FILE_ONLY___ -
2026-06-01 09:56:50,633 INFO     ___FILE_ONLY___  
2026-06-01 09:56:50,633 INFO     ___FILE_ONLY___ asia-northeast3
2026-06-01 09:56:50,633 INFO     ___FILE_ONLY___ 

2026-06-01 09:56:50,633 INFO     ___FILE_ONLY___   
2026-06-01 09:56:50,633 INFO     ___FILE_ONLY___ -
2026-06-01 09:56:50,633 INFO     ___FILE_ONLY___  
2026-06-01 09:56:50,633 INFO     ___FILE_ONLY___ asia-south1
2026-06-01 09:56:50,633 INFO     ___FILE_ONLY___ 

2026-06-01 09:56:50,633 INFO     ___FILE_ONLY___   
2026-06-01 09:56:50,633 INFO     ___FILE_ONLY___ -
2026-06-01 09:56:50,633 INFO     ___FILE_ONLY___  
2026-06-01 09:56:50,633 INFO     ___FILE_ONLY___ asia-south2
2026-06-01 09:56:50,633 INFO     ___FILE_ONLY___ 

2026-06-01 09:56:50,633 INFO     ___FILE_ONLY___   
2026-06-01 09:56:50,633 INFO     ___FILE_ONLY___ -
2026-06-01 09:56:50,633 INFO     ___FILE_ONLY___  
2026-06-01 09:56:50,633 INFO     ___FILE_ONLY___ asia-southeast1
2026-06-01 09:56:50,633 INFO     ___FILE_ONLY___ 

2026-06-01 09:56:50,633 INFO     ___FILE_ONLY___   
2026-06-01 09:56:50,633 INFO     ___FILE_ONLY___ -
2026-06-01 09:56:50,633 INFO     ___FILE_ONLY___  
2026-06-01 09:56:50,633 INFO     ___FILE_ONLY___ asia-southeast2
2026-06-01 09:56:50,633 INFO     ___FILE_ONLY___ 

2026-06-01 09:56:50,633 INFO     ___FILE_ONLY___   
2026-06-01 09:56:50,633 INFO     ___FILE_ONLY___ -
2026-06-01 09:56:50,634 INFO     ___FILE_ONLY___  
2026-06-01 09:56:50,634 INFO     ___FILE_ONLY___ asia-southeast3
2026-06-01 09:56:50,634 INFO     ___FILE_ONLY___ 

2026-06-01 09:56:50,634 INFO     ___FILE_ONLY___   
2026-06-01 09:56:50,634 INFO     ___FILE_ONLY___ -
2026-06-01 09:56:50,634 INFO     ___FILE_ONLY___  
2026-06-01 09:56:50,634 INFO     ___FILE_ONLY___ australia-southeast1
2026-06-01 09:56:50,634 INFO     ___FILE_ONLY___ 

2026-06-01 09:56:50,634 INFO     ___FILE_ONLY___   
2026-06-01 09:56:50,634 INFO     ___FILE_ONLY___ -
2026-06-01 09:56:50,634 INFO     ___FILE_ONLY___  
2026-06-01 09:56:50,634 INFO     ___FILE_ONLY___ australia-southeast2
2026-06-01 09:56:50,634 INFO     ___FILE_ONLY___ 

2026-06-01 09:56:50,634 INFO     ___FILE_ONLY___   
2026-06-01 09:56:50,634 INFO     ___FILE_ONLY___ -
2026-06-01 09:56:50,634 INFO     ___FILE_ONLY___  
2026-06-01 09:56:50,634 INFO     ___FILE_ONLY___ europe-central2
2026-06-01 09:56:50,634 INFO     ___FILE_ONLY___ 

2026-06-01 09:56:50,634 INFO     ___FILE_ONLY___   
2026-06-01 09:56:50,634 INFO     ___FILE_ONLY___ -
2026-06-01 09:56:50,634 INFO     ___FILE_ONLY___  
2026-06-01 09:56:50,634 INFO     ___FILE_ONLY___ europe-north1
2026-06-01 09:56:50,634 INFO     ___FILE_ONLY___ 

2026-06-01 09:56:50,634 INFO     ___FILE_ONLY___   
2026-06-01 09:56:50,634 INFO     ___FILE_ONLY___ -
2026-06-01 09:56:50,634 INFO     ___FILE_ONLY___  
2026-06-01 09:56:50,634 INFO     ___FILE_ONLY___ europe-north2
2026-06-01 09:56:50,634 INFO     ___FILE_ONLY___ 

2026-06-01 09:56:50,634 INFO     ___FILE_ONLY___   
2026-06-01 09:56:50,634 INFO     ___FILE_ONLY___ -
2026-06-01 09:56:50,634 INFO     ___FILE_ONLY___  
2026-06-01 09:56:50,634 INFO     ___FILE_ONLY___ europe-southwest1
2026-06-01 09:56:50,634 INFO     ___FILE_ONLY___ 

2026-06-01 09:56:50,634 INFO     ___FILE_ONLY___   
2026-06-01 09:56:50,635 INFO     ___FILE_ONLY___ -
2026-06-01 09:56:50,635 INFO     ___FILE_ONLY___  
2026-06-01 09:56:50,635 INFO     ___FILE_ONLY___ europe-west1
2026-06-01 09:56:50,635 INFO     ___FILE_ONLY___ 

2026-06-01 09:56:50,635 INFO     ___FILE_ONLY___   
2026-06-01 09:56:50,635 INFO     ___FILE_ONLY___ -
2026-06-01 09:56:50,635 INFO     ___FILE_ONLY___  
2026-06-01 09:56:50,635 INFO     ___FILE_ONLY___ europe-west10
2026-06-01 09:56:50,635 INFO     ___FILE_ONLY___ 

2026-06-01 09:56:50,635 INFO     ___FILE_ONLY___   
2026-06-01 09:56:50,635 INFO     ___FILE_ONLY___ -
2026-06-01 09:56:50,635 INFO     ___FILE_ONLY___  
2026-06-01 09:56:50,635 INFO     ___FILE_ONLY___ europe-west12
2026-06-01 09:56:50,635 INFO     ___FILE_ONLY___ 

2026-06-01 09:56:50,635 INFO     ___FILE_ONLY___   
2026-06-01 09:56:50,635 INFO     ___FILE_ONLY___ -
2026-06-01 09:56:50,635 INFO     ___FILE_ONLY___  
2026-06-01 09:56:50,635 INFO     ___FILE_ONLY___ europe-west2
2026-06-01 09:56:50,635 INFO     ___FILE_ONLY___ 

2026-06-01 09:56:50,635 INFO     ___FILE_ONLY___   
2026-06-01 09:56:50,635 INFO     ___FILE_ONLY___ -
2026-06-01 09:56:50,635 INFO     ___FILE_ONLY___  
2026-06-01 09:56:50,635 INFO     ___FILE_ONLY___ europe-west3
2026-06-01 09:56:50,635 INFO     ___FILE_ONLY___ 

2026-06-01 09:56:50,635 INFO     ___FILE_ONLY___   
2026-06-01 09:56:50,635 INFO     ___FILE_ONLY___ -
2026-06-01 09:56:50,635 INFO     ___FILE_ONLY___  
2026-06-01 09:56:50,635 INFO     ___FILE_ONLY___ europe-west4
2026-06-01 09:56:50,635 INFO     ___FILE_ONLY___ 

2026-06-01 09:56:50,635 INFO     ___FILE_ONLY___   
2026-06-01 09:56:50,635 INFO     ___FILE_ONLY___ -
2026-06-01 09:56:50,635 INFO     ___FILE_ONLY___  
2026-06-01 09:56:50,635 INFO     ___FILE_ONLY___ europe-west6
2026-06-01 09:56:50,635 INFO     ___FILE_ONLY___ 

2026-06-01 09:56:50,636 INFO     ___FILE_ONLY___   
2026-06-01 09:56:50,636 INFO     ___FILE_ONLY___ -
2026-06-01 09:56:50,636 INFO     ___FILE_ONLY___  
2026-06-01 09:56:50,636 INFO     ___FILE_ONLY___ europe-west8
2026-06-01 09:56:50,636 INFO     ___FILE_ONLY___ 

2026-06-01 09:56:50,636 INFO     ___FILE_ONLY___   
2026-06-01 09:56:50,636 INFO     ___FILE_ONLY___ -
2026-06-01 09:56:50,636 INFO     ___FILE_ONLY___  
2026-06-01 09:56:50,636 INFO     ___FILE_ONLY___ europe-west9
2026-06-01 09:56:50,636 INFO     ___FILE_ONLY___ 

2026-06-01 09:56:50,636 INFO     ___FILE_ONLY___   
2026-06-01 09:56:50,636 INFO     ___FILE_ONLY___ -
2026-06-01 09:56:50,636 INFO     ___FILE_ONLY___  
2026-06-01 09:56:50,636 INFO     ___FILE_ONLY___ me-central1
2026-06-01 09:56:50,636 INFO     ___FILE_ONLY___ 

2026-06-01 09:56:50,636 INFO     ___FILE_ONLY___   
2026-06-01 09:56:50,636 INFO     ___FILE_ONLY___ -
2026-06-01 09:56:50,636 INFO     ___FILE_ONLY___  
2026-06-01 09:56:50,636 INFO     ___FILE_ONLY___ me-central2
2026-06-01 09:56:50,636 INFO     ___FILE_ONLY___ 

2026-06-01 09:56:50,636 INFO     ___FILE_ONLY___   
2026-06-01 09:56:50,636 INFO     ___FILE_ONLY___ -
2026-06-01 09:56:50,636 INFO     ___FILE_ONLY___  
2026-06-01 09:56:50,636 INFO     ___FILE_ONLY___ me-west1
2026-06-01 09:56:50,636 INFO     ___FILE_ONLY___ 

2026-06-01 09:56:50,636 INFO     ___FILE_ONLY___   
2026-06-01 09:56:50,636 INFO     ___FILE_ONLY___ -
2026-06-01 09:56:50,636 INFO     ___FILE_ONLY___  
2026-06-01 09:56:50,636 INFO     ___FILE_ONLY___ northamerica-northeast1
2026-06-01 09:56:50,636 INFO     ___FILE_ONLY___ 

2026-06-01 09:56:50,636 INFO     ___FILE_ONLY___   
2026-06-01 09:56:50,636 INFO     ___FILE_ONLY___ -
2026-06-01 09:56:50,636 INFO     ___FILE_ONLY___  
2026-06-01 09:56:50,636 INFO     ___FILE_ONLY___ northamerica-northeast2
2026-06-01 09:56:50,637 INFO     ___FILE_ONLY___ 

2026-06-01 09:56:50,637 INFO     ___FILE_ONLY___   
2026-06-01 09:56:50,637 INFO     ___FILE_ONLY___ -
2026-06-01 09:56:50,637 INFO     ___FILE_ONLY___  
2026-06-01 09:56:50,637 INFO     ___FILE_ONLY___ northamerica-south1
2026-06-01 09:56:50,637 INFO     ___FILE_ONLY___ 

2026-06-01 09:56:50,637 INFO     ___FILE_ONLY___   
2026-06-01 09:56:50,637 INFO     ___FILE_ONLY___ -
2026-06-01 09:56:50,637 INFO     ___FILE_ONLY___  
2026-06-01 09:56:50,637 INFO     ___FILE_ONLY___ southamerica-east1
2026-06-01 09:56:50,637 INFO     ___FILE_ONLY___ 

2026-06-01 09:56:50,637 INFO     ___FILE_ONLY___   
2026-06-01 09:56:50,637 INFO     ___FILE_ONLY___ -
2026-06-01 09:56:50,637 INFO     ___FILE_ONLY___  
2026-06-01 09:56:50,637 INFO     ___FILE_ONLY___ southamerica-west1
2026-06-01 09:56:50,637 INFO     ___FILE_ONLY___ 

2026-06-01 09:56:50,637 INFO     ___FILE_ONLY___   
2026-06-01 09:56:50,637 INFO     ___FILE_ONLY___ -
2026-06-01 09:56:50,637 INFO     ___FILE_ONLY___  
2026-06-01 09:56:50,637 INFO     ___FILE_ONLY___ us-central1
2026-06-01 09:56:50,637 INFO     ___FILE_ONLY___ 

2026-06-01 09:56:50,637 INFO     ___FILE_ONLY___   
2026-06-01 09:56:50,637 INFO     ___FILE_ONLY___ -
2026-06-01 09:56:50,637 INFO     ___FILE_ONLY___  
2026-06-01 09:56:50,637 INFO     ___FILE_ONLY___ us-east1
2026-06-01 09:56:50,637 INFO     ___FILE_ONLY___ 

2026-06-01 09:56:50,637 INFO     ___FILE_ONLY___   
2026-06-01 09:56:50,637 INFO     ___FILE_ONLY___ -
2026-06-01 09:56:50,637 INFO     ___FILE_ONLY___  
2026-06-01 09:56:50,637 INFO     ___FILE_ONLY___ us-east4
2026-06-01 09:56:50,637 INFO     ___FILE_ONLY___ 

2026-06-01 09:56:50,637 INFO     ___FILE_ONLY___   
2026-06-01 09:56:50,637 INFO     ___FILE_ONLY___ -
2026-06-01 09:56:50,637 INFO     ___FILE_ONLY___  
2026-06-01 09:56:50,638 INFO     ___FILE_ONLY___ us-east5
2026-06-01 09:56:50,638 INFO     ___FILE_ONLY___ 

2026-06-01 09:56:50,638 INFO     ___FILE_ONLY___   
2026-06-01 09:56:50,638 INFO     ___FILE_ONLY___ -
2026-06-01 09:56:50,638 INFO     ___FILE_ONLY___  
2026-06-01 09:56:50,638 INFO     ___FILE_ONLY___ us-south1
2026-06-01 09:56:50,638 INFO     ___FILE_ONLY___ 

2026-06-01 09:56:50,638 INFO     ___FILE_ONLY___   
2026-06-01 09:56:50,638 INFO     ___FILE_ONLY___ -
2026-06-01 09:56:50,638 INFO     ___FILE_ONLY___  
2026-06-01 09:56:50,638 INFO     ___FILE_ONLY___ us-west1
2026-06-01 09:56:50,638 INFO     ___FILE_ONLY___ 

2026-06-01 09:56:50,638 INFO     ___FILE_ONLY___   
2026-06-01 09:56:50,638 INFO     ___FILE_ONLY___ -
2026-06-01 09:56:50,638 INFO     ___FILE_ONLY___  
2026-06-01 09:56:50,638 INFO     ___FILE_ONLY___ us-west2
2026-06-01 09:56:50,638 INFO     ___FILE_ONLY___ 

2026-06-01 09:56:50,638 INFO     ___FILE_ONLY___   
2026-06-01 09:56:50,638 INFO     ___FILE_ONLY___ -
2026-06-01 09:56:50,638 INFO     ___FILE_ONLY___  
2026-06-01 09:56:50,638 INFO     ___FILE_ONLY___ us-west3
2026-06-01 09:56:50,638 INFO     ___FILE_ONLY___ 

2026-06-01 09:56:50,638 INFO     ___FILE_ONLY___   
2026-06-01 09:56:50,638 INFO     ___FILE_ONLY___ -
2026-06-01 09:56:50,638 INFO     ___FILE_ONLY___  
2026-06-01 09:56:50,638 INFO     ___FILE_ONLY___ us-west4
2026-06-01 09:56:50,638 INFO     ___FILE_ONLY___ 

2026-06-01 09:56:50,638 INFO     ___FILE_ONLY___   
2026-06-01 09:56:50,638 INFO     ___FILE_ONLY___ details
2026-06-01 09:56:50,638 INFO     ___FILE_ONLY___ :
2026-06-01 09:56:50,638 INFO     ___FILE_ONLY___  {
2026-06-01 09:56:50,638 INFO     ___FILE_ONLY___ }
2026-06-01 09:56:50,638 INFO     ___FILE_ONLY___ 

2026-06-01 09:56:50,639 INFO     ___FILE_ONLY___ isPrecise
2026-06-01 09:56:50,639 INFO     ___FILE_ONLY___ :
2026-06-01 09:56:50,639 INFO     ___FILE_ONLY___  
2026-06-01 09:56:50,639 INFO     ___FILE_ONLY___ true
2026-06-01 09:56:50,639 INFO     ___FILE_ONLY___ 

2026-06-01 09:56:50,639 INFO     ___FILE_ONLY___ metric
2026-06-01 09:56:50,639 INFO     ___FILE_ONLY___ :
2026-06-01 09:56:50,639 INFO     ___FILE_ONLY___  
2026-06-01 09:56:50,639 INFO     ___FILE_ONLY___ compute.googleapis.com/gpus_per_gpu_family
2026-06-01 09:56:50,639 INFO     ___FILE_ONLY___ 

2026-06-01 09:56:50,639 INFO     ___FILE_ONLY___ metricDisplayName
2026-06-01 09:56:50,639 INFO     ___FILE_ONLY___ :
2026-06-01 09:56:50,639 INFO     ___FILE_ONLY___  
2026-06-01 09:56:50,639 INFO     ___FILE_ONLY___ GPU
2026-06-01 09:56:50,639 INFO     ___FILE_ONLY___  
2026-06-01 09:56:50,639 INFO     ___FILE_ONLY___ count
2026-06-01 09:56:50,639 INFO     ___FILE_ONLY___  
2026-06-01 09:56:50,639 INFO     ___FILE_ONLY___ per
2026-06-01 09:56:50,639 INFO     ___FILE_ONLY___  
2026-06-01 09:56:50,639 INFO     ___FILE_ONLY___ GPU
2026-06-01 09:56:50,639 INFO     ___FILE_ONLY___  
2026-06-01 09:56:50,639 INFO     ___FILE_ONLY___ family.
2026-06-01 09:56:50,639 INFO     ___FILE_ONLY___ 

2026-06-01 09:56:50,639 INFO     ___FILE_ONLY___ metricUnit
2026-06-01 09:56:50,640 INFO     ___FILE_ONLY___ :
2026-06-01 09:56:50,640 INFO     ___FILE_ONLY___  '
2026-06-01 09:56:50,640 INFO     ___FILE_ONLY___ 1
2026-06-01 09:56:50,640 INFO     ___FILE_ONLY___ '
2026-06-01 09:56:50,640 INFO     ___FILE_ONLY___ 

2026-06-01 09:56:50,640 INFO     ___FILE_ONLY___ name
2026-06-01 09:56:50,640 INFO     ___FILE_ONLY___ :
2026-06-01 09:56:50,640 INFO     ___FILE_ONLY___  
2026-06-01 09:56:50,640 INFO     ___FILE_ONLY___ projects/386659319067/locations/global/services/compute.googleapis.com/quotaInfos/GPUS-PER-GPU-FAMILY-per-project-region
2026-06-01 09:56:50,640 INFO     ___FILE_ONLY___ 

2026-06-01 09:56:50,640 INFO     ___FILE_ONLY___ quotaDisplayName
2026-06-01 09:56:50,640 INFO     ___FILE_ONLY___ :
2026-06-01 09:56:50,640 INFO     ___FILE_ONLY___  
2026-06-01 09:56:50,640 INFO     ___FILE_ONLY___ GPUs
2026-06-01 09:56:50,640 INFO     ___FILE_ONLY___  
2026-06-01 09:56:50,640 INFO     ___FILE_ONLY___ per
2026-06-01 09:56:50,640 INFO     ___FILE_ONLY___  
2026-06-01 09:56:50,640 INFO     ___FILE_ONLY___ GPU
2026-06-01 09:56:50,640 INFO     ___FILE_ONLY___  
2026-06-01 09:56:50,640 INFO     ___FILE_ONLY___ family
2026-06-01 09:56:50,640 INFO     ___FILE_ONLY___ 

2026-06-01 09:56:50,640 INFO     ___FILE_ONLY___ quotaId
2026-06-01 09:56:50,640 INFO     ___FILE_ONLY___ :
2026-06-01 09:56:50,640 INFO     ___FILE_ONLY___  
2026-06-01 09:56:50,640 INFO     ___FILE_ONLY___ GPUS-PER-GPU-FAMILY-per-project-region
2026-06-01 09:56:50,640 INFO     ___FILE_ONLY___ 

2026-06-01 09:56:50,640 INFO     ___FILE_ONLY___ quotaIncreaseEligibility
2026-06-01 09:56:50,640 INFO     ___FILE_ONLY___ :
2026-06-01 09:56:50,641 INFO     ___FILE_ONLY___ 

2026-06-01 09:56:50,641 INFO     ___FILE_ONLY___   
2026-06-01 09:56:50,641 INFO     ___FILE_ONLY___ isEligible
2026-06-01 09:56:50,641 INFO     ___FILE_ONLY___ :
2026-06-01 09:56:50,641 INFO     ___FILE_ONLY___  
2026-06-01 09:56:50,641 INFO     ___FILE_ONLY___ true
2026-06-01 09:56:50,641 INFO     ___FILE_ONLY___ 

2026-06-01 09:56:50,641 INFO     ___FILE_ONLY___ service
2026-06-01 09:56:50,641 INFO     ___FILE_ONLY___ :
2026-06-01 09:56:50,641 INFO     ___FILE_ONLY___  
2026-06-01 09:56:50,641 INFO     ___FILE_ONLY___ compute.googleapis.com
2026-06-01 09:56:50,641 INFO     ___FILE_ONLY___ 

2026-06-01 09:56:50,651 DEBUG    root            Checking for updates...
2026-06-01 09:56:50,651 DEBUG    root            On GCE from memory cache: False
2026-06-01 09:56:50,652 DEBUG    root            On GCE from memory cache: False
2026-06-01 09:56:50,653 DEBUG    urllib3.connectionpool Starting new HTTPS connection (1): dl.google.com:443
2026-06-01 09:56:51,004 DEBUG    urllib3.connectionpool https://dl.google.com:443 "GET /dl/cloudsdk/channels/rapid/components-2.json HTTP/1.1" 200 25040
2026-06-01 09:56:51,096 DEBUG    root            Metrics reporting process started...
